Executing /home/chuck/.vscode/extensions/sonarsource.sonarlint-vscode-4.15.0-linux-x64/jre/21.0.5-linux-x86_64.tar/bin/java -jar /home/chuck/.vscode/extensions/sonarsource.sonarlint-vscode-4.15.0-linux-x64/server/sonarlint-ls.jar -stdio -analyzers /home/chuck/.vscode/extensions/sonarsource.sonarlint-vscode-4.15.0-linux-x64/analyzers/sonargo.jar /home/chuck/.vscode/extensions/sonarsource.sonarlint-vscode-4.15.0-linux-x64/analyzers/sonarjava.jar /home/chuck/.vscode/extensions/sonarsource.sonarlint-vscode-4.15.0-linux-x64/analyzers/sonarjavasymbolicexecution.jar /home/chuck/.vscode/extensions/sonarsource.sonarlint-vscode-4.15.0-linux-x64/analyzers/sonarjs.jar /home/chuck/.vscode/extensions/sonarsource.sonarlint-vscode-4.15.0-linux-x64/analyzers/sonarphp.jar /home/chuck/.vscode/extensions/sonarsource.sonarlint-vscode-4.15.0-linux-x64/analyzers/sonarpython.jar /home/chuck/.vscode/extensions/sonarsource.sonarlint-vscode-4.15.0-linux-x64/analyzers/sonarhtml.jar /home/chuck/.vscode/extensions/sonarsource.sonarlint-vscode-4.15.0-linux-x64/analyzers/sonarxml.jar /home/chuck/.vscode/extensions/sonarsource.sonarlint-vscode-4.15.0-linux-x64/analyzers/sonarcfamily.jar /home/chuck/.vscode/extensions/sonarsource.sonarlint-vscode-4.15.0-linux-x64/analyzers/sonartext.jar /home/chuck/.vscode/extensions/sonarsource.sonarlint-vscode-4.15.0-linux-x64/analyzers/sonariac.jar /home/chuck/.vscode/extensions/sonarsource.sonarlint-vscode-4.15.0-linux-x64/analyzers/sonarlintomnisharp.jar
[Info - 02:37:05.085] [org.sonarsource.sonarlint.core.rpc.impl.SonarLintRpcServerImpl : main] SonarLint backend started, instance=org.sonarsource.sonarlint.core.rpc.impl.SonarLintRpcServerImpl@52f27fbd
[Info - 02:37:07.959] [sonarlint : SonarLint Server RPC sequential executor] Started embedded server on port 64120
[Info - 02:37:11.610] [sonarlint : SonarLint Analysis Executor] .gitignore file was not found for /home/chuck/src/self-hosted-ai-starter-kit
[Info - 02:37:11.615] [sonarlint : SonarLint Analysis Executor] Triggering analysis with configuration: [
  baseDir: /home/chuck/src/self-hosted-ai-starter-kit
  extraProperties: {sonar.cfamily.compile-commands=, sonar.js.internal.bundlePath=/home/chuck/.vscode/extensions/sonarsource.sonarlint-vscode-4.15.0-linux-x64/eslint-bridge}
  activeRules: [13 kubernetes, 214 python, 429 cpp, 24 css, 189 c, 23 go, 210 ipython, 29 secrets, 265 javascript, 26 docker, 477 java, 46 Web, 14 xml, 299 csharpsquid, 155 php, 7 terraform, 267 typescript, 18 azureresourcemanager, 7 cloudformation]
  inputFiles: [
    file:///home/chuck/src/self-hosted-ai-starter-kit/docker-compose.yml (UTF-8)
  ]
]

[Info - 02:37:11.688] [sonarlint : SonarLint Analysis Executor] .gitignore file was not found for /home/chuck/src/self-hosted-ai-starter-kit
[Info - 02:37:11.690] [sonarlint : SonarLint Analysis Executor] Triggering analysis with configuration: [
  baseDir: /home/chuck/src/self-hosted-ai-starter-kit
  extraProperties: {sonar.cfamily.compile-commands=, sonar.js.internal.bundlePath=/home/chuck/.vscode/extensions/sonarsource.sonarlint-vscode-4.15.0-linux-x64/eslint-bridge}
  activeRules: [13 kubernetes, 214 python, 429 cpp, 24 css, 189 c, 23 go, 210 ipython, 29 secrets, 265 javascript, 26 docker, 477 java, 46 Web, 14 xml, 299 csharpsquid, 155 php, 7 terraform, 267 typescript, 18 azureresourcemanager, 7 cloudformation]
  inputFiles: [
    file:///home/chuck/src/self-hosted-ai-starter-kit/docker-compose.yml (UTF-8)
  ]
]

[Info - 02:37:11.708] [sonarlint : SonarLint Analysis Executor] .gitignore file was not found for /home/chuck/src/self-hosted-ai-starter-kit
[Info - 02:37:11.710] [sonarlint : SonarLint Analysis Executor] Triggering analysis with configuration: [
  baseDir: /home/chuck/src/self-hosted-ai-starter-kit
  extraProperties: {sonar.cfamily.compile-commands=, sonar.js.internal.bundlePath=/home/chuck/.vscode/extensions/sonarsource.sonarlint-vscode-4.15.0-linux-x64/eslint-bridge}
  activeRules: [13 kubernetes, 214 python, 429 cpp, 24 css, 189 c, 23 go, 210 ipython, 29 secrets, 265 javascript, 26 docker, 477 java, 46 Web, 14 xml, 299 csharpsquid, 155 php, 7 terraform, 267 typescript, 18 azureresourcemanager, 7 cloudformation]
  inputFiles: [
    file:///home/chuck/src/self-hosted-ai-starter-kit/docker-compose.yml (UTF-8)
  ]
]

[Info - 02:37:11.743] [sonarlint : sonarlint-analysis-engine] Index files
[Info - 02:37:11.745] [sonarlint : Report about progress of file indexation] 1 file indexed
[Info - 02:37:12.288] [sonarlint : Progress of the CloudFormation analysis] 0 source files to be analyzed
[Info - 02:37:12.292] [sonarlint : Progress of the CloudFormation analysis] 0/0 source files have been analyzed
[Info - 02:37:12.349] [sonarlint : Progress of the kubernetes  parsing] 0 source files to be parsed
[Info - 02:37:12.349] [sonarlint : Progress of the kubernetes  parsing] 0/0 source files have been parsed
[Info - 02:37:12.350] [sonarlint : Progress of the kubernetes  analysis] 0 source files to be analyzed
[Info - 02:37:12.350] [sonarlint : Progress of the kubernetes  analysis] 0/0 source files have been analyzed
[Info - 02:37:12.350] [sonarlint : Progress of the kubernetes  analysis] 0 source files to be checked
[Info - 02:37:12.350] [sonarlint : Progress of the kubernetes  analysis] 0/0 source files have been checked
[Info - 02:37:12.350] [sonarlint : sonarlint-analysis-engine] Finished building Kubernetes Project Context
[Info - 02:37:12.356] [sonarlint : Progress of the Kubernetes  parsing] 0 source files to be parsed
[Info - 02:37:12.356] [sonarlint : Progress of the Kubernetes  parsing] 0/0 source files have been parsed
[Info - 02:37:12.356] [sonarlint : Progress of the Kubernetes  analysis] 0 source files to be analyzed
[Info - 02:37:12.356] [sonarlint : Progress of the Kubernetes  analysis] 0/0 source files have been analyzed
[Info - 02:37:12.356] [sonarlint : Progress of the Kubernetes  analysis] 0 source files to be checked
[Info - 02:37:12.357] [sonarlint : Progress of the Kubernetes  analysis] 0/0 source files have been checked
[Info - 02:37:12.367] [sonarlint : Progress of the Java analysis] 0 source files to be analyzed
[Info - 02:37:12.367] [sonarlint : Progress of the Java analysis] 0/0 source files have been analyzed
[Info - 02:37:12.374] [sonarlint : sonarlint-analysis-engine] No input files found for analysis
[Info - 02:37:12.374] [sonarlint : sonarlint-analysis-engine] Hit the cache for 0 out of 0
[Info - 02:37:12.375] [sonarlint : sonarlint-analysis-engine] Miss the cache for 0 out of 0
[Info - 02:37:12.375] [sonarlint : sonarlint-analysis-engine] No CSS, PHP, HTML or VueJS files are found in the project. CSS analysis is skipped.
[Info - 02:37:12.437] [sonarlint : Progress of the Docker analysis] 0 source files to be analyzed
[Info - 02:37:12.437] [sonarlint : Progress of the Docker analysis] 0/0 source files have been analyzed
[Info - 02:37:12.438] [sonarlint : sonarlint-analysis-engine] Available processors: 12
[Info - 02:37:12.438] [sonarlint : sonarlint-analysis-engine] Using 12 threads for analysis.
[Info - 02:37:12.743] [sonarlint : sonarlint-analysis-engine] Analyzing all except non binary files
[Info - 02:37:12.747] [sonarlint : Progress of the text and secrets analysis] 1 source file to be analyzed
[Info - 02:37:12.761] [sonarlint : Progress of the text and secrets analysis] 1/1 source file has been analyzed
[Info - 02:37:12.766] [sonarlint : sonarlint-analysis-engine] Analysis detected 0 issues and 0 Security Hotspots in 3198ms
[Info - 02:37:12.808] [sonarlint : sonarlint-analysis-engine] Index files
[Info - 02:37:12.808] [sonarlint : Report about progress of file indexation] 1 file indexed
[Info - 02:37:12.899] [sonarlint : Progress of the CloudFormation analysis] 0 source files to be analyzed
[Info - 02:37:12.899] [sonarlint : Progress of the CloudFormation analysis] 0/0 source files have been analyzed
[Info - 02:37:12.949] [sonarlint : Progress of the Kubernetes  parsing] 0 source files to be parsed
[Info - 02:37:12.949] [sonarlint : Progress of the Kubernetes  parsing] 0/0 source files have been parsed
[Info - 02:37:12.949] [sonarlint : Progress of the Kubernetes  analysis] 0 source files to be analyzed
[Info - 02:37:12.949] [sonarlint : Progress of the Kubernetes  analysis] 0/0 source files have been analyzed
[Info - 02:37:12.949] [sonarlint : Progress of the Kubernetes  analysis] 0 source files to be checked
[Info - 02:37:12.949] [sonarlint : Progress of the Kubernetes  analysis] 0/0 source files have been checked
[Info - 02:37:12.951] [sonarlint : Progress of the Java analysis] 0 source files to be analyzed
[Info - 02:37:12.952] [sonarlint : Progress of the Java analysis] 0/0 source files have been analyzed
[Info - 02:37:12.954] [sonarlint : sonarlint-analysis-engine] No input files found for analysis
[Info - 02:37:12.954] [sonarlint : sonarlint-analysis-engine] Hit the cache for 0 out of 0
[Info - 02:37:12.954] [sonarlint : sonarlint-analysis-engine] Miss the cache for 0 out of 0
[Info - 02:37:12.954] [sonarlint : sonarlint-analysis-engine] No CSS, PHP, HTML or VueJS files are found in the project. CSS analysis is skipped.
[Info - 02:37:12.960] [sonarlint : Progress of the Docker analysis] 0 source files to be analyzed
[Info - 02:37:12.960] [sonarlint : Progress of the Docker analysis] 0/0 source files have been analyzed
[Info - 02:37:12.960] [sonarlint : sonarlint-analysis-engine] Available processors: 12
[Info - 02:37:12.960] [sonarlint : sonarlint-analysis-engine] Using 12 threads for analysis.
[Info - 02:37:13.016] [sonarlint : sonarlint-analysis-engine] Analyzing all except non binary files
[Info - 02:37:13.017] [sonarlint : Progress of the text and secrets analysis] 1 source file to be analyzed
[Info - 02:37:13.023] [sonarlint : Progress of the text and secrets analysis] 1/1 source file has been analyzed
[Info - 02:37:13.023] [sonarlint : sonarlint-analysis-engine] Analysis detected 0 issues and 0 Security Hotspots in 1340ms
[Info - 02:37:13.063] [sonarlint : sonarlint-analysis-engine] Index files
[Info - 02:37:13.063] [sonarlint : Report about progress of file indexation] 1 file indexed
[Info - 02:37:13.147] [sonarlint : Progress of the CloudFormation analysis] 0 source files to be analyzed
[Info - 02:37:13.147] [sonarlint : Progress of the CloudFormation analysis] 0/0 source files have been analyzed
[Info - 02:37:13.194] [sonarlint : Progress of the Kubernetes  parsing] 0 source files to be parsed
[Info - 02:37:13.194] [sonarlint : Progress of the Kubernetes  parsing] 0/0 source files have been parsed
[Info - 02:37:13.194] [sonarlint : Progress of the Kubernetes  analysis] 0 source files to be analyzed
[Info - 02:37:13.194] [sonarlint : Progress of the Kubernetes  analysis] 0/0 source files have been analyzed
[Info - 02:37:13.195] [sonarlint : Progress of the Kubernetes  analysis] 0 source files to be checked
[Info - 02:37:13.195] [sonarlint : Progress of the Kubernetes  analysis] 0/0 source files have been checked
[Info - 02:37:13.196] [sonarlint : Progress of the Java analysis] 0 source files to be analyzed
[Info - 02:37:13.196] [sonarlint : Progress of the Java analysis] 0/0 source files have been analyzed
[Info - 02:37:13.198] [sonarlint : sonarlint-analysis-engine] No input files found for analysis
[Info - 02:37:13.198] [sonarlint : sonarlint-analysis-engine] Hit the cache for 0 out of 0
[Info - 02:37:13.198] [sonarlint : sonarlint-analysis-engine] Miss the cache for 0 out of 0
[Info - 02:37:13.198] [sonarlint : sonarlint-analysis-engine] No CSS, PHP, HTML or VueJS files are found in the project. CSS analysis is skipped.
[Info - 02:37:13.203] [sonarlint : Progress of the Docker analysis] 0 source files to be analyzed
[Info - 02:37:13.203] [sonarlint : Progress of the Docker analysis] 0/0 source files have been analyzed
[Info - 02:37:13.203] [sonarlint : sonarlint-analysis-engine] Available processors: 12
[Info - 02:37:13.203] [sonarlint : sonarlint-analysis-engine] Using 12 threads for analysis.
[Info - 02:37:13.233] [sonarlint : sonarlint-analysis-engine] Analyzing all except non binary files
[Info - 02:37:13.234] [sonarlint : Progress of the text and secrets analysis] 1 source file to be analyzed
[Info - 02:37:13.239] [sonarlint : Progress of the text and secrets analysis] 1/1 source file has been analyzed
[Info - 02:37:13.240] [sonarlint : sonarlint-analysis-engine] Analysis detected 0 issues and 0 Security Hotspots in 1536ms
