[Info  - 2:37:04 AM] [language-server] Registering module | module: "auto-fix"
[Info  - 2:37:04 AM] [language-server] Module registered | module: "auto-fix"
[Info  - 2:37:04 AM] [language-server] Registering module | module: "code-action"
[Info  - 2:37:04 AM] [language-server] Module registered | module: "code-action"
[Info  - 2:37:05 AM] [language-server] Registering module | module: "completion"
[Info  - 2:37:06 AM] [language-server] Module registered | module: "completion"
[Info  - 2:37:06 AM] [language-server] Registering module | module: "formatter"
[Info  - 2:37:06 AM] [language-server] Module registered | module: "formatter"
[Info  - 2:37:06 AM] [language-server] Registering module | module: "old-stylelint-warning"
[Info  - 2:37:06 AM] [language-server] Module registered | module: "old-stylelint-warning"
[Info  - 2:37:06 AM] [language-server] Registering module | module: "validator"
[Info  - 2:37:06 AM] [language-server] Module registered | module: "validator"
[Info  - 2:37:06 AM] [language-server] Starting language server
[Info  - 2:37:06 AM] [language-server] Registering handlers
[Info  - 2:37:06 AM] [language-server] Handlers registered
[Info  - 2:37:06 AM] [language-server] Language server started
[Warn  - 2:37:07 AM] [language-server] Could not load Stylelint from node_modules | error: {"name":"Error","message":"Failed to resolve module: stylelint","stack":"Error: Failed to resolve module: stylelint\n    at ChildProcess.<anonymous> (/home/chuck/.vscode/extensions/stylelint.vscode-stylelint-1.4.0/dist/start-server.js:35:80651)\n    at ChildProcess.emit (node:events:518:28)\n    at emit (node:internal/child_process:950:14)\n    at process.processTicksAndRejections (node:internal/process/task_queues:83:21)"}
[Warn  - 2:37:07 AM] [language-server] Failed to load Stylelint either globally or from the current workspace.
[Warn  - 2:37:07 AM] [language-server] Failed to resolve Stylelint | uri: "file:///home/chuck/src/self-hosted-ai-starter-kit/docker-compose.yml"
[Info  - 2:38:29 AM] [language-server] Stopping language server
