[1739435820432] INFO  (ext): SQLTools is starting
[1739435820433] INFO  (ext): initializing language client...
[1739435820434] INFO  (ext): Registering client for languages [{"scheme":"sqltools"},{"language":"sql","scheme":"untitled"},{"language":"sql","scheme":"file"},{"language":"sql","scheme":"sqltools"}]
    ns: "lc"
[1739435820439] INFO  (ext): loading plugins...
[1739435820439] INFO  (ext): registering Formatter Plugin.
    plugin: {
      "name": "Formatter Plugin"
    }
[1739435820440] INFO  (ext): registering Connection Manager Plugin.
    plugin: {
      "name": "Connection Manager Plugin"
    }
[1739435820440] INFO  (ext): registering CodeLens Plugin.
    plugin: {
      "name": "CodeLens Plugin",
      "registeredLanguages": []
    }
[1739435820441] INFO  (ext): registering Dependency Manager Plugin.
    plugin: {
      "name": "Dependency Manager Plugin",
      "installingDrivers": []
    }
[1739435820443] INFO  (ext): Connection explorer changed. Will be updated.
    ns: "conn-man:explorer"
[1739435820443] INFO  (ext): registering History Manager Plugin.
    plugin: {
      "name": "History Manager Plugin"
    }
[1739435820444] INFO  (ext): registering Bookmarks Manager Plugin.
    plugin: {
      "name": "Bookmarks Manager Plugin"
    }
[1739435820445] INFO  (ext): registering Authentication Provider Plugin.
    plugin: {
      "name": "Authentication Provider Plugin",
      "isRegistered": false
    }
[1739435820445] INFO  (ext): registering Object Drop-in Provider (plugin).
    plugin: {
      "type": "plugin",
      "name": "Object Drop-in Provider",
      "isRegistered": false
    }
[1739435820446] INFO  (ext): SQLTools activation completed. 13.904458 ms
[1739435820446] INFO  (ext): Formatter Plugin registered!
[1739435820446] INFO  (ext): CodeLens Plugin registered!
[1739435820446] INFO  (ext): Dependency Manager Plugin registered!
[1739435820446] INFO  (ext): Connection Manager Plugin registered!
[1739435820446] INFO  (ext): History Manager Plugin registered!
[1739435820446] INFO  (ext): Bookmarks Manager Plugin registered!
[1739435820446] INFO  (ext): Authentication Provider Plugin registered!
[1739435820446] INFO  (ext): Object Drop-in Provider (plugin) registered!
[1739435820654] INFO  (ls): SQLTools Server started!
===============================
Using node runtime?: no
ExecPath: /opt/visual-studio-code/code 
===============================
[1739435820721] INFO  (ext): LanguageClient ready
    ns: "lc"
[1739435820719] INFO  (ls): Initialized with node version:v20.18.1
[1739435820938] INFO  (ext): registering MySQL/MariaDB/TiDB Plugin (driver).
    plugin: {
      "extensionId": "mtxr.sqltools-driver-mysql",
      "name": "MySQL/MariaDB/TiDB Plugin",
      "type": "driver"
    }
[1739435820939] INFO  (ext): registering SQLite Plugin (driver).
    plugin: {
      "extensionId": "mtxr.sqltools-driver-sqlite",
      "name": "SQLite Plugin",
      "type": "driver"
    }
[1739435820939] INFO  (ls): REQUEST RECEIVED => ls/RegisterPlugin
[1739435820939] INFO  (ls): request to register plugin: "/home/chuck/.vscode/extensions/mtxr.sqltools-driver-mysql-0.6.3/out/ls/plugin.js"
[1739435821046] INFO  (ls): Driver mysql registered!
    place: "driver-map"
    ns: "ls-context"
[1739435821046] INFO  (ls): Driver mariadb registered!
    place: "driver-map"
    ns: "ls-context"
[1739435821046] INFO  (ls): Driver tidb registered!
    place: "driver-map"
    ns: "ls-context"
[1739435821047] INFO  (ls): REQUEST RECEIVED => ls/RegisterPlugin
[1739435821047] INFO  (ls): request to register plugin: "/home/chuck/.vscode/extensions/mtxr.sqltools-driver-sqlite-0.5.1/out/ls/plugin.js"
[1739435821083] INFO  (ls): Driver sqlite registered!
    place: "driver-map"
    ns: "ls-context"
[1739435821090] INFO  (ext): MySQL/MariaDB/TiDB Plugin (driver) registered!
[1739435821093] INFO  (ext): Connection explorer changed. Will be updated.
    ns: "conn-man:explorer"
[1739435821094] INFO  (ext): SQLite Plugin (driver) registered!
[1739435822373] INFO  (ext): EXECUTING COMMAND => sqltools.refreshTree
[1739435822373] INFO  (ext): Connection explorer changed. Will be updated.
    ns: "conn-man:explorer"
[1739435823997] INFO  (ext): Connection explorer changed. Will be updated.
    ns: "conn-man:explorer"
