[1739539456858] INFO  (ext): SQLTools is starting
[1739539456860] INFO  (ext): initializing language client...
[1739539456862] INFO  (ext): Registering client for languages [{"scheme":"sqltools"},{"language":"sql","scheme":"untitled"},{"language":"sql","scheme":"file"},{"language":"sql","scheme":"sqltools"}]
    ns: "lc"
[1739539456867] INFO  (ext): loading plugins...
[1739539456867] INFO  (ext): registering Formatter Plugin.
    plugin: {
      "name": "Formatter Plugin"
    }
[1739539456868] INFO  (ext): registering Connection Manager Plugin.
    plugin: {
      "name": "Connection Manager Plugin"
    }
[1739539456868] INFO  (ext): registering CodeLens Plugin.
    plugin: {
      "name": "CodeLens Plugin",
      "registeredLanguages": []
    }
[1739539456870] INFO  (ext): registering Dependency Manager Plugin.
    plugin: {
      "name": "Dependency Manager Plugin",
      "installingDrivers": []
    }
[1739539456874] INFO  (ext): Connection explorer changed. Will be updated.
    ns: "conn-man:explorer"
[1739539456875] INFO  (ext): registering History Manager Plugin.
    plugin: {
      "name": "History Manager Plugin"
    }
[1739539456876] INFO  (ext): registering Bookmarks Manager Plugin.
    plugin: {
      "name": "Bookmarks Manager Plugin"
    }
[1739539456878] INFO  (ext): registering Authentication Provider Plugin.
    plugin: {
      "name": "Authentication Provider Plugin",
      "isRegistered": false
    }
[1739539456878] INFO  (ext): registering Object Drop-in Provider (plugin).
    plugin: {
      "type": "plugin",
      "name": "Object Drop-in Provider",
      "isRegistered": false
    }
[1739539456880] INFO  (ext): SQLTools activation completed. 21.781886 ms
[1739539456880] INFO  (ext): Formatter Plugin registered!
[1739539456880] INFO  (ext): CodeLens Plugin registered!
[1739539456880] INFO  (ext): Dependency Manager Plugin registered!
[1739539456880] INFO  (ext): Connection Manager Plugin registered!
[1739539456880] INFO  (ext): History Manager Plugin registered!
[1739539456880] INFO  (ext): Bookmarks Manager Plugin registered!
[1739539456880] INFO  (ext): Authentication Provider Plugin registered!
[1739539456880] INFO  (ext): Object Drop-in Provider (plugin) registered!
[1739539457243] INFO  (ext): registering MySQL/MariaDB/TiDB Plugin (driver).
    plugin: {
      "extensionId": "mtxr.sqltools-driver-mysql",
      "name": "MySQL/MariaDB/TiDB Plugin",
      "type": "driver"
    }
[1739539457221] INFO  (ls): SQLTools Server started!
===============================
Using node runtime?: no
ExecPath: /opt/visual-studio-code/code 
===============================
[1739539457252] INFO  (ext): LanguageClient ready
    ns: "lc"
[1739539457256] INFO  (ext): registering SQLite Plugin (driver).
    plugin: {
      "extensionId": "mtxr.sqltools-driver-sqlite",
      "name": "SQLite Plugin",
      "type": "driver"
    }
[1739539457251] INFO  (ls): Initialized with node version:v20.18.1
[1739539457254] INFO  (ls): REQUEST RECEIVED => ls/RegisterPlugin
[1739539457254] INFO  (ls): request to register plugin: "/home/chuck/.vscode/extensions/mtxr.sqltools-driver-mysql-0.6.3/out/ls/plugin.js"
[1739539457398] INFO  (ext): Connection explorer changed. Will be updated.
    ns: "conn-man:explorer"
[1739539457390] INFO  (ls): Driver mysql registered!
    place: "driver-map"
    ns: "ls-context"
[1739539457391] INFO  (ls): Driver mariadb registered!
    place: "driver-map"
    ns: "ls-context"
[1739539457391] INFO  (ls): Driver tidb registered!
    place: "driver-map"
    ns: "ls-context"
[1739539457391] INFO  (ls): REQUEST RECEIVED => ls/RegisterPlugin
[1739539457392] INFO  (ls): request to register plugin: "/home/chuck/.vscode/extensions/mtxr.sqltools-driver-sqlite-0.5.1/out/ls/plugin.js"
[1739539457401] INFO  (ext): MySQL/MariaDB/TiDB Plugin (driver) registered!
[1739539457437] INFO  (ls): Driver sqlite registered!
    place: "driver-map"
    ns: "ls-context"
[1739539457459] INFO  (ext): SQLite Plugin (driver) registered!
[1739539457837] INFO  (ext): Connection explorer changed. Will be updated.
    ns: "conn-man:explorer"
[1739539458487] INFO  (ext): EXECUTING COMMAND => sqltools.refreshTree
[1739539458487] INFO  (ext): Connection explorer changed. Will be updated.
    ns: "conn-man:explorer"
[1739539458878] INFO  (ext): Connection explorer changed. Will be updated.
    ns: "conn-man:explorer"
