2025-02-13 02:53:26.214 [info] [AutoSync] Using settings sync service https://vscode-sync.trafficmanager.net/
2025-02-13 02:53:26.215 [info] [AutoSync] Enabled.
2025-02-13 02:53:26.215 [info] [AutoSync] Suspended until auth token is available.
2025-02-13 02:53:27.527 [info] [AutoSync] Triggered by Interval
2025-02-13 02:53:27.528 [info] Sync started.
2025-02-13 02:53:27.934 [info] Settings: No changes found during synchronizing settings.
2025-02-13 02:53:27.942 [info] Keybindings: No changes found during synchronizing keybindings.
2025-02-13 02:53:27.945 [info] Snippets: No changes found during synchronizing snippets.
2025-02-13 02:53:27.947 [info] Tasks: No changes found during synchronizing tasks.
2025-02-13 02:53:28.094 [info] GlobalState: Updated remote ui state. Updated: workbench.activity.pinnedViewlets2.
2025-02-13 02:53:28.097 [info] GlobalState: Updated last synchronized ui state
2025-02-13 02:53:28.200 [info] Extensions: No changes found during synchronizing extensions.
2025-02-13 02:53:28.202 [info] Profiles: No changes found during synchronizing profiles.
2025-02-13 02:53:28.204 [info] Sync done. Took 677ms
2025-02-13 02:53:39.073 [info] [AutoSync] Triggered by Activity
2025-02-13 02:53:39.073 [info] Sync started.
2025-02-13 02:53:39.118 [info] Settings: No changes found during synchronizing settings.
2025-02-13 02:53:39.120 [info] Keybindings: No changes found during synchronizing keybindings.
2025-02-13 02:53:39.122 [info] Snippets: No changes found during synchronizing snippets.
2025-02-13 02:53:39.124 [info] Tasks: No changes found during synchronizing tasks.
2025-02-13 02:53:39.128 [info] GlobalState: No changes found during synchronizing ui state.
2025-02-13 02:53:39.194 [info] Extensions: No changes found during synchronizing extensions.
2025-02-13 02:53:39.195 [info] Profiles: No changes found during synchronizing profiles.
2025-02-13 02:53:39.196 [info] Sync done. Took 124ms
2025-02-13 02:53:51.549 [info] [AutoSync] Triggered by Activity
2025-02-13 02:53:51.549 [info] Sync started.
2025-02-13 02:53:51.605 [info] Settings: No changes found during synchronizing settings.
2025-02-13 02:53:51.607 [info] Keybindings: No changes found during synchronizing keybindings.
2025-02-13 02:53:51.609 [info] Snippets: No changes found during synchronizing snippets.
2025-02-13 02:53:51.610 [info] Tasks: No changes found during synchronizing tasks.
2025-02-13 02:53:51.613 [info] GlobalState: No changes found during synchronizing ui state.
2025-02-13 02:53:51.674 [info] Extensions: No changes found during synchronizing extensions.
2025-02-13 02:53:51.674 [info] Profiles: No changes found during synchronizing profiles.
2025-02-13 02:53:51.675 [info] Sync done. Took 127ms
2025-02-13 02:55:17.756 [info] [AutoSync] Triggered by Activity
2025-02-13 02:55:17.757 [info] Sync started.
2025-02-13 02:55:17.903 [info] Settings: No changes found during synchronizing settings.
2025-02-13 02:55:17.905 [info] Keybindings: No changes found during synchronizing keybindings.
2025-02-13 02:55:17.907 [info] Snippets: No changes found during synchronizing snippets.
2025-02-13 02:55:17.909 [info] Tasks: No changes found during synchronizing tasks.
2025-02-13 02:55:17.912 [info] GlobalState: No changes found during synchronizing ui state.
2025-02-13 02:55:17.999 [info] Extensions: No changes found during synchronizing extensions.
2025-02-13 02:55:18.000 [info] Profiles: No changes found during synchronizing profiles.
2025-02-13 02:55:18.002 [info] Sync done. Took 246ms
2025-02-13 02:55:30.566 [info] [AutoSync] Triggered by Activity
2025-02-13 02:55:30.566 [info] Sync started.
2025-02-13 02:55:30.779 [info] Settings: Updated remote settings
2025-02-13 02:55:30.783 [info] Settings: Updated last synchronized settings
2025-02-13 02:55:30.785 [info] Keybindings: No changes found during synchronizing keybindings.
2025-02-13 02:55:30.786 [info] Snippets: No changes found during synchronizing snippets.
2025-02-13 02:55:30.787 [info] Tasks: No changes found during synchronizing tasks.
2025-02-13 02:55:30.790 [info] GlobalState: No changes found during synchronizing ui state.
2025-02-13 02:55:30.847 [info] Extensions: No changes found during synchronizing extensions.
2025-02-13 02:55:30.848 [info] Profiles: No changes found during synchronizing profiles.
2025-02-13 02:55:30.848 [info] Sync done. Took 283ms
2025-02-13 02:55:47.727 [info] [AutoSync] Triggered by Activity
2025-02-13 02:55:47.727 [info] Sync started.
2025-02-13 02:55:47.867 [info] Settings: Updated remote settings
2025-02-13 02:55:47.869 [info] Settings: Updated last synchronized settings
2025-02-13 02:55:47.871 [info] Keybindings: No changes found during synchronizing keybindings.
2025-02-13 02:55:47.872 [info] Snippets: No changes found during synchronizing snippets.
2025-02-13 02:55:47.873 [info] Tasks: No changes found during synchronizing tasks.
2025-02-13 02:55:47.875 [info] GlobalState: No changes found during synchronizing ui state.
2025-02-13 02:55:47.947 [info] Extensions: No changes found during synchronizing extensions.
2025-02-13 02:55:47.948 [info] Profiles: No changes found during synchronizing profiles.
2025-02-13 02:55:47.949 [info] Sync done. Took 222ms
2025-02-13 02:55:50.824 [info] [AutoSync] Triggered by Activity
2025-02-13 02:55:50.824 [info] Sync started.
2025-02-13 02:55:50.884 [info] Settings: No changes found during synchronizing settings.
2025-02-13 02:55:50.886 [info] Keybindings: No changes found during synchronizing keybindings.
2025-02-13 02:55:50.896 [info] Snippets: No changes found during synchronizing snippets.
2025-02-13 02:55:50.912 [info] Tasks: No changes found during synchronizing tasks.
2025-02-13 02:55:50.934 [info] GlobalState: No changes found during synchronizing ui state.
2025-02-13 02:55:51.002 [info] Extensions: No changes found during synchronizing extensions.
2025-02-13 02:55:51.006 [info] Profiles: No changes found during synchronizing profiles.
2025-02-13 02:55:51.007 [info] Sync done. Took 184ms
2025-02-13 02:57:28.676 [info] [AutoSync] Triggered by Activity
2025-02-13 02:57:28.677 [info] Sync started.
2025-02-13 02:57:28.829 [info] Settings: No changes found during synchronizing settings.
2025-02-13 02:57:28.831 [info] Keybindings: No changes found during synchronizing keybindings.
2025-02-13 02:57:28.833 [info] Snippets: No changes found during synchronizing snippets.
2025-02-13 02:57:28.836 [info] Tasks: No changes found during synchronizing tasks.
2025-02-13 02:57:28.841 [info] GlobalState: No changes found during synchronizing ui state.
2025-02-13 02:57:28.935 [info] Extensions: No changes found during synchronizing extensions.
2025-02-13 02:57:28.936 [info] Profiles: No changes found during synchronizing profiles.
2025-02-13 02:57:28.937 [info] Sync done. Took 262ms
2025-02-13 02:58:01.584 [info] [AutoSync] Triggered by Activity
2025-02-13 02:58:01.584 [info] Sync started.
2025-02-13 02:58:01.939 [info] Settings: No changes found during synchronizing settings.
2025-02-13 02:58:01.941 [info] Keybindings: No changes found during synchronizing keybindings.
2025-02-13 02:58:01.944 [info] Snippets: No changes found during synchronizing snippets.
2025-02-13 02:58:01.945 [info] Tasks: No changes found during synchronizing tasks.
2025-02-13 02:58:01.948 [info] GlobalState: No changes found during synchronizing ui state.
2025-02-13 02:58:02.020 [info] Extensions: No changes found during synchronizing extensions.
2025-02-13 02:58:02.021 [info] Profiles: No changes found during synchronizing profiles.
2025-02-13 02:58:02.022 [info] Sync done. Took 439ms
2025-02-13 02:58:12.423 [info] [AutoSync] Triggered by Activity
2025-02-13 02:58:12.423 [info] Sync started.
2025-02-13 02:58:12.505 [info] Settings: No changes found during synchronizing settings.
2025-02-13 02:58:12.506 [info] Keybindings: No changes found during synchronizing keybindings.
2025-02-13 02:58:12.509 [info] Snippets: No changes found during synchronizing snippets.
2025-02-13 02:58:12.512 [info] Tasks: No changes found during synchronizing tasks.
2025-02-13 02:58:12.515 [info] GlobalState: No changes found during synchronizing ui state.
2025-02-13 02:58:12.600 [info] Extensions: No changes found during synchronizing extensions.
2025-02-13 02:58:12.601 [info] Profiles: No changes found during synchronizing profiles.
2025-02-13 02:58:12.602 [info] Sync done. Took 179ms
2025-02-13 02:58:33.539 [info] [AutoSync] Triggered by Activity
2025-02-13 02:58:33.539 [info] Sync started.
2025-02-13 02:58:33.595 [info] Settings: No changes found during synchronizing settings.
2025-02-13 02:58:33.597 [info] Keybindings: No changes found during synchronizing keybindings.
2025-02-13 02:58:33.599 [info] Snippets: No changes found during synchronizing snippets.
2025-02-13 02:58:33.601 [info] Tasks: No changes found during synchronizing tasks.
2025-02-13 02:58:33.604 [info] GlobalState: No changes found during synchronizing ui state.
2025-02-13 02:58:33.677 [info] Extensions: No changes found during synchronizing extensions.
2025-02-13 02:58:33.679 [info] Profiles: No changes found during synchronizing profiles.
2025-02-13 02:58:33.679 [info] Sync done. Took 141ms
2025-02-13 03:03:32.238 [info] [AutoSync] Triggered by Activity
2025-02-13 03:03:32.238 [info] Sync started.
2025-02-13 03:03:32.400 [info] Settings: No changes found during synchronizing settings.
2025-02-13 03:03:32.401 [info] Keybindings: No changes found during synchronizing keybindings.
2025-02-13 03:03:32.403 [info] Snippets: No changes found during synchronizing snippets.
2025-02-13 03:03:32.405 [info] Tasks: No changes found during synchronizing tasks.
2025-02-13 03:03:32.411 [info] GlobalState: No changes found during synchronizing ui state.
2025-02-13 03:03:32.499 [info] Extensions: No changes found during synchronizing extensions.
2025-02-13 03:03:32.501 [info] Profiles: No changes found during synchronizing profiles.
2025-02-13 03:03:32.502 [info] Sync done. Took 264ms
2025-02-13 03:04:21.634 [info] [AutoSync] Triggered by Activity
2025-02-13 03:04:21.634 [info] Sync started.
2025-02-13 03:04:21.737 [info] Settings: No changes found during synchronizing settings.
2025-02-13 03:04:21.832 [info] Keybindings: No changes found during synchronizing keybindings.
2025-02-13 03:04:21.834 [info] Snippets: No changes found during synchronizing snippets.
2025-02-13 03:04:21.836 [info] Tasks: No changes found during synchronizing tasks.
2025-02-13 03:04:22.018 [info] GlobalState: Updated remote ui state. Updated: workbench.activity.pinnedViewlets2.
2025-02-13 03:04:22.023 [info] GlobalState: Updated last synchronized ui state
2025-02-13 03:04:22.099 [info] Extensions: No changes found during synchronizing extensions.
2025-02-13 03:04:22.141 [info] Profiles: No changes found during synchronizing profiles.
2025-02-13 03:04:22.142 [info] Sync done. Took 508ms
2025-02-13 03:04:42.358 [info] [AutoSync] Triggered by Activity
2025-02-13 03:04:42.358 [info] Sync started.
2025-02-13 03:04:42.415 [info] Settings: No changes found during synchronizing settings.
2025-02-13 03:04:42.417 [info] Keybindings: No changes found during synchronizing keybindings.
2025-02-13 03:04:42.419 [info] Snippets: No changes found during synchronizing snippets.
2025-02-13 03:04:42.421 [info] Tasks: No changes found during synchronizing tasks.
2025-02-13 03:04:42.424 [info] GlobalState: No changes found during synchronizing ui state.
2025-02-13 03:04:42.509 [info] Extensions: No changes found during synchronizing extensions.
2025-02-13 03:04:42.511 [info] Profiles: No changes found during synchronizing profiles.
2025-02-13 03:04:42.512 [info] Sync done. Took 154ms
2025-02-13 03:04:52.490 [info] [AutoSync] Triggered by Activity
2025-02-13 03:04:52.490 [info] Sync started.
2025-02-13 03:04:52.558 [info] Settings: No changes found during synchronizing settings.
2025-02-13 03:04:52.560 [info] Keybindings: No changes found during synchronizing keybindings.
2025-02-13 03:04:52.563 [info] Snippets: No changes found during synchronizing snippets.
2025-02-13 03:04:52.564 [info] Tasks: No changes found during synchronizing tasks.
2025-02-13 03:04:52.568 [info] GlobalState: No changes found during synchronizing ui state.
2025-02-13 03:04:52.643 [info] Extensions: No changes found during synchronizing extensions.
2025-02-13 03:04:52.644 [info] Profiles: No changes found during synchronizing profiles.
2025-02-13 03:04:52.645 [info] Sync done. Took 160ms
2025-02-13 03:05:04.569 [info] [AutoSync] Triggered by Activity
2025-02-13 03:05:04.569 [info] Sync started.
2025-02-13 03:05:04.610 [info] Settings: No changes found during synchronizing settings.
2025-02-13 03:05:04.613 [info] Keybindings: No changes found during synchronizing keybindings.
2025-02-13 03:05:04.614 [info] Snippets: No changes found during synchronizing snippets.
2025-02-13 03:05:04.616 [info] Tasks: No changes found during synchronizing tasks.
2025-02-13 03:05:04.619 [info] GlobalState: No changes found during synchronizing ui state.
2025-02-13 03:05:04.684 [info] Extensions: No changes found during synchronizing extensions.
2025-02-13 03:05:04.685 [info] Profiles: No changes found during synchronizing profiles.
2025-02-13 03:05:04.686 [info] Sync done. Took 118ms
2025-02-13 03:05:15.724 [info] [AutoSync] Triggered by Activity
2025-02-13 03:05:15.725 [info] Sync started.
2025-02-13 03:05:15.781 [info] Settings: No changes found during synchronizing settings.
2025-02-13 03:05:15.783 [info] Keybindings: No changes found during synchronizing keybindings.
2025-02-13 03:05:15.791 [info] Snippets: No changes found during synchronizing snippets.
2025-02-13 03:05:15.792 [info] Tasks: No changes found during synchronizing tasks.
2025-02-13 03:05:15.796 [info] GlobalState: No changes found during synchronizing ui state.
2025-02-13 03:05:15.882 [info] Extensions: No changes found during synchronizing extensions.
2025-02-13 03:05:15.883 [info] Profiles: No changes found during synchronizing profiles.
2025-02-13 03:05:15.884 [info] Sync done. Took 161ms
2025-02-13 03:05:25.876 [info] [AutoSync] Triggered by Activity
2025-02-13 03:05:25.876 [info] Sync started.
2025-02-13 03:05:25.922 [info] Settings: No changes found during synchronizing settings.
2025-02-13 03:05:25.923 [info] Keybindings: No changes found during synchronizing keybindings.
2025-02-13 03:05:25.925 [info] Snippets: No changes found during synchronizing snippets.
2025-02-13 03:05:25.927 [info] Tasks: No changes found during synchronizing tasks.
2025-02-13 03:05:25.931 [info] GlobalState: No changes found during synchronizing ui state.
2025-02-13 03:05:25.996 [info] Extensions: No changes found during synchronizing extensions.
2025-02-13 03:05:25.999 [info] Profiles: No changes found during synchronizing profiles.
2025-02-13 03:05:25.999 [info] Sync done. Took 124ms
2025-02-13 03:08:37.002 [info] [AutoSync] Triggered by Activity
2025-02-13 03:08:37.003 [info] Sync started.
2025-02-13 03:08:37.171 [info] Settings: No changes found during synchronizing settings.
2025-02-13 03:08:37.173 [info] Keybindings: No changes found during synchronizing keybindings.
2025-02-13 03:08:37.174 [info] Snippets: No changes found during synchronizing snippets.
2025-02-13 03:08:37.176 [info] Tasks: No changes found during synchronizing tasks.
2025-02-13 03:08:37.179 [info] GlobalState: No changes found during synchronizing ui state.
2025-02-13 03:08:37.238 [info] Extensions: No changes found during synchronizing extensions.
2025-02-13 03:08:37.238 [info] Profiles: No changes found during synchronizing profiles.
2025-02-13 03:08:37.239 [info] Sync done. Took 237ms
2025-02-13 03:10:12.893 [info] [AutoSync] Triggered by Activity
2025-02-13 03:10:12.894 [info] Sync started.
2025-02-13 03:10:12.949 [info] Settings: No changes found during synchronizing settings.
2025-02-13 03:10:12.954 [info] Keybindings: No changes found during synchronizing keybindings.
2025-02-13 03:10:12.956 [info] Snippets: No changes found during synchronizing snippets.
2025-02-13 03:10:12.958 [info] Tasks: No changes found during synchronizing tasks.
2025-02-13 03:10:12.962 [info] GlobalState: No changes found during synchronizing ui state.
2025-02-13 03:10:13.060 [info] Extensions: No changes found during synchronizing extensions.
2025-02-13 03:10:13.061 [info] Profiles: No changes found during synchronizing profiles.
2025-02-13 03:10:13.062 [info] Sync done. Took 169ms
