2025-02-12 09:02:00.356 [info] [main] Log level: Info
2025-02-12 09:02:00.356 [info] [main] Validating found git in: "git"
2025-02-12 09:02:00.356 [info] [main] Using git "2.48.1" from "git"
2025-02-12 09:02:00.356 [info] [Model][doInitialScan] Initial repository scan started
2025-02-12 09:02:00.356 [info] > git rev-parse --show-toplevel [1490ms]
2025-02-12 09:02:00.356 [info] > git rev-parse --git-dir --git-common-dir [51ms]
2025-02-12 09:02:00.356 [info] [Model][openRepository] Opened repository: /home/chuck/src/self-hosted-ai-starter-kit
2025-02-12 09:02:00.356 [info] > git rev-parse --show-toplevel [22ms]
2025-02-12 09:02:00.356 [info] > git config --get commit.template [42ms]
2025-02-12 09:02:00.363 [info] > git rev-parse --show-toplevel [92ms]
2025-02-12 09:02:00.365 [info] [Model][doInitialScan] Initial repository scan completed - repositories (1), closed repositories (0), parent repositories (0), unsafe repositories (0)
2025-02-12 09:02:00.421 [info] > git for-each-ref --format=%(refname)%00%(upstream:short)%00%(objectname)%00%(upstream:track)%00%(upstream:remotename)%00%(upstream:remoteref) refs/heads/main refs/remotes/main [66ms]
2025-02-12 09:02:00.422 [info] > git fetch [251ms]
2025-02-12 09:02:00.452 [warning] [Git][revParse] Unable to read file: ENOENT: no such file or directory, open '/home/chuck/src/self-hosted-ai-starter-kit/.git/refs/remotes/origin/main'
2025-02-12 09:02:00.482 [info] > git config --get commit.template [6ms]
2025-02-12 09:02:00.483 [info] > git rev-parse refs/remotes/origin/main [32ms]
2025-02-12 09:02:01.859 [info] > git for-each-ref --format=%(refname)%00%(upstream:short)%00%(objectname)%00%(upstream:track)%00%(upstream:remotename)%00%(upstream:remoteref) refs/heads/main refs/remotes/main [1357ms]
2025-02-12 09:02:01.931 [info] > git check-ignore -v -z --stdin [38ms]
2025-02-12 09:02:01.932 [info] > git config --get --local branch.main.vscode-merge-base [57ms]
2025-02-12 09:02:01.932 [warning] [Git][config] git config failed: Failed to execute git
2025-02-12 09:02:01.947 [info] > git config --get commit.template [93ms]
2025-02-12 09:02:01.953 [info] > git reflog main --grep-reflog=branch: Created from *. [6ms]
2025-02-12 09:02:01.966 [info] > git for-each-ref --format=%(refname)%00%(upstream:short)%00%(objectname)%00%(upstream:track)%00%(upstream:remotename)%00%(upstream:remoteref) refs/heads/main refs/remotes/main [39ms]
2025-02-12 09:02:02.029 [warning] [Git][revParse] Unable to read file: ENOENT: no such file or directory, open '/home/chuck/src/self-hosted-ai-starter-kit/.git/refs/remotes/origin/main'
2025-02-12 09:02:02.036 [info] > git symbolic-ref --short refs/remotes/origin/HEAD [70ms]
2025-02-12 09:02:02.080 [info] > git for-each-ref --format=%(refname)%00%(upstream:short)%00%(objectname)%00%(upstream:track)%00%(upstream:remotename)%00%(upstream:remoteref) refs/heads/origin/main refs/remotes/origin/main [31ms]
2025-02-12 09:02:02.095 [info] > git rev-parse refs/remotes/origin/main [65ms]
2025-02-12 09:02:02.111 [info] > git for-each-ref --format=%(refname)%00%(upstream:short)%00%(objectname)%00%(upstream:track)%00%(upstream:remotename)%00%(upstream:remoteref) refs/heads/main refs/remotes/main [95ms]
2025-02-12 09:02:02.125 [warning] [Git][revParse] Unable to read file: ENOENT: no such file or directory, open '/home/chuck/src/self-hosted-ai-starter-kit/.git/refs/remotes/origin/main'
2025-02-12 09:02:02.130 [info] > git for-each-ref --format=%(refname)%00%(upstream:short)%00%(objectname)%00%(upstream:track)%00%(upstream:remotename)%00%(upstream:remoteref) refs/heads/main refs/remotes/main [22ms]
2025-02-12 09:02:02.146 [info] > git config --add --local branch.main.vscode-merge-base origin/main [51ms]
2025-02-12 09:02:02.195 [info] > git config --get --local branch.main.vscode-merge-base [50ms]
2025-02-12 09:02:02.213 [info] > git rev-parse refs/remotes/origin/main [88ms]
2025-02-12 09:02:02.248 [info] > git for-each-ref --format=%(refname)%00%(upstream:short)%00%(objectname)%00%(upstream:track)%00%(upstream:remotename)%00%(upstream:remoteref) refs/heads/main refs/remotes/main [19ms]
2025-02-12 09:02:02.265 [info] > git for-each-ref --format=%(refname)%00%(upstream:short)%00%(objectname)%00%(upstream:track)%00%(upstream:remotename)%00%(upstream:remoteref) refs/heads/origin/main refs/remotes/origin/main [53ms]
2025-02-12 09:02:02.286 [info] > git config --get commit.template [106ms]
2025-02-12 09:02:02.295 [info] > git merge-base refs/heads/main refs/remotes/origin/main [10ms]
2025-02-12 09:02:02.314 [info] > git config --get --local branch.main.vscode-merge-base [49ms]
2025-02-12 09:02:02.345 [info] > git for-each-ref --format=%(refname)%00%(upstream:short)%00%(objectname)%00%(upstream:track)%00%(upstream:remotename)%00%(upstream:remoteref) refs/heads/origin/main refs/remotes/origin/main [17ms]
2025-02-12 09:02:02.365 [info] > git diff --name-status -z --diff-filter=ADMR ee9551dd500fbdc56bf3025c5795eac4c0f4b627...refs/remotes/origin/main [51ms]
2025-02-12 09:02:02.374 [info] > git merge-base refs/heads/main refs/remotes/origin/main [9ms]
2025-02-12 09:02:02.394 [info] > git for-each-ref --format=%(refname)%00%(upstream:short)%00%(objectname)%00%(upstream:track)%00%(upstream:remotename)%00%(upstream:remoteref) refs/heads/main refs/remotes/main [50ms]
2025-02-12 09:02:02.435 [warning] [Git][revParse] Unable to read file: ENOENT: no such file or directory, open '/home/chuck/src/self-hosted-ai-starter-kit/.git/refs/remotes/origin/main'
2025-02-12 09:02:02.441 [info] > git diff --name-status -z --diff-filter=ADMR ee9551dd500fbdc56bf3025c5795eac4c0f4b627...refs/remotes/origin/main [47ms]
2025-02-12 09:02:02.448 [info] > git rev-parse refs/remotes/origin/main [12ms]
2025-02-12 09:02:02.502 [info] > git status -z -uall [37ms]
2025-02-12 09:02:02.504 [info] > git for-each-ref --sort -committerdate --format %(refname) %(objectname) %(*objectname) [21ms]
2025-02-12 09:02:03.126 [info] > git config --get --local branch.main.github-pr-owner-number [105ms]
2025-02-12 09:02:03.126 [warning] [Git][config] git config failed: Failed to execute git
2025-02-12 09:02:24.337 [info] > git show --textconv :.env [50ms]
2025-02-12 09:02:24.340 [info] > git ls-files --stage -- /home/chuck/src/self-hosted-ai-starter-kit/.env [4ms]
2025-02-12 09:02:24.377 [info] > git cat-file -s aefa9587b8358ebad5a37a61a81948f9732f6171 [2ms]
2025-02-12 09:02:31.730 [info] > git config --get commit.template [32ms]
2025-02-12 09:02:31.731 [info] > git for-each-ref --format=%(refname)%00%(upstream:short)%00%(objectname)%00%(upstream:track)%00%(upstream:remotename)%00%(upstream:remoteref) refs/heads/main refs/remotes/main [3ms]
2025-02-12 09:02:31.761 [warning] [Git][revParse] Unable to read file: ENOENT: no such file or directory, open '/home/chuck/src/self-hosted-ai-starter-kit/.git/refs/remotes/origin/main'
2025-02-12 09:02:31.763 [info] > git rev-parse refs/remotes/origin/main [2ms]
2025-02-12 09:02:31.825 [info] > git status -z -uall [33ms]
2025-02-12 09:02:31.826 [info] > git for-each-ref --sort -committerdate --format %(refname) %(objectname) %(*objectname) [2ms]
2025-02-12 09:02:31.871 [info] > git ls-files --stage -- /home/chuck/src/self-hosted-ai-starter-kit/.env [2ms]
2025-02-12 09:02:31.907 [info] > git cat-file -s aefa9587b8358ebad5a37a61a81948f9732f6171 [2ms]
2025-02-12 09:02:31.941 [info] > git show --textconv :.env [2ms]
2025-02-12 09:02:34.223 [info] > git show --textconv :docker-compose.yml [41ms]
2025-02-12 09:02:34.225 [info] > git ls-files --stage -- /home/chuck/src/self-hosted-ai-starter-kit/docker-compose.yml [4ms]
2025-02-12 09:02:34.271 [info] > git cat-file -s 0c38d4229d69fa46e370c8152269a782842eff91 [10ms]
2025-02-12 09:02:43.117 [info] > git config --get commit.template [39ms]
2025-02-12 09:02:43.117 [info] > git for-each-ref --format=%(refname)%00%(upstream:short)%00%(objectname)%00%(upstream:track)%00%(upstream:remotename)%00%(upstream:remoteref) refs/heads/main refs/remotes/main [2ms]
2025-02-12 09:02:43.141 [warning] [Git][revParse] Unable to read file: ENOENT: no such file or directory, open '/home/chuck/src/self-hosted-ai-starter-kit/.git/refs/remotes/origin/main'
2025-02-12 09:02:43.142 [info] > git rev-parse refs/remotes/origin/main [1ms]
2025-02-12 09:02:43.182 [info] > git status -z -uall [19ms]
2025-02-12 09:02:43.220 [info] > git ls-files --stage -- /home/chuck/src/self-hosted-ai-starter-kit/.env [21ms]
2025-02-12 09:02:43.236 [info] > git for-each-ref --sort -committerdate --format %(refname) %(objectname) %(*objectname) [55ms]
2025-02-12 09:02:43.240 [info] > git cat-file -s aefa9587b8358ebad5a37a61a81948f9732f6171 [5ms]
2025-02-12 09:02:43.240 [info] > git ls-files --stage -- /home/chuck/src/self-hosted-ai-starter-kit/docker-compose.yml [23ms]
2025-02-12 09:02:43.266 [info] > git cat-file -s 0c38d4229d69fa46e370c8152269a782842eff91 [13ms]
2025-02-12 09:02:43.294 [info] > git show --textconv :.env [14ms]
2025-02-12 09:02:43.294 [info] > git show --textconv :docker-compose.yml [1ms]
2025-02-12 09:03:24.023 [info] > git config --get commit.template [42ms]
2025-02-12 09:03:24.024 [info] > git for-each-ref --format=%(refname)%00%(upstream:short)%00%(objectname)%00%(upstream:track)%00%(upstream:remotename)%00%(upstream:remoteref) refs/heads/main refs/remotes/main [3ms]
2025-02-12 09:03:24.047 [warning] [Git][revParse] Unable to read file: ENOENT: no such file or directory, open '/home/chuck/src/self-hosted-ai-starter-kit/.git/refs/remotes/origin/main'
2025-02-12 09:03:24.048 [info] > git rev-parse refs/remotes/origin/main [1ms]
2025-02-12 09:03:24.084 [info] > git status -z -uall [18ms]
2025-02-12 09:03:24.085 [info] > git for-each-ref --sort -committerdate --format %(refname) %(objectname) %(*objectname) [2ms]
2025-02-12 09:04:15.912 [info] > git blame --root --incremental ee9551dd500fbdc56bf3025c5795eac4c0f4b627 -- /home/chuck/src/self-hosted-ai-starter-kit/.env [2ms]
2025-02-12 09:04:30.874 [info] > git config --get commit.template [1ms]
2025-02-12 09:04:30.889 [info] > git for-each-ref --format=%(refname)%00%(upstream:short)%00%(objectname)%00%(upstream:track)%00%(upstream:remotename)%00%(upstream:remoteref) refs/heads/main refs/remotes/main [1ms]
2025-02-12 09:04:30.901 [warning] [Git][revParse] Unable to read file: ENOENT: no such file or directory, open '/home/chuck/src/self-hosted-ai-starter-kit/.git/refs/remotes/origin/main'
2025-02-12 09:04:30.902 [info] > git rev-parse refs/remotes/origin/main [1ms]
2025-02-12 09:04:30.928 [info] > git status -z -uall [14ms]
2025-02-12 09:04:30.929 [info] > git for-each-ref --sort -committerdate --format %(refname) %(objectname) %(*objectname) [1ms]
2025-02-12 09:04:37.818 [info] > git config --get commit.template [37ms]
2025-02-12 09:04:37.819 [info] > git for-each-ref --format=%(refname)%00%(upstream:short)%00%(objectname)%00%(upstream:track)%00%(upstream:remotename)%00%(upstream:remoteref) refs/heads/main refs/remotes/main [2ms]
2025-02-12 09:04:37.850 [warning] [Git][revParse] Unable to read file: ENOENT: no such file or directory, open '/home/chuck/src/self-hosted-ai-starter-kit/.git/refs/remotes/origin/main'
2025-02-12 09:04:37.851 [info] > git rev-parse refs/remotes/origin/main [1ms]
2025-02-12 09:04:37.899 [info] > git status -z -uall [24ms]
2025-02-12 09:04:37.900 [info] > git for-each-ref --sort -committerdate --format %(refname) %(objectname) %(*objectname) [2ms]
2025-02-12 09:04:42.922 [info] > git config --get commit.template [1ms]
2025-02-12 09:04:42.939 [info] > git for-each-ref --format=%(refname)%00%(upstream:short)%00%(objectname)%00%(upstream:track)%00%(upstream:remotename)%00%(upstream:remoteref) refs/heads/main refs/remotes/main [1ms]
2025-02-12 09:04:42.952 [warning] [Git][revParse] Unable to read file: ENOENT: no such file or directory, open '/home/chuck/src/self-hosted-ai-starter-kit/.git/refs/remotes/origin/main'
2025-02-12 09:04:42.952 [info] > git rev-parse refs/remotes/origin/main [0ms]
2025-02-12 09:04:42.978 [info] > git status -z -uall [13ms]
2025-02-12 09:04:42.979 [info] > git for-each-ref --sort -committerdate --format %(refname) %(objectname) %(*objectname) [0ms]
2025-02-12 09:05:02.345 [info] > git fetch [200ms]
2025-02-12 09:05:02.407 [info] > git config --get commit.template [8ms]
2025-02-12 09:05:02.452 [info] > git for-each-ref --format=%(refname)%00%(upstream:short)%00%(objectname)%00%(upstream:track)%00%(upstream:remotename)%00%(upstream:remoteref) refs/heads/main refs/remotes/main [14ms]
2025-02-12 09:05:02.478 [warning] [Git][revParse] Unable to read file: ENOENT: no such file or directory, open '/home/chuck/src/self-hosted-ai-starter-kit/.git/refs/remotes/origin/main'
2025-02-12 09:05:02.481 [info] > git rev-parse refs/remotes/origin/main [3ms]
2025-02-12 09:05:02.548 [info] > git status -z -uall [37ms]
2025-02-12 09:05:02.548 [info] > git for-each-ref --sort -committerdate --format %(refname) %(objectname) %(*objectname) [4ms]
2025-02-12 09:05:03.751 [info] > git ls-files --stage -- /home/chuck/src/self-hosted-ai-starter-kit/docker-compose.yml [3ms]
2025-02-12 09:05:03.768 [info] > git ls-files --stage -- /home/chuck/src/self-hosted-ai-starter-kit/.env [34ms]
2025-02-12 09:05:03.795 [info] > git cat-file -s aefa9587b8358ebad5a37a61a81948f9732f6171 [14ms]
2025-02-12 09:05:03.796 [info] > git cat-file -s 0c38d4229d69fa46e370c8152269a782842eff91 [28ms]
2025-02-12 09:05:03.841 [info] > git show --textconv :.env [16ms]
2025-02-12 09:05:03.842 [info] > git show --textconv :docker-compose.yml [1ms]
2025-02-12 09:05:04.274 [info] > git config --get commit.template [35ms]
2025-02-12 09:05:04.275 [info] > git for-each-ref --format=%(refname)%00%(upstream:short)%00%(objectname)%00%(upstream:track)%00%(upstream:remotename)%00%(upstream:remoteref) refs/heads/main refs/remotes/main [2ms]
2025-02-12 09:05:04.302 [warning] [Git][revParse] Unable to read file: ENOENT: no such file or directory, open '/home/chuck/src/self-hosted-ai-starter-kit/.git/refs/remotes/origin/main'
2025-02-12 09:05:04.303 [info] > git rev-parse refs/remotes/origin/main [1ms]
2025-02-12 09:05:04.338 [info] > git status -z -uall [14ms]
2025-02-12 09:05:04.339 [info] > git for-each-ref --sort -committerdate --format %(refname) %(objectname) %(*objectname) [1ms]
2025-02-12 09:05:09.905 [info] > git config --get commit.template [12ms]
2025-02-12 09:05:09.906 [info] > git for-each-ref --format=%(refname)%00%(upstream:short)%00%(objectname)%00%(upstream:track)%00%(upstream:remotename)%00%(upstream:remoteref) refs/heads/main refs/remotes/main [1ms]
2025-02-12 09:05:09.918 [warning] [Git][revParse] Unable to read file: ENOENT: no such file or directory, open '/home/chuck/src/self-hosted-ai-starter-kit/.git/refs/remotes/origin/main'
2025-02-12 09:05:09.919 [info] > git rev-parse refs/remotes/origin/main [1ms]
2025-02-12 09:05:09.945 [info] > git status -z -uall [14ms]
2025-02-12 09:05:09.945 [info] > git for-each-ref --sort -committerdate --format %(refname) %(objectname) %(*objectname) [1ms]
2025-02-12 09:05:16.306 [info] > git config --get commit.template [27ms]
2025-02-12 09:05:16.335 [info] > git for-each-ref --format=%(refname)%00%(upstream:short)%00%(objectname)%00%(upstream:track)%00%(upstream:remotename)%00%(upstream:remoteref) refs/heads/main refs/remotes/main [3ms]
2025-02-12 09:05:16.359 [warning] [Git][revParse] Unable to read file: ENOENT: no such file or directory, open '/home/chuck/src/self-hosted-ai-starter-kit/.git/refs/remotes/origin/main'
2025-02-12 09:05:16.360 [info] > git rev-parse refs/remotes/origin/main [1ms]
2025-02-12 09:05:16.411 [info] > git status -z -uall [28ms]
2025-02-12 09:05:16.412 [info] > git for-each-ref --sort -committerdate --format %(refname) %(objectname) %(*objectname) [2ms]
2025-02-12 09:05:24.421 [info] > git config --get commit.template [25ms]
2025-02-12 09:05:24.422 [info] > git for-each-ref --format=%(refname)%00%(upstream:short)%00%(objectname)%00%(upstream:track)%00%(upstream:remotename)%00%(upstream:remoteref) refs/heads/main refs/remotes/main [3ms]
2025-02-12 09:05:24.445 [warning] [Git][revParse] Unable to read file: ENOENT: no such file or directory, open '/home/chuck/src/self-hosted-ai-starter-kit/.git/refs/remotes/origin/main'
2025-02-12 09:05:24.447 [info] > git rev-parse refs/remotes/origin/main [2ms]
2025-02-12 09:05:24.524 [info] > git status -z -uall [50ms]
2025-02-12 09:05:24.524 [info] > git for-each-ref --sort -committerdate --format %(refname) %(objectname) %(*objectname) [25ms]
2025-02-12 09:06:41.906 [info] > git config --get commit.template [1ms]
2025-02-12 09:06:41.920 [info] > git for-each-ref --format=%(refname)%00%(upstream:short)%00%(objectname)%00%(upstream:track)%00%(upstream:remotename)%00%(upstream:remoteref) refs/heads/main refs/remotes/main [1ms]
2025-02-12 09:06:41.933 [warning] [Git][revParse] Unable to read file: ENOENT: no such file or directory, open '/home/chuck/src/self-hosted-ai-starter-kit/.git/refs/remotes/origin/main'
2025-02-12 09:06:41.933 [info] > git rev-parse refs/remotes/origin/main [0ms]
2025-02-12 09:06:41.960 [info] > git status -z -uall [14ms]
2025-02-12 09:06:41.960 [info] > git for-each-ref --sort -committerdate --format %(refname) %(objectname) %(*objectname) [1ms]
2025-02-12 09:07:00.607 [info] > git show --textconv :docker-compose.yml [27ms]
2025-02-12 09:07:00.615 [info] > git ls-files --stage -- /home/chuck/src/self-hosted-ai-starter-kit/docker-compose.yml [9ms]
2025-02-12 09:07:00.643 [info] > git cat-file -s 0c38d4229d69fa46e370c8152269a782842eff91 [3ms]
2025-02-12 09:07:54.054 [info] > git blame --root --incremental ee9551dd500fbdc56bf3025c5795eac4c0f4b627 -- /home/chuck/src/self-hosted-ai-starter-kit/docker-compose.yml [3ms]
2025-02-12 09:07:58.021 [info] > git for-each-ref --format=%(refname)%00%(upstream:short)%00%(objectname)%00%(upstream:track)%00%(upstream:remotename)%00%(upstream:remoteref) refs/heads/main refs/remotes/main [3ms]
2025-02-12 09:07:58.021 [info] > git config --get commit.template [31ms]
2025-02-12 09:07:58.047 [warning] [Git][revParse] Unable to read file: ENOENT: no such file or directory, open '/home/chuck/src/self-hosted-ai-starter-kit/.git/refs/remotes/origin/main'
2025-02-12 09:07:58.052 [info] > git rev-parse refs/remotes/origin/main [5ms]
2025-02-12 09:07:58.103 [info] > git status -z -uall [28ms]
2025-02-12 09:07:58.103 [info] > git for-each-ref --sort -committerdate --format %(refname) %(objectname) %(*objectname) [4ms]
2025-02-12 09:08:02.760 [info] > git fetch [169ms]
2025-02-12 09:08:02.808 [info] > git config --get commit.template [24ms]
2025-02-12 09:08:02.808 [info] > git for-each-ref --format=%(refname)%00%(upstream:short)%00%(objectname)%00%(upstream:track)%00%(upstream:remotename)%00%(upstream:remoteref) refs/heads/main refs/remotes/main [1ms]
2025-02-12 09:08:02.830 [warning] [Git][revParse] Unable to read file: ENOENT: no such file or directory, open '/home/chuck/src/self-hosted-ai-starter-kit/.git/refs/remotes/origin/main'
2025-02-12 09:08:02.831 [info] > git rev-parse refs/remotes/origin/main [1ms]
2025-02-12 09:08:02.875 [info] > git status -z -uall [23ms]
2025-02-12 09:08:02.876 [info] > git for-each-ref --sort -committerdate --format %(refname) %(objectname) %(*objectname) [1ms]
2025-02-12 09:08:03.153 [info] > git config --get commit.template [25ms]
2025-02-12 09:08:03.154 [info] > git for-each-ref --format=%(refname)%00%(upstream:short)%00%(objectname)%00%(upstream:track)%00%(upstream:remotename)%00%(upstream:remoteref) refs/heads/main refs/remotes/main [1ms]
2025-02-12 09:08:03.180 [warning] [Git][revParse] Unable to read file: ENOENT: no such file or directory, open '/home/chuck/src/self-hosted-ai-starter-kit/.git/refs/remotes/origin/main'
2025-02-12 09:08:03.182 [info] > git rev-parse refs/remotes/origin/main [3ms]
2025-02-12 09:08:03.235 [info] > git for-each-ref --sort -committerdate --format %(refname) %(objectname) %(*objectname) [1ms]
2025-02-12 09:08:03.235 [info] > git status -z -uall [26ms]
2025-02-12 09:08:04.010 [info] > git ls-files --stage -- /home/chuck/src/self-hosted-ai-starter-kit/docker-compose.yml [1ms]
2025-02-12 09:08:04.024 [info] > git cat-file -s 0c38d4229d69fa46e370c8152269a782842eff91 [1ms]
2025-02-12 09:08:04.039 [info] > git show --textconv :docker-compose.yml [1ms]
2025-02-12 09:08:08.299 [info] > git config --get commit.template [19ms]
2025-02-12 09:08:08.332 [info] > git for-each-ref --format=%(refname)%00%(upstream:short)%00%(objectname)%00%(upstream:track)%00%(upstream:remotename)%00%(upstream:remoteref) refs/heads/main refs/remotes/main [14ms]
2025-02-12 09:08:08.344 [warning] [Git][revParse] Unable to read file: ENOENT: no such file or directory, open '/home/chuck/src/self-hosted-ai-starter-kit/.git/refs/remotes/origin/main'
2025-02-12 09:08:08.360 [info] > git rev-parse refs/remotes/origin/main [16ms]
2025-02-12 09:08:08.387 [info] > git status -z -uall [14ms]
2025-02-12 09:08:08.387 [info] > git for-each-ref --sort -committerdate --format %(refname) %(objectname) %(*objectname) [1ms]
2025-02-12 09:08:13.424 [info] > git config --get commit.template [0ms]
2025-02-12 09:08:13.450 [info] > git for-each-ref --format=%(refname)%00%(upstream:short)%00%(objectname)%00%(upstream:track)%00%(upstream:remotename)%00%(upstream:remoteref) refs/heads/main refs/remotes/main [3ms]
2025-02-12 09:08:13.476 [warning] [Git][revParse] Unable to read file: ENOENT: no such file or directory, open '/home/chuck/src/self-hosted-ai-starter-kit/.git/refs/remotes/origin/main'
2025-02-12 09:08:13.482 [info] > git rev-parse refs/remotes/origin/main [6ms]
2025-02-12 09:08:13.533 [info] > git status -z -uall [25ms]
2025-02-12 09:08:13.533 [info] > git for-each-ref --sort -committerdate --format %(refname) %(objectname) %(*objectname) [1ms]
2025-02-12 09:08:18.561 [info] > git config --get commit.template [3ms]
2025-02-12 09:08:18.585 [info] > git for-each-ref --format=%(refname)%00%(upstream:short)%00%(objectname)%00%(upstream:track)%00%(upstream:remotename)%00%(upstream:remoteref) refs/heads/main refs/remotes/main [1ms]
2025-02-12 09:08:18.607 [warning] [Git][revParse] Unable to read file: ENOENT: no such file or directory, open '/home/chuck/src/self-hosted-ai-starter-kit/.git/refs/remotes/origin/main'
2025-02-12 09:08:18.608 [info] > git rev-parse refs/remotes/origin/main [1ms]
2025-02-12 09:08:18.653 [info] > git status -z -uall [24ms]
2025-02-12 09:08:18.654 [info] > git for-each-ref --sort -committerdate --format %(refname) %(objectname) %(*objectname) [1ms]
2025-02-12 09:08:23.687 [info] > git config --get commit.template [15ms]
2025-02-12 09:08:23.687 [info] > git for-each-ref --format=%(refname)%00%(upstream:short)%00%(objectname)%00%(upstream:track)%00%(upstream:remotename)%00%(upstream:remoteref) refs/heads/main refs/remotes/main [1ms]
2025-02-12 09:08:23.700 [warning] [Git][revParse] Unable to read file: ENOENT: no such file or directory, open '/home/chuck/src/self-hosted-ai-starter-kit/.git/refs/remotes/origin/main'
2025-02-12 09:08:23.701 [info] > git rev-parse refs/remotes/origin/main [1ms]
2025-02-12 09:08:23.728 [info] > git status -z -uall [14ms]
2025-02-12 09:08:23.729 [info] > git for-each-ref --sort -committerdate --format %(refname) %(objectname) %(*objectname) [1ms]
2025-02-12 09:08:28.771 [info] > git config --get commit.template [3ms]
2025-02-12 09:08:28.798 [info] > git for-each-ref --format=%(refname)%00%(upstream:short)%00%(objectname)%00%(upstream:track)%00%(upstream:remotename)%00%(upstream:remoteref) refs/heads/main refs/remotes/main [2ms]
2025-02-12 09:08:28.822 [warning] [Git][revParse] Unable to read file: ENOENT: no such file or directory, open '/home/chuck/src/self-hosted-ai-starter-kit/.git/refs/remotes/origin/main'
2025-02-12 09:08:28.824 [info] > git rev-parse refs/remotes/origin/main [2ms]
2025-02-12 09:08:28.871 [info] > git status -z -uall [23ms]
2025-02-12 09:08:28.872 [info] > git for-each-ref --sort -committerdate --format %(refname) %(objectname) %(*objectname) [2ms]
2025-02-12 09:08:33.958 [info] > git config --get commit.template [32ms]
2025-02-12 09:08:33.959 [info] > git for-each-ref --format=%(refname)%00%(upstream:short)%00%(objectname)%00%(upstream:track)%00%(upstream:remotename)%00%(upstream:remoteref) refs/heads/main refs/remotes/main [2ms]
2025-02-12 09:08:33.985 [warning] [Git][revParse] Unable to read file: ENOENT: no such file or directory, open '/home/chuck/src/self-hosted-ai-starter-kit/.git/refs/remotes/origin/main'
2025-02-12 09:08:33.985 [info] > git rev-parse refs/remotes/origin/main [0ms]
2025-02-12 09:08:34.033 [info] > git status -z -uall [25ms]
2025-02-12 09:08:34.035 [info] > git for-each-ref --sort -committerdate --format %(refname) %(objectname) %(*objectname) [1ms]
2025-02-12 09:08:39.055 [info] > git config --get commit.template [1ms]
2025-02-12 09:08:39.070 [info] > git for-each-ref --format=%(refname)%00%(upstream:short)%00%(objectname)%00%(upstream:track)%00%(upstream:remotename)%00%(upstream:remoteref) refs/heads/main refs/remotes/main [1ms]
2025-02-12 09:08:39.085 [warning] [Git][revParse] Unable to read file: ENOENT: no such file or directory, open '/home/chuck/src/self-hosted-ai-starter-kit/.git/refs/remotes/origin/main'
2025-02-12 09:08:39.085 [info] > git rev-parse refs/remotes/origin/main [0ms]
2025-02-12 09:08:39.135 [info] > git status -z -uall [35ms]
2025-02-12 09:08:39.135 [info] > git for-each-ref --sort -committerdate --format %(refname) %(objectname) %(*objectname) [17ms]
2025-02-12 09:08:53.053 [info] > git config --get commit.template [39ms]
2025-02-12 09:08:53.054 [info] > git for-each-ref --format=%(refname)%00%(upstream:short)%00%(objectname)%00%(upstream:track)%00%(upstream:remotename)%00%(upstream:remoteref) refs/heads/main refs/remotes/main [2ms]
2025-02-12 09:08:53.089 [warning] [Git][revParse] Unable to read file: ENOENT: no such file or directory, open '/home/chuck/src/self-hosted-ai-starter-kit/.git/refs/remotes/origin/main'
2025-02-12 09:08:53.090 [info] > git rev-parse refs/remotes/origin/main [1ms]
2025-02-12 09:08:53.152 [info] > git status -z -uall [29ms]
2025-02-12 09:08:53.153 [info] > git for-each-ref --sort -committerdate --format %(refname) %(objectname) %(*objectname) [1ms]
2025-02-12 09:09:13.099 [info] > git config --get commit.template [16ms]
2025-02-12 09:09:13.100 [info] > git for-each-ref --format=%(refname)%00%(upstream:short)%00%(objectname)%00%(upstream:track)%00%(upstream:remotename)%00%(upstream:remoteref) refs/heads/main refs/remotes/main [0ms]
2025-02-12 09:09:13.115 [warning] [Git][revParse] Unable to read file: ENOENT: no such file or directory, open '/home/chuck/src/self-hosted-ai-starter-kit/.git/refs/remotes/origin/main'
2025-02-12 09:09:13.116 [info] > git rev-parse refs/remotes/origin/main [1ms]
2025-02-12 09:09:13.148 [info] > git status -z -uall [17ms]
2025-02-12 09:09:13.149 [info] > git for-each-ref --sort -committerdate --format %(refname) %(objectname) %(*objectname) [2ms]
2025-02-12 09:11:04.779 [info] > git fetch [196ms]
2025-02-12 09:11:04.810 [info] > git config --get commit.template [1ms]
2025-02-12 09:11:04.831 [info] > git for-each-ref --format=%(refname)%00%(upstream:short)%00%(objectname)%00%(upstream:track)%00%(upstream:remotename)%00%(upstream:remoteref) refs/heads/main refs/remotes/main [1ms]
2025-02-12 09:11:04.855 [warning] [Git][revParse] Unable to read file: ENOENT: no such file or directory, open '/home/chuck/src/self-hosted-ai-starter-kit/.git/refs/remotes/origin/main'
2025-02-12 09:11:04.855 [info] > git rev-parse refs/remotes/origin/main [0ms]
2025-02-12 09:11:04.898 [info] > git status -z -uall [22ms]
2025-02-12 09:11:04.899 [info] > git for-each-ref --sort -committerdate --format %(refname) %(objectname) %(*objectname) [2ms]
2025-02-12 09:11:06.046 [info] > git ls-files --stage -- /home/chuck/src/self-hosted-ai-starter-kit/docker-compose.yml [2ms]
2025-02-12 09:11:06.068 [info] > git cat-file -s 0c38d4229d69fa46e370c8152269a782842eff91 [1ms]
2025-02-12 09:11:06.087 [info] > git show --textconv :docker-compose.yml [1ms]
2025-02-12 09:13:30.638 [info] > git config --get commit.template [5ms]
2025-02-12 09:13:30.664 [info] > git for-each-ref --format=%(refname)%00%(upstream:short)%00%(objectname)%00%(upstream:track)%00%(upstream:remotename)%00%(upstream:remoteref) refs/heads/main refs/remotes/main [1ms]
2025-02-12 09:13:30.690 [warning] [Git][revParse] Unable to read file: ENOENT: no such file or directory, open '/home/chuck/src/self-hosted-ai-starter-kit/.git/refs/remotes/origin/main'
2025-02-12 09:13:30.694 [info] > git rev-parse refs/remotes/origin/main [4ms]
2025-02-12 09:13:30.746 [info] > git status -z -uall [25ms]
2025-02-12 09:13:30.747 [info] > git for-each-ref --sort -committerdate --format %(refname) %(objectname) %(*objectname) [1ms]
2025-02-12 09:13:35.814 [info] > git config --get commit.template [32ms]
2025-02-12 09:13:35.814 [info] > git for-each-ref --format=%(refname)%00%(upstream:short)%00%(objectname)%00%(upstream:track)%00%(upstream:remotename)%00%(upstream:remoteref) refs/heads/main refs/remotes/main [0ms]
2025-02-12 09:13:35.845 [warning] [Git][revParse] Unable to read file: ENOENT: no such file or directory, open '/home/chuck/src/self-hosted-ai-starter-kit/.git/refs/remotes/origin/main'
2025-02-12 09:13:35.846 [info] > git rev-parse refs/remotes/origin/main [1ms]
2025-02-12 09:13:35.905 [info] > git status -z -uall [28ms]
2025-02-12 09:13:35.906 [info] > git for-each-ref --sort -committerdate --format %(refname) %(objectname) %(*objectname) [2ms]
2025-02-12 09:13:40.962 [info] > git config --get commit.template [22ms]
2025-02-12 09:13:40.992 [info] > git for-each-ref --format=%(refname)%00%(upstream:short)%00%(objectname)%00%(upstream:track)%00%(upstream:remotename)%00%(upstream:remoteref) refs/heads/main refs/remotes/main [15ms]
2025-02-12 09:13:41.006 [warning] [Git][revParse] Unable to read file: ENOENT: no such file or directory, open '/home/chuck/src/self-hosted-ai-starter-kit/.git/refs/remotes/origin/main'
2025-02-12 09:13:41.007 [info] > git rev-parse refs/remotes/origin/main [1ms]
2025-02-12 09:13:41.036 [info] > git status -z -uall [15ms]
2025-02-12 09:13:41.037 [info] > git for-each-ref --sort -committerdate --format %(refname) %(objectname) %(*objectname) [2ms]
2025-02-12 09:13:46.091 [info] > git config --get commit.template [18ms]
2025-02-12 09:13:46.092 [info] > git for-each-ref --format=%(refname)%00%(upstream:short)%00%(objectname)%00%(upstream:track)%00%(upstream:remotename)%00%(upstream:remoteref) refs/heads/main refs/remotes/main [1ms]
2025-02-12 09:13:46.108 [warning] [Git][revParse] Unable to read file: ENOENT: no such file or directory, open '/home/chuck/src/self-hosted-ai-starter-kit/.git/refs/remotes/origin/main'
2025-02-12 09:13:46.109 [info] > git rev-parse refs/remotes/origin/main [1ms]
2025-02-12 09:13:46.141 [info] > git status -z -uall [16ms]
2025-02-12 09:13:46.141 [info] > git for-each-ref --sort -committerdate --format %(refname) %(objectname) %(*objectname) [0ms]
2025-02-12 09:14:01.089 [info] > git config --get commit.template [37ms]
2025-02-12 09:14:01.122 [info] > git for-each-ref --format=%(refname)%00%(upstream:short)%00%(objectname)%00%(upstream:track)%00%(upstream:remotename)%00%(upstream:remoteref) refs/heads/main refs/remotes/main [2ms]
2025-02-12 09:14:01.149 [warning] [Git][revParse] Unable to read file: ENOENT: no such file or directory, open '/home/chuck/src/self-hosted-ai-starter-kit/.git/refs/remotes/origin/main'
2025-02-12 09:14:01.151 [info] > git rev-parse refs/remotes/origin/main [1ms]
2025-02-12 09:14:01.204 [info] > git status -z -uall [27ms]
2025-02-12 09:14:01.205 [info] > git for-each-ref --sort -committerdate --format %(refname) %(objectname) %(*objectname) [1ms]
2025-02-12 09:14:10.188 [info] > git fetch [192ms]
2025-02-12 09:14:10.220 [info] > git config --get commit.template [2ms]
2025-02-12 09:14:10.244 [info] > git for-each-ref --format=%(refname)%00%(upstream:short)%00%(objectname)%00%(upstream:track)%00%(upstream:remotename)%00%(upstream:remoteref) refs/heads/main refs/remotes/main [4ms]
2025-02-12 09:14:10.264 [warning] [Git][revParse] Unable to read file: ENOENT: no such file or directory, open '/home/chuck/src/self-hosted-ai-starter-kit/.git/refs/remotes/origin/main'
2025-02-12 09:14:10.266 [info] > git rev-parse refs/remotes/origin/main [2ms]
2025-02-12 09:14:10.308 [info] > git status -z -uall [20ms]
2025-02-12 09:14:10.309 [info] > git for-each-ref --sort -committerdate --format %(refname) %(objectname) %(*objectname) [1ms]
2025-02-12 09:14:11.372 [info] > git config --get commit.template [0ms]
2025-02-12 09:14:11.404 [info] > git for-each-ref --format=%(refname)%00%(upstream:short)%00%(objectname)%00%(upstream:track)%00%(upstream:remotename)%00%(upstream:remoteref) refs/heads/main refs/remotes/main [1ms]
2025-02-12 09:14:11.436 [warning] [Git][revParse] Unable to read file: ENOENT: no such file or directory, open '/home/chuck/src/self-hosted-ai-starter-kit/.git/refs/remotes/origin/main'
2025-02-12 09:14:11.437 [info] > git rev-parse refs/remotes/origin/main [1ms]
2025-02-12 09:14:11.481 [info] > git status -z -uall [21ms]
2025-02-12 09:14:11.500 [info] > git for-each-ref --sort -committerdate --format %(refname) %(objectname) %(*objectname) [19ms]
2025-02-12 09:14:11.501 [info] > git ls-files --stage -- /home/chuck/src/self-hosted-ai-starter-kit/docker-compose.yml [2ms]
2025-02-12 09:14:11.519 [info] > git cat-file -s 0c38d4229d69fa46e370c8152269a782842eff91 [2ms]
2025-02-12 09:14:11.536 [info] > git show --textconv :docker-compose.yml [1ms]
2025-02-12 09:14:25.563 [info] > git config --get commit.template [13ms]
2025-02-12 09:14:25.564 [info] > git for-each-ref --format=%(refname)%00%(upstream:short)%00%(objectname)%00%(upstream:track)%00%(upstream:remotename)%00%(upstream:remoteref) refs/heads/main refs/remotes/main [1ms]
2025-02-12 09:14:25.577 [warning] [Git][revParse] Unable to read file: ENOENT: no such file or directory, open '/home/chuck/src/self-hosted-ai-starter-kit/.git/refs/remotes/origin/main'
2025-02-12 09:14:25.578 [info] > git rev-parse refs/remotes/origin/main [1ms]
2025-02-12 09:14:25.605 [info] > git status -z -uall [14ms]
2025-02-12 09:14:25.605 [info] > git for-each-ref --sort -committerdate --format %(refname) %(objectname) %(*objectname) [0ms]
2025-02-12 09:14:30.691 [info] > git config --get commit.template [28ms]
2025-02-12 09:14:30.691 [info] > git for-each-ref --format=%(refname)%00%(upstream:short)%00%(objectname)%00%(upstream:track)%00%(upstream:remotename)%00%(upstream:remoteref) refs/heads/main refs/remotes/main [1ms]
2025-02-12 09:14:30.712 [warning] [Git][revParse] Unable to read file: ENOENT: no such file or directory, open '/home/chuck/src/self-hosted-ai-starter-kit/.git/refs/remotes/origin/main'
2025-02-12 09:14:30.714 [info] > git rev-parse refs/remotes/origin/main [2ms]
2025-02-12 09:14:30.760 [info] > git status -z -uall [24ms]
2025-02-12 09:14:30.761 [info] > git for-each-ref --sort -committerdate --format %(refname) %(objectname) %(*objectname) [1ms]
2025-02-12 09:14:35.794 [info] > git config --get commit.template [13ms]
2025-02-12 09:14:35.794 [info] > git for-each-ref --format=%(refname)%00%(upstream:short)%00%(objectname)%00%(upstream:track)%00%(upstream:remotename)%00%(upstream:remoteref) refs/heads/main refs/remotes/main [1ms]
2025-02-12 09:14:35.807 [warning] [Git][revParse] Unable to read file: ENOENT: no such file or directory, open '/home/chuck/src/self-hosted-ai-starter-kit/.git/refs/remotes/origin/main'
2025-02-12 09:14:35.821 [info] > git rev-parse refs/remotes/origin/main [14ms]
2025-02-12 09:14:35.855 [info] > git status -z -uall [19ms]
2025-02-12 09:14:35.855 [info] > git for-each-ref --sort -committerdate --format %(refname) %(objectname) %(*objectname) [2ms]
2025-02-12 09:14:40.891 [info] > git config --get commit.template [2ms]
2025-02-12 09:14:40.924 [info] > git for-each-ref --format=%(refname)%00%(upstream:short)%00%(objectname)%00%(upstream:track)%00%(upstream:remotename)%00%(upstream:remoteref) refs/heads/main refs/remotes/main [2ms]
2025-02-12 09:14:40.957 [warning] [Git][revParse] Unable to read file: ENOENT: no such file or directory, open '/home/chuck/src/self-hosted-ai-starter-kit/.git/refs/remotes/origin/main'
2025-02-12 09:14:40.959 [info] > git rev-parse refs/remotes/origin/main [1ms]
2025-02-12 09:14:41.011 [info] > git status -z -uall [22ms]
2025-02-12 09:14:41.011 [info] > git for-each-ref --sort -committerdate --format %(refname) %(objectname) %(*objectname) [1ms]
2025-02-12 09:14:49.321 [info] > git config --get commit.template [15ms]
2025-02-12 09:14:49.321 [info] > git for-each-ref --format=%(refname)%00%(upstream:short)%00%(objectname)%00%(upstream:track)%00%(upstream:remotename)%00%(upstream:remoteref) refs/heads/main refs/remotes/main [1ms]
2025-02-12 09:14:49.335 [warning] [Git][revParse] Unable to read file: ENOENT: no such file or directory, open '/home/chuck/src/self-hosted-ai-starter-kit/.git/refs/remotes/origin/main'
2025-02-12 09:14:49.335 [info] > git rev-parse refs/remotes/origin/main [0ms]
2025-02-12 09:14:49.362 [info] > git status -z -uall [14ms]
2025-02-12 09:14:49.363 [info] > git for-each-ref --sort -committerdate --format %(refname) %(objectname) %(*objectname) [1ms]
2025-02-12 09:14:54.397 [info] > git config --get commit.template [2ms]
2025-02-12 09:14:54.435 [info] > git for-each-ref --format=%(refname)%00%(upstream:short)%00%(objectname)%00%(upstream:track)%00%(upstream:remotename)%00%(upstream:remoteref) refs/heads/main refs/remotes/main [3ms]
2025-02-12 09:14:54.474 [warning] [Git][revParse] Unable to read file: ENOENT: no such file or directory, open '/home/chuck/src/self-hosted-ai-starter-kit/.git/refs/remotes/origin/main'
2025-02-12 09:14:54.476 [info] > git rev-parse refs/remotes/origin/main [3ms]
2025-02-12 09:14:54.523 [info] > git status -z -uall [24ms]
2025-02-12 09:14:54.524 [info] > git for-each-ref --sort -committerdate --format %(refname) %(objectname) %(*objectname) [1ms]
2025-02-12 09:14:59.577 [info] > git config --get commit.template [2ms]
2025-02-12 09:14:59.604 [info] > git for-each-ref --format=%(refname)%00%(upstream:short)%00%(objectname)%00%(upstream:track)%00%(upstream:remotename)%00%(upstream:remoteref) refs/heads/main refs/remotes/main [2ms]
2025-02-12 09:14:59.623 [warning] [Git][revParse] Unable to read file: ENOENT: no such file or directory, open '/home/chuck/src/self-hosted-ai-starter-kit/.git/refs/remotes/origin/main'
2025-02-12 09:14:59.624 [info] > git rev-parse refs/remotes/origin/main [1ms]
2025-02-12 09:14:59.653 [info] > git status -z -uall [16ms]
2025-02-12 09:14:59.654 [info] > git for-each-ref --sort -committerdate --format %(refname) %(objectname) %(*objectname) [2ms]
2025-02-12 09:15:30.016 [info] > git config --get commit.template [3ms]
2025-02-12 09:15:30.050 [info] > git for-each-ref --format=%(refname)%00%(upstream:short)%00%(objectname)%00%(upstream:track)%00%(upstream:remotename)%00%(upstream:remoteref) refs/heads/main refs/remotes/main [9ms]
2025-02-12 09:15:30.075 [warning] [Git][revParse] Unable to read file: ENOENT: no such file or directory, open '/home/chuck/src/self-hosted-ai-starter-kit/.git/refs/remotes/origin/main'
2025-02-12 09:15:30.077 [info] > git rev-parse refs/remotes/origin/main [1ms]
2025-02-12 09:15:30.124 [info] > git status -z -uall [24ms]
2025-02-12 09:15:30.125 [info] > git for-each-ref --sort -committerdate --format %(refname) %(objectname) %(*objectname) [1ms]
2025-02-12 09:15:41.315 [info] > git config --get commit.template [2ms]
2025-02-12 09:15:41.343 [info] > git for-each-ref --format=%(refname)%00%(upstream:short)%00%(objectname)%00%(upstream:track)%00%(upstream:remotename)%00%(upstream:remoteref) refs/heads/main refs/remotes/main [1ms]
2025-02-12 09:15:41.370 [warning] [Git][revParse] Unable to read file: ENOENT: no such file or directory, open '/home/chuck/src/self-hosted-ai-starter-kit/.git/refs/remotes/origin/main'
2025-02-12 09:15:41.372 [info] > git rev-parse refs/remotes/origin/main [2ms]
2025-02-12 09:15:41.425 [info] > git status -z -uall [27ms]
2025-02-12 09:15:41.426 [info] > git for-each-ref --sort -committerdate --format %(refname) %(objectname) %(*objectname) [1ms]
2025-02-12 09:16:10.790 [info] > git config --get commit.template [18ms]
2025-02-12 09:16:10.791 [info] > git for-each-ref --format=%(refname)%00%(upstream:short)%00%(objectname)%00%(upstream:track)%00%(upstream:remotename)%00%(upstream:remoteref) refs/heads/main refs/remotes/main [1ms]
2025-02-12 09:16:10.809 [warning] [Git][revParse] Unable to read file: ENOENT: no such file or directory, open '/home/chuck/src/self-hosted-ai-starter-kit/.git/refs/remotes/origin/main'
2025-02-12 09:16:10.810 [info] > git rev-parse refs/remotes/origin/main [1ms]
2025-02-12 09:16:10.848 [info] > git status -z -uall [19ms]
2025-02-12 09:16:10.849 [info] > git for-each-ref --sort -committerdate --format %(refname) %(objectname) %(*objectname) [2ms]
2025-02-12 09:16:15.883 [info] > git config --get commit.template [14ms]
2025-02-12 09:16:15.883 [info] > git for-each-ref --format=%(refname)%00%(upstream:short)%00%(objectname)%00%(upstream:track)%00%(upstream:remotename)%00%(upstream:remoteref) refs/heads/main refs/remotes/main [0ms]
2025-02-12 09:16:15.898 [warning] [Git][revParse] Unable to read file: ENOENT: no such file or directory, open '/home/chuck/src/self-hosted-ai-starter-kit/.git/refs/remotes/origin/main'
2025-02-12 09:16:15.898 [info] > git rev-parse refs/remotes/origin/main [0ms]
2025-02-12 09:16:15.927 [info] > git status -z -uall [15ms]
2025-02-12 09:16:15.928 [info] > git for-each-ref --sort -committerdate --format %(refname) %(objectname) %(*objectname) [1ms]
2025-02-12 09:16:20.991 [info] > git config --get commit.template [29ms]
2025-02-12 09:16:20.992 [info] > git for-each-ref --format=%(refname)%00%(upstream:short)%00%(objectname)%00%(upstream:track)%00%(upstream:remotename)%00%(upstream:remoteref) refs/heads/main refs/remotes/main [1ms]
2025-02-12 09:16:21.018 [warning] [Git][revParse] Unable to read file: ENOENT: no such file or directory, open '/home/chuck/src/self-hosted-ai-starter-kit/.git/refs/remotes/origin/main'
2025-02-12 09:16:21.020 [info] > git rev-parse refs/remotes/origin/main [2ms]
2025-02-12 09:16:21.073 [info] > git status -z -uall [27ms]
2025-02-12 09:16:21.074 [info] > git for-each-ref --sort -committerdate --format %(refname) %(objectname) %(*objectname) [1ms]
2025-02-12 09:16:34.942 [info] > git config --get commit.template [26ms]
2025-02-12 09:16:34.943 [info] > git for-each-ref --format=%(refname)%00%(upstream:short)%00%(objectname)%00%(upstream:track)%00%(upstream:remotename)%00%(upstream:remoteref) refs/heads/main refs/remotes/main [2ms]
2025-02-12 09:16:34.968 [warning] [Git][revParse] Unable to read file: ENOENT: no such file or directory, open '/home/chuck/src/self-hosted-ai-starter-kit/.git/refs/remotes/origin/main'
2025-02-12 09:16:34.970 [info] > git rev-parse refs/remotes/origin/main [2ms]
2025-02-12 09:16:35.021 [info] > git status -z -uall [26ms]
2025-02-12 09:16:35.021 [info] > git for-each-ref --sort -committerdate --format %(refname) %(objectname) %(*objectname) [1ms]
2025-02-12 09:18:06.728 [info] > git fetch [203ms]
2025-02-12 09:18:06.767 [info] > git config --get commit.template [2ms]
2025-02-12 09:18:06.802 [info] > git for-each-ref --format=%(refname)%00%(upstream:short)%00%(objectname)%00%(upstream:track)%00%(upstream:remotename)%00%(upstream:remoteref) refs/heads/main refs/remotes/main [2ms]
2025-02-12 09:18:06.848 [warning] [Git][revParse] Unable to read file: ENOENT: no such file or directory, open '/home/chuck/src/self-hosted-ai-starter-kit/.git/refs/remotes/origin/main'
2025-02-12 09:18:06.849 [info] > git rev-parse refs/remotes/origin/main [1ms]
2025-02-12 09:18:06.925 [info] > git status -z -uall [39ms]
2025-02-12 09:18:06.928 [info] > git for-each-ref --sort -committerdate --format %(refname) %(objectname) %(*objectname) [4ms]
2025-02-12 09:18:08.004 [info] > git ls-files --stage -- /home/chuck/src/self-hosted-ai-starter-kit/docker-compose.yml [1ms]
2025-02-12 09:18:08.023 [info] > git cat-file -s 0c38d4229d69fa46e370c8152269a782842eff91 [1ms]
2025-02-12 09:18:08.042 [info] > git show --textconv :docker-compose.yml [2ms]
2025-02-12 09:20:11.172 [info] > git config --get commit.template [18ms]
2025-02-12 09:20:11.173 [info] > git for-each-ref --format=%(refname)%00%(upstream:short)%00%(objectname)%00%(upstream:track)%00%(upstream:remotename)%00%(upstream:remoteref) refs/heads/main refs/remotes/main [1ms]
2025-02-12 09:20:11.187 [warning] [Git][revParse] Unable to read file: ENOENT: no such file or directory, open '/home/chuck/src/self-hosted-ai-starter-kit/.git/refs/remotes/origin/main'
2025-02-12 09:20:11.188 [info] > git rev-parse refs/remotes/origin/main [1ms]
2025-02-12 09:20:11.220 [info] > git status -z -uall [18ms]
2025-02-12 09:20:11.220 [info] > git for-each-ref --sort -committerdate --format %(refname) %(objectname) %(*objectname) [1ms]
2025-02-12 09:20:18.216 [info] > git log --format=%H%n%aN%n%aE%n%at%n%ct%n%P%n%D%n%B -z --shortstat --diff-merges=first-parent -n50 --skip=0 --topo-order --decorate=full --stdin [17ms]
2025-02-12 09:21:11.306 [info] > git fetch [201ms]
2025-02-12 09:21:11.363 [info] > git config --get commit.template [27ms]
2025-02-12 09:21:11.363 [info] > git for-each-ref --format=%(refname)%00%(upstream:short)%00%(objectname)%00%(upstream:track)%00%(upstream:remotename)%00%(upstream:remoteref) refs/heads/main refs/remotes/main [1ms]
2025-02-12 09:21:11.387 [warning] [Git][revParse] Unable to read file: ENOENT: no such file or directory, open '/home/chuck/src/self-hosted-ai-starter-kit/.git/refs/remotes/origin/main'
2025-02-12 09:21:11.388 [info] > git rev-parse refs/remotes/origin/main [1ms]
2025-02-12 09:21:11.445 [info] > git status -z -uall [34ms]
2025-02-12 09:21:11.447 [info] > git for-each-ref --sort -committerdate --format %(refname) %(objectname) %(*objectname) [2ms]
2025-02-12 09:21:12.569 [info] > git ls-files --stage -- /home/chuck/src/self-hosted-ai-starter-kit/docker-compose.yml [1ms]
2025-02-12 09:21:12.586 [info] > git cat-file -s 0c38d4229d69fa46e370c8152269a782842eff91 [1ms]
2025-02-12 09:21:12.604 [info] > git show --textconv :docker-compose.yml [1ms]
2025-02-12 09:28:32.204 [info] > git fetch [175ms]
2025-02-12 09:28:32.254 [info] > git config --get commit.template [27ms]
2025-02-12 09:28:32.255 [info] > git for-each-ref --format=%(refname)%00%(upstream:short)%00%(objectname)%00%(upstream:track)%00%(upstream:remotename)%00%(upstream:remoteref) refs/heads/main refs/remotes/main [2ms]
2025-02-12 09:28:32.276 [warning] [Git][revParse] Unable to read file: ENOENT: no such file or directory, open '/home/chuck/src/self-hosted-ai-starter-kit/.git/refs/remotes/origin/main'
2025-02-12 09:28:32.277 [info] > git rev-parse refs/remotes/origin/main [1ms]
2025-02-12 09:28:32.318 [info] > git status -z -uall [22ms]
2025-02-12 09:28:32.319 [info] > git for-each-ref --sort -committerdate --format %(refname) %(objectname) %(*objectname) [2ms]
2025-02-12 09:28:33.395 [info] > git config --get commit.template [33ms]
2025-02-12 09:28:33.397 [info] > git for-each-ref --format=%(refname)%00%(upstream:short)%00%(objectname)%00%(upstream:track)%00%(upstream:remotename)%00%(upstream:remoteref) refs/heads/main refs/remotes/main [2ms]
2025-02-12 09:28:33.432 [warning] [Git][revParse] Unable to read file: ENOENT: no such file or directory, open '/home/chuck/src/self-hosted-ai-starter-kit/.git/refs/remotes/origin/main'
2025-02-12 09:28:33.433 [info] > git rev-parse refs/remotes/origin/main [1ms]
2025-02-12 09:28:33.485 [info] > git status -z -uall [27ms]
2025-02-12 09:28:33.513 [info] > git for-each-ref --sort -committerdate --format %(refname) %(objectname) %(*objectname) [29ms]
2025-02-12 09:28:33.516 [info] > git ls-files --stage -- /home/chuck/src/self-hosted-ai-starter-kit/docker-compose.yml [4ms]
2025-02-12 09:28:33.542 [info] > git cat-file -s 0c38d4229d69fa46e370c8152269a782842eff91 [1ms]
2025-02-12 09:28:33.567 [info] > git show --textconv :docker-compose.yml [1ms]
2025-02-12 09:28:50.769 [info] > git add -A -- . [16ms]
2025-02-12 09:28:50.803 [info] > git -c user.useConfigOnly=true commit --quiet [3ms]
2025-02-12 09:28:50.803 [info] Author identity unknown

*** Please tell me who you are.

Run

  git config --global user.email "you@example.com"
  git config --global user.name "Your Name"

to set your account's default identity.
Omit --global to set the identity only in this repository.

fatal: no email was given and auto-detection is disabled
2025-02-12 09:28:50.833 [info] > git config --get-all user.name [2ms]
2025-02-12 09:28:50.873 [info] > git config --get commit.template [2ms]
2025-02-12 09:28:50.906 [info] > git for-each-ref --format=%(refname)%00%(upstream:short)%00%(objectname)%00%(upstream:track)%00%(upstream:remotename)%00%(upstream:remoteref) refs/heads/main refs/remotes/main [2ms]
2025-02-12 09:28:50.932 [warning] [Git][revParse] Unable to read file: ENOENT: no such file or directory, open '/home/chuck/src/self-hosted-ai-starter-kit/.git/refs/remotes/origin/main'
2025-02-12 09:28:50.934 [info] > git rev-parse refs/remotes/origin/main [1ms]
2025-02-12 09:28:50.987 [info] > git status -z -uall [28ms]
2025-02-12 09:28:50.989 [info] > git for-each-ref --sort -committerdate --format %(refname) %(objectname) %(*objectname) [4ms]
2025-02-12 09:28:51.394 [info] > git show --textconv HEAD:docker-compose.yml [27ms]
2025-02-12 09:28:51.395 [info] > git ls-tree -l HEAD -- /home/chuck/src/self-hosted-ai-starter-kit/docker-compose.yml [2ms]
2025-02-12 09:28:54.130 [info] > git ls-files --stage -- /home/chuck/src/self-hosted-ai-starter-kit/docker-compose.yml [20ms]
2025-02-12 09:28:54.150 [info] > git ls-tree -l HEAD -- /home/chuck/src/self-hosted-ai-starter-kit/docker-compose.yml [21ms]
2025-02-12 09:28:54.151 [info] > git cat-file -s 7de56e7f46848bf1804958c0adf55ab536f58c9c [2ms]
2025-02-12 09:28:54.188 [info] > git show --textconv HEAD:docker-compose.yml [18ms]
2025-02-12 09:28:54.189 [info] > git show --textconv :docker-compose.yml [1ms]
2025-02-12 09:28:54.212 [info] > git show --textconv :docker-compose.yml [1ms]
2025-02-12 09:35:40.272 [info] > git fetch [194ms]
2025-02-12 09:35:40.305 [info] > git config --get commit.template [1ms]
2025-02-12 09:35:40.331 [info] > git for-each-ref --format=%(refname)%00%(upstream:short)%00%(objectname)%00%(upstream:track)%00%(upstream:remotename)%00%(upstream:remoteref) refs/heads/main refs/remotes/main [1ms]
2025-02-12 09:35:40.355 [warning] [Git][revParse] Unable to read file: ENOENT: no such file or directory, open '/home/chuck/src/self-hosted-ai-starter-kit/.git/refs/remotes/origin/main'
2025-02-12 09:35:40.356 [info] > git rev-parse refs/remotes/origin/main [1ms]
2025-02-12 09:35:40.393 [info] > git status -z -uall [18ms]
2025-02-12 09:35:40.394 [info] > git for-each-ref --sort -committerdate --format %(refname) %(objectname) %(*objectname) [1ms]
2025-02-12 09:35:41.539 [info] > git ls-files --stage -- /home/chuck/src/self-hosted-ai-starter-kit/docker-compose.yml [23ms]
2025-02-12 09:35:41.558 [info] > git ls-tree -l HEAD -- /home/chuck/src/self-hosted-ai-starter-kit/docker-compose.yml [18ms]
2025-02-12 09:35:41.558 [info] > git cat-file -s 7de56e7f46848bf1804958c0adf55ab536f58c9c [1ms]
2025-02-12 09:35:41.593 [info] > git show --textconv HEAD:docker-compose.yml [17ms]
2025-02-12 09:35:41.594 [info] > git show --textconv :docker-compose.yml [1ms]
2025-02-12 09:35:48.047 [info] > git show --textconv :.git/COMMIT_EDITMSG [51ms]
2025-02-12 09:35:48.077 [info] > git ls-files --stage -- /home/chuck/src/self-hosted-ai-starter-kit/.git/COMMIT_EDITMSG [55ms]
2025-02-12 09:35:48.103 [info] > git hash-object -t tree /dev/null [2ms]
2025-02-12 09:35:48.103 [warning] [GitFileSystemProvider][stat] File not found - git:/home/chuck/src/self-hosted-ai-starter-kit/.git/COMMIT_EDITMSG.git?%7B%22path%22%3A%22%2Fhome%2Fchuck%2Fsrc%2Fself-hosted-ai-starter-kit%2F.git%2FCOMMIT_EDITMSG%22%2C%22ref%22%3A%22%22%7D
2025-02-12 09:35:48.110 [info] > git hash-object -t tree /dev/null [35ms]
2025-02-12 09:35:48.110 [warning] [GitFileSystemProvider][readFile] File not found - git:/home/chuck/src/self-hosted-ai-starter-kit/.git/COMMIT_EDITMSG.git?%7B%22path%22%3A%22%2Fhome%2Fchuck%2Fsrc%2Fself-hosted-ai-starter-kit%2F.git%2FCOMMIT_EDITMSG%22%2C%22ref%22%3A%22%22%7D
2025-02-12 09:35:48.343 [info] > git check-ignore -v -z --stdin [1ms]
2025-02-12 09:36:58.405 [info] > git show --textconv HEAD:.env [66ms]
2025-02-12 09:36:58.405 [info] > git show --textconv :.env [43ms]
2025-02-12 09:36:58.405 [info] > git ls-files --stage -- /home/chuck/src/self-hosted-ai-starter-kit/.env [3ms]
2025-02-12 09:36:58.422 [info] > git ls-tree -l HEAD -- /home/chuck/src/self-hosted-ai-starter-kit/.env [37ms]
2025-02-12 09:36:58.423 [info] > git cat-file -s eb60614682f85e08f106c758e1126b953012c162 [2ms]
2025-02-12 09:36:58.943 [info] > git ls-files --stage -- /home/chuck/src/self-hosted-ai-starter-kit/.env [24ms]
2025-02-12 09:36:58.990 [info] > git check-ignore -v -z --stdin [1ms]
2025-02-12 09:36:58.991 [info] > git cat-file -s eb60614682f85e08f106c758e1126b953012c162 [24ms]
2025-02-12 09:36:58.991 [info] > git ls-tree -l HEAD -- /home/chuck/src/self-hosted-ai-starter-kit/.env [49ms]
2025-02-12 09:51:53.953 [info] > git ls-tree -l HEAD -- /home/chuck/src/self-hosted-ai-starter-kit/.env [26ms]
2025-02-12 09:51:53.954 [info] > git ls-files --stage -- /home/chuck/src/self-hosted-ai-starter-kit/.env [2ms]
2025-02-12 09:51:53.977 [info] > git cat-file -s eb60614682f85e08f106c758e1126b953012c162 [2ms]
2025-02-12 09:55:28.571 [info] > git ls-tree -l HEAD -- /home/chuck/src/self-hosted-ai-starter-kit/.env [35ms]
2025-02-12 09:55:28.572 [info] > git ls-files --stage -- /home/chuck/src/self-hosted-ai-starter-kit/.env [2ms]
2025-02-12 09:55:28.598 [info] > git cat-file -s eb60614682f85e08f106c758e1126b953012c162 [1ms]
2025-02-12 09:56:26.086 [info] > git ls-tree -l HEAD -- /home/chuck/src/self-hosted-ai-starter-kit/.env [27ms]
2025-02-12 09:56:26.087 [info] > git ls-files --stage -- /home/chuck/src/self-hosted-ai-starter-kit/.env [1ms]
2025-02-12 09:56:26.112 [info] > git cat-file -s eb60614682f85e08f106c758e1126b953012c162 [1ms]
2025-02-12 09:59:44.441 [info] > git ls-tree -l HEAD -- /home/chuck/src/self-hosted-ai-starter-kit/.env [48ms]
2025-02-12 09:59:44.445 [info] > git ls-files --stage -- /home/chuck/src/self-hosted-ai-starter-kit/.env [5ms]
2025-02-12 09:59:44.484 [info] > git cat-file -s eb60614682f85e08f106c758e1126b953012c162 [3ms]
2025-02-12 10:01:24.534 [info] > git ls-tree -l HEAD -- /home/chuck/src/self-hosted-ai-starter-kit/.env [32ms]
2025-02-12 10:01:24.536 [info] > git ls-files --stage -- /home/chuck/src/self-hosted-ai-starter-kit/.env [2ms]
2025-02-12 10:01:24.563 [info] > git cat-file -s eb60614682f85e08f106c758e1126b953012c162 [1ms]
2025-02-12 10:01:42.389 [info] > git log --format=%H%n%aN%n%aE%n%at%n%ct%n%P%n%D%n%B -z --shortstat --diff-merges=first-parent -n50 --skip=0 --topo-order --decorate=full --stdin [19ms]
2025-02-12 10:02:17.979 [info] > git ls-tree -l HEAD -- /home/chuck/src/self-hosted-ai-starter-kit/.env [32ms]
2025-02-12 10:02:17.983 [info] > git ls-files --stage -- /home/chuck/src/self-hosted-ai-starter-kit/.env [6ms]
2025-02-12 10:02:18.019 [info] > git cat-file -s eb60614682f85e08f106c758e1126b953012c162 [1ms]
2025-02-12 10:02:21.841 [info] > git ls-tree -l HEAD -- /home/chuck/src/self-hosted-ai-starter-kit/.env [41ms]
2025-02-12 10:02:21.842 [info] > git ls-files --stage -- /home/chuck/src/self-hosted-ai-starter-kit/.env [1ms]
2025-02-12 10:02:21.871 [info] > git cat-file -s eb60614682f85e08f106c758e1126b953012c162 [3ms]
2025-02-12 10:02:22.905 [info] > git ls-tree -l HEAD -- /home/chuck/src/self-hosted-ai-starter-kit/.env [34ms]
2025-02-12 10:02:22.907 [info] > git ls-files --stage -- /home/chuck/src/self-hosted-ai-starter-kit/.env [3ms]
2025-02-12 10:02:22.930 [info] > git cat-file -s eb60614682f85e08f106c758e1126b953012c162 [1ms]
2025-02-12 10:04:39.909 [info] > git ls-tree -l HEAD -- /home/chuck/src/self-hosted-ai-starter-kit/.env [36ms]
2025-02-12 10:04:39.912 [info] > git ls-files --stage -- /home/chuck/src/self-hosted-ai-starter-kit/.env [3ms]
2025-02-12 10:04:39.949 [info] > git cat-file -s eb60614682f85e08f106c758e1126b953012c162 [1ms]
2025-02-12 10:05:48.045 [info] > git ls-tree -l HEAD -- /home/chuck/src/self-hosted-ai-starter-kit/.env [35ms]
2025-02-12 10:05:48.047 [info] > git ls-files --stage -- /home/chuck/src/self-hosted-ai-starter-kit/.env [3ms]
2025-02-12 10:05:48.080 [info] > git cat-file -s eb60614682f85e08f106c758e1126b953012c162 [4ms]
2025-02-12 10:06:10.346 [info] > git log --format=%H%n%aN%n%aE%n%at%n%ct%n%P%n%D%n%B -z --shortstat --diff-merges=first-parent -n50 --skip=0 --topo-order --decorate=full --stdin [25ms]
2025-02-12 10:06:36.922 [info] > git ls-tree -l HEAD -- /home/chuck/src/self-hosted-ai-starter-kit/.env [56ms]
2025-02-12 10:06:36.926 [info] > git ls-files --stage -- /home/chuck/src/self-hosted-ai-starter-kit/.env [5ms]
2025-02-12 10:06:36.957 [info] > git cat-file -s eb60614682f85e08f106c758e1126b953012c162 [1ms]
2025-02-12 10:06:37.478 [info] > git ls-tree -l HEAD -- /home/chuck/src/self-hosted-ai-starter-kit/.env [42ms]
2025-02-12 10:06:37.478 [info] > git ls-files --stage -- /home/chuck/src/self-hosted-ai-starter-kit/.env [1ms]
2025-02-12 10:06:37.513 [info] > git cat-file -s eb60614682f85e08f106c758e1126b953012c162 [1ms]
