2025-02-14 07:24:22.687 [warning] /home/chuck/.ssh/config: ENOENT: no such file or directory, open '/home/chuck/.ssh/config'
2025-02-14 07:24:22.687 [info] Activation> Extension version: 0.104.0
2025-02-14 07:24:24.449 [info] Looking for git repository
2025-02-14 07:24:24.449 [info] Found 0 repositories during activation
2025-02-14 07:24:24.449 [info] Git repository found, initializing review manager and pr tree view.
2025-02-14 07:24:24.453 [info] Registering git provider
2025-02-14 07:24:24.453 [info] Review+0> Validate state in progress
2025-02-14 07:24:24.453 [info] Review+0> Validating state...
2025-02-14 07:24:24.583 [info] Found GitHub remote for folder /home/chuck/src/self-hosted-ai-starter-kit
2025-02-14 07:24:24.776 [info] Repo state for file:///home/chuck/src/self-hosted-ai-starter-kit changed.
2025-02-14 07:24:24.776 [info] Repo file:///home/chuck/src/self-hosted-ai-starter-kit has already been setup.
2025-02-14 07:24:24.966 [info] FolderRepositoryManager+0> Trying to use globalState for assignableUsers.
2025-02-14 07:24:25.098 [info] Review+0> No matching pull request metadata found locally for current branch main
2025-02-14 07:24:25.154 [info] FolderRepositoryManager+0> Using globalState assignableUsers for 2.
2025-02-14 07:24:26.102 [info] Review+0> No matching pull request metadata found on GitHub for current branch main
2025-02-14 07:25:59.246 [warning] /home/chuck/.ssh/config: ENOENT: no such file or directory, open '/home/chuck/.ssh/config'
2025-02-14 07:25:59.246 [info] Activation> Extension version: 0.104.1
2025-02-14 07:26:00.904 [info] Looking for git repository
2025-02-14 07:26:00.904 [info] Found 0 repositories during activation
2025-02-14 07:26:00.904 [info] Git repository found, initializing review manager and pr tree view.
2025-02-14 07:26:00.908 [info] Registering git provider
2025-02-14 07:26:00.908 [info] Review+0> Validate state in progress
2025-02-14 07:26:00.908 [info] Review+0> Validating state...
2025-02-14 07:26:00.983 [info] Found GitHub remote for folder /home/chuck/src/self-hosted-ai-starter-kit
2025-02-14 07:26:01.182 [info] Repo state for file:///home/chuck/src/self-hosted-ai-starter-kit changed.
2025-02-14 07:26:01.182 [info] Repo file:///home/chuck/src/self-hosted-ai-starter-kit has already been setup.
2025-02-14 07:26:01.412 [info] FolderRepositoryManager+0> Trying to use globalState for assignableUsers.
2025-02-14 07:26:01.513 [info] Review+0> No matching pull request metadata found locally for current branch main
2025-02-14 07:26:01.562 [info] FolderRepositoryManager+0> Using globalState assignableUsers for 2.
2025-02-14 07:26:02.456 [info] Review+0> No matching pull request metadata found on GitHub for current branch main
