Initializing document watcher...
Document watcher initialized
self-hosted-ai-starter-kit/.env: {}
extension-output-foxundermoon.shell-format-#1-shellformat: {}
self-hosted-ai-starter-kit/docker-compose.yml: {}
self-hosted-ai-starter-kit/docker-compose.yml: Using EditorConfig core...
self-hosted-ai-starter-kit/docker-compose.yml: {}
self-hosted-ai-starter-kit/docker-compose.yml: {}
self-hosted-ai-starter-kit/.env: {}
self-hosted-ai-starter-kit/.env: Using EditorConfig core...
self-hosted-ai-starter-kit/.env: Using EditorConfig core...
self-hosted-ai-starter-kit/.env: Using EditorConfig core...
self-hosted-ai-starter-kit/.env: Using EditorConfig core...
self-hosted-ai-starter-kit/.env: Using EditorConfig core...
self-hosted-ai-starter-kit/.env: Using EditorConfig core...
self-hosted-ai-starter-kit/.env: Using EditorConfig core...
self-hosted-ai-starter-kit/.env: {}
self-hosted-ai-starter-kit/.env: Using EditorConfig core...
self-hosted-ai-starter-kit/.env: {}
self-hosted-ai-starter-kit/docker-compose.yml: {}
self-hosted-ai-starter-kit/docker-compose.yml: {}
self-hosted-ai-starter-kit/docker-compose.yml: {}
self-hosted-ai-starter-kit/docker-compose.yml: Using EditorConfig core...
self-hosted-ai-starter-kit/docker-compose.yml: Using EditorConfig core...
self-hosted-ai-starter-kit/docker-compose.yml: Using EditorConfig core...
self-hosted-ai-starter-kit/docker-compose.yml: Using EditorConfig core...
self-hosted-ai-starter-kit/docker-compose.yml: Using EditorConfig core...
self-hosted-ai-starter-kit/docker-compose.yml: Using EditorConfig core...
self-hosted-ai-starter-kit/docker-compose.yml: Using EditorConfig core...
self-hosted-ai-starter-kit/docker-compose.yml: Using EditorConfig core...
self-hosted-ai-starter-kit/docker-compose.yml: Using EditorConfig core...
self-hosted-ai-starter-kit/docker-compose.yml: Using EditorConfig core...
self-hosted-ai-starter-kit/docker-compose.yml: Using EditorConfig core...
self-hosted-ai-starter-kit/docker-compose.yml: Using EditorConfig core...
self-hosted-ai-starter-kit/docker-compose.yml: Using EditorConfig core...
self-hosted-ai-starter-kit/docker-compose.yml: Using EditorConfig core...
self-hosted-ai-starter-kit/docker-compose.yml: {}
self-hosted-ai-starter-kit/docker-compose.yml: Using EditorConfig core...
self-hosted-ai-starter-kit/docker-compose.yml: {}
self-hosted-ai-starter-kit/docker-compose.yml: {}
self-hosted-ai-starter-kit/docker-compose.yml: {}
self-hosted-ai-starter-kit/docker-compose.yml: {}
self-hosted-ai-starter-kit/docker-compose.yml: {}
self-hosted-ai-starter-kit/docker-compose.yml: {}
self-hosted-ai-starter-kit/docker-compose.yml: Using EditorConfig core...
self-hosted-ai-starter-kit/docker-compose.yml: Using EditorConfig core...
self-hosted-ai-starter-kit/docker-compose.yml: Using EditorConfig core...
self-hosted-ai-starter-kit/docker-compose.yml: Using EditorConfig core...
self-hosted-ai-starter-kit/docker-compose.yml: Using EditorConfig core...
self-hosted-ai-starter-kit/docker-compose.yml: Using EditorConfig core...
self-hosted-ai-starter-kit/docker-compose.yml: Using EditorConfig core...
self-hosted-ai-starter-kit/docker-compose.yml: Using EditorConfig core...
self-hosted-ai-starter-kit/docker-compose.yml: {}
self-hosted-ai-starter-kit/docker-compose.yml: {}
self-hosted-ai-starter-kit/docker-compose.yml: Using EditorConfig core...
self-hosted-ai-starter-kit/docker-compose.yml: Using EditorConfig core...
self-hosted-ai-starter-kit/docker-compose.yml: Using EditorConfig core...
self-hosted-ai-starter-kit/docker-compose.yml: Using EditorConfig core...
self-hosted-ai-starter-kit/docker-compose.yml: Using EditorConfig core...
self-hosted-ai-starter-kit/docker-compose.yml: Using EditorConfig core...
self-hosted-ai-starter-kit/docker-compose.yml: Using EditorConfig core...
self-hosted-ai-starter-kit/docker-compose.yml: Using EditorConfig core...
self-hosted-ai-starter-kit/docker-compose.yml: Using EditorConfig core...
self-hosted-ai-starter-kit/docker-compose.yml: Using EditorConfig core...
self-hosted-ai-starter-kit/docker-compose.yml: Using EditorConfig core...
self-hosted-ai-starter-kit/docker-compose.yml: Using EditorConfig core...
self-hosted-ai-starter-kit/docker-compose.yml: {}
self-hosted-ai-starter-kit/docker-compose.yml: {}
self-hosted-ai-starter-kit/docker-compose.yml: Using EditorConfig core...
self-hosted-ai-starter-kit/docker-compose.yml: Using EditorConfig core...
self-hosted-ai-starter-kit/docker-compose.yml: {}
self-hosted-ai-starter-kit/docker-compose.yml: Using EditorConfig core...
self-hosted-ai-starter-kit/docker-compose.yml: Using EditorConfig core...
self-hosted-ai-starter-kit/docker-compose.yml: Using EditorConfig core...
self-hosted-ai-starter-kit/docker-compose.yml: Using EditorConfig core...
self-hosted-ai-starter-kit/docker-compose.yml: {}
self-hosted-ai-starter-kit/docker-compose.yml: {}
self-hosted-ai-starter-kit/docker-compose.yml: {}
self-hosted-ai-starter-kit/docker-compose.yml: {}
self-hosted-ai-starter-kit/docker-compose.yml: Using EditorConfig core...
self-hosted-ai-starter-kit/docker-compose.yml: {}
self-hosted-ai-starter-kit/docker-compose.yml: {}
self-hosted-ai-starter-kit/docker-compose.yml: {}
self-hosted-ai-starter-kit/docker-compose.yml: {}
self-hosted-ai-starter-kit/docker-compose.yml: {}
self-hosted-ai-starter-kit/docker-compose.yml: {}
self-hosted-ai-starter-kit/docker-compose.yml: {}
self-hosted-ai-starter-kit/docker-compose.yml: {}
self-hosted-ai-starter-kit/docker-compose.yml: {}
self-hosted-ai-starter-kit/docker-compose.yml: {}
self-hosted-ai-starter-kit/docker-compose.yml: {}
self-hosted-ai-starter-kit/.git/COMMIT_EDITMSG: {}
self-hosted-ai-starter-kit/.git/COMMIT_EDITMSG: {}
/home/chuck/src/self-hosted-ai-starter-kit/.env: {}
/home/chuck/src/self-hosted-ai-starter-kit/.env: {}
/home/chuck/src/self-hosted-ai-starter-kit/.env: {}
/home/chuck/src/self-hosted-ai-starter-kit/.env: {}
/home/chuck/src/self-hosted-ai-starter-kit/.env: {}
/home/chuck/src/self-hosted-ai-starter-kit/.env: {}
/home/chuck/src/self-hosted-ai-starter-kit/.env: {}
/home/chuck/src/self-hosted-ai-starter-kit/.env: {}
/home/chuck/src/self-hosted-ai-starter-kit/.env: {}
/home/chuck/src/self-hosted-ai-starter-kit/.env: {}
/home/chuck/src/self-hosted-ai-starter-kit/.env: {}
/home/chuck/src/self-hosted-ai-starter-kit/.env: {}
/home/chuck/src/self-hosted-ai-starter-kit/.env: {}
vscode.git.Git: {}
vscode.git.Git: {}
vscode.git.Git: {}
vscode.git.Git: {}
vscode.git.Git: {}
vscode.git.Git: {}
vscode.git.Git: {}
vscode.git.Git: {}
vscode.git.Git: {}
