[Info  - 9:02:00 AM] [language-server] Registering module | module: "auto-fix"
[Info  - 9:02:00 AM] [language-server] Module registered | module: "auto-fix"
[Info  - 9:02:00 AM] [language-server] Registering module | module: "code-action"
[Info  - 9:02:01 AM] [language-server] Module registered | module: "code-action"
[Info  - 9:02:01 AM] [language-server] Registering module | module: "completion"
[Info  - 9:02:01 AM] [language-server] Module registered | module: "completion"
[Info  - 9:02:02 AM] [language-server] Registering module | module: "formatter"
[Info  - 9:02:02 AM] [language-server] Module registered | module: "formatter"
[Info  - 9:02:02 AM] [language-server] Registering module | module: "old-stylelint-warning"
[Info  - 9:02:02 AM] [language-server] Module registered | module: "old-stylelint-warning"
[Info  - 9:02:02 AM] [language-server] Registering module | module: "validator"
[Info  - 9:02:02 AM] [language-server] Module registered | module: "validator"
[Info  - 9:02:02 AM] [language-server] Starting language server
[Info  - 9:02:02 AM] [language-server] Registering handlers
[Info  - 9:02:02 AM] [language-server] Handlers registered
[Info  - 9:02:02 AM] [language-server] Language server started
[Warn  - 9:02:23 AM] [language-server] Failed to resolve global node_modules path. | packageManager: "npm" error: {"errno":-2,"code":"ENOENT","syscall":"spawn npm","path":"npm","spawnargs":["config","get","prefix"],"name":"Error","message":"spawn npm ENOENT","stack":"Error: spawn npm ENOENT\n    at ChildProcess._handle.onexit (node:internal/child_process:285:19)\n    at onErrorNT (node:internal/child_process:483:16)\n    at processTicksAndRejections (node:internal/process/task_queues:82:21)\n    at runNextTicks (node:internal/process/task_queues:64:3)\n    at process.processImmediate (node:internal/timers:454:9)"}
[Warn  - 9:02:24 AM] [language-server] Could not load Stylelint from node_modules | error: {"name":"Error","message":"Failed to resolve module: stylelint","stack":"Error: Failed to resolve module: stylelint\n    at ChildProcess.<anonymous> (/home/chuck/.vscode/extensions/stylelint.vscode-stylelint-1.4.0/dist/start-server.js:35:80651)\n    at ChildProcess.emit (node:events:518:28)\n    at emit (node:internal/child_process:950:14)\n    at process.processTicksAndRejections (node:internal/process/task_queues:83:21)"}
[Warn  - 9:02:24 AM] [language-server] Failed to load Stylelint either globally or from the current workspace.
[Warn  - 9:02:24 AM] [language-server] Failed to resolve Stylelint | uri: "file:///home/chuck/src/self-hosted-ai-starter-kit/.env"
[Info  - 10:24:55 AM] [language-server] Stopping language server
