shfmt hasn't downloaded yet!Error: ENOENT: no such file or directory, stat '/home/chuck/.vscode/extensions/foxundermoon.shell-format-7.2.5/bin/shfmt_v3.6.0_linux_amd64'
Shfmt will be downloaded automatically!
download url: https://github.com/mvdan/sh/releases/download/v3.6.0/shfmt_v3.6.0_linux_amd64
download to: /home/chuck/.vscode/extensions/foxundermoon.shell-format-7.2.5/bin/shfmt_v3.6.0_linux_amd64
If the download fails, you can manually download it to the dest directory.
Or download to another directory, and then set the "shellformat.path" as the path
download shfmt page: https://github.com/mvdan/sh/releases
You can't use this plugin until the download is successful.
downloaded:[0.05%]
downloaded:[0.10%]
downloaded:[0.15%]
downloaded:[0.19%]
downloaded:[0.24%]
downloaded:[0.29%]
downloaded:[0.34%]
downloaded:[0.39%]
downloaded:[0.44%]
downloaded:[0.48%]
downloaded:[0.51%]
downloaded:[0.56%]
downloaded:[0.61%]
downloaded:[0.66%]
downloaded:[0.71%]
downloaded:[0.75%]
downloaded:[0.80%]
downloaded:[0.85%]
downloaded:[0.90%]
downloaded:[0.95%]
downloaded:[1.00%]
downloaded:[1.04%]
downloaded:[1.09%]
downloaded:[1.13%]
downloaded:[1.18%]
downloaded:[1.23%]
downloaded:[1.28%]
downloaded:[1.33%]
downloaded:[1.38%]
downloaded:[1.42%]
downloaded:[1.47%]
downloaded:[1.52%]
downloaded:[1.57%]
downloaded:[1.62%]
downloaded:[1.66%]
downloaded:[1.71%]
downloaded:[1.76%]
downloaded:[1.81%]
downloaded:[1.85%]
downloaded:[1.90%]
downloaded:[1.95%]
downloaded:[2.00%]
downloaded:[2.05%]
downloaded:[2.10%]
downloaded:[2.14%]
downloaded:[2.19%]
downloaded:[2.24%]
downloaded:[2.67%]
downloaded:[3.24%]
downloaded:[3.82%]
downloaded:[4.39%]
downloaded:[4.97%]
downloaded:[5.54%]
downloaded:[6.12%]
downloaded:[6.69%]
downloaded:[7.27%]
downloaded:[7.84%]
downloaded:[8.42%]
downloaded:[8.99%]
downloaded:[9.57%]
downloaded:[10.14%]
downloaded:[10.71%]
downloaded:[11.29%]
downloaded:[11.86%]
downloaded:[12.44%]
downloaded:[13.01%]
downloaded:[13.59%]
downloaded:[14.16%]
downloaded:[14.74%]
downloaded:[15.31%]
downloaded:[15.89%]
downloaded:[16.46%]
downloaded:[17.04%]
downloaded:[17.61%]
downloaded:[18.19%]
downloaded:[18.76%]
downloaded:[19.34%]
downloaded:[19.91%]
downloaded:[20.48%]
downloaded:[21.06%]
downloaded:[21.63%]
downloaded:[22.21%]
downloaded:[22.78%]
downloaded:[23.36%]
downloaded:[23.93%]
downloaded:[24.51%]
downloaded:[25.08%]
downloaded:[25.66%]
downloaded:[26.23%]
downloaded:[26.81%]
downloaded:[27.38%]
downloaded:[27.82%]
downloaded:[28.40%]
downloaded:[28.97%]
downloaded:[29.55%]
downloaded:[30.12%]
downloaded:[30.69%]
downloaded:[31.27%]
downloaded:[31.84%]
downloaded:[32.42%]
downloaded:[32.99%]
downloaded:[33.57%]
downloaded:[34.14%]
downloaded:[34.72%]
downloaded:[35.29%]
downloaded:[35.87%]
downloaded:[36.44%]
downloaded:[36.79%]
downloaded:[37.37%]
downloaded:[37.94%]
downloaded:[38.52%]
downloaded:[39.09%]
downloaded:[39.67%]
downloaded:[40.24%]
downloaded:[40.82%]
downloaded:[41.39%]
downloaded:[41.97%]
downloaded:[42.54%]
downloaded:[43.12%]
downloaded:[43.69%]
downloaded:[44.27%]
downloaded:[44.84%]
downloaded:[45.42%]
downloaded:[45.99%]
downloaded:[46.56%]
downloaded:[47.14%]
downloaded:[47.71%]
downloaded:[48.29%]
downloaded:[48.86%]
downloaded:[49.44%]
downloaded:[50.01%]
downloaded:[50.59%]
downloaded:[51.16%]
downloaded:[51.74%]
downloaded:[52.31%]
downloaded:[52.89%]
downloaded:[53.46%]
downloaded:[54.04%]
downloaded:[54.61%]
downloaded:[55.19%]
downloaded:[55.76%]
downloaded:[56.33%]
downloaded:[56.91%]
downloaded:[57.30%]
downloaded:[57.88%]
downloaded:[58.45%]
downloaded:[59.03%]
downloaded:[59.60%]
downloaded:[60.18%]
downloaded:[60.75%]
downloaded:[61.33%]
downloaded:[61.90%]
downloaded:[62.48%]
downloaded:[63.05%]
downloaded:[63.63%]
downloaded:[64.20%]
downloaded:[64.78%]
downloaded:[65.35%]
downloaded:[65.93%]
downloaded:[66.50%]
downloaded:[67.07%]
downloaded:[67.65%]
downloaded:[68.22%]
downloaded:[68.80%]
downloaded:[69.37%]
downloaded:[69.95%]
downloaded:[70.52%]
downloaded:[71.10%]
downloaded:[71.67%]
downloaded:[72.25%]
downloaded:[72.82%]
downloaded:[73.40%]
downloaded:[73.97%]
downloaded:[74.55%]
downloaded:[75.12%]
downloaded:[75.70%]
downloaded:[76.27%]
downloaded:[76.84%]
downloaded:[77.42%]
downloaded:[77.99%]
downloaded:[78.57%]
downloaded:[79.14%]
downloaded:[79.72%]
downloaded:[80.29%]
downloaded:[80.87%]
downloaded:[81.44%]
downloaded:[82.02%]
downloaded:[82.59%]
downloaded:[83.17%]
downloaded:[83.74%]
downloaded:[84.32%]
downloaded:[84.89%]
downloaded:[85.47%]
downloaded:[86.04%]
downloaded:[86.61%]
downloaded:[87.19%]
downloaded:[87.76%]
downloaded:[88.34%]
downloaded:[88.91%]
downloaded:[89.49%]
downloaded:[90.06%]
downloaded:[90.64%]
downloaded:[91.21%]
downloaded:[91.51%]
downloaded:[92.08%]
downloaded:[92.66%]
downloaded:[93.23%]
downloaded:[93.81%]
downloaded:[94.38%]
downloaded:[94.96%]
downloaded:[95.53%]
downloaded:[96.11%]
downloaded:[96.68%]
downloaded:[97.26%]
downloaded:[97.83%]
downloaded:[98.41%]
downloaded:[98.98%]
downloaded:[99.56%]
downloaded:[100.00%]
download success, You can use it successfully!
Start or issues can be submitted here https://git.io/shfmt
