2025-02-12 09:01:45.961 [info] [AutoSync] Using settings sync service https://vscode-sync.trafficmanager.net/
2025-02-12 09:01:45.961 [info] [AutoSync] Enabled.
2025-02-12 09:01:45.961 [info] [AutoSync] Suspended until auth token is available.
2025-02-12 09:01:46.826 [info] [AutoSync] Triggered by Interval
2025-02-12 09:01:46.826 [info] Sync started.
2025-02-12 09:01:47.341 [info] Settings: No changes found during synchronizing settings.
2025-02-12 09:01:47.359 [info] Keybindings: No changes found during synchronizing keybindings.
2025-02-12 09:01:47.363 [info] Snippets: No changes found during synchronizing snippets.
2025-02-12 09:01:47.365 [info] Tasks: No changes found during synchronizing tasks.
2025-02-12 09:01:47.511 [info] GlobalState: Updated remote ui state. Updated: workbench.activity.pinnedViewlets2.
2025-02-12 09:01:47.516 [info] GlobalState: Updated last synchronized ui state
2025-02-12 09:01:47.576 [info] Extensions: No changes found during synchronizing extensions.
2025-02-12 09:01:47.578 [info] Profiles: No changes found during synchronizing profiles.
2025-02-12 09:01:47.579 [info] Sync done. Took 755ms
2025-02-12 09:01:58.283 [info] [AutoSync] Triggered by Activity
2025-02-12 09:01:58.283 [info] Sync started.
2025-02-12 09:01:58.332 [info] Settings: No changes found during synchronizing settings.
2025-02-12 09:01:58.334 [info] Keybindings: No changes found during synchronizing keybindings.
2025-02-12 09:01:58.335 [info] Snippets: No changes found during synchronizing snippets.
2025-02-12 09:01:58.336 [info] Tasks: No changes found during synchronizing tasks.
2025-02-12 09:01:58.473 [info] GlobalState: Updated remote ui state. Updated: workbench.activity.pinnedViewlets2.
2025-02-12 09:01:58.479 [info] GlobalState: Updated last synchronized ui state
2025-02-12 09:01:58.531 [info] Extensions: No changes found during synchronizing extensions.
2025-02-12 09:01:58.533 [info] Profiles: No changes found during synchronizing profiles.
2025-02-12 09:01:58.533 [info] Sync done. Took 251ms
2025-02-12 09:04:09.441 [info] [AutoSync] Triggered by Activity
2025-02-12 09:04:09.442 [info] Sync started.
2025-02-12 09:04:09.505 [info] Settings: No changes found during synchronizing settings.
2025-02-12 09:04:09.510 [info] Keybindings: No changes found during synchronizing keybindings.
2025-02-12 09:04:09.512 [info] Snippets: No changes found during synchronizing snippets.
2025-02-12 09:04:09.515 [info] Tasks: No changes found during synchronizing tasks.
2025-02-12 09:04:09.519 [info] GlobalState: No changes found during synchronizing ui state.
2025-02-12 09:04:09.627 [info] Extensions: No changes found during synchronizing extensions.
2025-02-12 09:04:09.628 [info] Profiles: No changes found during synchronizing profiles.
2025-02-12 09:04:09.629 [info] Sync done. Took 192ms
2025-02-12 09:06:33.828 [info] [AutoSync] Triggered by Activity
2025-02-12 09:06:33.829 [info] Sync started.
2025-02-12 09:06:34.050 [info] Settings: No changes found during synchronizing settings.
2025-02-12 09:06:34.055 [info] Keybindings: No changes found during synchronizing keybindings.
2025-02-12 09:06:34.058 [info] Snippets: No changes found during synchronizing snippets.
2025-02-12 09:06:34.061 [info] Tasks: No changes found during synchronizing tasks.
2025-02-12 09:06:34.067 [info] GlobalState: No changes found during synchronizing ui state.
2025-02-12 09:06:34.172 [info] Extensions: No changes found during synchronizing extensions.
2025-02-12 09:06:34.175 [info] Profiles: No changes found during synchronizing profiles.
2025-02-12 09:06:34.177 [info] Sync done. Took 351ms
2025-02-12 09:07:37.498 [info] [AutoSync] Triggered by Activity
2025-02-12 09:07:37.499 [info] Sync started.
2025-02-12 09:07:37.599 [info] Settings: No changes found during synchronizing settings.
2025-02-12 09:07:37.601 [info] Keybindings: No changes found during synchronizing keybindings.
2025-02-12 09:07:37.603 [info] Snippets: No changes found during synchronizing snippets.
2025-02-12 09:07:37.604 [info] Tasks: No changes found during synchronizing tasks.
2025-02-12 09:07:37.608 [info] GlobalState: No changes found during synchronizing ui state.
2025-02-12 09:07:37.704 [info] Extensions: No changes found during synchronizing extensions.
2025-02-12 09:07:37.705 [info] Profiles: No changes found during synchronizing profiles.
2025-02-12 09:07:37.706 [info] Sync done. Took 211ms
2025-02-12 09:07:51.760 [info] [AutoSync] Triggered by Activity
2025-02-12 09:07:51.760 [info] Sync started.
2025-02-12 09:07:51.810 [info] Settings: No changes found during synchronizing settings.
2025-02-12 09:07:51.812 [info] Keybindings: No changes found during synchronizing keybindings.
2025-02-12 09:07:51.814 [info] Snippets: No changes found during synchronizing snippets.
2025-02-12 09:07:51.815 [info] Tasks: No changes found during synchronizing tasks.
2025-02-12 09:07:51.819 [info] GlobalState: No changes found during synchronizing ui state.
2025-02-12 09:07:51.886 [info] Extensions: No changes found during synchronizing extensions.
2025-02-12 09:07:51.887 [info] Profiles: No changes found during synchronizing profiles.
2025-02-12 09:07:51.888 [info] Sync done. Took 129ms
2025-02-12 09:08:53.904 [info] [AutoSync] Triggered by Activity
2025-02-12 09:08:53.904 [info] Sync started.
2025-02-12 09:08:53.962 [info] Settings: No changes found during synchronizing settings.
2025-02-12 09:08:53.965 [info] Keybindings: No changes found during synchronizing keybindings.
2025-02-12 09:08:53.968 [info] Snippets: No changes found during synchronizing snippets.
2025-02-12 09:08:53.969 [info] Tasks: No changes found during synchronizing tasks.
2025-02-12 09:08:53.974 [info] GlobalState: No changes found during synchronizing ui state.
2025-02-12 09:08:54.067 [info] Extensions: No changes found during synchronizing extensions.
2025-02-12 09:08:54.067 [info] Profiles: No changes found during synchronizing profiles.
2025-02-12 09:08:54.069 [info] Sync done. Took 165ms
2025-02-12 09:10:27.084 [info] [AutoSync] Triggered by Activity
2025-02-12 09:10:27.084 [info] Sync started.
2025-02-12 09:10:27.141 [info] Settings: No changes found during synchronizing settings.
2025-02-12 09:10:27.143 [info] Keybindings: No changes found during synchronizing keybindings.
2025-02-12 09:10:27.145 [info] Snippets: No changes found during synchronizing snippets.
2025-02-12 09:10:27.146 [info] Tasks: No changes found during synchronizing tasks.
2025-02-12 09:10:27.151 [info] GlobalState: No changes found during synchronizing ui state.
2025-02-12 09:10:27.240 [info] Extensions: No changes found during synchronizing extensions.
2025-02-12 09:10:27.241 [info] Profiles: No changes found during synchronizing profiles.
2025-02-12 09:10:27.243 [info] Sync done. Took 159ms
2025-02-12 09:11:05.547 [info] [AutoSync] Triggered by Activity
2025-02-12 09:11:05.548 [info] Sync started.
2025-02-12 09:11:05.630 [info] Settings: No changes found during synchronizing settings.
2025-02-12 09:11:05.633 [info] Keybindings: No changes found during synchronizing keybindings.
2025-02-12 09:11:05.636 [info] Snippets: No changes found during synchronizing snippets.
2025-02-12 09:11:05.638 [info] Tasks: No changes found during synchronizing tasks.
2025-02-12 09:11:05.641 [info] GlobalState: No changes found during synchronizing ui state.
2025-02-12 09:11:05.707 [info] Extensions: No changes found during synchronizing extensions.
2025-02-12 09:11:05.708 [info] Profiles: No changes found during synchronizing profiles.
2025-02-12 09:11:05.709 [info] Sync done. Took 164ms
2025-02-12 09:11:33.316 [info] [AutoSync] Triggered by Activity
2025-02-12 09:11:33.317 [info] Sync started.
2025-02-12 09:11:33.367 [info] Settings: No changes found during synchronizing settings.
2025-02-12 09:11:33.370 [info] Keybindings: No changes found during synchronizing keybindings.
2025-02-12 09:11:33.372 [info] Snippets: No changes found during synchronizing snippets.
2025-02-12 09:11:33.373 [info] Tasks: No changes found during synchronizing tasks.
2025-02-12 09:11:33.377 [info] GlobalState: No changes found during synchronizing ui state.
2025-02-12 09:11:33.475 [info] Extensions: No changes found during synchronizing extensions.
2025-02-12 09:11:33.476 [info] Profiles: No changes found during synchronizing profiles.
2025-02-12 09:11:33.477 [info] Sync done. Took 165ms
2025-02-12 09:12:20.156 [info] [AutoSync] Triggered by Activity
2025-02-12 09:12:20.157 [info] Sync started.
2025-02-12 09:12:20.250 [info] Settings: No changes found during synchronizing settings.
2025-02-12 09:12:20.253 [info] Keybindings: No changes found during synchronizing keybindings.
2025-02-12 09:12:20.256 [info] Snippets: No changes found during synchronizing snippets.
2025-02-12 09:12:20.258 [info] Tasks: No changes found during synchronizing tasks.
2025-02-12 09:12:20.262 [info] GlobalState: No changes found during synchronizing ui state.
2025-02-12 09:12:20.390 [info] Extensions: No changes found during synchronizing extensions.
2025-02-12 09:12:20.392 [info] Profiles: No changes found during synchronizing profiles.
2025-02-12 09:12:20.393 [info] Sync done. Took 241ms
2025-02-12 09:13:24.275 [info] [AutoSync] Triggered by Activity
2025-02-12 09:13:24.275 [info] Sync started.
2025-02-12 09:13:24.324 [info] Settings: No changes found during synchronizing settings.
2025-02-12 09:13:24.327 [info] Keybindings: No changes found during synchronizing keybindings.
2025-02-12 09:13:24.329 [info] Snippets: No changes found during synchronizing snippets.
2025-02-12 09:13:24.331 [info] Tasks: No changes found during synchronizing tasks.
2025-02-12 09:13:24.336 [info] GlobalState: No changes found during synchronizing ui state.
2025-02-12 09:13:24.419 [info] Extensions: No changes found during synchronizing extensions.
2025-02-12 09:13:24.421 [info] Profiles: No changes found during synchronizing profiles.
2025-02-12 09:13:24.421 [info] Sync done. Took 147ms
2025-02-12 09:14:01.971 [info] [AutoSync] Triggered by Activity
2025-02-12 09:14:01.971 [info] Sync started.
2025-02-12 09:14:02.065 [info] Settings: No changes found during synchronizing settings.
2025-02-12 09:14:02.067 [info] Keybindings: No changes found during synchronizing keybindings.
2025-02-12 09:14:02.070 [info] Snippets: No changes found during synchronizing snippets.
2025-02-12 09:14:02.072 [info] Tasks: No changes found during synchronizing tasks.
2025-02-12 09:14:02.075 [info] GlobalState: No changes found during synchronizing ui state.
2025-02-12 09:14:02.162 [info] Extensions: No changes found during synchronizing extensions.
2025-02-12 09:14:02.163 [info] Profiles: No changes found during synchronizing profiles.
2025-02-12 09:14:02.164 [info] Sync done. Took 196ms
2025-02-12 09:15:17.082 [info] [AutoSync] Triggered by Activity
2025-02-12 09:15:17.082 [info] Sync started.
2025-02-12 09:15:17.137 [info] Settings: No changes found during synchronizing settings.
2025-02-12 09:15:17.140 [info] Keybindings: No changes found during synchronizing keybindings.
2025-02-12 09:15:17.143 [info] Snippets: No changes found during synchronizing snippets.
2025-02-12 09:15:17.145 [info] Tasks: No changes found during synchronizing tasks.
2025-02-12 09:15:17.150 [info] GlobalState: No changes found during synchronizing ui state.
2025-02-12 09:15:17.234 [info] Extensions: No changes found during synchronizing extensions.
2025-02-12 09:15:17.237 [info] Profiles: No changes found during synchronizing profiles.
2025-02-12 09:15:17.238 [info] Sync done. Took 158ms
2025-02-12 09:15:52.564 [info] [AutoSync] Triggered by Activity
2025-02-12 09:15:52.564 [info] Sync started.
2025-02-12 09:15:52.608 [info] Settings: No changes found during synchronizing settings.
2025-02-12 09:15:52.611 [info] Keybindings: No changes found during synchronizing keybindings.
2025-02-12 09:15:52.612 [info] Snippets: No changes found during synchronizing snippets.
2025-02-12 09:15:52.614 [info] Tasks: No changes found during synchronizing tasks.
2025-02-12 09:15:52.618 [info] GlobalState: No changes found during synchronizing ui state.
2025-02-12 09:15:52.705 [info] Extensions: No changes found during synchronizing extensions.
2025-02-12 09:15:52.706 [info] Profiles: No changes found during synchronizing profiles.
2025-02-12 09:15:52.706 [info] Sync done. Took 143ms
2025-02-12 09:16:37.482 [info] [AutoSync] Triggered by Activity
2025-02-12 09:16:37.482 [info] Sync started.
2025-02-12 09:16:37.539 [info] Settings: No changes found during synchronizing settings.
2025-02-12 09:16:37.545 [info] Keybindings: No changes found during synchronizing keybindings.
2025-02-12 09:16:37.547 [info] Snippets: No changes found during synchronizing snippets.
2025-02-12 09:16:37.549 [info] Tasks: No changes found during synchronizing tasks.
2025-02-12 09:16:37.771 [info] GlobalState: Updated remote ui state. Updated: extension.features.state.
2025-02-12 09:16:37.777 [info] GlobalState: Updated last synchronized ui state
2025-02-12 09:16:37.888 [info] Extensions: No changes found during synchronizing extensions.
2025-02-12 09:16:37.890 [info] Profiles: No changes found during synchronizing profiles.
2025-02-12 09:16:37.893 [info] Sync done. Took 410ms
2025-02-12 09:16:47.813 [info] [AutoSync] Triggered by Activity
2025-02-12 09:16:47.814 [info] Sync started.
2025-02-12 09:16:47.893 [info] Settings: No changes found during synchronizing settings.
2025-02-12 09:16:47.896 [info] Keybindings: No changes found during synchronizing keybindings.
2025-02-12 09:16:47.897 [info] Snippets: No changes found during synchronizing snippets.
2025-02-12 09:16:47.899 [info] Tasks: No changes found during synchronizing tasks.
2025-02-12 09:16:47.902 [info] GlobalState: No changes found during synchronizing ui state.
2025-02-12 09:16:47.967 [info] Extensions: No changes found during synchronizing extensions.
2025-02-12 09:16:47.968 [info] Profiles: No changes found during synchronizing profiles.
2025-02-12 09:16:47.969 [info] Sync done. Took 158ms
2025-02-12 09:18:07.489 [info] [AutoSync] Triggered by Activity
2025-02-12 09:18:07.489 [info] Sync started.
2025-02-12 09:18:07.544 [info] Settings: No changes found during synchronizing settings.
2025-02-12 09:18:07.546 [info] Keybindings: No changes found during synchronizing keybindings.
2025-02-12 09:18:07.548 [info] Snippets: No changes found during synchronizing snippets.
2025-02-12 09:18:07.549 [info] Tasks: No changes found during synchronizing tasks.
2025-02-12 09:18:07.555 [info] GlobalState: No changes found during synchronizing ui state.
2025-02-12 09:18:07.663 [info] Extensions: No changes found during synchronizing extensions.
2025-02-12 09:18:07.664 [info] Profiles: No changes found during synchronizing profiles.
2025-02-12 09:18:07.664 [info] Sync done. Took 180ms
2025-02-12 09:20:02.249 [info] [AutoSync] Triggered by Activity
2025-02-12 09:20:02.250 [info] Sync started.
2025-02-12 09:20:02.337 [info] Settings: No changes found during synchronizing settings.
2025-02-12 09:20:02.340 [info] Keybindings: No changes found during synchronizing keybindings.
2025-02-12 09:20:02.343 [info] Snippets: No changes found during synchronizing snippets.
2025-02-12 09:20:02.345 [info] Tasks: No changes found during synchronizing tasks.
2025-02-12 09:20:02.351 [info] GlobalState: No changes found during synchronizing ui state.
2025-02-12 09:20:02.442 [info] Extensions: No changes found during synchronizing extensions.
2025-02-12 09:20:02.443 [info] Profiles: No changes found during synchronizing profiles.
2025-02-12 09:20:02.444 [info] Sync done. Took 199ms
2025-02-12 09:21:12.051 [info] [AutoSync] Triggered by Activity
2025-02-12 09:21:12.051 [info] Sync started.
2025-02-12 09:21:12.125 [info] Settings: No changes found during synchronizing settings.
2025-02-12 09:21:12.128 [info] Keybindings: No changes found during synchronizing keybindings.
2025-02-12 09:21:12.130 [info] Snippets: No changes found during synchronizing snippets.
2025-02-12 09:21:12.131 [info] Tasks: No changes found during synchronizing tasks.
2025-02-12 09:21:12.135 [info] GlobalState: No changes found during synchronizing ui state.
2025-02-12 09:21:12.221 [info] Extensions: No changes found during synchronizing extensions.
2025-02-12 09:21:12.222 [info] Profiles: No changes found during synchronizing profiles.
2025-02-12 09:21:12.223 [info] Sync done. Took 172ms
2025-02-12 09:26:12.249 [info] [AutoSync] Triggered by Interval
2025-02-12 09:26:12.249 [info] Sync started.
2025-02-12 09:26:12.522 [info] Settings: No changes found during synchronizing settings.
2025-02-12 09:26:12.526 [info] Keybindings: No changes found during synchronizing keybindings.
2025-02-12 09:26:12.529 [info] Snippets: No changes found during synchronizing snippets.
2025-02-12 09:26:12.532 [info] Tasks: No changes found during synchronizing tasks.
2025-02-12 09:26:12.537 [info] GlobalState: No changes found during synchronizing ui state.
2025-02-12 09:26:12.609 [info] Extensions: No changes found during synchronizing extensions.
2025-02-12 09:26:12.609 [info] Profiles: No changes found during synchronizing profiles.
2025-02-12 09:26:12.610 [info] Sync done. Took 363ms
2025-02-12 09:28:32.980 [info] [AutoSync] Triggered by Activity
2025-02-12 09:28:32.981 [info] Sync started.
2025-02-12 09:28:33.211 [info] Settings: No changes found during synchronizing settings.
2025-02-12 09:28:33.215 [info] Keybindings: No changes found during synchronizing keybindings.
2025-02-12 09:28:33.216 [info] Snippets: No changes found during synchronizing snippets.
2025-02-12 09:28:33.217 [info] Tasks: No changes found during synchronizing tasks.
2025-02-12 09:28:33.223 [info] GlobalState: No changes found during synchronizing ui state.
2025-02-12 09:28:33.314 [info] Extensions: No changes found during synchronizing extensions.
2025-02-12 09:28:33.316 [info] Profiles: No changes found during synchronizing profiles.
2025-02-12 09:28:33.317 [info] Sync done. Took 340ms
2025-02-12 09:28:44.166 [info] [AutoSync] Triggered by Activity
2025-02-12 09:28:44.167 [info] Sync started.
2025-02-12 09:28:44.246 [info] Settings: No changes found during synchronizing settings.
2025-02-12 09:28:44.252 [info] Keybindings: No changes found during synchronizing keybindings.
2025-02-12 09:28:44.263 [info] Snippets: No changes found during synchronizing snippets.
2025-02-12 09:28:44.270 [info] Tasks: No changes found during synchronizing tasks.
2025-02-12 09:28:44.279 [info] GlobalState: No changes found during synchronizing ui state.
2025-02-12 09:28:44.402 [info] Extensions: No changes found during synchronizing extensions.
2025-02-12 09:28:44.405 [info] Profiles: No changes found during synchronizing profiles.
2025-02-12 09:28:44.406 [info] Sync done. Took 243ms
2025-02-12 09:28:55.086 [info] [AutoSync] Triggered by Activity
2025-02-12 09:28:55.087 [info] Sync started.
2025-02-12 09:28:55.150 [info] Settings: No changes found during synchronizing settings.
2025-02-12 09:28:55.153 [info] Keybindings: No changes found during synchronizing keybindings.
2025-02-12 09:28:55.155 [info] Snippets: No changes found during synchronizing snippets.
2025-02-12 09:28:55.160 [info] Tasks: No changes found during synchronizing tasks.
2025-02-12 09:28:55.164 [info] GlobalState: No changes found during synchronizing ui state.
2025-02-12 09:28:55.251 [info] Extensions: No changes found during synchronizing extensions.
2025-02-12 09:28:55.254 [info] Profiles: No changes found during synchronizing profiles.
2025-02-12 09:28:55.254 [info] Sync done. Took 169ms
2025-02-12 09:33:55.267 [info] [AutoSync] Triggered by Interval
2025-02-12 09:33:55.268 [info] Sync started.
2025-02-12 09:33:56.292 [info] Settings: No changes found during synchronizing settings.
2025-02-12 09:33:56.295 [info] Keybindings: No changes found during synchronizing keybindings.
2025-02-12 09:33:56.297 [info] Snippets: No changes found during synchronizing snippets.
2025-02-12 09:33:56.299 [info] Tasks: No changes found during synchronizing tasks.
2025-02-12 09:33:56.302 [info] GlobalState: No changes found during synchronizing ui state.
2025-02-12 09:33:56.361 [info] Extensions: No changes found during synchronizing extensions.
2025-02-12 09:33:56.361 [info] Profiles: No changes found during synchronizing profiles.
2025-02-12 09:33:56.362 [info] Sync done. Took 1097ms
2025-02-12 09:35:41.049 [info] [AutoSync] Triggered by Activity
2025-02-12 09:35:41.049 [info] Sync started.
2025-02-12 09:35:41.128 [info] Settings: No changes found during synchronizing settings.
2025-02-12 09:35:41.131 [info] Keybindings: No changes found during synchronizing keybindings.
2025-02-12 09:35:41.133 [info] Snippets: No changes found during synchronizing snippets.
2025-02-12 09:35:41.136 [info] Tasks: No changes found during synchronizing tasks.
2025-02-12 09:35:41.140 [info] GlobalState: No changes found during synchronizing ui state.
2025-02-12 09:35:41.248 [info] Extensions: No changes found during synchronizing extensions.
2025-02-12 09:35:41.249 [info] Profiles: No changes found during synchronizing profiles.
2025-02-12 09:35:41.250 [info] Sync done. Took 205ms
2025-02-12 09:36:46.668 [info] [AutoSync] Triggered by Activity
2025-02-12 09:36:46.669 [info] Sync started.
2025-02-12 09:36:46.753 [info] Settings: No changes found during synchronizing settings.
2025-02-12 09:36:46.757 [info] Keybindings: No changes found during synchronizing keybindings.
2025-02-12 09:36:46.760 [info] Snippets: No changes found during synchronizing snippets.
2025-02-12 09:36:46.762 [info] Tasks: No changes found during synchronizing tasks.
2025-02-12 09:36:46.766 [info] GlobalState: No changes found during synchronizing ui state.
2025-02-12 09:36:46.850 [info] Extensions: No changes found during synchronizing extensions.
2025-02-12 09:36:46.851 [info] Profiles: No changes found during synchronizing profiles.
2025-02-12 09:36:46.852 [info] Sync done. Took 186ms
2025-02-12 09:41:46.915 [info] [AutoSync] Triggered by Interval
2025-02-12 09:41:46.916 [info] Sync started.
2025-02-12 09:41:47.131 [info] Settings: No changes found during synchronizing settings.
2025-02-12 09:41:47.133 [info] Keybindings: No changes found during synchronizing keybindings.
2025-02-12 09:41:47.136 [info] Snippets: No changes found during synchronizing snippets.
2025-02-12 09:41:47.138 [info] Tasks: No changes found during synchronizing tasks.
2025-02-12 09:41:47.141 [info] GlobalState: No changes found during synchronizing ui state.
2025-02-12 09:41:47.215 [info] Extensions: No changes found during synchronizing extensions.
2025-02-12 09:41:47.216 [info] Profiles: No changes found during synchronizing profiles.
2025-02-12 09:41:47.217 [info] Sync done. Took 305ms
2025-02-12 09:46:47.256 [info] [AutoSync] Triggered by Interval
2025-02-12 09:46:47.256 [info] Sync started.
2025-02-12 09:46:47.491 [info] Settings: No changes found during synchronizing settings.
2025-02-12 09:46:47.492 [info] Keybindings: No changes found during synchronizing keybindings.
2025-02-12 09:46:47.494 [info] Snippets: No changes found during synchronizing snippets.
2025-02-12 09:46:47.495 [info] Tasks: No changes found during synchronizing tasks.
2025-02-12 09:46:47.498 [info] GlobalState: No changes found during synchronizing ui state.
2025-02-12 09:46:47.567 [info] Extensions: No changes found during synchronizing extensions.
2025-02-12 09:46:47.569 [info] Profiles: No changes found during synchronizing profiles.
2025-02-12 09:46:47.570 [info] Sync done. Took 315ms
2025-02-12 09:51:47.575 [info] [AutoSync] Triggered by Interval
2025-02-12 09:51:47.576 [info] Sync started.
2025-02-12 09:51:47.842 [info] Settings: No changes found during synchronizing settings.
2025-02-12 09:51:47.844 [info] Keybindings: No changes found during synchronizing keybindings.
2025-02-12 09:51:47.846 [info] Snippets: No changes found during synchronizing snippets.
2025-02-12 09:51:47.847 [info] Tasks: No changes found during synchronizing tasks.
2025-02-12 09:51:47.850 [info] GlobalState: No changes found during synchronizing ui state.
2025-02-12 09:51:47.913 [info] Extensions: No changes found during synchronizing extensions.
2025-02-12 09:51:47.914 [info] Profiles: No changes found during synchronizing profiles.
2025-02-12 09:51:47.915 [info] Sync done. Took 344ms
2025-02-12 09:55:29.473 [info] [AutoSync] Triggered by Activity
2025-02-12 09:55:29.473 [info] Sync started.
2025-02-12 09:55:29.686 [info] Settings: No changes found during synchronizing settings.
2025-02-12 09:55:29.694 [info] Keybindings: No changes found during synchronizing keybindings.
2025-02-12 09:55:29.696 [info] Snippets: No changes found during synchronizing snippets.
2025-02-12 09:55:29.698 [info] Tasks: No changes found during synchronizing tasks.
2025-02-12 09:55:29.702 [info] GlobalState: No changes found during synchronizing ui state.
2025-02-12 09:55:29.804 [info] Extensions: No changes found during synchronizing extensions.
2025-02-12 09:55:29.805 [info] Profiles: No changes found during synchronizing profiles.
2025-02-12 09:55:29.806 [info] Sync done. Took 333ms
2025-02-12 09:56:27.007 [info] [AutoSync] Triggered by Activity
2025-02-12 09:56:27.007 [info] Sync started.
2025-02-12 09:56:27.077 [info] Settings: No changes found during synchronizing settings.
2025-02-12 09:56:27.079 [info] Keybindings: No changes found during synchronizing keybindings.
2025-02-12 09:56:27.081 [info] Snippets: No changes found during synchronizing snippets.
2025-02-12 09:56:27.083 [info] Tasks: No changes found during synchronizing tasks.
2025-02-12 09:56:27.087 [info] GlobalState: No changes found during synchronizing ui state.
2025-02-12 09:56:27.161 [info] Extensions: No changes found during synchronizing extensions.
2025-02-12 09:56:27.162 [info] Profiles: No changes found during synchronizing profiles.
2025-02-12 09:56:27.163 [info] Sync done. Took 156ms
2025-02-12 09:59:45.345 [info] [AutoSync] Triggered by Activity
2025-02-12 09:59:45.346 [info] Sync started.
2025-02-12 09:59:45.643 [info] Settings: No changes found during synchronizing settings.
2025-02-12 09:59:45.647 [info] Keybindings: No changes found during synchronizing keybindings.
2025-02-12 09:59:45.650 [info] Snippets: No changes found during synchronizing snippets.
2025-02-12 09:59:45.651 [info] Tasks: No changes found during synchronizing tasks.
2025-02-12 09:59:45.654 [info] GlobalState: No changes found during synchronizing ui state.
2025-02-12 09:59:45.746 [info] Extensions: No changes found during synchronizing extensions.
2025-02-12 09:59:45.747 [info] Profiles: No changes found during synchronizing profiles.
2025-02-12 09:59:45.748 [info] Sync done. Took 403ms
2025-02-12 10:00:39.647 [info] [AutoSync] Triggered by Activity
2025-02-12 10:00:39.647 [info] Sync started.
2025-02-12 10:00:39.736 [info] Settings: No changes found during synchronizing settings.
2025-02-12 10:00:39.739 [info] Keybindings: No changes found during synchronizing keybindings.
2025-02-12 10:00:39.743 [info] Snippets: No changes found during synchronizing snippets.
2025-02-12 10:00:39.745 [info] Tasks: No changes found during synchronizing tasks.
2025-02-12 10:00:39.749 [info] GlobalState: No changes found during synchronizing ui state.
2025-02-12 10:00:39.828 [info] Extensions: No changes found during synchronizing extensions.
2025-02-12 10:00:39.829 [info] Profiles: No changes found during synchronizing profiles.
2025-02-12 10:00:39.830 [info] Sync done. Took 183ms
2025-02-12 10:01:25.446 [info] [AutoSync] Triggered by Activity
2025-02-12 10:01:25.446 [info] Sync started.
2025-02-12 10:01:25.512 [info] Settings: No changes found during synchronizing settings.
2025-02-12 10:01:25.514 [info] Keybindings: No changes found during synchronizing keybindings.
2025-02-12 10:01:25.516 [info] Snippets: No changes found during synchronizing snippets.
2025-02-12 10:01:25.517 [info] Tasks: No changes found during synchronizing tasks.
2025-02-12 10:01:25.521 [info] GlobalState: No changes found during synchronizing ui state.
2025-02-12 10:01:25.613 [info] Extensions: No changes found during synchronizing extensions.
2025-02-12 10:01:25.614 [info] Profiles: No changes found during synchronizing profiles.
2025-02-12 10:01:25.615 [info] Sync done. Took 169ms
2025-02-12 10:02:19.874 [info] [AutoSync] Triggered by Activity
2025-02-12 10:02:19.874 [info] Sync started.
2025-02-12 10:02:19.938 [info] Settings: No changes found during synchronizing settings.
2025-02-12 10:02:19.940 [info] Keybindings: No changes found during synchronizing keybindings.
2025-02-12 10:02:19.943 [info] Snippets: No changes found during synchronizing snippets.
2025-02-12 10:02:19.946 [info] Tasks: No changes found during synchronizing tasks.
2025-02-12 10:02:19.950 [info] GlobalState: No changes found during synchronizing ui state.
2025-02-12 10:02:20.039 [info] Extensions: No changes found during synchronizing extensions.
2025-02-12 10:02:20.039 [info] Profiles: No changes found during synchronizing profiles.
2025-02-12 10:02:20.041 [info] Sync done. Took 167ms
2025-02-12 10:02:30.001 [info] [AutoSync] Triggered by Activity
2025-02-12 10:02:30.002 [info] Sync started.
2025-02-12 10:02:30.083 [info] Settings: No changes found during synchronizing settings.
2025-02-12 10:02:30.087 [info] Keybindings: No changes found during synchronizing keybindings.
2025-02-12 10:02:30.090 [info] Snippets: No changes found during synchronizing snippets.
2025-02-12 10:02:30.092 [info] Tasks: No changes found during synchronizing tasks.
2025-02-12 10:02:30.096 [info] GlobalState: No changes found during synchronizing ui state.
2025-02-12 10:02:30.168 [info] Extensions: No changes found during synchronizing extensions.
2025-02-12 10:02:30.171 [info] Profiles: No changes found during synchronizing profiles.
2025-02-12 10:02:30.173 [info] Sync done. Took 175ms
2025-02-12 10:04:40.838 [info] [AutoSync] Triggered by Activity
2025-02-12 10:04:40.838 [info] Sync started.
2025-02-12 10:04:40.922 [info] Settings: No changes found during synchronizing settings.
2025-02-12 10:04:40.926 [info] Keybindings: No changes found during synchronizing keybindings.
2025-02-12 10:04:40.929 [info] Snippets: No changes found during synchronizing snippets.
2025-02-12 10:04:40.930 [info] Tasks: No changes found during synchronizing tasks.
2025-02-12 10:04:40.937 [info] GlobalState: No changes found during synchronizing ui state.
2025-02-12 10:04:41.027 [info] Extensions: No changes found during synchronizing extensions.
2025-02-12 10:04:41.027 [info] Profiles: No changes found during synchronizing profiles.
2025-02-12 10:04:41.028 [info] Sync done. Took 192ms
2025-02-12 10:05:48.967 [info] [AutoSync] Triggered by Activity
2025-02-12 10:05:48.968 [info] Sync started.
2025-02-12 10:05:49.077 [info] Settings: No changes found during synchronizing settings.
2025-02-12 10:05:49.079 [info] Keybindings: No changes found during synchronizing keybindings.
2025-02-12 10:05:49.084 [info] Snippets: No changes found during synchronizing snippets.
2025-02-12 10:05:49.087 [info] Tasks: No changes found during synchronizing tasks.
2025-02-12 10:05:49.092 [info] GlobalState: No changes found during synchronizing ui state.
2025-02-12 10:05:49.206 [info] Extensions: No changes found during synchronizing extensions.
2025-02-12 10:05:49.208 [info] Profiles: No changes found during synchronizing profiles.
2025-02-12 10:05:49.210 [info] Sync done. Took 244ms
2025-02-12 10:06:38.359 [info] [AutoSync] Triggered by Activity
2025-02-12 10:06:38.360 [info] Sync started.
2025-02-12 10:06:38.442 [info] Settings: No changes found during synchronizing settings.
2025-02-12 10:06:38.448 [info] Keybindings: No changes found during synchronizing keybindings.
2025-02-12 10:06:38.453 [info] Snippets: No changes found during synchronizing snippets.
2025-02-12 10:06:38.454 [info] Tasks: No changes found during synchronizing tasks.
2025-02-12 10:06:38.461 [info] GlobalState: No changes found during synchronizing ui state.
2025-02-12 10:06:38.550 [info] Extensions: No changes found during synchronizing extensions.
2025-02-12 10:06:38.552 [info] Profiles: No changes found during synchronizing profiles.
2025-02-12 10:06:38.553 [info] Sync done. Took 197ms
2025-02-12 10:09:39.685 [info] [AutoSync] Triggered by Activity
2025-02-12 10:09:39.685 [info] Sync started.
2025-02-12 10:09:39.901 [info] Settings: No changes found during synchronizing settings.
2025-02-12 10:09:39.904 [info] Keybindings: No changes found during synchronizing keybindings.
2025-02-12 10:09:39.906 [info] Snippets: No changes found during synchronizing snippets.
2025-02-12 10:09:39.907 [info] Tasks: No changes found during synchronizing tasks.
2025-02-12 10:09:39.912 [info] GlobalState: No changes found during synchronizing ui state.
2025-02-12 10:09:40.032 [info] Extensions: No changes found during synchronizing extensions.
2025-02-12 10:09:40.033 [info] Profiles: No changes found during synchronizing profiles.
2025-02-12 10:09:40.035 [info] Sync done. Took 350ms
2025-02-12 10:14:40.091 [info] [AutoSync] Triggered by Interval
2025-02-12 10:14:40.092 [info] Sync started.
2025-02-12 10:14:40.342 [info] Settings: No changes found during synchronizing settings.
2025-02-12 10:14:40.345 [info] Keybindings: No changes found during synchronizing keybindings.
2025-02-12 10:14:40.348 [info] Snippets: No changes found during synchronizing snippets.
2025-02-12 10:14:40.349 [info] Tasks: No changes found during synchronizing tasks.
2025-02-12 10:14:40.353 [info] GlobalState: No changes found during synchronizing ui state.
2025-02-12 10:14:40.424 [info] Extensions: No changes found during synchronizing extensions.
2025-02-12 10:14:40.425 [info] Profiles: No changes found during synchronizing profiles.
2025-02-12 10:14:40.426 [info] Sync done. Took 338ms
2025-02-12 10:15:13.850 [info] [AutoSync] Triggered by Activity
2025-02-12 10:15:13.850 [info] Sync started.
2025-02-12 10:15:13.914 [info] Settings: No changes found during synchronizing settings.
2025-02-12 10:15:13.919 [info] Keybindings: No changes found during synchronizing keybindings.
2025-02-12 10:15:13.921 [info] Snippets: No changes found during synchronizing snippets.
2025-02-12 10:15:13.927 [info] Tasks: No changes found during synchronizing tasks.
2025-02-12 10:15:13.933 [info] GlobalState: No changes found during synchronizing ui state.
2025-02-12 10:15:14.073 [info] Extensions: No changes found during synchronizing extensions.
2025-02-12 10:15:14.074 [info] Profiles: No changes found during synchronizing profiles.
2025-02-12 10:15:14.075 [info] Sync done. Took 225ms
2025-02-12 10:15:55.988 [info] [AutoSync] Triggered by Activity
2025-02-12 10:15:55.988 [info] Sync started.
2025-02-12 10:15:56.048 [info] Settings: No changes found during synchronizing settings.
2025-02-12 10:15:56.057 [info] Keybindings: No changes found during synchronizing keybindings.
2025-02-12 10:15:56.059 [info] Snippets: No changes found during synchronizing snippets.
2025-02-12 10:15:56.067 [info] Tasks: No changes found during synchronizing tasks.
2025-02-12 10:15:56.073 [info] GlobalState: No changes found during synchronizing ui state.
2025-02-12 10:15:56.243 [info] Extensions: No changes found during synchronizing extensions.
2025-02-12 10:15:56.245 [info] Profiles: No changes found during synchronizing profiles.
2025-02-12 10:15:56.247 [info] Sync done. Took 259ms
2025-02-12 10:20:00.303 [info] [AutoSync] Triggered by Activity
2025-02-12 10:20:00.303 [info] Sync started.
2025-02-12 10:20:00.532 [info] Settings: No changes found during synchronizing settings.
2025-02-12 10:20:00.536 [info] Keybindings: No changes found during synchronizing keybindings.
2025-02-12 10:20:00.539 [info] Snippets: No changes found during synchronizing snippets.
2025-02-12 10:20:00.541 [info] Tasks: No changes found during synchronizing tasks.
2025-02-12 10:20:00.546 [info] GlobalState: No changes found during synchronizing ui state.
2025-02-12 10:20:00.638 [info] Extensions: No changes found during synchronizing extensions.
2025-02-12 10:20:00.639 [info] Profiles: No changes found during synchronizing profiles.
2025-02-12 10:20:00.640 [info] Sync done. Took 337ms
2025-02-12 10:21:07.082 [info] [AutoSync] Triggered by Activity
2025-02-12 10:21:07.083 [info] Sync started.
2025-02-12 10:21:07.168 [info] Settings: No changes found during synchronizing settings.
2025-02-12 10:21:07.171 [info] Keybindings: No changes found during synchronizing keybindings.
2025-02-12 10:21:07.173 [info] Snippets: No changes found during synchronizing snippets.
2025-02-12 10:21:07.174 [info] Tasks: No changes found during synchronizing tasks.
2025-02-12 10:21:07.179 [info] GlobalState: No changes found during synchronizing ui state.
2025-02-12 10:21:07.254 [info] Extensions: No changes found during synchronizing extensions.
2025-02-12 10:21:07.255 [info] Profiles: No changes found during synchronizing profiles.
2025-02-12 10:21:07.256 [info] Sync done. Took 177ms
2025-02-12 10:23:56.307 [info] [AutoSync] Triggered by Activity
2025-02-12 10:23:56.307 [info] Sync started.
2025-02-12 10:23:56.555 [info] Settings: No changes found during synchronizing settings.
2025-02-12 10:23:56.560 [info] Keybindings: No changes found during synchronizing keybindings.
2025-02-12 10:23:56.562 [info] Snippets: No changes found during synchronizing snippets.
2025-02-12 10:23:56.564 [info] Tasks: No changes found during synchronizing tasks.
2025-02-12 10:23:56.567 [info] GlobalState: No changes found during synchronizing ui state.
2025-02-12 10:23:56.666 [info] Extensions: No changes found during synchronizing extensions.
2025-02-12 10:23:56.667 [info] Profiles: No changes found during synchronizing profiles.
2025-02-12 10:23:56.668 [info] Sync done. Took 364ms
