2025-02-14 19:20:34.269 [info] [AutoSync] Using settings sync service https://vscode-sync.trafficmanager.net/
2025-02-14 19:20:34.269 [info] [AutoSync] Enabled.
2025-02-14 19:20:34.269 [info] [AutoSync] Suspended until auth token is available.
2025-02-14 19:20:35.598 [info] [AutoSync] Triggered by Interval
2025-02-14 19:20:35.598 [info] Sync started.
2025-02-14 19:20:36.128 [info] Settings: No changes found during synchronizing settings.
2025-02-14 19:20:36.138 [info] Keybindings: No changes found during synchronizing keybindings.
2025-02-14 19:20:36.142 [info] Snippets: No changes found during synchronizing snippets.
2025-02-14 19:20:36.144 [info] Tasks: No changes found during synchronizing tasks.
2025-02-14 19:20:36.150 [info] GlobalState: No changes found during synchronizing ui state.
2025-02-14 19:20:36.236 [info] Extensions: No changes found during synchronizing extensions.
2025-02-14 19:20:36.237 [info] Profiles: No changes found during synchronizing profiles.
2025-02-14 19:20:36.238 [info] Sync done. Took 651ms
2025-02-14 19:25:36.244 [info] [AutoSync] Triggered by Interval
2025-02-14 19:25:36.245 [info] Sync started.
2025-02-14 19:25:36.668 [info] Settings: No changes found during synchronizing settings.
2025-02-14 19:25:36.671 [info] Keybindings: No changes found during synchronizing keybindings.
2025-02-14 19:25:36.673 [info] Snippets: No changes found during synchronizing snippets.
2025-02-14 19:25:36.675 [info] Tasks: No changes found during synchronizing tasks.
2025-02-14 19:25:36.678 [info] GlobalState: No changes found during synchronizing ui state.
2025-02-14 19:25:36.751 [info] Extensions: No changes found during synchronizing extensions.
2025-02-14 19:25:36.752 [info] Profiles: No changes found during synchronizing profiles.
2025-02-14 19:25:36.753 [info] Sync done. Took 512ms
2025-02-14 19:30:36.758 [info] [AutoSync] Triggered by Interval
2025-02-14 19:30:36.759 [info] Sync started.
2025-02-14 19:30:37.084 [info] Settings: No changes found during synchronizing settings.
2025-02-14 19:30:37.085 [info] Keybindings: No changes found during synchronizing keybindings.
2025-02-14 19:30:37.087 [info] Snippets: No changes found during synchronizing snippets.
2025-02-14 19:30:37.089 [info] Tasks: No changes found during synchronizing tasks.
2025-02-14 19:30:37.092 [info] GlobalState: No changes found during synchronizing ui state.
2025-02-14 19:30:37.165 [info] Extensions: No changes found during synchronizing extensions.
2025-02-14 19:30:37.166 [info] Profiles: No changes found during synchronizing profiles.
2025-02-14 19:30:37.167 [info] Sync done. Took 411ms
2025-02-14 19:35:37.169 [info] [AutoSync] Triggered by Interval
2025-02-14 19:35:37.169 [info] Sync started.
2025-02-14 19:35:37.392 [info] Settings: No changes found during synchronizing settings.
2025-02-14 19:35:37.394 [info] Keybindings: No changes found during synchronizing keybindings.
2025-02-14 19:35:37.396 [info] Snippets: No changes found during synchronizing snippets.
2025-02-14 19:35:37.397 [info] Tasks: No changes found during synchronizing tasks.
2025-02-14 19:35:37.400 [info] GlobalState: No changes found during synchronizing ui state.
2025-02-14 19:35:37.471 [info] Extensions: No changes found during synchronizing extensions.
2025-02-14 19:35:37.471 [info] Profiles: No changes found during synchronizing profiles.
2025-02-14 19:35:37.472 [info] Sync done. Took 304ms
2025-02-14 19:39:26.386 [info] [AutoSync] Triggered by Activity
2025-02-14 19:39:26.386 [info] Sync started.
2025-02-14 19:39:31.708 [info] Settings: No changes found during synchronizing settings.
2025-02-14 19:39:31.710 [info] Keybindings: No changes found during synchronizing keybindings.
2025-02-14 19:39:31.712 [info] Snippets: No changes found during synchronizing snippets.
2025-02-14 19:39:31.713 [info] Tasks: No changes found during synchronizing tasks.
2025-02-14 19:39:31.716 [info] GlobalState: No changes found during synchronizing ui state.
2025-02-14 19:39:31.776 [info] Extensions: No changes found during synchronizing extensions.
2025-02-14 19:39:31.776 [info] Profiles: No changes found during synchronizing profiles.
2025-02-14 19:39:31.777 [info] Sync done. Took 5395ms
2025-02-14 19:42:46.437 [info] [AutoSync] Triggered by Activity
2025-02-14 19:42:46.437 [info] Sync started.
2025-02-14 19:42:46.660 [info] Settings: No changes found during synchronizing settings.
2025-02-14 19:42:46.661 [info] Keybindings: No changes found during synchronizing keybindings.
2025-02-14 19:42:46.664 [info] Snippets: No changes found during synchronizing snippets.
2025-02-14 19:42:46.666 [info] Tasks: No changes found during synchronizing tasks.
2025-02-14 19:42:46.670 [info] GlobalState: No changes found during synchronizing ui state.
2025-02-14 19:42:46.737 [info] Extensions: No changes found during synchronizing extensions.
2025-02-14 19:42:46.738 [info] Profiles: No changes found during synchronizing profiles.
2025-02-14 19:42:46.739 [info] Sync done. Took 302ms
2025-02-14 19:47:46.751 [info] [AutoSync] Triggered by Interval
2025-02-14 19:47:46.752 [info] Sync started.
2025-02-14 19:47:46.956 [info] Settings: No changes found during synchronizing settings.
2025-02-14 19:47:46.958 [info] Keybindings: No changes found during synchronizing keybindings.
2025-02-14 19:47:46.959 [info] Snippets: No changes found during synchronizing snippets.
2025-02-14 19:47:46.961 [info] Tasks: No changes found during synchronizing tasks.
2025-02-14 19:47:46.964 [info] GlobalState: No changes found during synchronizing ui state.
2025-02-14 19:47:47.033 [info] Extensions: No changes found during synchronizing extensions.
2025-02-14 19:47:47.034 [info] Profiles: No changes found during synchronizing profiles.
2025-02-14 19:47:47.035 [info] Sync done. Took 285ms
2025-02-14 19:48:53.383 [info] [AutoSync] Triggered by Activity
2025-02-14 19:48:53.384 [info] Sync started.
2025-02-14 19:48:53.591 [info] Settings: No changes found during synchronizing settings.
2025-02-14 19:48:53.595 [info] Keybindings: No changes found during synchronizing keybindings.
2025-02-14 19:48:53.597 [info] Snippets: No changes found during synchronizing snippets.
2025-02-14 19:48:53.599 [info] Tasks: No changes found during synchronizing tasks.
2025-02-14 19:48:53.602 [info] GlobalState: No changes found during synchronizing ui state.
2025-02-14 19:48:53.680 [info] Extensions: No changes found during synchronizing extensions.
2025-02-14 19:48:53.681 [info] Profiles: No changes found during synchronizing profiles.
2025-02-14 19:48:53.682 [info] Sync done. Took 300ms
2025-02-14 19:50:45.436 [info] [AutoSync] Triggered by Activity
2025-02-14 19:50:45.436 [info] Sync started.
2025-02-14 19:50:45.488 [info] Settings: No changes found during synchronizing settings.
2025-02-14 19:50:45.491 [info] Keybindings: No changes found during synchronizing keybindings.
2025-02-14 19:50:45.494 [info] Snippets: No changes found during synchronizing snippets.
2025-02-14 19:50:45.495 [info] Tasks: No changes found during synchronizing tasks.
2025-02-14 19:50:45.499 [info] GlobalState: No changes found during synchronizing ui state.
2025-02-14 19:50:45.591 [info] Extensions: No changes found during synchronizing extensions.
2025-02-14 19:50:45.591 [info] Profiles: No changes found during synchronizing profiles.
2025-02-14 19:50:45.593 [info] Sync done. Took 157ms
2025-02-14 19:53:07.047 [info] [AutoSync] Triggered by Activity
2025-02-14 19:53:07.047 [info] Sync started.
2025-02-14 19:53:07.374 [info] Settings: No changes found during synchronizing settings.
2025-02-14 19:53:07.378 [info] Keybindings: No changes found during synchronizing keybindings.
2025-02-14 19:53:07.380 [info] Snippets: No changes found during synchronizing snippets.
2025-02-14 19:53:07.382 [info] Tasks: No changes found during synchronizing tasks.
2025-02-14 19:53:07.385 [info] GlobalState: No changes found during synchronizing ui state.
2025-02-14 19:53:07.459 [info] Extensions: No changes found during synchronizing extensions.
2025-02-14 19:53:07.460 [info] Profiles: No changes found during synchronizing profiles.
2025-02-14 19:53:07.461 [info] Sync done. Took 415ms
2025-02-14 19:58:07.494 [info] [AutoSync] Triggered by Interval
2025-02-14 19:58:07.494 [info] Sync started.
2025-02-14 19:58:07.711 [info] Settings: No changes found during synchronizing settings.
2025-02-14 19:58:07.713 [info] Keybindings: No changes found during synchronizing keybindings.
2025-02-14 19:58:07.714 [info] Snippets: No changes found during synchronizing snippets.
2025-02-14 19:58:07.716 [info] Tasks: No changes found during synchronizing tasks.
2025-02-14 19:58:07.719 [info] GlobalState: No changes found during synchronizing ui state.
2025-02-14 19:58:07.804 [info] Extensions: No changes found during synchronizing extensions.
2025-02-14 19:58:07.805 [info] Profiles: No changes found during synchronizing profiles.
2025-02-14 19:58:07.806 [info] Sync done. Took 312ms
2025-02-14 20:03:07.841 [info] [AutoSync] Triggered by Interval
2025-02-14 20:03:07.842 [info] Sync started.
2025-02-14 20:03:08.065 [info] Settings: No changes found during synchronizing settings.
2025-02-14 20:03:08.066 [info] Keybindings: No changes found during synchronizing keybindings.
2025-02-14 20:03:08.069 [info] Snippets: No changes found during synchronizing snippets.
2025-02-14 20:03:08.070 [info] Tasks: No changes found during synchronizing tasks.
2025-02-14 20:03:08.074 [info] GlobalState: No changes found during synchronizing ui state.
2025-02-14 20:03:08.149 [info] Extensions: No changes found during synchronizing extensions.
2025-02-14 20:03:08.151 [info] Profiles: No changes found during synchronizing profiles.
2025-02-14 20:03:08.152 [info] Sync done. Took 313ms
2025-02-14 20:05:08.224 [info] [AutoSync] Triggered by Activity
2025-02-14 20:05:08.224 [info] Sync started.
2025-02-14 20:05:08.442 [info] Settings: No changes found during synchronizing settings.
2025-02-14 20:05:08.444 [info] Keybindings: No changes found during synchronizing keybindings.
2025-02-14 20:05:08.446 [info] Snippets: No changes found during synchronizing snippets.
2025-02-14 20:05:08.447 [info] Tasks: No changes found during synchronizing tasks.
2025-02-14 20:05:08.451 [info] GlobalState: No changes found during synchronizing ui state.
2025-02-14 20:05:08.518 [info] Extensions: No changes found during synchronizing extensions.
2025-02-14 20:05:08.519 [info] Profiles: No changes found during synchronizing profiles.
2025-02-14 20:05:08.519 [info] Sync done. Took 297ms
2025-02-14 20:10:08.537 [info] [AutoSync] Triggered by Interval
2025-02-14 20:10:08.538 [info] Sync started.
2025-02-14 20:10:08.747 [info] Settings: No changes found during synchronizing settings.
2025-02-14 20:10:08.749 [info] Keybindings: No changes found during synchronizing keybindings.
2025-02-14 20:10:08.750 [info] Snippets: No changes found during synchronizing snippets.
2025-02-14 20:10:08.751 [info] Tasks: No changes found during synchronizing tasks.
2025-02-14 20:10:08.754 [info] GlobalState: No changes found during synchronizing ui state.
2025-02-14 20:10:08.817 [info] Extensions: No changes found during synchronizing extensions.
2025-02-14 20:10:08.818 [info] Profiles: No changes found during synchronizing profiles.
2025-02-14 20:10:08.819 [info] Sync done. Took 285ms
2025-02-14 20:15:08.854 [info] [AutoSync] Triggered by Interval
2025-02-14 20:15:08.854 [info] Sync started.
2025-02-14 20:15:09.071 [info] Settings: No changes found during synchronizing settings.
2025-02-14 20:15:09.073 [info] Keybindings: No changes found during synchronizing keybindings.
2025-02-14 20:15:09.074 [info] Snippets: No changes found during synchronizing snippets.
2025-02-14 20:15:09.075 [info] Tasks: No changes found during synchronizing tasks.
2025-02-14 20:15:09.078 [info] GlobalState: No changes found during synchronizing ui state.
2025-02-14 20:15:09.139 [info] Extensions: No changes found during synchronizing extensions.
2025-02-14 20:15:09.140 [info] Profiles: No changes found during synchronizing profiles.
2025-02-14 20:15:09.141 [info] Sync done. Took 289ms
2025-02-14 20:20:09.164 [info] [AutoSync] Triggered by Interval
2025-02-14 20:20:09.164 [info] Sync started.
2025-02-14 20:20:09.389 [info] Settings: No changes found during synchronizing settings.
2025-02-14 20:20:09.391 [info] Keybindings: No changes found during synchronizing keybindings.
2025-02-14 20:20:09.392 [info] Snippets: No changes found during synchronizing snippets.
2025-02-14 20:20:09.393 [info] Tasks: No changes found during synchronizing tasks.
2025-02-14 20:20:09.396 [info] GlobalState: No changes found during synchronizing ui state.
2025-02-14 20:20:09.457 [info] Extensions: No changes found during synchronizing extensions.
2025-02-14 20:20:09.457 [info] Profiles: No changes found during synchronizing profiles.
2025-02-14 20:20:09.458 [info] Sync done. Took 295ms
2025-02-14 20:25:09.464 [info] [AutoSync] Triggered by Interval
2025-02-14 20:25:09.465 [info] Sync started.
2025-02-14 20:25:09.719 [info] Settings: No changes found during synchronizing settings.
2025-02-14 20:25:09.721 [info] Keybindings: No changes found during synchronizing keybindings.
2025-02-14 20:25:09.723 [info] Snippets: No changes found during synchronizing snippets.
2025-02-14 20:25:09.724 [info] Tasks: No changes found during synchronizing tasks.
2025-02-14 20:25:09.727 [info] GlobalState: No changes found during synchronizing ui state.
2025-02-14 20:25:09.792 [info] Extensions: No changes found during synchronizing extensions.
2025-02-14 20:25:09.793 [info] Profiles: No changes found during synchronizing profiles.
2025-02-14 20:25:09.794 [info] Sync done. Took 329ms
2025-02-14 20:30:09.828 [info] [AutoSync] Triggered by Interval
2025-02-14 20:30:09.828 [info] Sync started.
2025-02-14 20:30:10.053 [info] Settings: No changes found during synchronizing settings.
2025-02-14 20:30:10.056 [info] Keybindings: No changes found during synchronizing keybindings.
2025-02-14 20:30:10.057 [info] Snippets: No changes found during synchronizing snippets.
2025-02-14 20:30:10.058 [info] Tasks: No changes found during synchronizing tasks.
2025-02-14 20:30:10.061 [info] GlobalState: No changes found during synchronizing ui state.
2025-02-14 20:30:10.132 [info] Extensions: No changes found during synchronizing extensions.
2025-02-14 20:30:10.133 [info] Profiles: No changes found during synchronizing profiles.
2025-02-14 20:30:10.134 [info] Sync done. Took 306ms
2025-02-14 20:35:10.168 [info] [AutoSync] Triggered by Interval
2025-02-14 20:35:10.168 [info] Sync started.
2025-02-14 20:35:10.422 [info] Settings: No changes found during synchronizing settings.
2025-02-14 20:35:10.425 [info] Keybindings: No changes found during synchronizing keybindings.
2025-02-14 20:35:10.427 [info] Snippets: No changes found during synchronizing snippets.
2025-02-14 20:35:10.429 [info] Tasks: No changes found during synchronizing tasks.
2025-02-14 20:35:10.431 [info] GlobalState: No changes found during synchronizing ui state.
2025-02-14 20:35:10.498 [info] Extensions: No changes found during synchronizing extensions.
2025-02-14 20:35:10.499 [info] Profiles: No changes found during synchronizing profiles.
2025-02-14 20:35:10.500 [info] Sync done. Took 332ms
2025-02-14 20:40:10.502 [info] [AutoSync] Triggered by Interval
2025-02-14 20:40:10.503 [info] Sync started.
2025-02-14 20:40:10.710 [info] Settings: No changes found during synchronizing settings.
2025-02-14 20:40:10.712 [info] Keybindings: No changes found during synchronizing keybindings.
2025-02-14 20:40:10.713 [info] Snippets: No changes found during synchronizing snippets.
2025-02-14 20:40:10.714 [info] Tasks: No changes found during synchronizing tasks.
2025-02-14 20:40:10.718 [info] GlobalState: No changes found during synchronizing ui state.
2025-02-14 20:40:10.785 [info] Extensions: No changes found during synchronizing extensions.
2025-02-14 20:40:10.786 [info] Profiles: No changes found during synchronizing profiles.
2025-02-14 20:40:10.786 [info] Sync done. Took 285ms
2025-02-14 20:45:10.820 [info] [AutoSync] Triggered by Interval
2025-02-14 20:45:10.820 [info] Sync started.
2025-02-14 20:45:11.044 [info] Settings: No changes found during synchronizing settings.
2025-02-14 20:45:11.046 [info] Keybindings: No changes found during synchronizing keybindings.
2025-02-14 20:45:11.047 [info] Snippets: No changes found during synchronizing snippets.
2025-02-14 20:45:11.049 [info] Tasks: No changes found during synchronizing tasks.
2025-02-14 20:45:11.052 [info] GlobalState: No changes found during synchronizing ui state.
2025-02-14 20:45:11.117 [info] Extensions: No changes found during synchronizing extensions.
2025-02-14 20:45:11.118 [info] Profiles: No changes found during synchronizing profiles.
2025-02-14 20:45:11.119 [info] Sync done. Took 300ms
2025-02-14 20:50:11.154 [info] [AutoSync] Triggered by Interval
2025-02-14 20:50:11.154 [info] Sync started.
2025-02-14 20:50:11.390 [info] Settings: No changes found during synchronizing settings.
2025-02-14 20:50:11.392 [info] Keybindings: No changes found during synchronizing keybindings.
2025-02-14 20:50:11.393 [info] Snippets: No changes found during synchronizing snippets.
2025-02-14 20:50:11.395 [info] Tasks: No changes found during synchronizing tasks.
2025-02-14 20:50:11.398 [info] GlobalState: No changes found during synchronizing ui state.
2025-02-14 20:50:11.457 [info] Extensions: No changes found during synchronizing extensions.
2025-02-14 20:50:11.457 [info] Profiles: No changes found during synchronizing profiles.
2025-02-14 20:50:11.458 [info] Sync done. Took 304ms
2025-02-14 20:55:11.495 [info] [AutoSync] Triggered by Interval
2025-02-14 20:55:11.496 [info] Sync started.
2025-02-14 20:55:11.728 [info] Settings: No changes found during synchronizing settings.
2025-02-14 20:55:11.731 [info] Keybindings: No changes found during synchronizing keybindings.
2025-02-14 20:55:11.732 [info] Snippets: No changes found during synchronizing snippets.
2025-02-14 20:55:11.734 [info] Tasks: No changes found during synchronizing tasks.
2025-02-14 20:55:11.737 [info] GlobalState: No changes found during synchronizing ui state.
2025-02-14 20:55:11.797 [info] Extensions: No changes found during synchronizing extensions.
2025-02-14 20:55:11.798 [info] Profiles: No changes found during synchronizing profiles.
2025-02-14 20:55:11.798 [info] Sync done. Took 306ms
2025-02-14 21:00:11.835 [info] [AutoSync] Triggered by Interval
2025-02-14 21:00:11.836 [info] Sync started.
2025-02-14 21:00:12.071 [info] Settings: No changes found during synchronizing settings.
2025-02-14 21:00:12.073 [info] Keybindings: No changes found during synchronizing keybindings.
2025-02-14 21:00:12.074 [info] Snippets: No changes found during synchronizing snippets.
2025-02-14 21:00:12.076 [info] Tasks: No changes found during synchronizing tasks.
2025-02-14 21:00:12.079 [info] GlobalState: No changes found during synchronizing ui state.
2025-02-14 21:00:12.136 [info] Extensions: No changes found during synchronizing extensions.
2025-02-14 21:00:12.136 [info] Profiles: No changes found during synchronizing profiles.
2025-02-14 21:00:12.137 [info] Sync done. Took 305ms
2025-02-14 21:05:12.173 [info] [AutoSync] Triggered by Interval
2025-02-14 21:05:12.173 [info] Sync started.
2025-02-14 21:05:12.381 [info] Settings: No changes found during synchronizing settings.
2025-02-14 21:05:12.383 [info] Keybindings: No changes found during synchronizing keybindings.
2025-02-14 21:05:12.385 [info] Snippets: No changes found during synchronizing snippets.
2025-02-14 21:05:12.386 [info] Tasks: No changes found during synchronizing tasks.
2025-02-14 21:05:12.390 [info] GlobalState: No changes found during synchronizing ui state.
2025-02-14 21:05:12.460 [info] Extensions: No changes found during synchronizing extensions.
2025-02-14 21:05:12.461 [info] Profiles: No changes found during synchronizing profiles.
2025-02-14 21:05:12.462 [info] Sync done. Took 290ms
2025-02-14 21:10:12.465 [info] [AutoSync] Triggered by Interval
2025-02-14 21:10:12.465 [info] Sync started.
2025-02-14 21:10:12.685 [info] Settings: No changes found during synchronizing settings.
2025-02-14 21:10:12.687 [info] Keybindings: No changes found during synchronizing keybindings.
2025-02-14 21:10:12.689 [info] Snippets: No changes found during synchronizing snippets.
2025-02-14 21:10:12.691 [info] Tasks: No changes found during synchronizing tasks.
2025-02-14 21:10:12.693 [info] GlobalState: No changes found during synchronizing ui state.
2025-02-14 21:10:12.755 [info] Extensions: No changes found during synchronizing extensions.
2025-02-14 21:10:12.756 [info] Profiles: No changes found during synchronizing profiles.
2025-02-14 21:10:12.757 [info] Sync done. Took 293ms
2025-02-14 21:15:12.792 [info] [AutoSync] Triggered by Interval
2025-02-14 21:15:12.792 [info] Sync started.
2025-02-14 21:15:13.024 [info] Settings: No changes found during synchronizing settings.
2025-02-14 21:15:13.026 [info] Keybindings: No changes found during synchronizing keybindings.
2025-02-14 21:15:13.028 [info] Snippets: No changes found during synchronizing snippets.
2025-02-14 21:15:13.029 [info] Tasks: No changes found during synchronizing tasks.
2025-02-14 21:15:13.032 [info] GlobalState: No changes found during synchronizing ui state.
2025-02-14 21:15:13.094 [info] Extensions: No changes found during synchronizing extensions.
2025-02-14 21:15:13.095 [info] Profiles: No changes found during synchronizing profiles.
2025-02-14 21:15:13.096 [info] Sync done. Took 305ms
2025-02-14 21:21:01.155 [info] [AutoSync] Triggered by Interval
2025-02-14 21:21:01.155 [info] Sync started.
2025-02-14 21:21:01.396 [info] Settings: No changes found during synchronizing settings.
2025-02-14 21:21:01.398 [info] Keybindings: No changes found during synchronizing keybindings.
2025-02-14 21:21:01.400 [info] Snippets: No changes found during synchronizing snippets.
2025-02-14 21:21:01.401 [info] Tasks: No changes found during synchronizing tasks.
2025-02-14 21:21:01.404 [info] GlobalState: No changes found during synchronizing ui state.
2025-02-14 21:21:01.462 [info] Extensions: No changes found during synchronizing extensions.
2025-02-14 21:21:01.463 [info] Profiles: No changes found during synchronizing profiles.
2025-02-14 21:21:01.464 [info] Sync done. Took 312ms
2025-02-14 21:26:01.502 [info] [AutoSync] Triggered by Interval
2025-02-14 21:26:01.503 [info] Sync started.
2025-02-14 21:26:01.765 [info] Settings: No changes found during synchronizing settings.
2025-02-14 21:26:01.767 [info] Keybindings: No changes found during synchronizing keybindings.
2025-02-14 21:26:01.769 [info] Snippets: No changes found during synchronizing snippets.
2025-02-14 21:26:01.771 [info] Tasks: No changes found during synchronizing tasks.
2025-02-14 21:26:01.775 [info] GlobalState: No changes found during synchronizing ui state.
2025-02-14 21:26:01.853 [info] Extensions: No changes found during synchronizing extensions.
2025-02-14 21:26:01.854 [info] Profiles: No changes found during synchronizing profiles.
2025-02-14 21:26:01.855 [info] Sync done. Took 353ms
2025-02-14 21:31:01.896 [info] [AutoSync] Triggered by Interval
2025-02-14 21:31:01.896 [info] Sync started.
2025-02-14 21:31:02.090 [info] Settings: No changes found during synchronizing settings.
2025-02-14 21:31:02.092 [info] Keybindings: No changes found during synchronizing keybindings.
2025-02-14 21:31:02.093 [info] Snippets: No changes found during synchronizing snippets.
2025-02-14 21:31:02.095 [info] Tasks: No changes found during synchronizing tasks.
2025-02-14 21:31:02.098 [info] GlobalState: No changes found during synchronizing ui state.
2025-02-14 21:31:02.159 [info] Extensions: No changes found during synchronizing extensions.
2025-02-14 21:31:02.160 [info] Profiles: No changes found during synchronizing profiles.
2025-02-14 21:31:02.161 [info] Sync done. Took 266ms
2025-02-14 21:33:47.824 [info] [AutoSync] Triggered by Activity
2025-02-14 21:33:47.824 [info] Sync started.
2025-02-14 21:33:48.059 [info] Settings: No changes found during synchronizing settings.
2025-02-14 21:33:48.062 [info] Keybindings: No changes found during synchronizing keybindings.
2025-02-14 21:33:48.064 [info] Snippets: No changes found during synchronizing snippets.
2025-02-14 21:33:48.066 [info] Tasks: No changes found during synchronizing tasks.
2025-02-14 21:33:48.069 [info] GlobalState: No changes found during synchronizing ui state.
2025-02-14 21:33:48.137 [info] Extensions: No changes found during synchronizing extensions.
2025-02-14 21:33:48.138 [info] Profiles: No changes found during synchronizing profiles.
2025-02-14 21:33:48.139 [info] Sync done. Took 316ms
2025-02-14 21:34:04.846 [info] [AutoSync] Triggered by Activity
2025-02-14 21:34:04.846 [info] Sync started.
2025-02-14 21:34:04.903 [info] Settings: No changes found during synchronizing settings.
2025-02-14 21:34:04.905 [info] Keybindings: No changes found during synchronizing keybindings.
2025-02-14 21:34:04.906 [info] Snippets: No changes found during synchronizing snippets.
2025-02-14 21:34:04.908 [info] Tasks: No changes found during synchronizing tasks.
2025-02-14 21:34:04.913 [info] GlobalState: No changes found during synchronizing ui state.
2025-02-14 21:34:04.981 [info] Extensions: No changes found during synchronizing extensions.
2025-02-14 21:34:04.983 [info] Profiles: No changes found during synchronizing profiles.
2025-02-14 21:34:04.985 [info] Sync done. Took 139ms
2025-02-14 21:34:15.117 [info] [AutoSync] Triggered by Activity
2025-02-14 21:34:15.117 [info] Sync started.
2025-02-14 21:34:15.218 [info] Settings: No changes found during synchronizing settings.
2025-02-14 21:34:15.351 [info] Keybindings: No changes found during synchronizing keybindings.
2025-02-14 21:34:15.353 [info] Snippets: No changes found during synchronizing snippets.
2025-02-14 21:34:15.356 [info] Tasks: No changes found during synchronizing tasks.
2025-02-14 21:34:15.359 [info] GlobalState: No changes found during synchronizing ui state.
2025-02-14 21:34:15.456 [info] Extensions: No changes found during synchronizing extensions.
2025-02-14 21:34:15.458 [info] Profiles: No changes found during synchronizing profiles.
2025-02-14 21:34:15.458 [info] Sync done. Took 342ms
2025-02-14 21:34:44.513 [info] [AutoSync] Triggered by Activity
2025-02-14 21:34:44.513 [info] Sync started.
2025-02-14 21:34:44.570 [info] Settings: No changes found during synchronizing settings.
2025-02-14 21:34:44.572 [info] Keybindings: No changes found during synchronizing keybindings.
2025-02-14 21:34:44.574 [info] Snippets: No changes found during synchronizing snippets.
2025-02-14 21:34:44.576 [info] Tasks: No changes found during synchronizing tasks.
2025-02-14 21:34:44.579 [info] GlobalState: No changes found during synchronizing ui state.
2025-02-14 21:34:44.661 [info] Extensions: No changes found during synchronizing extensions.
2025-02-14 21:34:44.662 [info] Profiles: No changes found during synchronizing profiles.
2025-02-14 21:34:44.663 [info] Sync done. Took 150ms
