Initializing document watcher...
Document watcher initialized
self-hosted-ai-starter-kit/.git/COMMIT_EDITMSG: {}
self-hosted-ai-starter-kit/.git/COMMIT_EDITMSG: Using EditorConfig core...
self-hosted-ai-starter-kit/.git/COMMIT_EDITMSG: Using EditorConfig core...
self-hosted-ai-starter-kit/.git/COMMIT_EDITMSG: Using EditorConfig core...
self-hosted-ai-starter-kit/docker-compose.yml: {}
self-hosted-ai-starter-kit/docker-compose.yml: {}
self-hosted-ai-starter-kit/docker-compose.yml: {}
self-hosted-ai-starter-kit/docker-compose.yml: {}
self-hosted-ai-starter-kit/docker-compose.yml: {}
self-hosted-ai-starter-kit/docker-compose.yml: {}
self-hosted-ai-starter-kit/docker-compose.yml: {}
self-hosted-ai-starter-kit/docker-compose.yml: {}
self-hosted-ai-starter-kit/docker-compose.yml: {}
self-hosted-ai-starter-kit/docker-compose.yml: {}
self-hosted-ai-starter-kit/.env: {}
self-hosted-ai-starter-kit/docker-compose.yml: {}
self-hosted-ai-starter-kit/docker-compose.yml: {}
self-hosted-ai-starter-kit/docker-compose.yml: {}
