2025-02-13 02:53:27.655 [warning] /home/chuck/.ssh/config: ENOENT: no such file or directory, open '/home/chuck/.ssh/config'
2025-02-13 02:53:27.655 [info] Activation> Extension version: 0.104.0
2025-02-13 02:53:27.975 [info] Looking for git repository
2025-02-13 02:53:27.975 [info] Found 0 repositories during activation
2025-02-13 02:53:27.975 [info] Git repository found, initializing review manager and pr tree view.
2025-02-13 02:53:27.976 [info] Registering git provider
2025-02-13 02:53:28.067 [info] Registering git provider
2025-02-13 02:53:28.978 [info] Repository vscode-vfs://github/Parad1gmSh1ft72/hyprdots has been opened
2025-02-13 02:53:28.978 [info] Review+0> Validate state in progress
2025-02-13 02:53:28.978 [info] Review+0> Validating state...
2025-02-13 02:53:29.002 [info] Found GitHub remote for folder /Parad1gmSh1ft72/hyprdots
2025-02-13 02:53:29.254 [info] Review+0> No matching pull request metadata found locally for current branch master
2025-02-13 02:53:29.255 [info] Review+0> No matching pull request metadata found on GitHub for current branch master
2025-02-13 02:53:29.362 [info] Found GitHub remote for folder /Parad1gmSh1ft72/hyprdots
2025-02-13 02:53:31.747 [info] FolderRepositoryManager+0> Trying to use globalState for assignableUsers.
2025-02-13 02:53:31.960 [info] FolderRepositoryManager+0> Using globalState assignableUsers for 2.
2025-02-13 03:00:32.208 [info] Review+0> Validate state in progress
2025-02-13 03:00:32.208 [info] Review+0> Validating state...
2025-02-13 03:00:32.208 [info] Repo state for vscode-vfs://github/Parad1gmSh1ft72/hyprdots changed.
2025-02-13 03:00:32.208 [info] Repo vscode-vfs://github/Parad1gmSh1ft72/hyprdots has already been setup.
2025-02-13 03:00:32.230 [info] Found GitHub remote for folder /Parad1gmSh1ft72/hyprdots
2025-02-13 03:00:32.231 [info] Using in-memory cached assignable users.
2025-02-13 03:00:32.232 [info] Review+0> No matching pull request metadata found locally for current branch master
2025-02-13 03:00:32.959 [info] Review+0> No matching pull request metadata found on GitHub for current branch master
2025-02-13 03:04:25.010 [warning] /home/chuck/.ssh/config: ENOENT: no such file or directory, open '/home/chuck/.ssh/config'
2025-02-13 03:04:25.011 [info] Activation> Extension version: 0.104.0
2025-02-13 03:04:26.530 [info] Looking for git repository
2025-02-13 03:04:26.530 [info] Found 0 repositories during activation
2025-02-13 03:04:26.530 [info] Git repository found, initializing review manager and pr tree view.
2025-02-13 03:04:26.531 [info] Registering git provider
2025-02-13 03:05:27.774 [warning] /home/chuck/.ssh/config: ENOENT: no such file or directory, open '/home/chuck/.ssh/config'
2025-02-13 03:05:27.774 [info] Activation> Extension version: 0.104.0
2025-02-13 03:05:29.611 [info] Looking for git repository
2025-02-13 03:05:29.611 [info] Found 0 repositories during activation
2025-02-13 03:05:29.611 [info] Git repository found, initializing review manager and pr tree view.
2025-02-13 03:05:29.615 [info] Registering git provider
2025-02-13 03:05:29.615 [info] Review+0> Validate state in progress
2025-02-13 03:05:29.615 [info] Review+0> Validating state...
2025-02-13 03:05:29.697 [info] Found GitHub remote for folder /home/chuck/src/self-hosted-ai-starter-kit
2025-02-13 03:05:29.766 [info] Repo state for file:///home/chuck/src/self-hosted-ai-starter-kit changed.
2025-02-13 03:05:29.766 [info] Repo file:///home/chuck/src/self-hosted-ai-starter-kit has already been setup.
2025-02-13 03:05:30.102 [info] FolderRepositoryManager+0> Trying to use globalState for assignableUsers.
2025-02-13 03:05:30.231 [info] Review+0> No matching pull request metadata found locally for current branch main
2025-02-13 03:05:30.263 [info] FolderRepositoryManager+0> Using globalState assignableUsers for 2.
2025-02-13 03:05:31.241 [info] Review+0> No matching pull request metadata found on GitHub for current branch main
2025-02-13 03:11:53.905 [info] Registering git provider
