2025-02-14 07:24:15.142 [info] [AutoSync] Using settings sync service https://vscode-sync.trafficmanager.net/
2025-02-14 07:24:15.142 [info] [AutoSync] Enabled.
2025-02-14 07:24:15.142 [info] [AutoSync] Suspended until auth token is available.
2025-02-14 07:24:17.228 [info] [AutoSync] Triggered by Interval
2025-02-14 07:24:17.228 [info] Sync started.
2025-02-14 07:24:17.958 [info] Settings: No changes found during synchronizing settings.
2025-02-14 07:24:18.116 [info] Keybindings: No changes found during synchronizing keybindings.
2025-02-14 07:24:18.131 [info] Snippets: No changes found during synchronizing snippets.
2025-02-14 07:24:18.136 [info] Tasks: No changes found during synchronizing tasks.
2025-02-14 07:24:18.380 [info] GlobalState: Updated remote ui state. Updated: cpp.1.lastSessionDate,cpp.1.sessionCount,java.2.lastSessionDate,java.2.sessionCount,javascript.1.lastSessionDate,javascript.1.sessionCount,typescript.1.lastSessionDate,typescript.1.sessionCount,csharp.1.lastSessionDate,csharp.1.sessionCount.
2025-02-14 07:24:18.385 [info] GlobalState: Updated last synchronized ui state
2025-02-14 07:24:18.554 [info] Extensions: No changes found during synchronizing extensions.
2025-02-14 07:24:18.611 [info] Profiles: No changes found during synchronizing profiles.
2025-02-14 07:24:18.612 [info] Sync done. Took 1386ms
2025-02-14 07:24:27.803 [info] [AutoSync] Triggered by Activity
2025-02-14 07:24:27.803 [info] Sync started.
2025-02-14 07:24:27.925 [info] Settings: No changes found during synchronizing settings.
2025-02-14 07:24:27.927 [info] Keybindings: No changes found during synchronizing keybindings.
2025-02-14 07:24:27.928 [info] Snippets: No changes found during synchronizing snippets.
2025-02-14 07:24:27.930 [info] Tasks: No changes found during synchronizing tasks.
2025-02-14 07:24:27.934 [info] GlobalState: No changes found during synchronizing ui state.
2025-02-14 07:24:27.998 [info] Extensions: No changes found during synchronizing extensions.
2025-02-14 07:24:28.000 [info] Profiles: No changes found during synchronizing profiles.
2025-02-14 07:24:28.000 [info] Sync done. Took 198ms
2025-02-14 07:25:46.459 [info] [AutoSync] Triggered by Activity
2025-02-14 07:25:46.459 [info] Sync started.
2025-02-14 07:25:46.577 [info] Settings: No changes found during synchronizing settings.
2025-02-14 07:25:46.724 [info] Keybindings: No changes found during synchronizing keybindings.
2025-02-14 07:25:46.726 [info] Snippets: No changes found during synchronizing snippets.
2025-02-14 07:25:46.729 [info] Tasks: No changes found during synchronizing tasks.
2025-02-14 07:25:46.734 [info] GlobalState: No changes found during synchronizing ui state.
2025-02-14 07:25:46.819 [info] Extensions: No changes found during synchronizing extensions.
2025-02-14 07:25:46.822 [info] Profiles: No changes found during synchronizing profiles.
2025-02-14 07:25:46.823 [info] Sync done. Took 365ms
2025-02-14 07:30:46.855 [info] [AutoSync] Triggered by Interval
2025-02-14 07:30:46.855 [info] Sync started.
2025-02-14 07:30:47.149 [info] Settings: No changes found during synchronizing settings.
2025-02-14 07:30:47.151 [info] Keybindings: No changes found during synchronizing keybindings.
2025-02-14 07:30:47.152 [info] Snippets: No changes found during synchronizing snippets.
2025-02-14 07:30:47.154 [info] Tasks: No changes found during synchronizing tasks.
2025-02-14 07:30:47.157 [info] GlobalState: No changes found during synchronizing ui state.
2025-02-14 07:30:47.221 [info] Extensions: No changes found during synchronizing extensions.
2025-02-14 07:30:47.222 [info] Profiles: No changes found during synchronizing profiles.
2025-02-14 07:30:47.223 [info] Sync done. Took 369ms
2025-02-14 07:35:47.256 [info] [AutoSync] Triggered by Interval
2025-02-14 07:35:47.256 [info] Sync started.
2025-02-14 07:35:47.490 [info] Settings: No changes found during synchronizing settings.
2025-02-14 07:35:47.492 [info] Keybindings: No changes found during synchronizing keybindings.
2025-02-14 07:35:47.494 [info] Snippets: No changes found during synchronizing snippets.
2025-02-14 07:35:47.495 [info] Tasks: No changes found during synchronizing tasks.
2025-02-14 07:35:47.498 [info] GlobalState: No changes found during synchronizing ui state.
2025-02-14 07:35:47.564 [info] Extensions: No changes found during synchronizing extensions.
2025-02-14 07:35:47.565 [info] Profiles: No changes found during synchronizing profiles.
2025-02-14 07:35:47.566 [info] Sync done. Took 310ms
2025-02-14 07:40:47.599 [info] [AutoSync] Triggered by Interval
2025-02-14 07:40:47.599 [info] Sync started.
2025-02-14 07:40:47.797 [info] Settings: No changes found during synchronizing settings.
2025-02-14 07:40:47.799 [info] Keybindings: No changes found during synchronizing keybindings.
2025-02-14 07:40:47.800 [info] Snippets: No changes found during synchronizing snippets.
2025-02-14 07:40:47.801 [info] Tasks: No changes found during synchronizing tasks.
2025-02-14 07:40:47.804 [info] GlobalState: No changes found during synchronizing ui state.
2025-02-14 07:40:47.866 [info] Extensions: No changes found during synchronizing extensions.
2025-02-14 07:40:47.868 [info] Profiles: No changes found during synchronizing profiles.
2025-02-14 07:40:47.868 [info] Sync done. Took 270ms
2025-02-14 07:45:47.901 [info] [AutoSync] Triggered by Interval
2025-02-14 07:45:47.901 [info] Sync started.
2025-02-14 07:45:48.139 [info] Settings: No changes found during synchronizing settings.
2025-02-14 07:45:48.141 [info] Keybindings: No changes found during synchronizing keybindings.
2025-02-14 07:45:48.142 [info] Snippets: No changes found during synchronizing snippets.
2025-02-14 07:45:48.143 [info] Tasks: No changes found during synchronizing tasks.
2025-02-14 07:45:48.146 [info] GlobalState: No changes found during synchronizing ui state.
2025-02-14 07:45:48.207 [info] Extensions: No changes found during synchronizing extensions.
2025-02-14 07:45:48.207 [info] Profiles: No changes found during synchronizing profiles.
2025-02-14 07:45:48.208 [info] Sync done. Took 307ms
2025-02-14 07:50:48.241 [info] [AutoSync] Triggered by Interval
2025-02-14 07:50:48.241 [info] Sync started.
2025-02-14 07:50:48.466 [info] Settings: No changes found during synchronizing settings.
2025-02-14 07:50:48.468 [info] Keybindings: No changes found during synchronizing keybindings.
2025-02-14 07:50:48.469 [info] Snippets: No changes found during synchronizing snippets.
2025-02-14 07:50:48.471 [info] Tasks: No changes found during synchronizing tasks.
2025-02-14 07:50:48.474 [info] GlobalState: No changes found during synchronizing ui state.
2025-02-14 07:50:48.539 [info] Extensions: No changes found during synchronizing extensions.
2025-02-14 07:50:48.540 [info] Profiles: No changes found during synchronizing profiles.
2025-02-14 07:50:48.540 [info] Sync done. Took 300ms
2025-02-14 07:55:48.574 [info] [AutoSync] Triggered by Interval
2025-02-14 07:55:48.574 [info] Sync started.
2025-02-14 07:55:48.820 [info] Settings: No changes found during synchronizing settings.
2025-02-14 07:55:48.821 [info] Keybindings: No changes found during synchronizing keybindings.
2025-02-14 07:55:48.823 [info] Snippets: No changes found during synchronizing snippets.
2025-02-14 07:55:48.824 [info] Tasks: No changes found during synchronizing tasks.
2025-02-14 07:55:48.827 [info] GlobalState: No changes found during synchronizing ui state.
2025-02-14 07:55:48.889 [info] Extensions: No changes found during synchronizing extensions.
2025-02-14 07:55:48.889 [info] Profiles: No changes found during synchronizing profiles.
2025-02-14 07:55:48.890 [info] Sync done. Took 316ms
2025-02-14 08:00:48.924 [info] [AutoSync] Triggered by Interval
2025-02-14 08:00:48.924 [info] Sync started.
2025-02-14 08:00:49.180 [info] Settings: No changes found during synchronizing settings.
2025-02-14 08:00:49.182 [info] Keybindings: No changes found during synchronizing keybindings.
2025-02-14 08:00:49.183 [info] Snippets: No changes found during synchronizing snippets.
2025-02-14 08:00:49.184 [info] Tasks: No changes found during synchronizing tasks.
2025-02-14 08:00:49.187 [info] GlobalState: No changes found during synchronizing ui state.
2025-02-14 08:00:49.252 [info] Extensions: No changes found during synchronizing extensions.
2025-02-14 08:00:49.253 [info] Profiles: No changes found during synchronizing profiles.
2025-02-14 08:00:49.254 [info] Sync done. Took 330ms
2025-02-14 08:05:49.286 [info] [AutoSync] Triggered by Interval
2025-02-14 08:05:49.287 [info] Sync started.
2025-02-14 08:05:49.532 [info] Settings: No changes found during synchronizing settings.
2025-02-14 08:05:49.534 [info] Keybindings: No changes found during synchronizing keybindings.
2025-02-14 08:05:49.535 [info] Snippets: No changes found during synchronizing snippets.
2025-02-14 08:05:49.536 [info] Tasks: No changes found during synchronizing tasks.
2025-02-14 08:05:49.539 [info] GlobalState: No changes found during synchronizing ui state.
2025-02-14 08:05:49.599 [info] Extensions: No changes found during synchronizing extensions.
2025-02-14 08:05:49.600 [info] Profiles: No changes found during synchronizing profiles.
2025-02-14 08:05:49.601 [info] Sync done. Took 314ms
2025-02-14 08:10:49.634 [info] [AutoSync] Triggered by Interval
2025-02-14 08:10:49.635 [info] Sync started.
2025-02-14 08:10:49.851 [info] Settings: No changes found during synchronizing settings.
2025-02-14 08:10:49.853 [info] Keybindings: No changes found during synchronizing keybindings.
2025-02-14 08:10:49.854 [info] Snippets: No changes found during synchronizing snippets.
2025-02-14 08:10:49.855 [info] Tasks: No changes found during synchronizing tasks.
2025-02-14 08:10:49.858 [info] GlobalState: No changes found during synchronizing ui state.
2025-02-14 08:10:49.917 [info] Extensions: No changes found during synchronizing extensions.
2025-02-14 08:10:49.918 [info] Profiles: No changes found during synchronizing profiles.
2025-02-14 08:10:49.919 [info] Sync done. Took 285ms
2025-02-14 08:15:49.952 [info] [AutoSync] Triggered by Interval
2025-02-14 08:15:49.952 [info] Sync started.
2025-02-14 08:15:50.183 [info] Settings: No changes found during synchronizing settings.
2025-02-14 08:15:50.185 [info] Keybindings: No changes found during synchronizing keybindings.
2025-02-14 08:15:50.186 [info] Snippets: No changes found during synchronizing snippets.
2025-02-14 08:15:50.187 [info] Tasks: No changes found during synchronizing tasks.
2025-02-14 08:15:50.190 [info] GlobalState: No changes found during synchronizing ui state.
2025-02-14 08:15:50.262 [info] Extensions: No changes found during synchronizing extensions.
2025-02-14 08:15:50.263 [info] Profiles: No changes found during synchronizing profiles.
2025-02-14 08:15:50.264 [info] Sync done. Took 312ms
2025-02-14 08:20:50.284 [info] [AutoSync] Triggered by Interval
2025-02-14 08:20:50.285 [info] Sync started.
2025-02-14 08:20:50.489 [info] Settings: No changes found during synchronizing settings.
2025-02-14 08:20:50.490 [info] Keybindings: No changes found during synchronizing keybindings.
2025-02-14 08:20:50.492 [info] Snippets: No changes found during synchronizing snippets.
2025-02-14 08:20:50.493 [info] Tasks: No changes found during synchronizing tasks.
2025-02-14 08:20:50.496 [info] GlobalState: No changes found during synchronizing ui state.
2025-02-14 08:20:50.556 [info] Extensions: No changes found during synchronizing extensions.
2025-02-14 08:20:50.557 [info] Profiles: No changes found during synchronizing profiles.
2025-02-14 08:20:50.557 [info] Sync done. Took 273ms
2025-02-14 08:25:50.590 [info] [AutoSync] Triggered by Interval
2025-02-14 08:25:50.591 [info] Sync started.
2025-02-14 08:25:50.817 [info] Settings: No changes found during synchronizing settings.
2025-02-14 08:25:50.818 [info] Keybindings: No changes found during synchronizing keybindings.
2025-02-14 08:25:50.820 [info] Snippets: No changes found during synchronizing snippets.
2025-02-14 08:25:50.821 [info] Tasks: No changes found during synchronizing tasks.
2025-02-14 08:25:50.824 [info] GlobalState: No changes found during synchronizing ui state.
2025-02-14 08:25:50.886 [info] Extensions: No changes found during synchronizing extensions.
2025-02-14 08:25:50.887 [info] Profiles: No changes found during synchronizing profiles.
2025-02-14 08:25:50.887 [info] Sync done. Took 297ms
2025-02-14 08:30:50.921 [info] [AutoSync] Triggered by Interval
2025-02-14 08:30:50.921 [info] Sync started.
2025-02-14 08:30:51.127 [info] Settings: No changes found during synchronizing settings.
2025-02-14 08:30:51.129 [info] Keybindings: No changes found during synchronizing keybindings.
2025-02-14 08:30:51.131 [info] Snippets: No changes found during synchronizing snippets.
2025-02-14 08:30:51.132 [info] Tasks: No changes found during synchronizing tasks.
2025-02-14 08:30:51.135 [info] GlobalState: No changes found during synchronizing ui state.
2025-02-14 08:30:51.201 [info] Extensions: No changes found during synchronizing extensions.
2025-02-14 08:30:51.202 [info] Profiles: No changes found during synchronizing profiles.
2025-02-14 08:30:51.203 [info] Sync done. Took 282ms
2025-02-14 08:35:51.236 [info] [AutoSync] Triggered by Interval
2025-02-14 08:35:51.236 [info] Sync started.
2025-02-14 08:35:51.459 [info] Settings: No changes found during synchronizing settings.
2025-02-14 08:35:51.461 [info] Keybindings: No changes found during synchronizing keybindings.
2025-02-14 08:35:51.462 [info] Snippets: No changes found during synchronizing snippets.
2025-02-14 08:35:51.463 [info] Tasks: No changes found during synchronizing tasks.
2025-02-14 08:35:51.466 [info] GlobalState: No changes found during synchronizing ui state.
2025-02-14 08:35:51.529 [info] Extensions: No changes found during synchronizing extensions.
2025-02-14 08:35:51.530 [info] Profiles: No changes found during synchronizing profiles.
2025-02-14 08:35:51.531 [info] Sync done. Took 295ms
2025-02-14 08:40:51.567 [info] [AutoSync] Triggered by Interval
2025-02-14 08:40:51.567 [info] Sync started.
2025-02-14 08:40:51.805 [info] Settings: No changes found during synchronizing settings.
2025-02-14 08:40:51.807 [info] Keybindings: No changes found during synchronizing keybindings.
2025-02-14 08:40:51.808 [info] Snippets: No changes found during synchronizing snippets.
2025-02-14 08:40:51.809 [info] Tasks: No changes found during synchronizing tasks.
2025-02-14 08:40:51.813 [info] GlobalState: No changes found during synchronizing ui state.
2025-02-14 08:40:51.872 [info] Extensions: No changes found during synchronizing extensions.
2025-02-14 08:40:51.873 [info] Profiles: No changes found during synchronizing profiles.
2025-02-14 08:40:51.874 [info] Sync done. Took 309ms
2025-02-14 08:45:51.884 [info] [AutoSync] Triggered by Interval
2025-02-14 08:45:51.884 [info] Sync started.
2025-02-14 08:45:52.368 [info] Settings: No changes found during synchronizing settings.
2025-02-14 08:45:52.370 [info] Keybindings: No changes found during synchronizing keybindings.
2025-02-14 08:45:52.371 [info] Snippets: No changes found during synchronizing snippets.
2025-02-14 08:45:52.372 [info] Tasks: No changes found during synchronizing tasks.
2025-02-14 08:45:52.375 [info] GlobalState: No changes found during synchronizing ui state.
2025-02-14 08:45:52.436 [info] Extensions: No changes found during synchronizing extensions.
2025-02-14 08:45:52.436 [info] Profiles: No changes found during synchronizing profiles.
2025-02-14 08:45:52.437 [info] Sync done. Took 553ms
2025-02-14 08:50:52.471 [info] [AutoSync] Triggered by Interval
2025-02-14 08:50:52.472 [info] Sync started.
2025-02-14 08:50:52.684 [info] Settings: No changes found during synchronizing settings.
2025-02-14 08:50:52.686 [info] Keybindings: No changes found during synchronizing keybindings.
2025-02-14 08:50:52.687 [info] Snippets: No changes found during synchronizing snippets.
2025-02-14 08:50:52.688 [info] Tasks: No changes found during synchronizing tasks.
2025-02-14 08:50:52.691 [info] GlobalState: No changes found during synchronizing ui state.
2025-02-14 08:50:52.755 [info] Extensions: No changes found during synchronizing extensions.
2025-02-14 08:50:52.756 [info] Profiles: No changes found during synchronizing profiles.
2025-02-14 08:50:52.756 [info] Sync done. Took 285ms
2025-02-14 08:55:52.791 [info] [AutoSync] Triggered by Interval
2025-02-14 08:55:52.791 [info] Sync started.
2025-02-14 08:55:53.009 [info] Settings: No changes found during synchronizing settings.
2025-02-14 08:55:53.010 [info] Keybindings: No changes found during synchronizing keybindings.
2025-02-14 08:55:53.011 [info] Snippets: No changes found during synchronizing snippets.
2025-02-14 08:55:53.013 [info] Tasks: No changes found during synchronizing tasks.
2025-02-14 08:55:53.015 [info] GlobalState: No changes found during synchronizing ui state.
2025-02-14 08:55:53.074 [info] Extensions: No changes found during synchronizing extensions.
2025-02-14 08:55:53.075 [info] Profiles: No changes found during synchronizing profiles.
2025-02-14 08:55:53.076 [info] Sync done. Took 285ms
2025-02-14 09:00:53.110 [info] [AutoSync] Triggered by Interval
2025-02-14 09:00:53.110 [info] Sync started.
2025-02-14 09:00:53.320 [info] Settings: No changes found during synchronizing settings.
2025-02-14 09:00:53.322 [info] Keybindings: No changes found during synchronizing keybindings.
2025-02-14 09:00:53.323 [info] Snippets: No changes found during synchronizing snippets.
2025-02-14 09:00:53.324 [info] Tasks: No changes found during synchronizing tasks.
2025-02-14 09:00:53.327 [info] GlobalState: No changes found during synchronizing ui state.
2025-02-14 09:00:53.385 [info] Extensions: No changes found during synchronizing extensions.
2025-02-14 09:00:53.385 [info] Profiles: No changes found during synchronizing profiles.
2025-02-14 09:00:53.386 [info] Sync done. Took 277ms
2025-02-14 09:05:53.414 [info] [AutoSync] Triggered by Interval
2025-02-14 09:05:53.414 [info] Sync started.
2025-02-14 09:05:53.634 [info] Settings: No changes found during synchronizing settings.
2025-02-14 09:05:53.635 [info] Keybindings: No changes found during synchronizing keybindings.
2025-02-14 09:05:53.636 [info] Snippets: No changes found during synchronizing snippets.
2025-02-14 09:05:53.637 [info] Tasks: No changes found during synchronizing tasks.
2025-02-14 09:05:53.640 [info] GlobalState: No changes found during synchronizing ui state.
2025-02-14 09:05:53.697 [info] Extensions: No changes found during synchronizing extensions.
2025-02-14 09:05:53.698 [info] Profiles: No changes found during synchronizing profiles.
2025-02-14 09:05:53.698 [info] Sync done. Took 284ms
2025-02-14 09:10:53.732 [info] [AutoSync] Triggered by Interval
2025-02-14 09:10:53.733 [info] Sync started.
2025-02-14 09:10:53.955 [info] Settings: No changes found during synchronizing settings.
2025-02-14 09:10:53.957 [info] Keybindings: No changes found during synchronizing keybindings.
2025-02-14 09:10:53.958 [info] Snippets: No changes found during synchronizing snippets.
2025-02-14 09:10:53.959 [info] Tasks: No changes found during synchronizing tasks.
2025-02-14 09:10:53.962 [info] GlobalState: No changes found during synchronizing ui state.
2025-02-14 09:10:54.020 [info] Extensions: No changes found during synchronizing extensions.
2025-02-14 09:10:54.021 [info] Profiles: No changes found during synchronizing profiles.
2025-02-14 09:10:54.021 [info] Sync done. Took 289ms
2025-02-14 09:15:54.056 [info] [AutoSync] Triggered by Interval
2025-02-14 09:15:54.056 [info] Sync started.
2025-02-14 09:15:54.281 [info] Settings: No changes found during synchronizing settings.
2025-02-14 09:15:54.284 [info] Keybindings: No changes found during synchronizing keybindings.
2025-02-14 09:15:54.286 [info] Snippets: No changes found during synchronizing snippets.
2025-02-14 09:15:54.287 [info] Tasks: No changes found during synchronizing tasks.
2025-02-14 09:15:54.292 [info] GlobalState: No changes found during synchronizing ui state.
2025-02-14 09:15:54.352 [info] Extensions: No changes found during synchronizing extensions.
2025-02-14 09:15:54.353 [info] Profiles: No changes found during synchronizing profiles.
2025-02-14 09:15:54.354 [info] Sync done. Took 298ms
2025-02-14 09:20:54.388 [info] [AutoSync] Triggered by Interval
2025-02-14 09:20:54.388 [info] Sync started.
2025-02-14 09:20:54.609 [info] Settings: No changes found during synchronizing settings.
2025-02-14 09:20:54.610 [info] Keybindings: No changes found during synchronizing keybindings.
2025-02-14 09:20:54.612 [info] Snippets: No changes found during synchronizing snippets.
2025-02-14 09:20:54.612 [info] Tasks: No changes found during synchronizing tasks.
2025-02-14 09:20:54.615 [info] GlobalState: No changes found during synchronizing ui state.
2025-02-14 09:20:54.675 [info] Extensions: No changes found during synchronizing extensions.
2025-02-14 09:20:54.675 [info] Profiles: No changes found during synchronizing profiles.
2025-02-14 09:20:54.676 [info] Sync done. Took 288ms
2025-02-14 09:25:54.711 [info] [AutoSync] Triggered by Interval
2025-02-14 09:25:54.711 [info] Sync started.
2025-02-14 09:25:54.995 [info] Settings: No changes found during synchronizing settings.
2025-02-14 09:25:54.997 [info] Keybindings: No changes found during synchronizing keybindings.
2025-02-14 09:25:54.998 [info] Snippets: No changes found during synchronizing snippets.
2025-02-14 09:25:54.999 [info] Tasks: No changes found during synchronizing tasks.
2025-02-14 09:25:55.002 [info] GlobalState: No changes found during synchronizing ui state.
2025-02-14 09:25:55.069 [info] Extensions: No changes found during synchronizing extensions.
2025-02-14 09:25:55.070 [info] Profiles: No changes found during synchronizing profiles.
2025-02-14 09:25:55.071 [info] Sync done. Took 360ms
2025-02-14 09:30:55.106 [info] [AutoSync] Triggered by Interval
2025-02-14 09:30:55.106 [info] Sync started.
2025-02-14 09:30:55.316 [info] Settings: No changes found during synchronizing settings.
2025-02-14 09:30:55.318 [info] Keybindings: No changes found during synchronizing keybindings.
2025-02-14 09:30:55.319 [info] Snippets: No changes found during synchronizing snippets.
2025-02-14 09:30:55.320 [info] Tasks: No changes found during synchronizing tasks.
2025-02-14 09:30:55.323 [info] GlobalState: No changes found during synchronizing ui state.
2025-02-14 09:30:55.385 [info] Extensions: No changes found during synchronizing extensions.
2025-02-14 09:30:55.386 [info] Profiles: No changes found during synchronizing profiles.
2025-02-14 09:30:55.387 [info] Sync done. Took 282ms
2025-02-14 09:35:55.422 [info] [AutoSync] Triggered by Interval
2025-02-14 09:35:55.423 [info] Sync started.
2025-02-14 09:35:55.658 [info] Settings: No changes found during synchronizing settings.
2025-02-14 09:35:55.659 [info] Keybindings: No changes found during synchronizing keybindings.
2025-02-14 09:35:55.661 [info] Snippets: No changes found during synchronizing snippets.
2025-02-14 09:35:55.662 [info] Tasks: No changes found during synchronizing tasks.
2025-02-14 09:35:55.665 [info] GlobalState: No changes found during synchronizing ui state.
2025-02-14 09:35:55.725 [info] Extensions: No changes found during synchronizing extensions.
2025-02-14 09:35:55.726 [info] Profiles: No changes found during synchronizing profiles.
2025-02-14 09:35:55.727 [info] Sync done. Took 305ms
2025-02-14 09:40:55.762 [info] [AutoSync] Triggered by Interval
2025-02-14 09:40:55.763 [info] Sync started.
2025-02-14 09:40:55.965 [info] Settings: No changes found during synchronizing settings.
2025-02-14 09:40:55.966 [info] Keybindings: No changes found during synchronizing keybindings.
2025-02-14 09:40:55.967 [info] Snippets: No changes found during synchronizing snippets.
2025-02-14 09:40:55.969 [info] Tasks: No changes found during synchronizing tasks.
2025-02-14 09:40:55.971 [info] GlobalState: No changes found during synchronizing ui state.
2025-02-14 09:40:56.032 [info] Extensions: No changes found during synchronizing extensions.
2025-02-14 09:40:56.032 [info] Profiles: No changes found during synchronizing profiles.
2025-02-14 09:40:56.033 [info] Sync done. Took 271ms
2025-02-14 09:45:56.069 [info] [AutoSync] Triggered by Interval
2025-02-14 09:45:56.069 [info] Sync started.
2025-02-14 09:45:56.291 [info] Settings: No changes found during synchronizing settings.
2025-02-14 09:45:56.293 [info] Keybindings: No changes found during synchronizing keybindings.
2025-02-14 09:45:56.294 [info] Snippets: No changes found during synchronizing snippets.
2025-02-14 09:45:56.295 [info] Tasks: No changes found during synchronizing tasks.
2025-02-14 09:45:56.298 [info] GlobalState: No changes found during synchronizing ui state.
2025-02-14 09:45:56.359 [info] Extensions: No changes found during synchronizing extensions.
2025-02-14 09:45:56.360 [info] Profiles: No changes found during synchronizing profiles.
2025-02-14 09:45:56.361 [info] Sync done. Took 293ms
2025-02-14 09:50:56.395 [info] [AutoSync] Triggered by Interval
2025-02-14 09:50:56.396 [info] Sync started.
2025-02-14 09:50:56.605 [info] Settings: No changes found during synchronizing settings.
2025-02-14 09:50:56.607 [info] Keybindings: No changes found during synchronizing keybindings.
2025-02-14 09:50:56.608 [info] Snippets: No changes found during synchronizing snippets.
2025-02-14 09:50:56.609 [info] Tasks: No changes found during synchronizing tasks.
2025-02-14 09:50:56.612 [info] GlobalState: No changes found during synchronizing ui state.
2025-02-14 09:50:56.672 [info] Extensions: No changes found during synchronizing extensions.
2025-02-14 09:50:56.673 [info] Profiles: No changes found during synchronizing profiles.
2025-02-14 09:50:56.673 [info] Sync done. Took 278ms
2025-02-14 09:55:56.709 [info] [AutoSync] Triggered by Interval
2025-02-14 09:55:56.709 [info] Sync started.
2025-02-14 09:55:56.936 [info] Settings: No changes found during synchronizing settings.
2025-02-14 09:55:56.937 [info] Keybindings: No changes found during synchronizing keybindings.
2025-02-14 09:55:56.939 [info] Snippets: No changes found during synchronizing snippets.
2025-02-14 09:55:56.940 [info] Tasks: No changes found during synchronizing tasks.
2025-02-14 09:55:56.943 [info] GlobalState: No changes found during synchronizing ui state.
2025-02-14 09:55:57.004 [info] Extensions: No changes found during synchronizing extensions.
2025-02-14 09:55:57.005 [info] Profiles: No changes found during synchronizing profiles.
2025-02-14 09:55:57.005 [info] Sync done. Took 297ms
2025-02-14 10:00:57.040 [info] [AutoSync] Triggered by Interval
2025-02-14 10:00:57.041 [info] Sync started.
2025-02-14 10:00:57.251 [info] Settings: No changes found during synchronizing settings.
2025-02-14 10:00:57.252 [info] Keybindings: No changes found during synchronizing keybindings.
2025-02-14 10:00:57.254 [info] Snippets: No changes found during synchronizing snippets.
2025-02-14 10:00:57.255 [info] Tasks: No changes found during synchronizing tasks.
2025-02-14 10:00:57.258 [info] GlobalState: No changes found during synchronizing ui state.
2025-02-14 10:00:57.318 [info] Extensions: No changes found during synchronizing extensions.
2025-02-14 10:00:57.319 [info] Profiles: No changes found during synchronizing profiles.
2025-02-14 10:00:57.320 [info] Sync done. Took 279ms
2025-02-14 12:41:38.707 [info] [AutoSync] Triggered by Interval
2025-02-14 12:41:38.707 [info] Sync started.
2025-02-14 12:41:38.943 [info] Settings: No changes found during synchronizing settings.
2025-02-14 12:41:38.945 [info] Keybindings: No changes found during synchronizing keybindings.
2025-02-14 12:41:38.946 [info] Snippets: No changes found during synchronizing snippets.
2025-02-14 12:41:38.948 [info] Tasks: No changes found during synchronizing tasks.
2025-02-14 12:41:38.951 [info] GlobalState: No changes found during synchronizing ui state.
2025-02-14 12:41:39.011 [info] Extensions: No changes found during synchronizing extensions.
2025-02-14 12:41:39.011 [info] Profiles: No changes found during synchronizing profiles.
2025-02-14 12:41:39.012 [info] Sync done. Took 305ms
2025-02-14 12:46:39.044 [info] [AutoSync] Triggered by Interval
2025-02-14 12:46:39.045 [info] Sync started.
2025-02-14 12:46:39.249 [info] Settings: No changes found during synchronizing settings.
2025-02-14 12:46:39.250 [info] Keybindings: No changes found during synchronizing keybindings.
2025-02-14 12:46:39.252 [info] Snippets: No changes found during synchronizing snippets.
2025-02-14 12:46:39.253 [info] Tasks: No changes found during synchronizing tasks.
2025-02-14 12:46:39.256 [info] GlobalState: No changes found during synchronizing ui state.
2025-02-14 12:46:39.316 [info] Extensions: No changes found during synchronizing extensions.
2025-02-14 12:46:39.316 [info] Profiles: No changes found during synchronizing profiles.
2025-02-14 12:46:39.317 [info] Sync done. Took 274ms
2025-02-14 12:51:39.350 [info] [AutoSync] Triggered by Interval
2025-02-14 12:51:39.350 [info] Sync started.
2025-02-14 12:51:39.550 [info] Settings: No changes found during synchronizing settings.
2025-02-14 12:51:39.553 [info] Keybindings: No changes found during synchronizing keybindings.
2025-02-14 12:51:39.554 [info] Snippets: No changes found during synchronizing snippets.
2025-02-14 12:51:39.555 [info] Tasks: No changes found during synchronizing tasks.
2025-02-14 12:51:39.558 [info] GlobalState: No changes found during synchronizing ui state.
2025-02-14 12:51:39.623 [info] Extensions: No changes found during synchronizing extensions.
2025-02-14 12:51:39.624 [info] Profiles: No changes found during synchronizing profiles.
2025-02-14 12:51:39.624 [info] Sync done. Took 275ms
2025-02-14 12:56:39.657 [info] [AutoSync] Triggered by Interval
2025-02-14 12:56:39.657 [info] Sync started.
2025-02-14 12:56:39.879 [info] Settings: No changes found during synchronizing settings.
2025-02-14 12:56:39.880 [info] Keybindings: No changes found during synchronizing keybindings.
2025-02-14 12:56:39.881 [info] Snippets: No changes found during synchronizing snippets.
2025-02-14 12:56:39.882 [info] Tasks: No changes found during synchronizing tasks.
2025-02-14 12:56:39.885 [info] GlobalState: No changes found during synchronizing ui state.
2025-02-14 12:56:39.951 [info] Extensions: No changes found during synchronizing extensions.
2025-02-14 12:56:39.952 [info] Profiles: No changes found during synchronizing profiles.
2025-02-14 12:56:39.953 [info] Sync done. Took 296ms
2025-02-14 13:01:39.986 [info] [AutoSync] Triggered by Interval
2025-02-14 13:01:39.986 [info] Sync started.
2025-02-14 13:01:40.208 [info] Settings: No changes found during synchronizing settings.
2025-02-14 13:01:40.209 [info] Keybindings: No changes found during synchronizing keybindings.
2025-02-14 13:01:40.210 [info] Snippets: No changes found during synchronizing snippets.
2025-02-14 13:01:40.212 [info] Tasks: No changes found during synchronizing tasks.
2025-02-14 13:01:40.214 [info] GlobalState: No changes found during synchronizing ui state.
2025-02-14 13:01:40.276 [info] Extensions: No changes found during synchronizing extensions.
2025-02-14 13:01:40.276 [info] Profiles: No changes found during synchronizing profiles.
2025-02-14 13:01:40.277 [info] Sync done. Took 292ms
