2025-02-14 19:20:36.807 [info] [main] Log level: Info
2025-02-14 19:20:36.807 [info] [main] Validating found git in: "git"
2025-02-14 19:20:36.807 [info] [main] Using git "2.48.1" from "git"
2025-02-14 19:20:36.807 [info] [Model][doInitialScan] Initial repository scan started
2025-02-14 19:20:36.807 [info] > git rev-parse --show-toplevel [5ms]
2025-02-14 19:20:36.807 [info] > git rev-parse --git-dir --git-common-dir [70ms]
2025-02-14 19:20:36.807 [info] [Model][openRepository] Opened repository: /home/chuck/src/self-hosted-ai-starter-kit
2025-02-14 19:20:36.839 [info] > git rev-parse --show-toplevel [14ms]
2025-02-14 19:20:36.840 [info] > git config --get commit.template [23ms]
2025-02-14 19:20:36.859 [info] > git for-each-ref --format=%(refname)%00%(upstream:short)%00%(objectname)%00%(upstream:track)%00%(upstream:remotename)%00%(upstream:remoteref) refs/heads/main refs/remotes/main [5ms]
2025-02-14 19:20:36.860 [info] > git rev-parse --show-toplevel [12ms]
2025-02-14 19:20:36.862 [info] [Model][doInitialScan] Initial repository scan completed - repositories (1), closed repositories (0), parent repositories (0), unsafe repositories (0)
2025-02-14 19:20:36.921 [info] > git status -z -uall [24ms]
2025-02-14 19:20:36.921 [info] > git for-each-ref --sort -committerdate --format %(refname) %(objectname) %(*objectname) [17ms]
2025-02-14 19:20:36.985 [info] > git for-each-ref --format=%(refname)%00%(upstream:short)%00%(objectname)%00%(upstream:track)%00%(upstream:remotename)%00%(upstream:remoteref) refs/heads/main refs/remotes/main [46ms]
2025-02-14 19:20:37.011 [info] > git config --get --local branch.main.vscode-merge-base [18ms]
2025-02-14 19:20:37.020 [info] > git config --get commit.template [70ms]
2025-02-14 19:20:37.020 [info] > git fetch [218ms]
2025-02-14 19:20:37.032 [info] > git for-each-ref --format=%(refname)%00%(upstream:short)%00%(objectname)%00%(upstream:track)%00%(upstream:remotename)%00%(upstream:remoteref) refs/heads/origin/main refs/remotes/origin/main [11ms]
2025-02-14 19:20:37.048 [info] > git config --get commit.template [19ms]
2025-02-14 19:20:37.050 [info] > git for-each-ref --format=%(refname)%00%(upstream:short)%00%(objectname)%00%(upstream:track)%00%(upstream:remotename)%00%(upstream:remoteref) refs/heads/main refs/remotes/main [4ms]
2025-02-14 19:20:37.050 [info] > git merge-base refs/heads/main refs/remotes/origin/main [10ms]
2025-02-14 19:20:37.065 [info] > git diff --name-status -z --diff-filter=ADMR 5a636ed7351a60d6e7b916989758ddd283b39196...refs/remotes/origin/main [8ms]
2025-02-14 19:20:37.077 [info] > git for-each-ref --format=%(refname)%00%(upstream:short)%00%(objectname)%00%(upstream:track)%00%(upstream:remotename)%00%(upstream:remoteref) refs/heads/main refs/remotes/main [14ms]
2025-02-14 19:20:37.092 [info] > git status -z -uall [7ms]
2025-02-14 19:20:37.093 [info] > git for-each-ref --sort -committerdate --format %(refname) %(objectname) %(*objectname) [2ms]
2025-02-14 19:20:37.370 [info] > git check-ignore -v -z --stdin [3ms]
2025-02-14 19:20:40.421 [info] > git config --get commit.template [91ms]
2025-02-14 19:20:40.465 [info] > git for-each-ref --format=%(refname)%00%(upstream:short)%00%(objectname)%00%(upstream:track)%00%(upstream:remotename)%00%(upstream:remoteref) refs/heads/main refs/remotes/main [11ms]
2025-02-14 19:20:40.670 [info] > git status -z -uall [88ms]
2025-02-14 19:20:40.672 [info] > git for-each-ref --sort -committerdate --format %(refname) %(objectname) %(*objectname) [77ms]
2025-02-14 19:20:41.998 [info] > git config --get commit.template [1252ms]
2025-02-14 19:20:42.129 [info] > git for-each-ref --format=%(refname)%00%(upstream:short)%00%(objectname)%00%(upstream:track)%00%(upstream:remotename)%00%(upstream:remoteref) refs/heads/main refs/remotes/main [62ms]
2025-02-14 19:20:42.274 [info] > git status -z -uall [20ms]
2025-02-14 19:20:42.286 [info] > git for-each-ref --sort -committerdate --format %(refname) %(objectname) %(*objectname) [19ms]
2025-02-14 19:20:42.697 [info] > git config --get --local branch.main.github-pr-owner-number [87ms]
2025-02-14 19:20:42.697 [warning] [Git][config] git config failed: Failed to execute git
2025-02-14 19:21:08.053 [info] > git show --textconv :docker-compose.yml [47ms]
2025-02-14 19:21:08.054 [info] > git ls-files --stage -- /home/chuck/src/self-hosted-ai-starter-kit/docker-compose.yml [9ms]
2025-02-14 19:21:08.095 [info] > git cat-file -s 7de56e7f46848bf1804958c0adf55ab536f58c9c [9ms]
2025-02-14 19:21:08.362 [info] > git blame --root --incremental 5a636ed7351a60d6e7b916989758ddd283b39196 -- /home/chuck/src/self-hosted-ai-starter-kit/docker-compose.yml [2ms]
2025-02-14 19:23:37.314 [info] > git fetch [187ms]
2025-02-14 19:23:37.338 [info] > git config --get commit.template [13ms]
2025-02-14 19:23:37.339 [info] > git for-each-ref --format=%(refname)%00%(upstream:short)%00%(objectname)%00%(upstream:track)%00%(upstream:remotename)%00%(upstream:remoteref) refs/heads/main refs/remotes/main [1ms]
2025-02-14 19:23:37.363 [info] > git status -z -uall [12ms]
2025-02-14 19:23:37.364 [info] > git for-each-ref --sort -committerdate --format %(refname) %(objectname) %(*objectname) [1ms]
2025-02-14 19:23:38.462 [info] > git config --get commit.template [10ms]
2025-02-14 19:23:38.462 [info] > git for-each-ref --format=%(refname)%00%(upstream:short)%00%(objectname)%00%(upstream:track)%00%(upstream:remotename)%00%(upstream:remoteref) refs/heads/main refs/remotes/main [1ms]
2025-02-14 19:23:38.482 [info] > git status -z -uall [10ms]
2025-02-14 19:23:38.483 [info] > git for-each-ref --sort -committerdate --format %(refname) %(objectname) %(*objectname) [1ms]
2025-02-14 19:23:38.563 [info] > git ls-files --stage -- /home/chuck/src/self-hosted-ai-starter-kit/docker-compose.yml [2ms]
2025-02-14 19:23:38.583 [info] > git cat-file -s 7de56e7f46848bf1804958c0adf55ab536f58c9c [1ms]
2025-02-14 19:23:38.594 [info] > git show --textconv :docker-compose.yml [1ms]
2025-02-14 19:26:37.576 [info] > git fetch [179ms]
2025-02-14 19:26:37.597 [info] > git config --get commit.template [10ms]
2025-02-14 19:26:37.597 [info] > git for-each-ref --format=%(refname)%00%(upstream:short)%00%(objectname)%00%(upstream:track)%00%(upstream:remotename)%00%(upstream:remoteref) refs/heads/main refs/remotes/main [1ms]
2025-02-14 19:26:37.620 [info] > git status -z -uall [11ms]
2025-02-14 19:26:37.620 [info] > git for-each-ref --sort -committerdate --format %(refname) %(objectname) %(*objectname) [1ms]
2025-02-14 19:26:38.723 [info] > git for-each-ref --format=%(refname)%00%(upstream:short)%00%(objectname)%00%(upstream:track)%00%(upstream:remotename)%00%(upstream:remoteref) refs/heads/main refs/remotes/main [1ms]
2025-02-14 19:26:38.723 [info] > git config --get commit.template [10ms]
2025-02-14 19:26:38.743 [info] > git status -z -uall [10ms]
2025-02-14 19:26:38.744 [info] > git for-each-ref --sort -committerdate --format %(refname) %(objectname) %(*objectname) [1ms]
2025-02-14 19:26:38.815 [info] > git ls-files --stage -- /home/chuck/src/self-hosted-ai-starter-kit/docker-compose.yml [1ms]
2025-02-14 19:26:38.824 [info] > git cat-file -s 7de56e7f46848bf1804958c0adf55ab536f58c9c [1ms]
2025-02-14 19:26:38.835 [info] > git show --textconv :docker-compose.yml [1ms]
2025-02-14 19:27:37.596 [info] > git config --get commit.template [16ms]
2025-02-14 19:27:37.596 [info] > git for-each-ref --format=%(refname)%00%(upstream:short)%00%(objectname)%00%(upstream:track)%00%(upstream:remotename)%00%(upstream:remoteref) refs/heads/main refs/remotes/main [1ms]
2025-02-14 19:27:37.628 [info] > git status -z -uall [15ms]
2025-02-14 19:27:37.629 [info] > git for-each-ref --sort -committerdate --format %(refname) %(objectname) %(*objectname) [1ms]
2025-02-14 19:27:42.659 [info] > git config --get commit.template [14ms]
2025-02-14 19:27:42.660 [info] > git for-each-ref --format=%(refname)%00%(upstream:short)%00%(objectname)%00%(upstream:track)%00%(upstream:remotename)%00%(upstream:remoteref) refs/heads/main refs/remotes/main [1ms]
2025-02-14 19:27:42.684 [info] > git status -z -uall [12ms]
2025-02-14 19:27:42.685 [info] > git for-each-ref --sort -committerdate --format %(refname) %(objectname) %(*objectname) [1ms]
2025-02-14 19:28:19.859 [info] > git check-ignore -v -z --stdin [1ms]
2025-02-14 19:28:38.913 [info] > git check-ignore -v -z --stdin [1ms]
2025-02-14 19:28:41.055 [info] > git show --textconv :.env [18ms]
2025-02-14 19:28:41.056 [info] > git ls-files --stage -- /home/chuck/src/self-hosted-ai-starter-kit/.env [1ms]
2025-02-14 19:28:41.075 [info] > git cat-file -s eb60614682f85e08f106c758e1126b953012c162 [2ms]
2025-02-14 19:28:41.106 [info] > git blame --root --incremental 5a636ed7351a60d6e7b916989758ddd283b39196 -- /home/chuck/src/self-hosted-ai-starter-kit/.env [1ms]
2025-02-14 19:29:03.737 [info] > git show --textconv :docker-compose.yml [13ms]
2025-02-14 19:29:03.737 [info] > git ls-files --stage -- /home/chuck/src/self-hosted-ai-starter-kit/docker-compose.yml [0ms]
2025-02-14 19:29:03.749 [info] > git cat-file -s 7de56e7f46848bf1804958c0adf55ab536f58c9c [0ms]
2025-02-14 19:29:37.818 [info] > git fetch [180ms]
2025-02-14 19:29:37.881 [info] > git config --get commit.template [24ms]
2025-02-14 19:29:37.882 [info] > git for-each-ref --format=%(refname)%00%(upstream:short)%00%(objectname)%00%(upstream:track)%00%(upstream:remotename)%00%(upstream:remoteref) refs/heads/main refs/remotes/main [2ms]
2025-02-14 19:29:37.923 [info] > git status -z -uall [20ms]
2025-02-14 19:29:37.923 [info] > git for-each-ref --sort -committerdate --format %(refname) %(objectname) %(*objectname) [1ms]
2025-02-14 19:29:38.996 [info] > git config --get commit.template [14ms]
2025-02-14 19:29:38.997 [info] > git for-each-ref --format=%(refname)%00%(upstream:short)%00%(objectname)%00%(upstream:track)%00%(upstream:remotename)%00%(upstream:remoteref) refs/heads/main refs/remotes/main [1ms]
2025-02-14 19:29:39.020 [info] > git status -z -uall [12ms]
2025-02-14 19:29:39.021 [info] > git for-each-ref --sort -committerdate --format %(refname) %(objectname) %(*objectname) [0ms]
2025-02-14 19:29:39.058 [info] > git ls-files --stage -- /home/chuck/src/self-hosted-ai-starter-kit/.env [12ms]
2025-02-14 19:29:39.069 [info] > git ls-files --stage -- /home/chuck/src/self-hosted-ai-starter-kit/docker-compose.yml [11ms]
2025-02-14 19:29:39.080 [info] > git cat-file -s eb60614682f85e08f106c758e1126b953012c162 [12ms]
2025-02-14 19:29:39.080 [info] > git cat-file -s 7de56e7f46848bf1804958c0adf55ab536f58c9c [1ms]
2025-02-14 19:29:39.104 [info] > git show --textconv :.env [12ms]
2025-02-14 19:29:39.104 [info] > git show --textconv :docker-compose.yml [1ms]
2025-02-14 19:32:28.041 [info] > git show --textconv :LICENSE [18ms]
2025-02-14 19:32:28.042 [info] > git ls-files --stage -- /home/chuck/src/self-hosted-ai-starter-kit/LICENSE [1ms]
2025-02-14 19:32:28.056 [info] > git cat-file -s 6f8b2bf16eb4ad3045385c008f91359d81f9815d [1ms]
2025-02-14 19:32:36.701 [info] > git show --textconv :README.md [17ms]
2025-02-14 19:32:36.702 [info] > git ls-files --stage -- /home/chuck/src/self-hosted-ai-starter-kit/README.md [2ms]
2025-02-14 19:32:36.715 [info] > git cat-file -s 3acba728e495bfff06a9a8b46c6cff655a935ce6 [0ms]
2025-02-14 19:32:38.179 [info] > git fetch [206ms]
2025-02-14 19:32:38.240 [info] > git config --get commit.template [15ms]
2025-02-14 19:32:38.240 [info] > git for-each-ref --format=%(refname)%00%(upstream:short)%00%(objectname)%00%(upstream:track)%00%(upstream:remotename)%00%(upstream:remoteref) refs/heads/main refs/remotes/main [0ms]
2025-02-14 19:32:38.267 [info] > git status -z -uall [13ms]
2025-02-14 19:32:38.267 [info] > git for-each-ref --sort -committerdate --format %(refname) %(objectname) %(*objectname) [1ms]
2025-02-14 19:32:39.315 [info] > git config --get commit.template [3ms]
2025-02-14 19:32:39.333 [info] > git for-each-ref --format=%(refname)%00%(upstream:short)%00%(objectname)%00%(upstream:track)%00%(upstream:remotename)%00%(upstream:remoteref) refs/heads/main refs/remotes/main [1ms]
2025-02-14 19:32:39.368 [info] > git status -z -uall [17ms]
2025-02-14 19:32:39.369 [info] > git for-each-ref --sort -committerdate --format %(refname) %(objectname) %(*objectname) [1ms]
2025-02-14 19:32:39.434 [info] > git ls-files --stage -- /home/chuck/src/self-hosted-ai-starter-kit/LICENSE [21ms]
2025-02-14 19:32:39.452 [info] > git ls-files --stage -- /home/chuck/src/self-hosted-ai-starter-kit/README.md [18ms]
2025-02-14 19:32:39.470 [info] > git cat-file -s 6f8b2bf16eb4ad3045385c008f91359d81f9815d [18ms]
2025-02-14 19:32:39.471 [info] > git cat-file -s 3acba728e495bfff06a9a8b46c6cff655a935ce6 [1ms]
2025-02-14 19:32:39.508 [info] > git show --textconv :LICENSE [18ms]
2025-02-14 19:32:39.509 [info] > git show --textconv :README.md [1ms]
2025-02-14 19:32:55.874 [info] > git blame --root --incremental 5a636ed7351a60d6e7b916989758ddd283b39196 -- /home/chuck/src/self-hosted-ai-starter-kit/README.md [2ms]
2025-02-14 19:36:07.465 [info] > git check-ignore -v -z --stdin [0ms]
2025-02-14 19:39:25.478 [info] > git config --get commit.template [19ms]
2025-02-14 19:39:25.478 [info] > git ls-files --stage -- /home/chuck/src/self-hosted-ai-starter-kit/README.md [1ms]
2025-02-14 19:39:25.513 [info] > git cat-file -s 3acba728e495bfff06a9a8b46c6cff655a935ce6 [18ms]
2025-02-14 19:39:25.514 [info] > git for-each-ref --format=%(refname)%00%(upstream:short)%00%(objectname)%00%(upstream:track)%00%(upstream:remotename)%00%(upstream:remoteref) refs/heads/main refs/remotes/main [2ms]
2025-02-14 19:39:25.567 [info] > git show --textconv :README.md [36ms]
2025-02-14 19:39:25.567 [info] > git status -z -uall [17ms]
2025-02-14 19:39:25.568 [info] > git for-each-ref --sort -committerdate --format %(refname) %(objectname) %(*objectname) [2ms]
2025-02-14 19:39:25.610 [info] > git fetch [169ms]
2025-02-14 19:39:25.646 [info] > git for-each-ref --format=%(refname)%00%(upstream:short)%00%(objectname)%00%(upstream:track)%00%(upstream:remotename)%00%(upstream:remoteref) refs/heads/main refs/remotes/main [1ms]
2025-02-14 19:39:25.647 [info] > git config --get commit.template [20ms]
2025-02-14 19:39:25.679 [info] > git status -z -uall [15ms]
2025-02-14 19:39:25.680 [info] > git for-each-ref --sort -committerdate --format %(refname) %(objectname) %(*objectname) [1ms]
2025-02-14 19:39:26.876 [info] > git ls-files --stage -- /home/chuck/src/self-hosted-ai-starter-kit/README.md [0ms]
2025-02-14 19:39:26.893 [info] > git cat-file -s 3acba728e495bfff06a9a8b46c6cff655a935ce6 [1ms]
2025-02-14 19:39:26.910 [info] > git show --textconv :README.md [1ms]
2025-02-14 19:39:30.599 [info] > git config --get commit.template [12ms]
2025-02-14 19:39:30.599 [info] > git for-each-ref --format=%(refname)%00%(upstream:short)%00%(objectname)%00%(upstream:track)%00%(upstream:remotename)%00%(upstream:remoteref) refs/heads/main refs/remotes/main [1ms]
2025-02-14 19:39:30.623 [info] > git status -z -uall [12ms]
2025-02-14 19:39:30.624 [info] > git for-each-ref --sort -committerdate --format %(refname) %(objectname) %(*objectname) [1ms]
2025-02-14 19:42:45.675 [info] > git fetch [217ms]
2025-02-14 19:42:45.693 [info] > git config --get commit.template [1ms]
2025-02-14 19:42:45.710 [info] > git for-each-ref --format=%(refname)%00%(upstream:short)%00%(objectname)%00%(upstream:track)%00%(upstream:remotename)%00%(upstream:remoteref) refs/heads/main refs/remotes/main [1ms]
2025-02-14 19:42:45.742 [info] > git status -z -uall [16ms]
2025-02-14 19:42:45.742 [info] > git for-each-ref --sort -committerdate --format %(refname) %(objectname) %(*objectname) [1ms]
2025-02-14 19:42:46.830 [info] > git config --get commit.template [16ms]
2025-02-14 19:42:46.831 [info] > git for-each-ref --format=%(refname)%00%(upstream:short)%00%(objectname)%00%(upstream:track)%00%(upstream:remotename)%00%(upstream:remoteref) refs/heads/main refs/remotes/main [1ms]
2025-02-14 19:42:46.863 [info] > git status -z -uall [16ms]
2025-02-14 19:42:46.864 [info] > git for-each-ref --sort -committerdate --format %(refname) %(objectname) %(*objectname) [1ms]
2025-02-14 19:42:46.915 [info] > git ls-files --stage -- /home/chuck/src/self-hosted-ai-starter-kit/README.md [1ms]
2025-02-14 19:42:46.931 [info] > git cat-file -s 3acba728e495bfff06a9a8b46c6cff655a935ce6 [1ms]
2025-02-14 19:42:46.948 [info] > git show --textconv :README.md [1ms]
2025-02-14 19:43:03.170 [info] > git show --textconv :.env [29ms]
2025-02-14 19:43:03.173 [info] > git ls-files --stage -- /home/chuck/src/self-hosted-ai-starter-kit/.env [4ms]
2025-02-14 19:43:03.192 [info] > git cat-file -s eb60614682f85e08f106c758e1126b953012c162 [1ms]
2025-02-14 19:48:52.591 [info] > git fetch [178ms]
2025-02-14 19:48:52.635 [info] > git config --get commit.template [22ms]
2025-02-14 19:48:52.635 [info] > git for-each-ref --format=%(refname)%00%(upstream:short)%00%(objectname)%00%(upstream:track)%00%(upstream:remotename)%00%(upstream:remoteref) refs/heads/main refs/remotes/main [1ms]
2025-02-14 19:48:52.679 [info] > git status -z -uall [23ms]
2025-02-14 19:48:52.680 [info] > git for-each-ref --sort -committerdate --format %(refname) %(objectname) %(*objectname) [2ms]
2025-02-14 19:48:54.049 [info] > git config --get commit.template [1ms]
2025-02-14 19:48:54.086 [info] > git ls-files --stage -- /home/chuck/src/self-hosted-ai-starter-kit/.env [18ms]
2025-02-14 19:48:54.103 [info] > git for-each-ref --format=%(refname)%00%(upstream:short)%00%(objectname)%00%(upstream:track)%00%(upstream:remotename)%00%(upstream:remoteref) refs/heads/main refs/remotes/main [18ms]
2025-02-14 19:48:54.138 [info] > git status -z -uall [18ms]
2025-02-14 19:48:54.138 [info] > git cat-file -s eb60614682f85e08f106c758e1126b953012c162 [35ms]
2025-02-14 19:48:54.139 [info] > git for-each-ref --sort -committerdate --format %(refname) %(objectname) %(*objectname) [2ms]
2025-02-14 19:48:54.160 [info] > git show --textconv :.env [1ms]
2025-02-14 19:49:08.773 [info] > git config --get commit.template [3ms]
2025-02-14 19:49:08.798 [info] > git for-each-ref --format=%(refname)%00%(upstream:short)%00%(objectname)%00%(upstream:track)%00%(upstream:remotename)%00%(upstream:remoteref) refs/heads/main refs/remotes/main [2ms]
2025-02-14 19:49:08.836 [info] > git status -z -uall [20ms]
2025-02-14 19:49:08.837 [info] > git for-each-ref --sort -committerdate --format %(refname) %(objectname) %(*objectname) [1ms]
2025-02-14 19:49:14.914 [info] > git config --get commit.template [2ms]
2025-02-14 19:49:14.930 [info] > git for-each-ref --format=%(refname)%00%(upstream:short)%00%(objectname)%00%(upstream:track)%00%(upstream:remotename)%00%(upstream:remoteref) refs/heads/main refs/remotes/main [1ms]
2025-02-14 19:49:14.957 [info] > git status -z -uall [14ms]
2025-02-14 19:49:14.958 [info] > git for-each-ref --sort -committerdate --format %(refname) %(objectname) %(*objectname) [1ms]
2025-02-14 19:49:22.665 [info] > git config --get commit.template [13ms]
2025-02-14 19:49:22.666 [info] > git for-each-ref --format=%(refname)%00%(upstream:short)%00%(objectname)%00%(upstream:track)%00%(upstream:remotename)%00%(upstream:remoteref) refs/heads/main refs/remotes/main [1ms]
2025-02-14 19:49:22.707 [info] > git status -z -uall [27ms]
2025-02-14 19:49:22.707 [info] > git for-each-ref --sort -committerdate --format %(refname) %(objectname) %(*objectname) [14ms]
2025-02-14 19:49:27.737 [info] > git config --get commit.template [13ms]
2025-02-14 19:49:27.738 [info] > git for-each-ref --format=%(refname)%00%(upstream:short)%00%(objectname)%00%(upstream:track)%00%(upstream:remotename)%00%(upstream:remoteref) refs/heads/main refs/remotes/main [1ms]
2025-02-14 19:49:27.765 [info] > git status -z -uall [15ms]
2025-02-14 19:49:27.766 [info] > git for-each-ref --sort -committerdate --format %(refname) %(objectname) %(*objectname) [1ms]
2025-02-14 19:49:42.816 [info] > git config --get commit.template [13ms]
2025-02-14 19:49:42.816 [info] > git for-each-ref --format=%(refname)%00%(upstream:short)%00%(objectname)%00%(upstream:track)%00%(upstream:remotename)%00%(upstream:remoteref) refs/heads/main refs/remotes/main [1ms]
2025-02-14 19:49:42.842 [info] > git status -z -uall [13ms]
2025-02-14 19:49:42.843 [info] > git for-each-ref --sort -committerdate --format %(refname) %(objectname) %(*objectname) [1ms]
2025-02-14 19:49:52.333 [info] > git config --get commit.template [14ms]
2025-02-14 19:49:52.333 [info] > git for-each-ref --format=%(refname)%00%(upstream:short)%00%(objectname)%00%(upstream:track)%00%(upstream:remotename)%00%(upstream:remoteref) refs/heads/main refs/remotes/main [1ms]
2025-02-14 19:49:52.362 [info] > git status -z -uall [15ms]
2025-02-14 19:49:52.363 [info] > git for-each-ref --sort -committerdate --format %(refname) %(objectname) %(*objectname) [1ms]
2025-02-14 19:50:03.621 [info] > git config --get commit.template [14ms]
2025-02-14 19:50:03.622 [info] > git for-each-ref --format=%(refname)%00%(upstream:short)%00%(objectname)%00%(upstream:track)%00%(upstream:remotename)%00%(upstream:remoteref) refs/heads/main refs/remotes/main [0ms]
2025-02-14 19:50:03.651 [info] > git status -z -uall [15ms]
2025-02-14 19:50:03.652 [info] > git for-each-ref --sort -committerdate --format %(refname) %(objectname) %(*objectname) [2ms]
2025-02-14 19:50:46.849 [info] > git add -A -- . [2ms]
2025-02-14 19:50:46.876 [info] > git -c user.useConfigOnly=true commit --quiet --allow-empty-message --file - [4ms]
2025-02-14 19:50:46.900 [info] > git config --get commit.template [0ms]
2025-02-14 19:50:46.931 [info] > git config --get commit.template [4ms]
2025-02-14 19:50:46.958 [info] > git for-each-ref --format=%(refname)%00%(upstream:short)%00%(objectname)%00%(upstream:track)%00%(upstream:remotename)%00%(upstream:remoteref) refs/heads/main refs/remotes/main [1ms]
2025-02-14 19:50:47.000 [info] > git status -z -uall [20ms]
2025-02-14 19:50:47.000 [info] > git for-each-ref --sort -committerdate --format %(refname) %(objectname) %(*objectname) [1ms]
2025-02-14 19:50:47.163 [info] > git merge-base refs/heads/main refs/remotes/origin/main [116ms]
2025-02-14 19:50:47.184 [info] > git blame --root --incremental 4df47ec64200c70fa3c1a6625a8694fc44ed19b2 -- /home/chuck/src/self-hosted-ai-starter-kit/.env [161ms]
2025-02-14 19:50:47.208 [info] > git diff --name-status -z --diff-filter=ADMR 5a636ed7351a60d6e7b916989758ddd283b39196...refs/remotes/origin/main [25ms]
2025-02-14 19:50:47.230 [info] > git config --get --local branch.main.github-pr-owner-number [23ms]
2025-02-14 19:50:47.230 [warning] [Git][config] git config failed: Failed to execute git
2025-02-14 19:50:47.259 [info] > git config --get commit.template [29ms]
2025-02-14 19:50:47.282 [info] > git for-each-ref --format=%(refname)%00%(upstream:short)%00%(objectname)%00%(upstream:track)%00%(upstream:remotename)%00%(upstream:remoteref) refs/heads/main refs/remotes/main [1ms]
2025-02-14 19:50:47.321 [info] > git status -z -uall [20ms]
2025-02-14 19:50:47.322 [info] > git for-each-ref --sort -committerdate --format %(refname) %(objectname) %(*objectname) [2ms]
2025-02-14 19:50:48.299 [info] > git ls-files --stage -- /home/chuck/src/self-hosted-ai-starter-kit/.env [1ms]
2025-02-14 19:50:48.312 [info] > git cat-file -s be6a79b8c9d43b19d967f4eb11d87dd1be6090b5 [1ms]
2025-02-14 19:50:48.327 [info] > git show --textconv :.env [0ms]
2025-02-14 19:50:51.987 [info] > git log --oneline --cherry main...main@{upstream} -- [2ms]
2025-02-14 19:50:52.245 [info] > git pull --tags origin main [237ms]
2025-02-14 19:50:52.245 [info] From https://github.com/Parad1gmSh1ft72/self-hosted-ai-starter-kit
 * branch            main       -> FETCH_HEAD
2025-02-14 19:50:53.078 [info] > git push origin main:main [813ms]
2025-02-14 19:50:53.078 [info] To https://github.com/Parad1gmSh1ft72/self-hosted-ai-starter-kit.git
   5a636ed..4df47ec  main -> main
2025-02-14 19:50:53.118 [info] > git config --get commit.template [21ms]
2025-02-14 19:50:53.118 [info] > git for-each-ref --format=%(refname)%00%(upstream:short)%00%(objectname)%00%(upstream:track)%00%(upstream:remotename)%00%(upstream:remoteref) refs/heads/main refs/remotes/main [2ms]
2025-02-14 19:50:53.160 [info] > git status -z -uall [23ms]
2025-02-14 19:50:53.160 [info] > git for-each-ref --sort -committerdate --format %(refname) %(objectname) %(*objectname) [2ms]
2025-02-14 19:50:53.202 [info] > git merge-base refs/heads/main refs/remotes/origin/main [5ms]
2025-02-14 19:50:53.250 [info] > git diff --name-status -z --diff-filter=ADMR 4df47ec64200c70fa3c1a6625a8694fc44ed19b2...refs/remotes/origin/main [21ms]
2025-02-14 19:50:53.251 [info] > git config --get --local branch.main.github-pr-owner-number [2ms]
2025-02-14 19:50:53.251 [warning] [Git][config] git config failed: Failed to execute git
2025-02-14 19:50:54.241 [info] > git config --get commit.template [20ms]
2025-02-14 19:50:54.241 [info] > git for-each-ref --format=%(refname)%00%(upstream:short)%00%(objectname)%00%(upstream:track)%00%(upstream:remotename)%00%(upstream:remoteref) refs/heads/main refs/remotes/main [1ms]
2025-02-14 19:50:54.279 [info] > git status -z -uall [19ms]
2025-02-14 19:50:54.279 [info] > git for-each-ref --sort -committerdate --format %(refname) %(objectname) %(*objectname) [0ms]
2025-02-14 19:50:54.320 [info] > git ls-files --stage -- /home/chuck/src/self-hosted-ai-starter-kit/.env [1ms]
2025-02-14 19:50:54.340 [info] > git cat-file -s be6a79b8c9d43b19d967f4eb11d87dd1be6090b5 [2ms]
2025-02-14 19:50:54.360 [info] > git show --textconv :.env [1ms]
2025-02-14 19:53:06.233 [info] > git fetch [166ms]
2025-02-14 19:53:06.251 [info] > git config --get commit.template [2ms]
2025-02-14 19:53:06.270 [info] > git for-each-ref --format=%(refname)%00%(upstream:short)%00%(objectname)%00%(upstream:track)%00%(upstream:remotename)%00%(upstream:remoteref) refs/heads/main refs/remotes/main [1ms]
2025-02-14 19:53:06.305 [info] > git status -z -uall [18ms]
2025-02-14 19:53:06.305 [info] > git for-each-ref --sort -committerdate --format %(refname) %(objectname) %(*objectname) [1ms]
2025-02-14 19:53:07.409 [info] > git config --get commit.template [20ms]
2025-02-14 19:53:07.431 [info] > git for-each-ref --format=%(refname)%00%(upstream:short)%00%(objectname)%00%(upstream:track)%00%(upstream:remotename)%00%(upstream:remoteref) refs/heads/main refs/remotes/main [22ms]
2025-02-14 19:53:07.474 [info] > git status -z -uall [22ms]
2025-02-14 19:53:07.474 [info] > git for-each-ref --sort -committerdate --format %(refname) %(objectname) %(*objectname) [1ms]
2025-02-14 19:53:07.497 [info] > git ls-files --stage -- /home/chuck/src/self-hosted-ai-starter-kit/.env [2ms]
2025-02-14 19:53:07.516 [info] > git cat-file -s be6a79b8c9d43b19d967f4eb11d87dd1be6090b5 [2ms]
2025-02-14 19:53:07.536 [info] > git show --textconv :.env [1ms]
2025-02-14 20:05:07.419 [info] > git fetch [176ms]
2025-02-14 20:05:07.453 [info] > git config --get commit.template [17ms]
2025-02-14 20:05:07.453 [info] > git for-each-ref --format=%(refname)%00%(upstream:short)%00%(objectname)%00%(upstream:track)%00%(upstream:remotename)%00%(upstream:remoteref) refs/heads/main refs/remotes/main [0ms]
2025-02-14 20:05:07.486 [info] > git status -z -uall [17ms]
2025-02-14 20:05:07.486 [info] > git for-each-ref --sort -committerdate --format %(refname) %(objectname) %(*objectname) [1ms]
2025-02-14 20:05:15.329 [info] > git config --get commit.template [0ms]
2025-02-14 20:05:15.368 [info] > git ls-files --stage -- /home/chuck/src/self-hosted-ai-starter-kit/.env [18ms]
2025-02-14 20:05:15.389 [info] > git for-each-ref --format=%(refname)%00%(upstream:short)%00%(objectname)%00%(upstream:track)%00%(upstream:remotename)%00%(upstream:remoteref) refs/heads/main refs/remotes/main [22ms]
2025-02-14 20:05:15.389 [info] > git cat-file -s be6a79b8c9d43b19d967f4eb11d87dd1be6090b5 [1ms]
2025-02-14 20:05:15.427 [info] > git status -z -uall [18ms]
2025-02-14 20:05:15.447 [info] > git for-each-ref --sort -committerdate --format %(refname) %(objectname) %(*objectname) [20ms]
2025-02-14 20:05:15.449 [info] > git show --textconv :.env [3ms]
2025-02-14 21:21:09.957 [info] > git config --get commit.template [48ms]
2025-02-14 21:21:09.958 [info] > git ls-files --stage -- /home/chuck/src/self-hosted-ai-starter-kit/.env [1ms]
2025-02-14 21:21:10.010 [info] > git cat-file -s be6a79b8c9d43b19d967f4eb11d87dd1be6090b5 [25ms]
2025-02-14 21:21:10.010 [info] > git for-each-ref --format=%(refname)%00%(upstream:short)%00%(objectname)%00%(upstream:track)%00%(upstream:remotename)%00%(upstream:remoteref) refs/heads/main refs/remotes/main [1ms]
2025-02-14 21:21:10.058 [info] > git status -z -uall [25ms]
2025-02-14 21:21:10.058 [info] > git fetch [176ms]
2025-02-14 21:21:10.058 [info] > git for-each-ref --sort -committerdate --format %(refname) %(objectname) %(*objectname) [3ms] (cancelled)
2025-02-14 21:21:10.115 [info] > git show --textconv :.env [26ms]
2025-02-14 21:21:10.115 [info] > git config --get commit.template [1ms]
2025-02-14 21:21:10.140 [info] > git for-each-ref --format=%(refname)%00%(upstream:short)%00%(objectname)%00%(upstream:track)%00%(upstream:remotename)%00%(upstream:remoteref) refs/heads/main refs/remotes/main [1ms]
2025-02-14 21:21:10.189 [info] > git status -z -uall [25ms]
2025-02-14 21:21:10.189 [info] > git for-each-ref --sort -committerdate --format %(refname) %(objectname) %(*objectname) [1ms]
2025-02-14 21:33:46.881 [info] > git ls-files --stage -- /home/chuck/src/self-hosted-ai-starter-kit/.env [1ms]
2025-02-14 21:33:46.904 [info] > git cat-file -s be6a79b8c9d43b19d967f4eb11d87dd1be6090b5 [1ms]
2025-02-14 21:33:46.928 [info] > git show --textconv :.env [1ms]
2025-02-14 21:33:47.011 [info] > git fetch [156ms]
2025-02-14 21:33:47.058 [info] > git config --get commit.template [23ms]
2025-02-14 21:33:47.059 [info] > git for-each-ref --format=%(refname)%00%(upstream:short)%00%(objectname)%00%(upstream:track)%00%(upstream:remotename)%00%(upstream:remoteref) refs/heads/main refs/remotes/main [1ms]
2025-02-14 21:33:47.105 [info] > git status -z -uall [23ms]
2025-02-14 21:33:47.105 [info] > git for-each-ref --sort -committerdate --format %(refname) %(objectname) %(*objectname) [1ms]
2025-02-14 21:33:48.181 [info] > git config --get commit.template [23ms]
2025-02-14 21:33:48.182 [info] > git for-each-ref --format=%(refname)%00%(upstream:short)%00%(objectname)%00%(upstream:track)%00%(upstream:remotename)%00%(upstream:remoteref) refs/heads/main refs/remotes/main [1ms]
2025-02-14 21:33:48.232 [info] > git status -z -uall [27ms]
2025-02-14 21:33:48.232 [info] > git for-each-ref --sort -committerdate --format %(refname) %(objectname) %(*objectname) [1ms]
2025-02-14 21:33:48.263 [info] > git ls-files --stage -- /home/chuck/src/self-hosted-ai-starter-kit/.env [0ms]
2025-02-14 21:33:48.289 [info] > git cat-file -s be6a79b8c9d43b19d967f4eb11d87dd1be6090b5 [0ms]
2025-02-14 21:33:48.316 [info] > git show --textconv :.env [1ms]
2025-02-14 21:34:21.406 [info] [main] Log level: Info
2025-02-14 21:34:21.406 [info] [main] Validating found git in: "git"
2025-02-14 21:34:21.406 [info] [main] Using git "2.48.1" from "git"
2025-02-14 21:34:21.406 [info] [Model][doInitialScan] Initial repository scan started
2025-02-14 21:34:21.406 [info] > git rev-parse --show-toplevel [19ms]
2025-02-14 21:34:21.468 [info] > git rev-parse --git-dir --git-common-dir [33ms]
2025-02-14 21:34:21.493 [info] [Model][openRepository] Opened repository: /home/chuck/src/self-hosted-ai-starter-kit
2025-02-14 21:34:21.544 [info] > git rev-parse --show-toplevel [3ms]
2025-02-14 21:34:21.545 [info] > git config --get commit.template [16ms]
2025-02-14 21:34:21.586 [info] > git rev-parse --show-toplevel [24ms]
2025-02-14 21:34:21.631 [info] > git for-each-ref --format=%(refname)%00%(upstream:short)%00%(objectname)%00%(upstream:track)%00%(upstream:remotename)%00%(upstream:remoteref) refs/heads/main refs/remotes/main [46ms]
2025-02-14 21:34:21.668 [info] > git rev-parse --show-toplevel [59ms]
2025-02-14 21:34:21.669 [info] [Model][doInitialScan] Initial repository scan completed - repositories (1), closed repositories (0), parent repositories (0), unsafe repositories (0)
2025-02-14 21:34:21.685 [info] > git fetch [193ms]
2025-02-14 21:34:21.718 [info] > git ls-files --stage -- /home/chuck/src/self-hosted-ai-starter-kit/.env [33ms]
2025-02-14 21:34:21.733 [info] > git config --get commit.template [16ms]
2025-02-14 21:34:21.756 [info] > git cat-file -s be6a79b8c9d43b19d967f4eb11d87dd1be6090b5 [24ms]
2025-02-14 21:34:21.786 [info] > git for-each-ref --format=%(refname)%00%(upstream:short)%00%(objectname)%00%(upstream:track)%00%(upstream:remotename)%00%(upstream:remoteref) refs/heads/main refs/remotes/main [34ms]
2025-02-14 21:34:21.807 [info] > git config --get --local branch.main.vscode-merge-base [5ms]
2025-02-14 21:34:21.820 [info] > git for-each-ref --format=%(refname)%00%(upstream:short)%00%(objectname)%00%(upstream:track)%00%(upstream:remotename)%00%(upstream:remoteref) refs/heads/main refs/remotes/main [34ms]
2025-02-14 21:34:21.820 [info] > git config --get commit.template [46ms]
2025-02-14 21:34:21.840 [info] > git show --textconv :.env [5ms]
2025-02-14 21:34:21.841 [info] > git for-each-ref --format=%(refname)%00%(upstream:short)%00%(objectname)%00%(upstream:track)%00%(upstream:remotename)%00%(upstream:remoteref) refs/heads/origin/main refs/remotes/origin/main [22ms]
2025-02-14 21:34:21.911 [info] > git merge-base refs/heads/main refs/remotes/origin/main [56ms]
2025-02-14 21:34:21.944 [info] > git diff --name-status -z --diff-filter=ADMR 4df47ec64200c70fa3c1a6625a8694fc44ed19b2...refs/remotes/origin/main [22ms]
2025-02-14 21:34:21.944 [info] > git for-each-ref --format=%(refname)%00%(upstream:short)%00%(objectname)%00%(upstream:track)%00%(upstream:remotename)%00%(upstream:remoteref) refs/heads/main refs/remotes/main [55ms]
2025-02-14 21:34:22.027 [info] > git status -z -uall [32ms]
2025-02-14 21:34:22.043 [info] > git blame --root --incremental 4df47ec64200c70fa3c1a6625a8694fc44ed19b2 -- /home/chuck/src/self-hosted-ai-starter-kit/.env [17ms]
2025-02-14 21:34:22.047 [info] > git for-each-ref --sort -committerdate --format %(refname) %(objectname) %(*objectname) [36ms]
2025-02-14 21:34:22.078 [info] > git check-ignore -v -z --stdin [2ms]
2025-02-14 21:34:25.653 [info] > git ls-files --stage -- /home/chuck/src/self-hosted-ai-starter-kit/.env [92ms]
2025-02-14 21:34:25.702 [info] > git cat-file -s be6a79b8c9d43b19d967f4eb11d87dd1be6090b5 [33ms]
2025-02-14 21:34:25.759 [info] > git show --textconv :.env [29ms]
2025-02-14 21:34:26.023 [info] > git config --get commit.template [61ms]
2025-02-14 21:34:27.455 [info] > git for-each-ref --format=%(refname)%00%(upstream:short)%00%(objectname)%00%(upstream:track)%00%(upstream:remotename)%00%(upstream:remoteref) refs/heads/main refs/remotes/main [1281ms]
2025-02-14 21:34:27.672 [info] > git status -z -uall [19ms]
2025-02-14 21:34:27.714 [info] > git for-each-ref --sort -committerdate --format %(refname) %(objectname) %(*objectname) [46ms]
2025-02-14 21:34:28.189 [info] > git config --get --local branch.main.github-pr-owner-number [90ms]
2025-02-14 21:34:28.189 [warning] [Git][config] git config failed: Failed to execute git
2025-02-14 21:34:45.659 [info] > git show --textconv :.env [19ms]
2025-02-14 21:34:45.660 [info] > git ls-files --stage -- /home/chuck/src/self-hosted-ai-starter-kit/.env [2ms]
2025-02-14 21:34:45.726 [info] > git cat-file -s be6a79b8c9d43b19d967f4eb11d87dd1be6090b5 [48ms]
2025-02-14 21:34:48.395 [info] > git show --textconv :docker-compose.yml [13ms]
2025-02-14 21:34:48.396 [info] > git ls-files --stage -- /home/chuck/src/self-hosted-ai-starter-kit/docker-compose.yml [1ms]
2025-02-14 21:34:48.412 [info] > git cat-file -s 7de56e7f46848bf1804958c0adf55ab536f58c9c [1ms]
2025-02-14 21:34:48.434 [info] > git blame --root --incremental 4df47ec64200c70fa3c1a6625a8694fc44ed19b2 -- /home/chuck/src/self-hosted-ai-starter-kit/docker-compose.yml [3ms]
2025-02-14 21:34:54.323 [info] > git check-ignore -v -z --stdin [1ms]
2025-02-14 21:35:06.430 [info] > git config --get commit.template [14ms]
2025-02-14 21:35:06.431 [info] > git for-each-ref --format=%(refname)%00%(upstream:short)%00%(objectname)%00%(upstream:track)%00%(upstream:remotename)%00%(upstream:remoteref) refs/heads/main refs/remotes/main [0ms]
2025-02-14 21:35:06.460 [info] > git status -z -uall [15ms]
2025-02-14 21:35:06.460 [info] > git for-each-ref --sort -committerdate --format %(refname) %(objectname) %(*objectname) [0ms]
