2025-02-12 09:01:46.646 [info] Reading sessions from keychain...
2025-02-12 09:01:46.646 [info] Getting sessions for all scopes...
2025-02-12 09:01:46.646 [info] Getting sessions for all scopes...
2025-02-12 09:01:46.646 [info] Got stored sessions!
2025-02-12 09:01:46.646 [info] Got 3 verified sessions.
2025-02-12 09:01:46.646 [info] Got 3 sessions for ...
2025-02-12 09:01:46.646 [info] Got 3 sessions for ...
2025-02-12 09:01:46.646 [info] Getting sessions for all scopes...
2025-02-12 09:01:46.646 [info] Got 3 sessions for ...
2025-02-12 09:01:46.646 [info] Getting sessions for all scopes...
2025-02-12 09:01:46.646 [info] Got 3 sessions for ...
2025-02-12 09:01:46.646 [info] Getting sessions for all scopes...
2025-02-12 09:01:46.646 [info] Got 3 sessions for ...
2025-02-12 09:01:46.646 [info] Getting sessions for all scopes...
2025-02-12 09:01:46.646 [info] Got 3 sessions for ...
2025-02-12 09:01:46.646 [info] Getting sessions for all scopes...
2025-02-12 09:01:46.646 [info] Got 3 sessions for ...
2025-02-12 09:01:46.658 [info] Getting sessions for user:email...
2025-02-12 09:01:46.658 [info] Got 1 sessions for user:email...
2025-02-12 09:01:48.206 [info] Getting sessions for read:user,repo,user:email...
2025-02-12 09:01:48.206 [info] Got 1 sessions for read:user,repo,user:email...
2025-02-12 09:01:48.249 [info] Getting sessions for project,read:org,read:user,repo,user:email,workflow...
2025-02-12 09:01:48.249 [info] Got 0 sessions for project,read:org,read:user,repo,user:email,workflow...
2025-02-12 09:01:48.305 [info] Getting sessions for all scopes...
2025-02-12 09:01:48.305 [info] Got 3 sessions for ...
2025-02-12 09:01:48.405 [info] Getting sessions for read:user,repo,user:email,workflow...
2025-02-12 09:01:48.405 [info] Got 1 sessions for read:user,repo,user:email,workflow...
2025-02-12 09:01:48.622 [info] Getting sessions for user:email...
2025-02-12 09:01:48.622 [info] Got 1 sessions for user:email...
2025-02-12 09:01:48.647 [info] Getting sessions for user:email...
2025-02-12 09:01:48.648 [info] Got 1 sessions for user:email...
2025-02-12 09:01:57.942 [info] Getting sessions for read:user,repo,user:email...
2025-02-12 09:01:57.942 [info] Got 1 sessions for read:user,repo,user:email...
2025-02-12 09:02:00.107 [info] Getting sessions for read:user,repo,user:email,workflow...
2025-02-12 09:02:00.107 [info] Got 1 sessions for read:user,repo,user:email,workflow...
2025-02-12 09:02:00.107 [info] Getting sessions for all scopes...
2025-02-12 09:02:00.107 [info] Got 3 sessions for ...
2025-02-12 09:02:00.107 [info] Getting sessions for all scopes...
2025-02-12 09:02:00.107 [info] Got 3 sessions for ...
2025-02-12 09:02:00.375 [info] Getting sessions for read:user,repo,user:email,workflow...
2025-02-12 09:02:00.375 [info] Got 1 sessions for read:user,repo,user:email,workflow...
2025-02-12 09:02:01.948 [info] Getting sessions for all scopes...
2025-02-12 09:02:01.948 [info] Got 3 sessions for ...
2025-02-12 09:02:01.949 [info] Getting sessions for all scopes...
2025-02-12 09:02:01.949 [info] Got 3 sessions for ...
2025-02-12 09:02:01.950 [info] Getting sessions for read:user,repo,user:email,workflow...
2025-02-12 09:02:01.950 [info] Got 1 sessions for read:user,repo,user:email,workflow...
2025-02-12 09:02:02.146 [info] Getting sessions for read:user,repo,user:email,workflow...
2025-02-12 09:02:02.146 [info] Got 1 sessions for read:user,repo,user:email,workflow...
2025-02-12 09:02:02.369 [info] Getting sessions for all scopes...
2025-02-12 09:02:02.369 [info] Got 3 sessions for ...
2025-02-12 09:02:02.529 [info] Getting sessions for read:user,repo,user:email,workflow...
2025-02-12 09:02:02.529 [info] Got 1 sessions for read:user,repo,user:email,workflow...
2025-02-12 09:02:02.698 [info] Getting sessions for read:user,repo,user:email...
2025-02-12 09:02:02.698 [info] Got 1 sessions for read:user,repo,user:email...
2025-02-12 09:02:02.942 [info] Getting sessions for all scopes...
2025-02-12 09:02:02.942 [info] Got 3 sessions for ...
2025-02-12 09:02:02.943 [info] Getting sessions for all scopes...
2025-02-12 09:02:02.943 [info] Got 3 sessions for ...
2025-02-12 09:02:02.960 [info] Getting sessions for read:user,repo,user:email,workflow...
2025-02-12 09:02:02.960 [info] Got 1 sessions for read:user,repo,user:email,workflow...
2025-02-12 09:02:03.148 [info] Getting sessions for all scopes...
2025-02-12 09:02:03.148 [info] Got 3 sessions for ...
2025-02-12 09:02:03.897 [info] Getting sessions for all scopes...
2025-02-12 09:02:03.897 [info] Got 3 sessions for ...
2025-02-12 09:02:03.898 [info] Getting sessions for read:user,repo,user:email,workflow...
2025-02-12 09:02:03.898 [info] Got 1 sessions for read:user,repo,user:email,workflow...
2025-02-12 09:02:04.047 [info] Getting sessions for all scopes...
2025-02-12 09:02:04.047 [info] Got 3 sessions for ...
2025-02-12 09:02:04.100 [info] Getting sessions for read:user,repo,user:email,workflow...
2025-02-12 09:02:04.100 [info] Got 1 sessions for read:user,repo,user:email,workflow...
2025-02-12 09:16:36.126 [info] Getting sessions for all scopes...
2025-02-12 09:16:36.126 [info] Got 3 sessions for ...
2025-02-12 09:16:36.129 [info] Getting sessions for read:user,repo,user:email,workflow...
2025-02-12 09:16:36.129 [info] Got 1 sessions for read:user,repo,user:email,workflow...
2025-02-12 09:16:36.131 [info] Getting sessions for all scopes...
2025-02-12 09:16:36.131 [info] Got 3 sessions for ...
2025-02-12 09:16:36.132 [info] Getting sessions for read:user,repo,user:email,workflow...
2025-02-12 09:16:36.132 [info] Got 1 sessions for read:user,repo,user:email,workflow...
2025-02-12 09:16:36.675 [info] Getting sessions for all scopes...
2025-02-12 09:16:36.675 [info] Got 3 sessions for ...
2025-02-12 09:16:36.677 [info] Getting sessions for read:user,repo,user:email,workflow...
2025-02-12 09:16:36.677 [info] Got 1 sessions for read:user,repo,user:email,workflow...
2025-02-12 09:16:40.578 [info] Getting sessions for all scopes...
2025-02-12 09:16:40.578 [info] Got 3 sessions for ...
2025-02-12 09:16:40.587 [info] Getting sessions for read:user,repo,user:email,workflow...
2025-02-12 09:16:40.587 [info] Got 1 sessions for read:user,repo,user:email,workflow...
2025-02-12 09:17:04.113 [info] Getting sessions for all scopes...
2025-02-12 09:17:04.114 [info] Got 3 sessions for ...
2025-02-12 09:17:04.114 [info] Getting sessions for read:user,repo,user:email,workflow...
2025-02-12 09:17:04.114 [info] Got 1 sessions for read:user,repo,user:email,workflow...
2025-02-12 09:20:18.294 [info] Getting sessions for read:user,repo,user:email,workflow...
2025-02-12 09:20:18.294 [info] Got 1 sessions for read:user,repo,user:email,workflow...
2025-02-12 09:20:18.642 [info] Getting sessions for read:user,repo,user:email,workflow...
2025-02-12 09:20:18.642 [info] Got 1 sessions for read:user,repo,user:email,workflow...
2025-02-12 09:27:02.816 [info] Getting sessions for all scopes...
2025-02-12 09:27:02.816 [info] Got 3 sessions for ...
2025-02-12 09:27:02.820 [info] Getting sessions for read:user,repo,user:email,workflow...
2025-02-12 09:27:02.820 [info] Got 1 sessions for read:user,repo,user:email,workflow...
2025-02-12 09:27:03.337 [info] Getting sessions for all scopes...
2025-02-12 09:27:03.337 [info] Got 3 sessions for ...
2025-02-12 09:27:03.338 [info] Getting sessions for all scopes...
2025-02-12 09:27:03.338 [info] Got 3 sessions for ...
2025-02-12 09:27:03.341 [info] Getting sessions for read:user,repo,user:email,workflow...
2025-02-12 09:27:03.341 [info] Got 1 sessions for read:user,repo,user:email,workflow...
2025-02-12 09:27:03.344 [info] Getting sessions for all scopes...
2025-02-12 09:27:03.344 [info] Got 3 sessions for ...
2025-02-12 09:27:03.348 [info] Getting sessions for read:user,repo,user:email,workflow...
2025-02-12 09:27:03.348 [info] Got 1 sessions for read:user,repo,user:email,workflow...
2025-02-12 09:27:03.375 [info] Getting sessions for all scopes...
2025-02-12 09:27:03.375 [info] Got 3 sessions for ...
2025-02-12 09:27:03.377 [info] Getting sessions for read:user,repo,user:email,workflow...
2025-02-12 09:27:03.377 [info] Got 1 sessions for read:user,repo,user:email,workflow...
2025-02-12 09:42:03.384 [info] Getting sessions for all scopes...
2025-02-12 09:42:03.384 [info] Got 3 sessions for ...
2025-02-12 09:42:03.388 [info] Getting sessions for read:user,repo,user:email,workflow...
2025-02-12 09:42:03.388 [info] Got 1 sessions for read:user,repo,user:email,workflow...
2025-02-12 09:42:03.393 [info] Getting sessions for all scopes...
2025-02-12 09:42:03.393 [info] Got 3 sessions for ...
2025-02-12 09:42:03.397 [info] Getting sessions for read:user,repo,user:email,workflow...
2025-02-12 09:42:03.397 [info] Got 1 sessions for read:user,repo,user:email,workflow...
2025-02-12 09:52:03.337 [info] Getting sessions for all scopes...
2025-02-12 09:52:03.337 [info] Got 3 sessions for ...
2025-02-12 09:52:03.340 [info] Getting sessions for read:user,repo,user:email,workflow...
2025-02-12 09:52:03.341 [info] Got 1 sessions for read:user,repo,user:email,workflow...
2025-02-12 09:52:03.797 [info] Getting sessions for all scopes...
2025-02-12 09:52:03.797 [info] Got 3 sessions for ...
2025-02-12 09:52:03.797 [info] Getting sessions for all scopes...
2025-02-12 09:52:03.797 [info] Got 3 sessions for ...
2025-02-12 09:52:03.798 [info] Getting sessions for read:user,repo,user:email,workflow...
2025-02-12 09:52:03.798 [info] Got 1 sessions for read:user,repo,user:email,workflow...
2025-02-12 09:52:03.798 [info] Getting sessions for all scopes...
2025-02-12 09:52:03.798 [info] Got 3 sessions for ...
2025-02-12 09:52:03.799 [info] Getting sessions for read:user,repo,user:email,workflow...
2025-02-12 09:52:03.799 [info] Got 1 sessions for read:user,repo,user:email,workflow...
2025-02-12 09:52:03.804 [info] Getting sessions for all scopes...
2025-02-12 09:52:03.804 [info] Got 3 sessions for ...
2025-02-12 09:52:03.805 [info] Getting sessions for read:user,repo,user:email,workflow...
2025-02-12 09:52:03.805 [info] Got 1 sessions for read:user,repo,user:email,workflow...
2025-02-12 09:52:03.807 [info] Getting sessions for all scopes...
2025-02-12 09:52:03.807 [info] Got 3 sessions for ...
2025-02-12 09:52:03.808 [info] Getting sessions for read:user,repo,user:email,workflow...
2025-02-12 09:52:03.808 [info] Got 1 sessions for read:user,repo,user:email,workflow...
2025-02-12 10:04:50.220 [info] Getting sessions for all scopes...
2025-02-12 10:04:50.220 [info] Got 3 sessions for ...
2025-02-12 10:04:50.221 [info] Getting sessions for read:user,repo,user:email,workflow...
2025-02-12 10:04:50.221 [info] Got 1 sessions for read:user,repo,user:email,workflow...
2025-02-12 10:05:50.604 [info] Getting sessions for all scopes...
2025-02-12 10:05:50.604 [info] Got 3 sessions for ...
2025-02-12 10:05:50.605 [info] Getting sessions for read:user,repo,user:email,workflow...
2025-02-12 10:05:50.606 [info] Got 1 sessions for read:user,repo,user:email,workflow...
2025-02-12 10:05:51.021 [info] Getting sessions for all scopes...
2025-02-12 10:05:51.022 [info] Got 3 sessions for ...
2025-02-12 10:05:51.024 [info] Getting sessions for read:user,repo,user:email,workflow...
2025-02-12 10:05:51.024 [info] Got 1 sessions for read:user,repo,user:email,workflow...
2025-02-12 10:06:50.602 [info] Getting sessions for all scopes...
2025-02-12 10:06:50.602 [info] Got 3 sessions for ...
2025-02-12 10:06:50.604 [info] Getting sessions for read:user,repo,user:email,workflow...
2025-02-12 10:06:50.604 [info] Got 1 sessions for read:user,repo,user:email,workflow...
2025-02-12 10:06:51.342 [info] Getting sessions for all scopes...
2025-02-12 10:06:51.342 [info] Got 3 sessions for ...
2025-02-12 10:06:51.343 [info] Getting sessions for read:user,repo,user:email,workflow...
2025-02-12 10:06:51.344 [info] Got 1 sessions for read:user,repo,user:email,workflow...
2025-02-12 10:07:04.079 [info] Getting sessions for all scopes...
2025-02-12 10:07:04.079 [info] Got 3 sessions for ...
2025-02-12 10:07:04.083 [info] Getting sessions for read:user,repo,user:email,workflow...
2025-02-12 10:07:04.083 [info] Got 1 sessions for read:user,repo,user:email,workflow...
2025-02-12 10:07:04.084 [info] Getting sessions for all scopes...
2025-02-12 10:07:04.084 [info] Got 3 sessions for ...
2025-02-12 10:07:04.085 [info] Getting sessions for read:user,repo,user:email,workflow...
2025-02-12 10:07:04.085 [info] Got 1 sessions for read:user,repo,user:email,workflow...
2025-02-12 10:07:50.604 [info] Getting sessions for all scopes...
2025-02-12 10:07:50.605 [info] Got 3 sessions for ...
2025-02-12 10:07:50.608 [info] Getting sessions for read:user,repo,user:email,workflow...
2025-02-12 10:07:50.609 [info] Got 1 sessions for read:user,repo,user:email,workflow...
2025-02-12 10:07:50.930 [info] Getting sessions for all scopes...
2025-02-12 10:07:50.930 [info] Got 3 sessions for ...
2025-02-12 10:07:50.932 [info] Getting sessions for read:user,repo,user:email,workflow...
2025-02-12 10:07:50.933 [info] Got 1 sessions for read:user,repo,user:email,workflow...
2025-02-12 10:08:50.605 [info] Getting sessions for all scopes...
2025-02-12 10:08:50.605 [info] Got 3 sessions for ...
2025-02-12 10:08:50.609 [info] Getting sessions for read:user,repo,user:email,workflow...
2025-02-12 10:08:50.609 [info] Got 1 sessions for read:user,repo,user:email,workflow...
2025-02-12 10:08:50.941 [info] Getting sessions for all scopes...
2025-02-12 10:08:50.941 [info] Got 3 sessions for ...
2025-02-12 10:08:50.944 [info] Getting sessions for read:user,repo,user:email,workflow...
2025-02-12 10:08:50.944 [info] Got 1 sessions for read:user,repo,user:email,workflow...
2025-02-12 10:09:50.605 [info] Getting sessions for all scopes...
2025-02-12 10:09:50.605 [info] Got 3 sessions for ...
2025-02-12 10:09:50.608 [info] Getting sessions for read:user,repo,user:email,workflow...
2025-02-12 10:09:50.608 [info] Got 1 sessions for read:user,repo,user:email,workflow...
2025-02-12 10:09:50.942 [info] Getting sessions for all scopes...
2025-02-12 10:09:50.942 [info] Got 3 sessions for ...
2025-02-12 10:09:50.942 [info] Getting sessions for read:user,repo,user:email,workflow...
2025-02-12 10:09:50.942 [info] Got 1 sessions for read:user,repo,user:email,workflow...
2025-02-12 10:10:50.605 [info] Getting sessions for all scopes...
2025-02-12 10:10:50.605 [info] Got 3 sessions for ...
2025-02-12 10:10:50.608 [info] Getting sessions for read:user,repo,user:email,workflow...
2025-02-12 10:10:50.609 [info] Got 1 sessions for read:user,repo,user:email,workflow...
2025-02-12 10:10:50.955 [info] Getting sessions for all scopes...
2025-02-12 10:10:50.956 [info] Got 3 sessions for ...
2025-02-12 10:10:50.958 [info] Getting sessions for read:user,repo,user:email,workflow...
2025-02-12 10:10:50.958 [info] Got 1 sessions for read:user,repo,user:email,workflow...
2025-02-12 10:11:50.605 [info] Getting sessions for all scopes...
2025-02-12 10:11:50.605 [info] Got 3 sessions for ...
2025-02-12 10:11:50.608 [info] Getting sessions for read:user,repo,user:email,workflow...
2025-02-12 10:11:50.609 [info] Got 1 sessions for read:user,repo,user:email,workflow...
2025-02-12 10:11:50.961 [info] Getting sessions for all scopes...
2025-02-12 10:11:50.961 [info] Got 3 sessions for ...
2025-02-12 10:11:50.965 [info] Getting sessions for read:user,repo,user:email,workflow...
2025-02-12 10:11:50.965 [info] Got 1 sessions for read:user,repo,user:email,workflow...
2025-02-12 10:12:50.606 [info] Getting sessions for all scopes...
2025-02-12 10:12:50.606 [info] Got 3 sessions for ...
2025-02-12 10:12:50.610 [info] Getting sessions for read:user,repo,user:email,workflow...
2025-02-12 10:12:50.610 [info] Got 1 sessions for read:user,repo,user:email,workflow...
2025-02-12 10:12:51.018 [info] Getting sessions for all scopes...
2025-02-12 10:12:51.018 [info] Got 3 sessions for ...
2025-02-12 10:12:51.022 [info] Getting sessions for read:user,repo,user:email,workflow...
2025-02-12 10:12:51.022 [info] Got 1 sessions for read:user,repo,user:email,workflow...
2025-02-12 10:13:50.606 [info] Getting sessions for all scopes...
2025-02-12 10:13:50.606 [info] Got 3 sessions for ...
2025-02-12 10:13:50.610 [info] Getting sessions for read:user,repo,user:email,workflow...
2025-02-12 10:13:50.610 [info] Got 1 sessions for read:user,repo,user:email,workflow...
2025-02-12 10:13:50.976 [info] Getting sessions for all scopes...
2025-02-12 10:13:50.976 [info] Got 3 sessions for ...
2025-02-12 10:13:50.979 [info] Getting sessions for read:user,repo,user:email,workflow...
2025-02-12 10:13:50.979 [info] Got 1 sessions for read:user,repo,user:email,workflow...
2025-02-12 10:14:50.607 [info] Getting sessions for all scopes...
2025-02-12 10:14:50.607 [info] Got 3 sessions for ...
2025-02-12 10:14:50.611 [info] Getting sessions for read:user,repo,user:email,workflow...
2025-02-12 10:14:50.611 [info] Got 1 sessions for read:user,repo,user:email,workflow...
2025-02-12 10:14:50.985 [info] Getting sessions for all scopes...
2025-02-12 10:14:50.985 [info] Got 3 sessions for ...
2025-02-12 10:14:50.988 [info] Getting sessions for read:user,repo,user:email,workflow...
2025-02-12 10:14:50.988 [info] Got 1 sessions for read:user,repo,user:email,workflow...
2025-02-12 10:15:50.608 [info] Getting sessions for all scopes...
2025-02-12 10:15:50.609 [info] Got 3 sessions for ...
2025-02-12 10:15:50.613 [info] Getting sessions for read:user,repo,user:email,workflow...
2025-02-12 10:15:50.613 [info] Got 1 sessions for read:user,repo,user:email,workflow...
2025-02-12 10:15:51.093 [info] Getting sessions for all scopes...
2025-02-12 10:15:51.093 [info] Got 3 sessions for ...
2025-02-12 10:15:51.097 [info] Getting sessions for read:user,repo,user:email,workflow...
2025-02-12 10:15:51.097 [info] Got 1 sessions for read:user,repo,user:email,workflow...
2025-02-12 10:16:50.608 [info] Getting sessions for all scopes...
2025-02-12 10:16:50.608 [info] Got 3 sessions for ...
2025-02-12 10:16:50.612 [info] Getting sessions for read:user,repo,user:email,workflow...
2025-02-12 10:16:50.612 [info] Got 1 sessions for read:user,repo,user:email,workflow...
2025-02-12 10:16:50.996 [info] Getting sessions for all scopes...
2025-02-12 10:16:50.996 [info] Got 3 sessions for ...
2025-02-12 10:16:51.000 [info] Getting sessions for read:user,repo,user:email,workflow...
2025-02-12 10:16:51.000 [info] Got 1 sessions for read:user,repo,user:email,workflow...
2025-02-12 10:17:03.798 [info] Getting sessions for all scopes...
2025-02-12 10:17:03.798 [info] Got 3 sessions for ...
2025-02-12 10:17:03.800 [info] Getting sessions for read:user,repo,user:email,workflow...
2025-02-12 10:17:03.801 [info] Got 1 sessions for read:user,repo,user:email,workflow...
2025-02-12 10:17:04.729 [info] Getting sessions for all scopes...
2025-02-12 10:17:04.729 [info] Got 3 sessions for ...
2025-02-12 10:17:04.729 [info] Getting sessions for all scopes...
2025-02-12 10:17:04.729 [info] Got 3 sessions for ...
2025-02-12 10:17:04.729 [info] Getting sessions for read:user,repo,user:email,workflow...
2025-02-12 10:17:04.729 [info] Got 1 sessions for read:user,repo,user:email,workflow...
2025-02-12 10:17:04.730 [info] Getting sessions for all scopes...
2025-02-12 10:17:04.730 [info] Got 3 sessions for ...
2025-02-12 10:17:04.731 [info] Getting sessions for read:user,repo,user:email,workflow...
2025-02-12 10:17:04.731 [info] Got 1 sessions for read:user,repo,user:email,workflow...
2025-02-12 10:17:04.735 [info] Getting sessions for all scopes...
2025-02-12 10:17:04.735 [info] Got 3 sessions for ...
2025-02-12 10:17:04.736 [info] Getting sessions for read:user,repo,user:email,workflow...
2025-02-12 10:17:04.736 [info] Got 1 sessions for read:user,repo,user:email,workflow...
2025-02-12 10:17:04.738 [info] Getting sessions for all scopes...
2025-02-12 10:17:04.738 [info] Got 3 sessions for ...
2025-02-12 10:17:04.739 [info] Getting sessions for read:user,repo,user:email,workflow...
2025-02-12 10:17:04.739 [info] Got 1 sessions for read:user,repo,user:email,workflow...
2025-02-12 10:17:50.608 [info] Getting sessions for all scopes...
2025-02-12 10:17:50.608 [info] Got 3 sessions for ...
2025-02-12 10:17:50.612 [info] Getting sessions for read:user,repo,user:email,workflow...
2025-02-12 10:17:50.612 [info] Got 1 sessions for read:user,repo,user:email,workflow...
2025-02-12 10:17:51.003 [info] Getting sessions for all scopes...
2025-02-12 10:17:51.003 [info] Got 3 sessions for ...
2025-02-12 10:17:51.007 [info] Getting sessions for read:user,repo,user:email,workflow...
2025-02-12 10:17:51.007 [info] Got 1 sessions for read:user,repo,user:email,workflow...
2025-02-12 10:18:50.609 [info] Getting sessions for all scopes...
2025-02-12 10:18:50.609 [info] Got 3 sessions for ...
2025-02-12 10:18:50.613 [info] Getting sessions for read:user,repo,user:email,workflow...
2025-02-12 10:18:50.613 [info] Got 1 sessions for read:user,repo,user:email,workflow...
2025-02-12 10:18:51.010 [info] Getting sessions for all scopes...
2025-02-12 10:18:51.010 [info] Got 3 sessions for ...
2025-02-12 10:18:51.014 [info] Getting sessions for read:user,repo,user:email,workflow...
2025-02-12 10:18:51.014 [info] Got 1 sessions for read:user,repo,user:email,workflow...
2025-02-12 10:19:50.610 [info] Getting sessions for all scopes...
2025-02-12 10:19:50.610 [info] Got 3 sessions for ...
2025-02-12 10:19:50.614 [info] Getting sessions for read:user,repo,user:email,workflow...
2025-02-12 10:19:50.614 [info] Got 1 sessions for read:user,repo,user:email,workflow...
2025-02-12 10:19:51.118 [info] Getting sessions for all scopes...
2025-02-12 10:19:51.118 [info] Got 3 sessions for ...
2025-02-12 10:19:51.122 [info] Getting sessions for read:user,repo,user:email,workflow...
2025-02-12 10:19:51.122 [info] Got 1 sessions for read:user,repo,user:email,workflow...
2025-02-12 10:20:50.611 [info] Getting sessions for all scopes...
2025-02-12 10:20:50.611 [info] Got 3 sessions for ...
2025-02-12 10:20:50.616 [info] Getting sessions for read:user,repo,user:email,workflow...
2025-02-12 10:20:50.616 [info] Got 1 sessions for read:user,repo,user:email,workflow...
2025-02-12 10:20:51.024 [info] Getting sessions for all scopes...
2025-02-12 10:20:51.024 [info] Got 3 sessions for ...
2025-02-12 10:20:51.028 [info] Getting sessions for read:user,repo,user:email,workflow...
2025-02-12 10:20:51.028 [info] Got 1 sessions for read:user,repo,user:email,workflow...
2025-02-12 10:21:50.612 [info] Getting sessions for all scopes...
2025-02-12 10:21:50.613 [info] Got 3 sessions for ...
2025-02-12 10:21:50.616 [info] Getting sessions for read:user,repo,user:email,workflow...
2025-02-12 10:21:50.617 [info] Got 1 sessions for read:user,repo,user:email,workflow...
2025-02-12 10:21:50.927 [info] Getting sessions for all scopes...
2025-02-12 10:21:50.927 [info] Got 3 sessions for ...
2025-02-12 10:21:50.928 [info] Getting sessions for read:user,repo,user:email,workflow...
2025-02-12 10:21:50.928 [info] Got 1 sessions for read:user,repo,user:email,workflow...
2025-02-12 10:22:50.615 [info] Getting sessions for all scopes...
2025-02-12 10:22:50.615 [info] Got 3 sessions for ...
2025-02-12 10:22:50.618 [info] Getting sessions for read:user,repo,user:email,workflow...
2025-02-12 10:22:50.618 [info] Got 1 sessions for read:user,repo,user:email,workflow...
2025-02-12 10:22:50.929 [info] Getting sessions for all scopes...
2025-02-12 10:22:50.929 [info] Got 3 sessions for ...
2025-02-12 10:22:50.930 [info] Getting sessions for read:user,repo,user:email,workflow...
2025-02-12 10:22:50.930 [info] Got 1 sessions for read:user,repo,user:email,workflow...
2025-02-12 10:23:50.616 [info] Getting sessions for all scopes...
2025-02-12 10:23:50.616 [info] Got 3 sessions for ...
2025-02-12 10:23:50.620 [info] Getting sessions for read:user,repo,user:email,workflow...
2025-02-12 10:23:50.620 [info] Got 1 sessions for read:user,repo,user:email,workflow...
2025-02-12 10:23:51.049 [info] Getting sessions for all scopes...
2025-02-12 10:23:51.049 [info] Got 3 sessions for ...
2025-02-12 10:23:51.053 [info] Getting sessions for read:user,repo,user:email,workflow...
2025-02-12 10:23:51.053 [info] Got 1 sessions for read:user,repo,user:email,workflow...
2025-02-12 10:24:50.615 [info] Getting sessions for all scopes...
2025-02-12 10:24:50.615 [info] Got 3 sessions for ...
2025-02-12 10:24:50.616 [info] Getting sessions for read:user,repo,user:email,workflow...
2025-02-12 10:24:50.616 [info] Got 1 sessions for read:user,repo,user:email,workflow...
2025-02-12 10:24:50.932 [info] Getting sessions for all scopes...
2025-02-12 10:24:50.932 [info] Got 3 sessions for ...
2025-02-12 10:24:50.933 [info] Getting sessions for read:user,repo,user:email,workflow...
2025-02-12 10:24:50.933 [info] Got 1 sessions for read:user,repo,user:email,workflow...
