[1739590460447] INFO  (ext): SQLTools is starting
[1739590460449] INFO  (ext): initializing language client...
[1739590460450] INFO  (ext): Registering client for languages [{"scheme":"sqltools"},{"language":"sql","scheme":"untitled"},{"language":"sql","scheme":"file"},{"language":"sql","scheme":"sqltools"}]
    ns: "lc"
[1739590460456] INFO  (ext): loading plugins...
[1739590460457] INFO  (ext): registering Formatter Plugin.
    plugin: {
      "name": "Formatter Plugin"
    }
[1739590460457] INFO  (ext): registering Connection Manager Plugin.
    plugin: {
      "name": "Connection Manager Plugin"
    }
[1739590460458] INFO  (ext): registering CodeLens Plugin.
    plugin: {
      "name": "CodeLens Plugin",
      "registeredLanguages": []
    }
[1739590460459] INFO  (ext): registering Dependency Manager Plugin.
    plugin: {
      "name": "Dependency Manager Plugin",
      "installingDrivers": []
    }
[1739590460460] INFO  (ext): Connection explorer changed. Will be updated.
    ns: "conn-man:explorer"
[1739590460461] INFO  (ext): registering History Manager Plugin.
    plugin: {
      "name": "History Manager Plugin"
    }
[1739590460461] INFO  (ext): registering Bookmarks Manager Plugin.
    plugin: {
      "name": "Bookmarks Manager Plugin"
    }
[1739590460463] INFO  (ext): registering Authentication Provider Plugin.
    plugin: {
      "name": "Authentication Provider Plugin",
      "isRegistered": false
    }
[1739590460463] INFO  (ext): registering Object Drop-in Provider (plugin).
    plugin: {
      "type": "plugin",
      "name": "Object Drop-in Provider",
      "isRegistered": false
    }
[1739590460464] INFO  (ext): SQLTools activation completed. 16.868394 ms
[1739590460464] INFO  (ext): Formatter Plugin registered!
[1739590460464] INFO  (ext): CodeLens Plugin registered!
[1739590460464] INFO  (ext): Dependency Manager Plugin registered!
[1739590460464] INFO  (ext): Connection Manager Plugin registered!
[1739590460464] INFO  (ext): History Manager Plugin registered!
[1739590460464] INFO  (ext): Bookmarks Manager Plugin registered!
[1739590460464] INFO  (ext): Authentication Provider Plugin registered!
[1739590460464] INFO  (ext): Object Drop-in Provider (plugin) registered!
[1739590460831] INFO  (ls): SQLTools Server started!
===============================
Using node runtime?: no
ExecPath: /opt/visual-studio-code/code 
===============================
[1739590461003] INFO  (ext): LanguageClient ready
    ns: "lc"
[1739590461243] INFO  (ext): registering MySQL/MariaDB/TiDB Plugin (driver).
    plugin: {
      "extensionId": "mtxr.sqltools-driver-mysql",
      "name": "MySQL/MariaDB/TiDB Plugin",
      "type": "driver"
    }
[1739590461244] INFO  (ext): registering SQLite Plugin (driver).
    plugin: {
      "extensionId": "mtxr.sqltools-driver-sqlite",
      "name": "SQLite Plugin",
      "type": "driver"
    }
[1739590461001] INFO  (ls): Initialized with node version:v20.18.1
[1739590461244] INFO  (ls): REQUEST RECEIVED => ls/RegisterPlugin
[1739590461244] INFO  (ls): request to register plugin: "/home/chuck/.vscode/extensions/mtxr.sqltools-driver-mysql-0.6.3/out/ls/plugin.js"
[1739590461371] INFO  (ls): Driver mysql registered!
    place: "driver-map"
    ns: "ls-context"
[1739590461372] INFO  (ls): Driver mariadb registered!
    place: "driver-map"
    ns: "ls-context"
[1739590461372] INFO  (ls): Driver tidb registered!
    place: "driver-map"
    ns: "ls-context"
[1739590461373] INFO  (ls): REQUEST RECEIVED => ls/RegisterPlugin
[1739590461373] INFO  (ls): request to register plugin: "/home/chuck/.vscode/extensions/mtxr.sqltools-driver-sqlite-0.5.1/out/ls/plugin.js"
[1739590461402] INFO  (ext): MySQL/MariaDB/TiDB Plugin (driver) registered!
[1739590461407] INFO  (ls): Driver sqlite registered!
    place: "driver-map"
    ns: "ls-context"
[1739590461436] INFO  (ext): SQLite Plugin (driver) registered!
[1739590461515] INFO  (ext): Connection explorer changed. Will be updated.
    ns: "conn-man:explorer"
[1739590464735] INFO  (ext): EXECUTING COMMAND => sqltools.refreshTree
[1739590464735] INFO  (ext): Connection explorer changed. Will be updated.
    ns: "conn-man:explorer"
[1739590464746] INFO  (ext): Connection explorer changed. Will be updated.
    ns: "conn-man:explorer"
