2025-02-13 02:53:26.971 [info] Reading sessions from keychain...
2025-02-13 02:53:26.971 [info] Getting sessions for all scopes...
2025-02-13 02:53:26.971 [info] Getting sessions for all scopes...
2025-02-13 02:53:26.971 [info] Getting sessions for all scopes...
2025-02-13 02:53:26.971 [info] Getting sessions for all scopes...
2025-02-13 02:53:26.971 [info] Getting sessions for all scopes...
2025-02-13 02:53:26.971 [info] Getting sessions for all scopes...
2025-02-13 02:53:26.971 [info] Getting sessions for all scopes...
2025-02-13 02:53:27.007 [info] Got stored sessions!
2025-02-13 02:53:27.007 [info] Got 3 verified sessions.
2025-02-13 02:53:27.007 [info] Got 3 sessions for ...
2025-02-13 02:53:27.007 [info] Got 3 sessions for ...
2025-02-13 02:53:27.008 [info] Got 3 sessions for ...
2025-02-13 02:53:27.008 [info] Got 3 sessions for ...
2025-02-13 02:53:27.008 [info] Got 3 sessions for ...
2025-02-13 02:53:27.008 [info] Got 3 sessions for ...
2025-02-13 02:53:27.008 [info] Got 3 sessions for ...
2025-02-13 02:53:27.337 [info] Getting sessions for all scopes...
2025-02-13 02:53:27.337 [info] Got 3 sessions for ...
2025-02-13 02:53:27.379 [info] Getting sessions for user:email...
2025-02-13 02:53:27.379 [info] Got 1 sessions for user:email...
2025-02-13 02:53:27.545 [info] Getting sessions for project,read:org,read:user,repo,user:email,workflow...
2025-02-13 02:53:27.545 [info] Got 0 sessions for project,read:org,read:user,repo,user:email,workflow...
2025-02-13 02:53:27.628 [info] Getting sessions for read:user,repo,user:email,workflow...
2025-02-13 02:53:27.628 [info] Got 1 sessions for read:user,repo,user:email,workflow...
2025-02-13 02:53:27.750 [info] Getting sessions for read:user,repo,user:email,workflow...
2025-02-13 02:53:27.750 [info] Got 1 sessions for read:user,repo,user:email,workflow...
2025-02-13 02:53:28.087 [info] Getting sessions for user:email...
2025-02-13 02:53:28.088 [info] Got 1 sessions for user:email...
2025-02-13 02:53:28.138 [info] Getting sessions for user:email...
2025-02-13 02:53:28.138 [info] Got 1 sessions for user:email...
2025-02-13 02:53:28.438 [info] Getting sessions for all scopes...
2025-02-13 02:53:28.438 [info] Got 3 sessions for ...
2025-02-13 02:53:31.741 [info] Getting sessions for read:user,repo,user:email...
2025-02-13 02:53:31.741 [info] Got 1 sessions for read:user,repo,user:email...
2025-02-13 02:53:31.741 [info] Getting sessions for read:user,repo,user:email,workflow...
2025-02-13 02:53:31.741 [info] Got 1 sessions for read:user,repo,user:email,workflow...
2025-02-13 02:53:31.741 [info] Getting sessions for all scopes...
2025-02-13 02:53:31.741 [info] Got 3 sessions for ...
2025-02-13 02:53:31.741 [info] Getting sessions for all scopes...
2025-02-13 02:53:31.741 [info] Got 3 sessions for ...
2025-02-13 02:53:32.003 [info] Getting sessions for read:user,repo,user:email,workflow...
2025-02-13 02:53:32.003 [info] Got 1 sessions for read:user,repo,user:email,workflow...
2025-02-13 02:53:32.052 [info] Getting sessions for all scopes...
2025-02-13 02:53:32.052 [info] Got 3 sessions for ...
2025-02-13 02:53:32.052 [info] Getting sessions for all scopes...
2025-02-13 02:53:32.052 [info] Got 3 sessions for ...
2025-02-13 02:53:33.347 [info] Getting sessions for read:user,repo,user:email,workflow...
2025-02-13 02:53:33.347 [info] Got 1 sessions for read:user,repo,user:email,workflow...
2025-02-13 02:53:34.854 [info] Getting sessions for all scopes...
2025-02-13 02:53:34.854 [info] Got 3 sessions for ...
2025-02-13 02:53:34.854 [info] Getting sessions for all scopes...
2025-02-13 02:53:34.854 [info] Got 3 sessions for ...
2025-02-13 02:53:34.923 [info] Getting sessions for read:user,repo,user:email,workflow...
2025-02-13 02:53:34.923 [info] Got 1 sessions for read:user,repo,user:email,workflow...
2025-02-13 02:53:34.943 [info] Getting sessions for all scopes...
2025-02-13 02:53:34.943 [info] Got 3 sessions for ...
2025-02-13 02:53:34.946 [info] Getting sessions for read:user,repo,user:email,workflow...
2025-02-13 02:53:34.946 [info] Got 1 sessions for read:user,repo,user:email,workflow...
2025-02-13 02:53:35.038 [info] Getting sessions for all scopes...
2025-02-13 02:53:35.038 [info] Got 3 sessions for ...
2025-02-13 02:53:35.048 [info] Getting sessions for read:user,repo,user:email,workflow...
2025-02-13 02:53:35.048 [info] Got 1 sessions for read:user,repo,user:email,workflow...
2025-02-13 02:53:35.401 [info] Getting sessions for all scopes...
2025-02-13 02:53:35.401 [info] Got 3 sessions for ...
2025-02-13 02:53:35.407 [info] Getting sessions for read:user,repo,user:email,workflow...
2025-02-13 02:53:35.408 [info] Got 1 sessions for read:user,repo,user:email,workflow...
2025-02-13 02:58:59.368 [info] Getting sessions for all scopes...
2025-02-13 02:58:59.368 [info] Got 3 sessions for ...
2025-02-13 02:58:59.369 [info] Getting sessions for read:user,repo,user:email,workflow...
2025-02-13 02:58:59.369 [info] Got 1 sessions for read:user,repo,user:email,workflow...
2025-02-13 03:04:21.553 [info] Reading sessions from keychain...
2025-02-13 03:04:21.553 [info] Getting sessions for all scopes...
2025-02-13 03:04:21.553 [info] Getting sessions for all scopes...
2025-02-13 03:04:21.553 [info] Got stored sessions!
2025-02-13 03:04:21.553 [info] Got 3 verified sessions.
2025-02-13 03:04:21.553 [info] Got 3 sessions for ...
2025-02-13 03:04:21.553 [info] Got 3 sessions for ...
2025-02-13 03:04:21.557 [info] Getting sessions for all scopes...
2025-02-13 03:04:21.557 [info] Got 3 sessions for ...
2025-02-13 03:04:21.558 [info] Getting sessions for all scopes...
2025-02-13 03:04:21.558 [info] Got 3 sessions for ...
2025-02-13 03:04:21.558 [info] Getting sessions for all scopes...
2025-02-13 03:04:21.558 [info] Got 3 sessions for ...
2025-02-13 03:04:21.558 [info] Getting sessions for all scopes...
2025-02-13 03:04:21.558 [info] Got 3 sessions for ...
2025-02-13 03:04:21.558 [info] Getting sessions for all scopes...
2025-02-13 03:04:21.558 [info] Got 3 sessions for ...
2025-02-13 03:04:21.713 [info] Getting sessions for user:email...
2025-02-13 03:04:21.713 [info] Got 1 sessions for user:email...
2025-02-13 03:04:24.689 [info] Getting sessions for all scopes...
2025-02-13 03:04:24.689 [info] Got 3 sessions for ...
2025-02-13 03:04:25.000 [info] Getting sessions for read:user,repo,user:email...
2025-02-13 03:04:25.000 [info] Got 1 sessions for read:user,repo,user:email...
2025-02-13 03:04:25.000 [info] Getting sessions for read:user,repo,user:email,workflow...
2025-02-13 03:04:25.000 [info] Got 1 sessions for read:user,repo,user:email,workflow...
2025-02-13 03:04:25.000 [info] Getting sessions for all scopes...
2025-02-13 03:04:25.000 [info] Got 3 sessions for ...
2025-02-13 03:04:25.001 [info] Getting sessions for all scopes...
2025-02-13 03:04:25.001 [info] Got 3 sessions for ...
2025-02-13 03:04:25.001 [info] Getting sessions for project,read:org,read:user,repo,user:email,workflow...
2025-02-13 03:04:25.001 [info] Got 0 sessions for project,read:org,read:user,repo,user:email,workflow...
2025-02-13 03:04:25.083 [info] Getting sessions for read:user,repo,user:email,workflow...
2025-02-13 03:04:25.083 [info] Got 1 sessions for read:user,repo,user:email,workflow...
2025-02-13 03:04:25.083 [info] Getting sessions for read:user,repo,user:email,workflow...
2025-02-13 03:04:25.083 [info] Got 1 sessions for read:user,repo,user:email,workflow...
2025-02-13 03:04:26.501 [info] Getting sessions for all scopes...
2025-02-13 03:04:26.501 [info] Got 3 sessions for ...
2025-02-13 03:04:26.584 [info] Getting sessions for read:user,repo,user:email,workflow...
2025-02-13 03:04:26.584 [info] Got 1 sessions for read:user,repo,user:email,workflow...
2025-02-13 03:04:26.650 [info] Getting sessions for all scopes...
2025-02-13 03:04:26.651 [info] Got 3 sessions for ...
2025-02-13 03:04:26.669 [info] Getting sessions for read:user,repo,user:email,workflow...
2025-02-13 03:04:26.669 [info] Got 1 sessions for read:user,repo,user:email,workflow...
2025-02-13 03:04:28.569 [info] Getting sessions for all scopes...
2025-02-13 03:04:28.569 [info] Got 3 sessions for ...
2025-02-13 03:04:28.569 [info] Getting sessions for all scopes...
2025-02-13 03:04:28.569 [info] Got 3 sessions for ...
2025-02-13 03:04:28.638 [info] Getting sessions for read:user,repo,user:email,workflow...
2025-02-13 03:04:28.638 [info] Got 1 sessions for read:user,repo,user:email,workflow...
2025-02-13 03:04:28.642 [info] Getting sessions for all scopes...
2025-02-13 03:04:28.642 [info] Got 3 sessions for ...
2025-02-13 03:04:28.643 [info] Getting sessions for read:user,repo,user:email,workflow...
2025-02-13 03:04:28.643 [info] Got 1 sessions for read:user,repo,user:email,workflow...
2025-02-13 03:04:28.712 [info] Getting sessions for all scopes...
2025-02-13 03:04:28.712 [info] Got 3 sessions for ...
2025-02-13 03:04:28.720 [info] Getting sessions for read:user,repo,user:email,workflow...
2025-02-13 03:04:28.720 [info] Got 1 sessions for read:user,repo,user:email,workflow...
2025-02-13 03:04:29.225 [info] Getting sessions for all scopes...
2025-02-13 03:04:29.225 [info] Got 3 sessions for ...
2025-02-13 03:04:29.230 [info] Getting sessions for read:user,repo,user:email,workflow...
2025-02-13 03:04:29.230 [info] Got 1 sessions for read:user,repo,user:email,workflow...
2025-02-13 03:05:22.347 [info] Reading sessions from keychain...
2025-02-13 03:05:22.347 [info] Getting sessions for all scopes...
2025-02-13 03:05:22.347 [info] Getting sessions for all scopes...
2025-02-13 03:05:22.347 [info] Getting sessions for all scopes...
2025-02-13 03:05:22.347 [info] Getting sessions for all scopes...
2025-02-13 03:05:22.347 [info] Getting sessions for all scopes...
2025-02-13 03:05:22.347 [info] Getting sessions for all scopes...
2025-02-13 03:05:22.347 [info] Getting sessions for all scopes...
2025-02-13 03:05:22.347 [info] Got stored sessions!
2025-02-13 03:05:22.347 [info] Got 3 verified sessions.
2025-02-13 03:05:22.347 [info] Got 3 sessions for ...
2025-02-13 03:05:22.347 [info] Got 3 sessions for ...
2025-02-13 03:05:22.347 [info] Got 3 sessions for ...
2025-02-13 03:05:22.347 [info] Got 3 sessions for ...
2025-02-13 03:05:22.347 [info] Got 3 sessions for ...
2025-02-13 03:05:22.347 [info] Got 3 sessions for ...
2025-02-13 03:05:22.347 [info] Got 3 sessions for ...
2025-02-13 03:05:22.989 [info] Getting sessions for all scopes...
2025-02-13 03:05:22.989 [info] Got 3 sessions for ...
2025-02-13 03:05:23.406 [info] Getting sessions for read:user,repo,user:email,workflow...
2025-02-13 03:05:23.407 [info] Got 1 sessions for read:user,repo,user:email,workflow...
2025-02-13 03:05:23.918 [info] Getting sessions for read:user,repo,user:email,workflow...
2025-02-13 03:05:23.918 [info] Got 1 sessions for read:user,repo,user:email,workflow...
2025-02-13 03:05:23.982 [info] Getting sessions for user:email...
2025-02-13 03:05:23.982 [info] Got 1 sessions for user:email...
2025-02-13 03:05:24.285 [info] Getting sessions for read:user,repo,user:email,workflow...
2025-02-13 03:05:24.286 [info] Got 1 sessions for read:user,repo,user:email,workflow...
2025-02-13 03:05:26.865 [info] Getting sessions for all scopes...
2025-02-13 03:05:26.865 [info] Got 3 sessions for ...
2025-02-13 03:05:27.749 [info] Getting sessions for read:user,repo,user:email...
2025-02-13 03:05:27.749 [info] Got 1 sessions for read:user,repo,user:email...
2025-02-13 03:05:27.749 [info] Getting sessions for read:user,repo,user:email,workflow...
2025-02-13 03:05:27.749 [info] Got 1 sessions for read:user,repo,user:email,workflow...
2025-02-13 03:05:27.749 [info] Getting sessions for all scopes...
2025-02-13 03:05:27.750 [info] Got 3 sessions for ...
2025-02-13 03:05:27.750 [info] Getting sessions for all scopes...
2025-02-13 03:05:27.750 [info] Got 3 sessions for ...
2025-02-13 03:05:27.750 [info] Getting sessions for project,read:org,read:user,repo,user:email,workflow...
2025-02-13 03:05:27.750 [info] Got 0 sessions for project,read:org,read:user,repo,user:email,workflow...
2025-02-13 03:05:27.970 [info] Getting sessions for read:user,repo,user:email,workflow...
2025-02-13 03:05:27.970 [info] Got 1 sessions for read:user,repo,user:email,workflow...
2025-02-13 03:05:27.970 [info] Getting sessions for read:user,repo,user:email,workflow...
2025-02-13 03:05:27.970 [info] Got 1 sessions for read:user,repo,user:email,workflow...
2025-02-13 03:05:28.166 [info] Getting sessions for read:user,repo,user:email...
2025-02-13 03:05:28.166 [info] Got 1 sessions for read:user,repo,user:email...
2025-02-13 03:05:29.489 [info] Getting sessions for all scopes...
2025-02-13 03:05:29.489 [info] Got 3 sessions for ...
2025-02-13 03:05:29.489 [info] Getting sessions for all scopes...
2025-02-13 03:05:29.489 [info] Got 3 sessions for ...
2025-02-13 03:05:29.617 [info] Getting sessions for user:email...
2025-02-13 03:05:29.617 [info] Got 1 sessions for user:email...
2025-02-13 03:05:29.729 [info] Getting sessions for read:user,repo,user:email...
2025-02-13 03:05:29.729 [info] Got 1 sessions for read:user,repo,user:email...
2025-02-13 03:05:29.769 [info] Getting sessions for user:email...
2025-02-13 03:05:29.769 [info] Got 1 sessions for user:email...
2025-02-13 03:05:29.783 [info] Getting sessions for read:user,repo,user:email,workflow...
2025-02-13 03:05:29.783 [info] Got 1 sessions for read:user,repo,user:email,workflow...
2025-02-13 03:05:29.812 [info] Getting sessions for all scopes...
2025-02-13 03:05:29.812 [info] Got 3 sessions for ...
2025-02-13 03:05:29.977 [info] Getting sessions for read:user,repo,user:email,workflow...
2025-02-13 03:05:29.977 [info] Got 1 sessions for read:user,repo,user:email,workflow...
2025-02-13 03:05:30.526 [info] Getting sessions for all scopes...
2025-02-13 03:05:30.526 [info] Got 3 sessions for ...
2025-02-13 03:05:30.527 [info] Getting sessions for all scopes...
2025-02-13 03:05:30.527 [info] Got 3 sessions for ...
2025-02-13 03:05:30.572 [info] Getting sessions for read:user,repo,user:email,workflow...
2025-02-13 03:05:30.572 [info] Got 1 sessions for read:user,repo,user:email,workflow...
2025-02-13 03:05:30.593 [info] Getting sessions for all scopes...
2025-02-13 03:05:30.593 [info] Got 3 sessions for ...
2025-02-13 03:05:30.596 [info] Getting sessions for read:user,repo,user:email,workflow...
2025-02-13 03:05:30.596 [info] Got 1 sessions for read:user,repo,user:email,workflow...
2025-02-13 03:05:31.231 [info] Getting sessions for all scopes...
2025-02-13 03:05:31.231 [info] Got 3 sessions for ...
2025-02-13 03:05:31.252 [info] Getting sessions for read:user,repo,user:email,workflow...
2025-02-13 03:05:31.252 [info] Got 1 sessions for read:user,repo,user:email,workflow...
