2025-02-13 02:32:04.959 [info] [main] Log level: Info
2025-02-13 02:32:04.959 [info] [main] Validating found git in: "git"
2025-02-13 02:32:04.959 [info] [main] Using git "2.48.1" from "git"
2025-02-13 02:32:04.959 [info] [Model][doInitialScan] Initial repository scan started
2025-02-13 02:32:04.959 [info] > git rev-parse --show-toplevel [34ms]
2025-02-13 02:32:04.959 [info] > git rev-parse --git-dir --git-common-dir [18ms]
2025-02-13 02:32:04.959 [info] [Model][openRepository] Opened repository: /home/chuck/src/self-hosted-ai-starter-kit
2025-02-13 02:32:04.959 [info] > git config --get commit.template [5ms]
2025-02-13 02:32:04.959 [info] > git rev-parse --show-toplevel [2ms]
2025-02-13 02:32:04.970 [info] > git for-each-ref --format=%(refname)%00%(upstream:short)%00%(objectname)%00%(upstream:track)%00%(upstream:remotename)%00%(upstream:remoteref) refs/heads/main refs/remotes/main [7ms]
2025-02-13 02:32:04.975 [warning] [Git][revParse] Unable to read file: ENOENT: no such file or directory, open '/home/chuck/src/self-hosted-ai-starter-kit/.git/refs/remotes/origin/main'
2025-02-13 02:32:04.976 [info] > git rev-parse --show-toplevel [6ms]
2025-02-13 02:32:04.978 [info] [Model][doInitialScan] Initial repository scan completed - repositories (1), closed repositories (0), parent repositories (0), unsafe repositories (0)
2025-02-13 02:32:04.979 [info] > git rev-parse refs/remotes/origin/main [4ms]
2025-02-13 02:32:04.991 [info] > git status -z -uall [6ms]
2025-02-13 02:32:04.992 [info] > git for-each-ref --sort -committerdate --format %(refname) %(objectname) %(*objectname) [2ms]
2025-02-13 02:32:05.019 [info] > git for-each-ref --format=%(refname)%00%(upstream:short)%00%(objectname)%00%(upstream:track)%00%(upstream:remotename)%00%(upstream:remoteref) refs/heads/main refs/remotes/main [8ms]
2025-02-13 02:32:05.026 [info] > git config --get --local branch.main.vscode-merge-base [3ms]
2025-02-13 02:32:05.030 [info] > git config --get commit.template [11ms]
2025-02-13 02:32:05.031 [info] > git for-each-ref --format=%(refname)%00%(upstream:short)%00%(objectname)%00%(upstream:track)%00%(upstream:remotename)%00%(upstream:remoteref) refs/heads/origin/main refs/remotes/origin/main [2ms]
2025-02-13 02:32:05.044 [info] > git merge-base refs/heads/main refs/remotes/origin/main [8ms]
2025-02-13 02:32:05.051 [info] > git for-each-ref --format=%(refname)%00%(upstream:short)%00%(objectname)%00%(upstream:track)%00%(upstream:remotename)%00%(upstream:remoteref) refs/heads/main refs/remotes/main [7ms]
2025-02-13 02:32:05.075 [warning] [Git][revParse] Unable to read file: ENOENT: no such file or directory, open '/home/chuck/src/self-hosted-ai-starter-kit/.git/refs/remotes/origin/main'
2025-02-13 02:32:05.076 [info] > git diff --name-status -z --diff-filter=ADMR ee9551dd500fbdc56bf3025c5795eac4c0f4b627...refs/remotes/origin/main [26ms]
2025-02-13 02:32:05.094 [info] > git rev-parse refs/remotes/origin/main [18ms]
2025-02-13 02:32:05.124 [info] > git status -z -uall [24ms]
2025-02-13 02:32:05.124 [info] > git for-each-ref --sort -committerdate --format %(refname) %(objectname) %(*objectname) [21ms]
2025-02-13 02:32:05.137 [info] > git fetch [192ms]
2025-02-13 02:32:05.204 [info] > git config --get commit.template [62ms]
2025-02-13 02:32:05.239 [info] > git for-each-ref --format=%(refname)%00%(upstream:short)%00%(objectname)%00%(upstream:track)%00%(upstream:remotename)%00%(upstream:remoteref) refs/heads/main refs/remotes/main [2ms]
2025-02-13 02:32:05.243 [warning] [Git][revParse] Unable to read file: ENOENT: no such file or directory, open '/home/chuck/src/self-hosted-ai-starter-kit/.git/refs/remotes/origin/main'
2025-02-13 02:32:05.244 [info] > git rev-parse refs/remotes/origin/main [1ms]
2025-02-13 02:32:05.253 [info] > git status -z -uall [5ms]
2025-02-13 02:32:05.254 [info] > git for-each-ref --sort -committerdate --format %(refname) %(objectname) %(*objectname) [3ms]
2025-02-13 02:32:05.841 [info] > git check-ignore -v -z --stdin [204ms]
2025-02-13 02:32:09.520 [info] > git config --get commit.template [106ms]
2025-02-13 02:32:09.573 [info] > git for-each-ref --format=%(refname)%00%(upstream:short)%00%(objectname)%00%(upstream:track)%00%(upstream:remotename)%00%(upstream:remoteref) refs/heads/main refs/remotes/main [16ms]
2025-02-13 02:32:09.600 [warning] [Git][revParse] Unable to read file: ENOENT: no such file or directory, open '/home/chuck/src/self-hosted-ai-starter-kit/.git/refs/remotes/origin/main'
2025-02-13 02:32:09.627 [info] > git rev-parse refs/remotes/origin/main [27ms]
2025-02-13 02:32:09.780 [info] > git status -z -uall [141ms]
2025-02-13 02:32:09.781 [info] > git for-each-ref --sort -committerdate --format %(refname) %(objectname) %(*objectname) [130ms]
2025-02-13 02:32:09.915 [info] > git config --get commit.template [65ms]
2025-02-13 02:32:11.019 [info] > git for-each-ref --format=%(refname)%00%(upstream:short)%00%(objectname)%00%(upstream:track)%00%(upstream:remotename)%00%(upstream:remoteref) refs/heads/main refs/remotes/main [1053ms]
2025-02-13 02:32:11.056 [warning] [Git][revParse] Unable to read file: ENOENT: no such file or directory, open '/home/chuck/src/self-hosted-ai-starter-kit/.git/refs/remotes/origin/main'
2025-02-13 02:32:11.096 [info] > git rev-parse refs/remotes/origin/main [40ms]
2025-02-13 02:32:11.145 [info] > git status -z -uall [40ms]
2025-02-13 02:32:11.146 [info] > git for-each-ref --sort -committerdate --format %(refname) %(objectname) %(*objectname) [32ms]
2025-02-13 02:32:11.559 [info] > git config --get --local branch.main.github-pr-owner-number [70ms]
2025-02-13 02:32:11.559 [warning] [Git][config] git config failed: Failed to execute git
2025-02-13 02:34:32.664 [info] > git show --textconv :.git/COMMIT_EDITMSG [34ms]
2025-02-13 02:34:32.690 [info] > git ls-files --stage -- /home/chuck/src/self-hosted-ai-starter-kit/.git/COMMIT_EDITMSG [29ms]
2025-02-13 02:34:32.712 [info] > git hash-object -t tree /dev/null [24ms]
2025-02-13 02:34:32.713 [warning] [GitFileSystemProvider][readFile] File not found - git:/home/chuck/src/self-hosted-ai-starter-kit/.git/COMMIT_EDITMSG.git?%7B%22path%22%3A%22%2Fhome%2Fchuck%2Fsrc%2Fself-hosted-ai-starter-kit%2F.git%2FCOMMIT_EDITMSG%22%2C%22ref%22%3A%22%22%7D
2025-02-13 02:34:32.721 [info] > git hash-object -t tree /dev/null [9ms]
2025-02-13 02:34:32.721 [warning] [GitFileSystemProvider][stat] File not found - git:/home/chuck/src/self-hosted-ai-starter-kit/.git/COMMIT_EDITMSG.git?%7B%22path%22%3A%22%2Fhome%2Fchuck%2Fsrc%2Fself-hosted-ai-starter-kit%2F.git%2FCOMMIT_EDITMSG%22%2C%22ref%22%3A%22%22%7D
2025-02-13 02:34:32.805 [info] > git check-ignore -v -z --stdin [1ms]
2025-02-13 02:34:47.881 [info] > git blame --root --incremental ee9551dd500fbdc56bf3025c5795eac4c0f4b627 -- /home/chuck/src/self-hosted-ai-starter-kit/.git/COMMIT_EDITMSG [1ms]
2025-02-13 02:34:47.881 [info] fatal: no such path .git/COMMIT_EDITMSG in ee9551dd500fbdc56bf3025c5795eac4c0f4b627
2025-02-13 02:34:49.834 [info] > git config --get commit.template [10ms]
2025-02-13 02:34:49.855 [info] > git for-each-ref --format=%(refname)%00%(upstream:short)%00%(objectname)%00%(upstream:track)%00%(upstream:remotename)%00%(upstream:remoteref) refs/heads/main refs/remotes/main [1ms]
2025-02-13 02:34:49.872 [warning] [Git][revParse] Unable to read file: ENOENT: no such file or directory, open '/home/chuck/src/self-hosted-ai-starter-kit/.git/refs/remotes/origin/main'
2025-02-13 02:34:49.873 [info] > git rev-parse refs/remotes/origin/main [1ms]
2025-02-13 02:34:49.913 [info] > git status -z -uall [20ms]
2025-02-13 02:34:49.913 [info] > git for-each-ref --sort -committerdate --format %(refname) %(objectname) %(*objectname) [2ms]
2025-02-13 02:34:54.950 [info] > git config --get commit.template [15ms]
2025-02-13 02:34:54.951 [info] > git for-each-ref --format=%(refname)%00%(upstream:short)%00%(objectname)%00%(upstream:track)%00%(upstream:remotename)%00%(upstream:remoteref) refs/heads/main refs/remotes/main [2ms]
2025-02-13 02:34:54.966 [warning] [Git][revParse] Unable to read file: ENOENT: no such file or directory, open '/home/chuck/src/self-hosted-ai-starter-kit/.git/refs/remotes/origin/main'
2025-02-13 02:34:54.967 [info] > git rev-parse refs/remotes/origin/main [1ms]
2025-02-13 02:34:54.994 [info] > git status -z -uall [14ms]
2025-02-13 02:34:54.994 [info] > git for-each-ref --sort -committerdate --format %(refname) %(objectname) %(*objectname) [1ms]
2025-02-13 02:35:00.045 [info] > git for-each-ref --format=%(refname)%00%(upstream:short)%00%(objectname)%00%(upstream:track)%00%(upstream:remotename)%00%(upstream:remoteref) refs/heads/main refs/remotes/main [1ms]
2025-02-13 02:35:00.045 [info] > git config --get commit.template [14ms]
2025-02-13 02:35:00.056 [warning] [Git][revParse] Unable to read file: ENOENT: no such file or directory, open '/home/chuck/src/self-hosted-ai-starter-kit/.git/refs/remotes/origin/main'
2025-02-13 02:35:00.056 [info] > git rev-parse refs/remotes/origin/main [0ms]
2025-02-13 02:35:00.081 [info] > git status -z -uall [13ms]
2025-02-13 02:35:00.082 [info] > git for-each-ref --sort -committerdate --format %(refname) %(objectname) %(*objectname) [1ms]
2025-02-13 02:35:03.899 [info] > git show --textconv :docker-compose.yml [62ms]
2025-02-13 02:35:03.899 [info] > git show --textconv HEAD:docker-compose.yml [43ms]
2025-02-13 02:35:03.899 [info] > git ls-files --stage -- /home/chuck/src/self-hosted-ai-starter-kit/docker-compose.yml [22ms]
2025-02-13 02:35:03.920 [info] > git cat-file -s 7de56e7f46848bf1804958c0adf55ab536f58c9c [4ms]
2025-02-13 02:35:03.920 [info] > git ls-tree -l HEAD -- /home/chuck/src/self-hosted-ai-starter-kit/docker-compose.yml [26ms]
2025-02-13 02:35:04.010 [info] > git blame --root --incremental ee9551dd500fbdc56bf3025c5795eac4c0f4b627 -- /home/chuck/src/self-hosted-ai-starter-kit/docker-compose.yml [7ms]
2025-02-13 02:35:05.494 [info] > git fetch [200ms]
2025-02-13 02:35:05.533 [info] > git config --get commit.template [16ms]
2025-02-13 02:35:05.533 [info] > git for-each-ref --format=%(refname)%00%(upstream:short)%00%(objectname)%00%(upstream:track)%00%(upstream:remotename)%00%(upstream:remoteref) refs/heads/main refs/remotes/main [1ms]
2025-02-13 02:35:05.548 [warning] [Git][revParse] Unable to read file: ENOENT: no such file or directory, open '/home/chuck/src/self-hosted-ai-starter-kit/.git/refs/remotes/origin/main'
2025-02-13 02:35:05.548 [info] > git rev-parse refs/remotes/origin/main [0ms]
2025-02-13 02:35:05.577 [info] > git status -z -uall [15ms]
2025-02-13 02:35:05.577 [info] > git for-each-ref --sort -committerdate --format %(refname) %(objectname) %(*objectname) [1ms]
2025-02-13 02:35:09.411 [info] > git log --oneline --cherry main...main@{upstream} -- [1ms]
2025-02-13 02:35:09.461 [info] > git ls-files --stage -- /home/chuck/src/self-hosted-ai-starter-kit/docker-compose.yml [16ms]
2025-02-13 02:35:09.476 [info] > git ls-tree -l HEAD -- /home/chuck/src/self-hosted-ai-starter-kit/docker-compose.yml [15ms]
2025-02-13 02:35:09.477 [info] > git cat-file -s 7de56e7f46848bf1804958c0adf55ab536f58c9c [1ms]
2025-02-13 02:35:09.510 [info] > git show --textconv HEAD:docker-compose.yml [16ms]
2025-02-13 02:35:09.511 [info] > git show --textconv :docker-compose.yml [2ms]
2025-02-13 02:35:09.593 [info] > git pull --tags origin main [165ms]
2025-02-13 02:35:09.593 [info] From https://github.com/n8n-io/self-hosted-ai-starter-kit
 * branch            main       -> FETCH_HEAD
2025-02-13 02:35:09.665 [info] > git config --get commit.template [31ms]
2025-02-13 02:35:09.666 [info] > git for-each-ref --format=%(refname)%00%(upstream:short)%00%(objectname)%00%(upstream:track)%00%(upstream:remotename)%00%(upstream:remoteref) refs/heads/main refs/remotes/main [2ms]
2025-02-13 02:35:09.693 [warning] [Git][revParse] Unable to read file: ENOENT: no such file or directory, open '/home/chuck/src/self-hosted-ai-starter-kit/.git/refs/remotes/origin/main'
2025-02-13 02:35:09.694 [info] > git rev-parse refs/remotes/origin/main [1ms]
2025-02-13 02:35:09.738 [info] > git status -z -uall [20ms]
2025-02-13 02:35:09.738 [info] > git for-each-ref --sort -committerdate --format %(refname) %(objectname) %(*objectname) [2ms]
2025-02-13 02:35:09.768 [info] > git config --get commit.template [3ms]
2025-02-13 02:35:09.794 [info] > git for-each-ref --format=%(refname)%00%(upstream:short)%00%(objectname)%00%(upstream:track)%00%(upstream:remotename)%00%(upstream:remoteref) refs/heads/main refs/remotes/main [1ms]
2025-02-13 02:35:09.809 [warning] [Git][revParse] Unable to read file: ENOENT: no such file or directory, open '/home/chuck/src/self-hosted-ai-starter-kit/.git/refs/remotes/origin/main'
2025-02-13 02:35:09.810 [info] > git rev-parse refs/remotes/origin/main [1ms]
2025-02-13 02:35:09.838 [info] > git status -z -uall [15ms]
2025-02-13 02:35:09.839 [info] > git for-each-ref --sort -committerdate --format %(refname) %(objectname) %(*objectname) [2ms]
2025-02-13 02:35:10.872 [info] > git ls-files --stage -- /home/chuck/src/self-hosted-ai-starter-kit/docker-compose.yml [14ms]
2025-02-13 02:35:10.885 [info] > git ls-tree -l HEAD -- /home/chuck/src/self-hosted-ai-starter-kit/docker-compose.yml [13ms]
2025-02-13 02:35:10.885 [info] > git cat-file -s 7de56e7f46848bf1804958c0adf55ab536f58c9c [1ms]
2025-02-13 02:35:10.913 [info] > git show --textconv HEAD:docker-compose.yml [14ms]
2025-02-13 02:35:10.914 [info] > git show --textconv :docker-compose.yml [1ms]
2025-02-13 02:35:31.479 [info] > git -c user.useConfigOnly=true commit --quiet --allow-empty-message --file - [3ms]
2025-02-13 02:35:31.502 [info] > git config --get commit.template [1ms]
2025-02-13 02:35:31.526 [info] > git config --get commit.template [1ms]
2025-02-13 02:35:31.546 [info] > git for-each-ref --format=%(refname)%00%(upstream:short)%00%(objectname)%00%(upstream:track)%00%(upstream:remotename)%00%(upstream:remoteref) refs/heads/main refs/remotes/main [3ms]
2025-02-13 02:35:31.563 [warning] [Git][revParse] Unable to read file: ENOENT: no such file or directory, open '/home/chuck/src/self-hosted-ai-starter-kit/.git/refs/remotes/origin/main'
2025-02-13 02:35:31.564 [info] > git rev-parse refs/remotes/origin/main [1ms]
2025-02-13 02:35:31.602 [info] > git status -z -uall [21ms]
2025-02-13 02:35:31.602 [info] > git for-each-ref --sort -committerdate --format %(refname) %(objectname) %(*objectname) [2ms]
2025-02-13 02:35:31.732 [info] > git merge-base refs/heads/main refs/remotes/origin/main [88ms]
2025-02-13 02:35:31.751 [info] > git blame --root --incremental 5a636ed7351a60d6e7b916989758ddd283b39196 -- /home/chuck/src/self-hosted-ai-starter-kit/docker-compose.yml [127ms]
2025-02-13 02:35:31.774 [info] > git diff --name-status -z --diff-filter=ADMR ee9551dd500fbdc56bf3025c5795eac4c0f4b627...refs/remotes/origin/main [23ms]
2025-02-13 02:35:31.797 [info] > git config --get --local branch.main.github-pr-owner-number [24ms]
2025-02-13 02:35:31.797 [warning] [Git][config] git config failed: Failed to execute git
2025-02-13 02:35:31.825 [info] > git config --get commit.template [28ms]
2025-02-13 02:35:31.843 [info] > git for-each-ref --format=%(refname)%00%(upstream:short)%00%(objectname)%00%(upstream:track)%00%(upstream:remotename)%00%(upstream:remoteref) refs/heads/main refs/remotes/main [0ms]
2025-02-13 02:35:31.860 [warning] [Git][revParse] Unable to read file: ENOENT: no such file or directory, open '/home/chuck/src/self-hosted-ai-starter-kit/.git/refs/remotes/origin/main'
2025-02-13 02:35:31.861 [info] > git rev-parse refs/remotes/origin/main [1ms]
2025-02-13 02:35:31.903 [info] > git status -z -uall [22ms]
2025-02-13 02:35:31.904 [info] > git for-each-ref --sort -committerdate --format %(refname) %(objectname) %(*objectname) [3ms]
2025-02-13 02:35:32.716 [info] > git ls-files --stage -- /home/chuck/src/self-hosted-ai-starter-kit/docker-compose.yml [12ms]
2025-02-13 02:35:32.727 [info] > git ls-tree -l HEAD -- /home/chuck/src/self-hosted-ai-starter-kit/docker-compose.yml [12ms]
2025-02-13 02:35:32.728 [info] > git cat-file -s 7de56e7f46848bf1804958c0adf55ab536f58c9c [1ms]
2025-02-13 02:35:32.752 [info] > git show --textconv HEAD:docker-compose.yml [12ms]
2025-02-13 02:35:32.753 [info] > git show --textconv :docker-compose.yml [1ms]
2025-02-13 02:35:32.768 [info] > git show --textconv HEAD:docker-compose.yml [1ms]
2025-02-13 02:35:35.792 [info] > git log --oneline --cherry main...main@{upstream} -- [27ms]
2025-02-13 02:35:36.016 [info] > git pull --tags origin main [208ms]
2025-02-13 02:35:36.016 [info] From https://github.com/n8n-io/self-hosted-ai-starter-kit
 * branch            main       -> FETCH_HEAD
2025-02-13 02:35:38.636 [info] > git ls-files --stage -- /home/chuck/src/self-hosted-ai-starter-kit/docker-compose.yml [17ms]
2025-02-13 02:35:38.652 [info] > git ls-tree -l HEAD -- /home/chuck/src/self-hosted-ai-starter-kit/docker-compose.yml [17ms]
2025-02-13 02:35:38.652 [info] > git cat-file -s 7de56e7f46848bf1804958c0adf55ab536f58c9c [1ms]
2025-02-13 02:35:38.690 [info] > git show --textconv HEAD:docker-compose.yml [20ms]
2025-02-13 02:35:38.690 [info] > git show --textconv :docker-compose.yml [1ms]
2025-02-13 02:35:41.582 [info] > git push origin main:main [5532ms]
2025-02-13 02:35:41.582 [info] remote: Permission to n8n-io/self-hosted-ai-starter-kit.git denied to Parad1gmSh1ft72.
fatal: unable to access 'https://github.com/n8n-io/self-hosted-ai-starter-kit.git/': The requested URL returned error: 403
2025-02-13 02:35:52.981 [info] > git remote rename origin upstream [5ms]
2025-02-13 02:35:53.018 [info] > git config --get commit.template [19ms]
2025-02-13 02:35:53.018 [info] > git for-each-ref --format=%(refname)%00%(upstream:short)%00%(objectname)%00%(upstream:track)%00%(upstream:remotename)%00%(upstream:remoteref) refs/heads/main refs/remotes/main [1ms]
2025-02-13 02:35:53.057 [info] > git status -z -uall [21ms]
2025-02-13 02:35:53.059 [info] > git for-each-ref --sort -committerdate --format %(refname) %(objectname) %(*objectname) [3ms]
2025-02-13 02:35:53.101 [info] > git merge-base refs/heads/main refs/remotes/upstream/main [20ms]
2025-02-13 02:35:53.119 [info] > git remote add origin https://github.com/Parad1gmSh1ft72/self-hosted-ai-starter-kit.git [19ms]
2025-02-13 02:35:53.148 [info] > git diff --name-status -z --diff-filter=ADMR ee9551dd500fbdc56bf3025c5795eac4c0f4b627...refs/remotes/upstream/main [30ms]
2025-02-13 02:35:53.150 [info] > git config --get commit.template [2ms]
2025-02-13 02:35:53.171 [info] > git for-each-ref --format=%(refname)%00%(upstream:short)%00%(objectname)%00%(upstream:track)%00%(upstream:remotename)%00%(upstream:remoteref) refs/heads/main refs/remotes/main [2ms]
2025-02-13 02:35:53.205 [info] > git status -z -uall [18ms]
2025-02-13 02:35:53.205 [info] > git for-each-ref --sort -committerdate --format %(refname) %(objectname) %(*objectname) [2ms]
2025-02-13 02:35:53.415 [info] > git config --get --local branch.main.github-pr-owner-number [0ms]
2025-02-13 02:35:53.415 [warning] [Git][config] git config failed: Failed to execute git
2025-02-13 02:35:53.786 [info] > git fetch origin main [563ms]
2025-02-13 02:35:53.786 [info] From https://github.com/Parad1gmSh1ft72/self-hosted-ai-starter-kit
 * branch            main       -> FETCH_HEAD
 * [new branch]      main       -> origin/main
2025-02-13 02:35:53.868 [info] > git config --get commit.template [35ms]
2025-02-13 02:35:53.868 [info] > git for-each-ref --format=%(refname)%00%(upstream:short)%00%(objectname)%00%(upstream:track)%00%(upstream:remotename)%00%(upstream:remoteref) refs/heads/main refs/remotes/main [2ms]
2025-02-13 02:35:53.901 [info] > git status -z -uall [16ms]
2025-02-13 02:35:53.902 [info] > git for-each-ref --sort -committerdate --format %(refname) %(objectname) %(*objectname) [2ms]
2025-02-13 02:35:53.921 [info] > git branch --set-upstream-to origin/main main [1ms]
2025-02-13 02:35:53.953 [info] > git config --get commit.template [17ms]
2025-02-13 02:35:53.954 [info] > git for-each-ref --format=%(refname)%00%(upstream:short)%00%(objectname)%00%(upstream:track)%00%(upstream:remotename)%00%(upstream:remoteref) refs/heads/main refs/remotes/main [1ms]
2025-02-13 02:35:53.986 [info] > git status -z -uall [16ms]
2025-02-13 02:35:53.986 [info] > git for-each-ref --sort -committerdate --format %(refname) %(objectname) %(*objectname) [1ms]
2025-02-13 02:35:54.020 [info] > git merge-base refs/heads/main refs/remotes/origin/main [16ms]
2025-02-13 02:35:54.038 [info] > git diff --name-status -z --diff-filter=ADMR ee9551dd500fbdc56bf3025c5795eac4c0f4b627...refs/remotes/origin/main [1ms]
2025-02-13 02:35:54.520 [info] > git config --get --local branch.main.github-pr-owner-number [1ms]
2025-02-13 02:35:54.520 [warning] [Git][config] git config failed: Failed to execute git
2025-02-13 02:35:54.869 [info] > git push -u origin main [850ms]
2025-02-13 02:35:54.869 [info] To https://github.com/Parad1gmSh1ft72/self-hosted-ai-starter-kit.git
   ee9551d..5a636ed  main -> main
2025-02-13 02:35:54.886 [info] > git config --get commit.template [1ms]
2025-02-13 02:35:54.902 [info] > git for-each-ref --format=%(refname)%00%(upstream:short)%00%(objectname)%00%(upstream:track)%00%(upstream:remotename)%00%(upstream:remoteref) refs/heads/main refs/remotes/main [1ms]
2025-02-13 02:35:54.938 [info] > git status -z -uall [21ms]
2025-02-13 02:35:54.940 [info] > git for-each-ref --sort -committerdate --format %(refname) %(objectname) %(*objectname) [2ms]
2025-02-13 02:35:54.979 [info] > git merge-base refs/heads/main refs/remotes/origin/main [19ms]
2025-02-13 02:35:54.998 [info] > git config --get commit.template [21ms]
2025-02-13 02:35:55.018 [info] > git diff --name-status -z --diff-filter=ADMR 5a636ed7351a60d6e7b916989758ddd283b39196...refs/remotes/origin/main [22ms]
2025-02-13 02:35:55.037 [info] > git config --get --local branch.main.github-pr-owner-number [19ms]
2025-02-13 02:35:55.037 [warning] [Git][config] git config failed: Failed to execute git
2025-02-13 02:35:55.039 [info] > git for-each-ref --format=%(refname)%00%(upstream:short)%00%(objectname)%00%(upstream:track)%00%(upstream:remotename)%00%(upstream:remoteref) refs/heads/main refs/remotes/main [3ms]
2025-02-13 02:35:55.077 [info] > git status -z -uall [19ms]
2025-02-13 02:35:55.077 [info] > git for-each-ref --sort -committerdate --format %(refname) %(objectname) %(*objectname) [1ms]
2025-02-13 02:35:55.383 [info] > git config --get --local branch.main.github-pr-owner-number [2ms]
2025-02-13 02:35:55.383 [warning] [Git][config] git config failed: Failed to execute git
2025-02-13 02:35:56.117 [info] > git ls-files --stage -- /home/chuck/src/self-hosted-ai-starter-kit/docker-compose.yml [29ms]
2025-02-13 02:35:56.134 [info] > git ls-tree -l HEAD -- /home/chuck/src/self-hosted-ai-starter-kit/docker-compose.yml [18ms]
2025-02-13 02:35:56.134 [info] > git cat-file -s 7de56e7f46848bf1804958c0adf55ab536f58c9c [1ms]
2025-02-13 02:35:56.159 [info] > git show --textconv HEAD:docker-compose.yml [12ms]
2025-02-13 02:35:56.160 [info] > git show --textconv :docker-compose.yml [1ms]
2025-02-13 02:36:36.059 [info] > git show --textconv :.env [18ms]
2025-02-13 02:36:36.060 [info] > git ls-files --stage -- /home/chuck/src/self-hosted-ai-starter-kit/.env [2ms]
2025-02-13 02:36:36.091 [info] > git cat-file -s eb60614682f85e08f106c758e1126b953012c162 [4ms]
2025-02-13 02:36:36.131 [info] > git blame --root --incremental 5a636ed7351a60d6e7b916989758ddd283b39196 -- /home/chuck/src/self-hosted-ai-starter-kit/.env [2ms]
2025-02-13 02:36:50.418 [info] > git log --oneline --cherry main...main@{upstream} -- [3ms]
2025-02-13 02:36:50.634 [info] > git pull --tags origin main [193ms]
2025-02-13 02:36:50.634 [info] From https://github.com/Parad1gmSh1ft72/self-hosted-ai-starter-kit
 * branch            main       -> FETCH_HEAD
2025-02-13 02:36:50.669 [info] > git config --get commit.template [18ms]
2025-02-13 02:36:50.669 [info] > git for-each-ref --format=%(refname)%00%(upstream:short)%00%(objectname)%00%(upstream:track)%00%(upstream:remotename)%00%(upstream:remoteref) refs/heads/main refs/remotes/main [1ms]
2025-02-13 02:36:50.710 [info] > git status -z -uall [22ms]
2025-02-13 02:36:50.710 [info] > git for-each-ref --sort -committerdate --format %(refname) %(objectname) %(*objectname) [1ms]
2025-02-13 02:36:51.805 [info] > git config --get commit.template [17ms]
2025-02-13 02:36:51.805 [info] > git for-each-ref --format=%(refname)%00%(upstream:short)%00%(objectname)%00%(upstream:track)%00%(upstream:remotename)%00%(upstream:remoteref) refs/heads/main refs/remotes/main [1ms]
2025-02-13 02:36:51.863 [info] > git status -z -uall [38ms]
2025-02-13 02:36:51.863 [info] > git for-each-ref --sort -committerdate --format %(refname) %(objectname) %(*objectname) [19ms]
2025-02-13 02:36:51.924 [info] > git ls-tree -l HEAD -- /home/chuck/src/self-hosted-ai-starter-kit/docker-compose.yml [18ms]
2025-02-13 02:36:51.924 [info] > git ls-files --stage -- /home/chuck/src/self-hosted-ai-starter-kit/docker-compose.yml [38ms]
2025-02-13 02:36:51.943 [info] > git ls-files --stage -- /home/chuck/src/self-hosted-ai-starter-kit/.env [20ms]
2025-02-13 02:36:51.982 [info] > git cat-file -s eb60614682f85e08f106c758e1126b953012c162 [21ms]
2025-02-13 02:36:51.982 [info] > git cat-file -s 7de56e7f46848bf1804958c0adf55ab536f58c9c [40ms]
2025-02-13 02:36:51.983 [info] > git show --textconv HEAD:docker-compose.yml [2ms]
2025-02-13 02:36:52.023 [info] > git show --textconv :.env [22ms]
2025-02-13 02:36:52.024 [info] > git show --textconv :docker-compose.yml [2ms]
2025-02-13 02:37:01.004 [info] [main] Log level: Info
2025-02-13 02:37:01.004 [info] [main] Validating found git in: "git"
2025-02-13 02:37:01.004 [info] [main] Using git "2.48.1" from "git"
2025-02-13 02:37:01.004 [info] [Model][doInitialScan] Initial repository scan started
2025-02-13 02:37:01.004 [info] > git rev-parse --show-toplevel [12ms]
2025-02-13 02:37:01.039 [info] > git rev-parse --git-dir --git-common-dir [27ms]
2025-02-13 02:37:01.061 [info] [Model][openRepository] Opened repository: /home/chuck/src/self-hosted-ai-starter-kit
2025-02-13 02:37:01.094 [info] > git rev-parse --show-toplevel [5ms]
2025-02-13 02:37:01.095 [info] > git config --get commit.template [20ms]
2025-02-13 02:37:01.117 [info] > git rev-parse --show-toplevel [11ms]
2025-02-13 02:37:01.119 [info] [Model][doInitialScan] Initial repository scan completed - repositories (1), closed repositories (0), parent repositories (0), unsafe repositories (0)
2025-02-13 02:37:01.166 [info] > git ls-files --stage -- /home/chuck/src/self-hosted-ai-starter-kit/.env [17ms]
2025-02-13 02:37:01.178 [info] > git ls-tree -l HEAD -- /home/chuck/src/self-hosted-ai-starter-kit/docker-compose.yml [39ms]
2025-02-13 02:37:01.179 [info] > git ls-files --stage -- /home/chuck/src/self-hosted-ai-starter-kit/docker-compose.yml [51ms]
2025-02-13 02:37:01.188 [info] > git for-each-ref --format=%(refname)%00%(upstream:short)%00%(objectname)%00%(upstream:track)%00%(upstream:remotename)%00%(upstream:remoteref) refs/heads/main refs/remotes/main [73ms]
2025-02-13 02:37:01.206 [info] > git cat-file -s 7de56e7f46848bf1804958c0adf55ab536f58c9c [18ms]
2025-02-13 02:37:01.206 [info] > git cat-file -s eb60614682f85e08f106c758e1126b953012c162 [28ms]
2025-02-13 02:37:01.220 [info] > git show --textconv HEAD:docker-compose.yml [2ms]
2025-02-13 02:37:01.242 [info] > git show --textconv :docker-compose.yml [10ms]
2025-02-13 02:37:01.243 [info] > git fetch [183ms]
2025-02-13 02:37:01.280 [info] > git show --textconv :.env [39ms]
2025-02-13 02:37:01.291 [info] > git config --get commit.template [12ms]
2025-02-13 02:37:01.292 [info] > git for-each-ref --format=%(refname)%00%(upstream:short)%00%(objectname)%00%(upstream:track)%00%(upstream:remotename)%00%(upstream:remoteref) refs/heads/main refs/remotes/main [26ms]
2025-02-13 02:37:01.302 [info] > git config --get --local branch.main.vscode-merge-base [2ms]
2025-02-13 02:37:01.310 [info] > git config --get commit.template [19ms]
2025-02-13 02:37:01.320 [info] > git for-each-ref --format=%(refname)%00%(upstream:short)%00%(objectname)%00%(upstream:track)%00%(upstream:remotename)%00%(upstream:remoteref) refs/heads/origin/main refs/remotes/origin/main [10ms]
2025-02-13 02:37:01.342 [info] > git merge-base refs/heads/main refs/remotes/origin/main [11ms]
2025-02-13 02:37:01.351 [info] > git for-each-ref --format=%(refname)%00%(upstream:short)%00%(objectname)%00%(upstream:track)%00%(upstream:remotename)%00%(upstream:remoteref) refs/heads/main refs/remotes/main [32ms]
2025-02-13 02:37:01.360 [info] > git diff --name-status -z --diff-filter=ADMR 5a636ed7351a60d6e7b916989758ddd283b39196...refs/remotes/origin/main [9ms]
2025-02-13 02:37:01.362 [info] > git for-each-ref --format=%(refname)%00%(upstream:short)%00%(objectname)%00%(upstream:track)%00%(upstream:remotename)%00%(upstream:remoteref) refs/heads/main refs/remotes/main [21ms]
2025-02-13 02:37:01.435 [info] > git status -z -uall [14ms]
2025-02-13 02:37:01.437 [info] > git for-each-ref --sort -committerdate --format %(refname) %(objectname) %(*objectname) [8ms]
2025-02-13 02:37:01.472 [info] > git blame --root --incremental 5a636ed7351a60d6e7b916989758ddd283b39196 -- /home/chuck/src/self-hosted-ai-starter-kit/docker-compose.yml [4ms]
2025-02-13 02:37:01.727 [info] > git check-ignore -v -z --stdin [12ms]
2025-02-13 02:37:04.587 [info] > git ls-files --stage -- /home/chuck/src/self-hosted-ai-starter-kit/.env [40ms]
2025-02-13 02:37:04.602 [info] > git ls-tree -l HEAD -- /home/chuck/src/self-hosted-ai-starter-kit/docker-compose.yml [72ms]
2025-02-13 02:37:04.602 [info] > git ls-files --stage -- /home/chuck/src/self-hosted-ai-starter-kit/docker-compose.yml [88ms]
2025-02-13 02:37:04.627 [info] > git cat-file -s 7de56e7f46848bf1804958c0adf55ab536f58c9c [9ms]
2025-02-13 02:37:04.627 [info] > git cat-file -s eb60614682f85e08f106c758e1126b953012c162 [25ms]
2025-02-13 02:37:04.663 [info] > git show --textconv HEAD:docker-compose.yml [18ms]
2025-02-13 02:37:04.748 [info] > git show --textconv :docker-compose.yml [60ms]
2025-02-13 02:37:04.748 [info] > git show --textconv :.env [46ms]
2025-02-13 02:37:04.849 [info] > git config --get commit.template [73ms]
2025-02-13 02:37:05.024 [info] > git for-each-ref --format=%(refname)%00%(upstream:short)%00%(objectname)%00%(upstream:track)%00%(upstream:remotename)%00%(upstream:remoteref) refs/heads/main refs/remotes/main [40ms]
2025-02-13 02:37:06.529 [info] > git status -z -uall [41ms]
2025-02-13 02:37:06.570 [info] > git for-each-ref --sort -committerdate --format %(refname) %(objectname) %(*objectname) [64ms]
2025-02-13 02:37:07.135 [info] > git config --get --local branch.main.github-pr-owner-number [106ms]
2025-02-13 02:37:07.135 [warning] [Git][config] git config failed: Failed to execute git
2025-02-13 02:38:52.884 [info] [main] Log level: Info
2025-02-13 02:38:52.884 [info] [main] Validating found git in: "git"
2025-02-13 02:38:52.884 [info] [main] Using git "2.48.1" from "git"
2025-02-13 02:38:52.884 [info] [Model][doInitialScan] Initial repository scan started
2025-02-13 02:38:52.884 [warning] [Model][traverseWorkspaceFolder] Unable to read workspace folder '/Parad1gmSh1ft72/hyprdots': Error: ENOENT: no such file or directory, scandir '/Parad1gmSh1ft72/hyprdots'
2025-02-13 02:38:52.884 [warning] [Model][getRepositoryExact] Failed to get repository realpath for: "/Parad1gmSh1ft72/hyprdots". Error:Error: ENOENT: no such file or directory, realpath '/Parad1gmSh1ft72/hyprdots'
2025-02-13 02:38:52.884 [info] [Model][doInitialScan] Initial repository scan completed - repositories (0), closed repositories (0), parent repositories (0), unsafe repositories (0)
2025-02-13 02:38:52.884 [warning] [Model][getRepositoryExact] Failed to get repository realpath for: "/Parad1gmSh1ft72/hyprdots". Error:Error: ENOENT: no such file or directory, realpath '/Parad1gmSh1ft72/hyprdots'
