2025-02-14 07:24:17.400 [info] [main] Log level: Info
2025-02-14 07:24:17.400 [info] [main] Validating found git in: "git"
2025-02-14 07:24:17.400 [info] [main] Using git "2.48.1" from "git"
2025-02-14 07:24:17.400 [info] [Model][doInitialScan] Initial repository scan started
2025-02-14 07:24:17.400 [info] > git rev-parse --show-toplevel [14ms]
2025-02-14 07:24:17.400 [info] > git rev-parse --git-dir --git-common-dir [3ms]
2025-02-14 07:24:17.400 [info] [Model][openRepository] Opened repository: /home/chuck/src/self-hosted-ai-starter-kit
2025-02-14 07:24:17.401 [info] > git rev-parse --show-toplevel [14ms]
2025-02-14 07:24:17.402 [info] > git config --get commit.template [22ms]
2025-02-14 07:24:17.423 [info] > git rev-parse --show-toplevel [13ms]
2025-02-14 07:24:17.426 [info] [Model][doInitialScan] Initial repository scan completed - repositories (1), closed repositories (0), parent repositories (0), unsafe repositories (0)
2025-02-14 07:24:17.435 [info] > git for-each-ref --format=%(refname)%00%(upstream:short)%00%(objectname)%00%(upstream:track)%00%(upstream:remotename)%00%(upstream:remoteref) refs/heads/main refs/remotes/main [14ms]
2025-02-14 07:24:17.459 [info] > git status -z -uall [11ms]
2025-02-14 07:24:17.462 [info] > git for-each-ref --sort -committerdate --format %(refname) %(objectname) %(*objectname) [5ms]
2025-02-14 07:24:17.491 [info] > git for-each-ref --format=%(refname)%00%(upstream:short)%00%(objectname)%00%(upstream:track)%00%(upstream:remotename)%00%(upstream:remoteref) refs/heads/main refs/remotes/main [14ms]
2025-02-14 07:24:17.503 [info] > git config --get --local branch.main.vscode-merge-base [1ms]
2025-02-14 07:24:17.511 [info] > git config --get commit.template [25ms]
2025-02-14 07:24:17.516 [info] > git for-each-ref --format=%(refname)%00%(upstream:short)%00%(objectname)%00%(upstream:track)%00%(upstream:remotename)%00%(upstream:remoteref) refs/heads/origin/main refs/remotes/origin/main [4ms]
2025-02-14 07:24:17.553 [info] > git merge-base refs/heads/main refs/remotes/origin/main [27ms]
2025-02-14 07:24:17.562 [info] > git fetch [193ms]
2025-02-14 07:24:17.576 [info] > git diff --name-status -z --diff-filter=ADMR 5a636ed7351a60d6e7b916989758ddd283b39196...refs/remotes/origin/main [14ms]
2025-02-14 07:24:17.577 [info] > git for-each-ref --format=%(refname)%00%(upstream:short)%00%(objectname)%00%(upstream:track)%00%(upstream:remotename)%00%(upstream:remoteref) refs/heads/main refs/remotes/main [27ms]
2025-02-14 07:24:17.603 [info] > git config --get commit.template [28ms]
2025-02-14 07:24:17.625 [info] > git for-each-ref --format=%(refname)%00%(upstream:short)%00%(objectname)%00%(upstream:track)%00%(upstream:remotename)%00%(upstream:remoteref) refs/heads/main refs/remotes/main [6ms]
2025-02-14 07:24:17.642 [info] > git status -z -uall [9ms]
2025-02-14 07:24:17.642 [info] > git for-each-ref --sort -committerdate --format %(refname) %(objectname) %(*objectname) [2ms]
2025-02-14 07:24:17.812 [info] > git show --textconv :docker-compose.yml [7ms]
2025-02-14 07:24:17.839 [info] > git ls-files --stage -- /home/chuck/src/self-hosted-ai-starter-kit/docker-compose.yml [27ms]
2025-02-14 07:24:17.860 [info] > git cat-file -s 7de56e7f46848bf1804958c0adf55ab536f58c9c [11ms]
2025-02-14 07:24:18.621 [info] > git check-ignore -v -z --stdin [352ms]
2025-02-14 07:24:18.742 [info] > git blame --root --incremental 5a636ed7351a60d6e7b916989758ddd283b39196 -- /home/chuck/src/self-hosted-ai-starter-kit/docker-compose.yml [22ms]
2025-02-14 07:24:22.422 [info] > git ls-files --stage -- /home/chuck/src/self-hosted-ai-starter-kit/docker-compose.yml [75ms]
2025-02-14 07:24:22.437 [info] > git config --get commit.template [164ms]
2025-02-14 07:24:22.524 [info] > git cat-file -s 7de56e7f46848bf1804958c0adf55ab536f58c9c [88ms]
2025-02-14 07:24:22.587 [info] > git show --textconv :docker-compose.yml [18ms]
2025-02-14 07:24:22.613 [info] > git for-each-ref --format=%(refname)%00%(upstream:short)%00%(objectname)%00%(upstream:track)%00%(upstream:remotename)%00%(upstream:remoteref) refs/heads/main refs/remotes/main [69ms]
2025-02-14 07:24:22.844 [info] > git status -z -uall [19ms]
2025-02-14 07:24:22.926 [info] > git for-each-ref --sort -committerdate --format %(refname) %(objectname) %(*objectname) [87ms]
2025-02-14 07:24:24.354 [info] > git config --get commit.template [1403ms]
2025-02-14 07:24:24.582 [info] > git for-each-ref --format=%(refname)%00%(upstream:short)%00%(objectname)%00%(upstream:track)%00%(upstream:remotename)%00%(upstream:remoteref) refs/heads/main refs/remotes/main [114ms]
2025-02-14 07:24:24.772 [info] > git status -z -uall [37ms]
2025-02-14 07:24:24.773 [info] > git for-each-ref --sort -committerdate --format %(refname) %(objectname) %(*objectname) [25ms]
2025-02-14 07:24:25.097 [info] > git config --get --local branch.main.github-pr-owner-number [102ms]
2025-02-14 07:24:25.097 [warning] [Git][config] git config failed: Failed to execute git
2025-02-14 07:25:55.294 [info] [main] Log level: Info
2025-02-14 07:25:55.294 [info] [main] Validating found git in: "git"
2025-02-14 07:25:55.294 [info] [main] Using git "2.48.1" from "git"
2025-02-14 07:25:55.294 [info] [Model][doInitialScan] Initial repository scan started
2025-02-14 07:25:55.294 [info] > git rev-parse --show-toplevel [13ms]
2025-02-14 07:25:55.327 [info] > git rev-parse --git-dir --git-common-dir [26ms]
2025-02-14 07:25:55.350 [info] [Model][openRepository] Opened repository: /home/chuck/src/self-hosted-ai-starter-kit
2025-02-14 07:25:55.378 [info] > git rev-parse --show-toplevel [7ms]
2025-02-14 07:25:55.379 [info] > git config --get commit.template [17ms]
2025-02-14 07:25:55.421 [info] > git rev-parse --show-toplevel [19ms]
2025-02-14 07:25:55.423 [info] [Model][doInitialScan] Initial repository scan completed - repositories (1), closed repositories (0), parent repositories (0), unsafe repositories (0)
2025-02-14 07:25:55.443 [info] > git for-each-ref --format=%(refname)%00%(upstream:short)%00%(objectname)%00%(upstream:track)%00%(upstream:remotename)%00%(upstream:remoteref) refs/heads/main refs/remotes/main [23ms]
2025-02-14 07:25:55.450 [info] > git ls-files --stage -- /home/chuck/src/self-hosted-ai-starter-kit/docker-compose.yml [19ms]
2025-02-14 07:25:55.462 [info] > git cat-file -s 7de56e7f46848bf1804958c0adf55ab536f58c9c [2ms]
2025-02-14 07:25:55.507 [info] > git show --textconv :docker-compose.yml [31ms]
2025-02-14 07:25:55.507 [info] > git status -z -uall [21ms]
2025-02-14 07:25:55.508 [info] > git for-each-ref --sort -committerdate --format %(refname) %(objectname) %(*objectname) [13ms]
2025-02-14 07:25:55.541 [info] > git for-each-ref --format=%(refname)%00%(upstream:short)%00%(objectname)%00%(upstream:track)%00%(upstream:remotename)%00%(upstream:remoteref) refs/heads/main refs/remotes/main [14ms]
2025-02-14 07:25:55.549 [info] > git fetch [199ms]
2025-02-14 07:25:55.559 [info] > git config --get --local branch.main.vscode-merge-base [10ms]
2025-02-14 07:25:55.569 [info] > git config --get commit.template [30ms]
2025-02-14 07:25:55.572 [info] > git for-each-ref --format=%(refname)%00%(upstream:short)%00%(objectname)%00%(upstream:track)%00%(upstream:remotename)%00%(upstream:remoteref) refs/heads/origin/main refs/remotes/origin/main [3ms]
2025-02-14 07:25:55.584 [info] > git config --get commit.template [26ms]
2025-02-14 07:25:55.594 [info] > git merge-base refs/heads/main refs/remotes/origin/main [10ms]
2025-02-14 07:25:55.610 [info] > git for-each-ref --format=%(refname)%00%(upstream:short)%00%(objectname)%00%(upstream:track)%00%(upstream:remotename)%00%(upstream:remoteref) refs/heads/main refs/remotes/main [17ms]
2025-02-14 07:25:55.628 [info] > git for-each-ref --format=%(refname)%00%(upstream:short)%00%(objectname)%00%(upstream:track)%00%(upstream:remotename)%00%(upstream:remoteref) refs/heads/main refs/remotes/main [18ms]
2025-02-14 07:25:55.628 [info] > git diff --name-status -z --diff-filter=ADMR 5a636ed7351a60d6e7b916989758ddd283b39196...refs/remotes/origin/main [27ms]
2025-02-14 07:25:55.670 [info] > git status -z -uall [10ms]
2025-02-14 07:25:55.675 [info] > git for-each-ref --sort -committerdate --format %(refname) %(objectname) %(*objectname) [7ms]
2025-02-14 07:25:55.725 [info] > git blame --root --incremental 5a636ed7351a60d6e7b916989758ddd283b39196 -- /home/chuck/src/self-hosted-ai-starter-kit/docker-compose.yml [13ms]
2025-02-14 07:25:55.898 [info] > git check-ignore -v -z --stdin [3ms]
2025-02-14 07:25:59.203 [info] > git ls-files --stage -- /home/chuck/src/self-hosted-ai-starter-kit/docker-compose.yml [63ms]
2025-02-14 07:25:59.243 [info] > git cat-file -s 7de56e7f46848bf1804958c0adf55ab536f58c9c [28ms]
2025-02-14 07:25:59.309 [info] > git show --textconv :docker-compose.yml [49ms]
2025-02-14 07:26:00.760 [info] > git config --get commit.template [68ms]
2025-02-14 07:26:00.895 [info] > git for-each-ref --format=%(refname)%00%(upstream:short)%00%(objectname)%00%(upstream:track)%00%(upstream:remotename)%00%(upstream:remoteref) refs/heads/main refs/remotes/main [96ms]
2025-02-14 07:26:01.179 [info] > git status -z -uall [57ms]
2025-02-14 07:26:01.180 [info] > git for-each-ref --sort -committerdate --format %(refname) %(objectname) %(*objectname) [43ms]
2025-02-14 07:26:01.512 [info] > git config --get --local branch.main.github-pr-owner-number [83ms]
2025-02-14 07:26:01.512 [warning] [Git][config] git config failed: Failed to execute git
2025-02-14 07:26:14.660 [info] > git check-ignore -v -z --stdin [2ms]
2025-02-14 07:28:55.842 [info] > git fetch [153ms]
2025-02-14 07:28:55.863 [info] > git config --get commit.template [11ms]
2025-02-14 07:28:55.863 [info] > git for-each-ref --format=%(refname)%00%(upstream:short)%00%(objectname)%00%(upstream:track)%00%(upstream:remotename)%00%(upstream:remoteref) refs/heads/main refs/remotes/main [1ms]
2025-02-14 07:28:55.884 [info] > git status -z -uall [10ms]
2025-02-14 07:28:55.885 [info] > git for-each-ref --sort -committerdate --format %(refname) %(objectname) %(*objectname) [0ms]
2025-02-14 07:28:56.985 [info] > git config --get commit.template [10ms]
2025-02-14 07:28:56.985 [info] > git for-each-ref --format=%(refname)%00%(upstream:short)%00%(objectname)%00%(upstream:track)%00%(upstream:remotename)%00%(upstream:remoteref) refs/heads/main refs/remotes/main [1ms]
2025-02-14 07:28:57.005 [info] > git status -z -uall [10ms]
2025-02-14 07:28:57.005 [info] > git for-each-ref --sort -committerdate --format %(refname) %(objectname) %(*objectname) [0ms]
2025-02-14 07:31:56.044 [info] > git fetch [147ms]
2025-02-14 07:31:56.064 [info] > git config --get commit.template [10ms]
2025-02-14 07:31:56.064 [info] > git for-each-ref --format=%(refname)%00%(upstream:short)%00%(objectname)%00%(upstream:track)%00%(upstream:remotename)%00%(upstream:remoteref) refs/heads/main refs/remotes/main [0ms]
2025-02-14 07:31:56.085 [info] > git status -z -uall [11ms]
2025-02-14 07:31:56.085 [info] > git for-each-ref --sort -committerdate --format %(refname) %(objectname) %(*objectname) [1ms]
2025-02-14 07:31:57.188 [info] > git config --get commit.template [10ms]
2025-02-14 07:31:57.188 [info] > git for-each-ref --format=%(refname)%00%(upstream:short)%00%(objectname)%00%(upstream:track)%00%(upstream:remotename)%00%(upstream:remoteref) refs/heads/main refs/remotes/main [1ms]
2025-02-14 07:31:57.210 [info] > git status -z -uall [11ms]
2025-02-14 07:31:57.211 [info] > git for-each-ref --sort -committerdate --format %(refname) %(objectname) %(*objectname) [1ms]
2025-02-14 07:34:56.256 [info] > git fetch [158ms]
2025-02-14 07:34:56.277 [info] > git config --get commit.template [10ms]
2025-02-14 07:34:56.277 [info] > git for-each-ref --format=%(refname)%00%(upstream:short)%00%(objectname)%00%(upstream:track)%00%(upstream:remotename)%00%(upstream:remoteref) refs/heads/main refs/remotes/main [1ms]
2025-02-14 07:34:56.297 [info] > git status -z -uall [10ms]
2025-02-14 07:34:56.298 [info] > git for-each-ref --sort -committerdate --format %(refname) %(objectname) %(*objectname) [1ms]
2025-02-14 07:34:57.402 [info] > git config --get commit.template [10ms]
2025-02-14 07:34:57.402 [info] > git for-each-ref --format=%(refname)%00%(upstream:short)%00%(objectname)%00%(upstream:track)%00%(upstream:remotename)%00%(upstream:remoteref) refs/heads/main refs/remotes/main [1ms]
2025-02-14 07:34:57.423 [info] > git status -z -uall [11ms]
2025-02-14 07:34:57.424 [info] > git for-each-ref --sort -committerdate --format %(refname) %(objectname) %(*objectname) [1ms]
2025-02-14 07:37:56.497 [info] > git fetch [186ms]
2025-02-14 07:37:56.518 [info] > git config --get commit.template [10ms]
2025-02-14 07:37:56.518 [info] > git for-each-ref --format=%(refname)%00%(upstream:short)%00%(objectname)%00%(upstream:track)%00%(upstream:remotename)%00%(upstream:remoteref) refs/heads/main refs/remotes/main [1ms]
2025-02-14 07:37:56.542 [info] > git status -z -uall [11ms]
2025-02-14 07:37:56.543 [info] > git for-each-ref --sort -committerdate --format %(refname) %(objectname) %(*objectname) [1ms]
2025-02-14 07:37:57.642 [info] > git config --get commit.template [10ms]
2025-02-14 07:37:57.643 [info] > git for-each-ref --format=%(refname)%00%(upstream:short)%00%(objectname)%00%(upstream:track)%00%(upstream:remotename)%00%(upstream:remoteref) refs/heads/main refs/remotes/main [1ms]
2025-02-14 07:37:57.663 [info] > git status -z -uall [10ms]
2025-02-14 07:37:57.664 [info] > git for-each-ref --sort -committerdate --format %(refname) %(objectname) %(*objectname) [1ms]
2025-02-14 07:40:56.711 [info] > git fetch [155ms]
2025-02-14 07:40:56.732 [info] > git config --get commit.template [10ms]
2025-02-14 07:40:56.733 [info] > git for-each-ref --format=%(refname)%00%(upstream:short)%00%(objectname)%00%(upstream:track)%00%(upstream:remotename)%00%(upstream:remoteref) refs/heads/main refs/remotes/main [1ms]
2025-02-14 07:40:56.754 [info] > git status -z -uall [11ms]
2025-02-14 07:40:56.755 [info] > git for-each-ref --sort -committerdate --format %(refname) %(objectname) %(*objectname) [1ms]
2025-02-14 07:40:57.856 [info] > git config --get commit.template [10ms]
2025-02-14 07:40:57.857 [info] > git for-each-ref --format=%(refname)%00%(upstream:short)%00%(objectname)%00%(upstream:track)%00%(upstream:remotename)%00%(upstream:remoteref) refs/heads/main refs/remotes/main [1ms]
2025-02-14 07:40:57.877 [info] > git status -z -uall [10ms]
2025-02-14 07:40:57.878 [info] > git for-each-ref --sort -committerdate --format %(refname) %(objectname) %(*objectname) [1ms]
2025-02-14 07:43:56.920 [info] > git fetch [153ms]
2025-02-14 07:43:56.941 [info] > git config --get commit.template [10ms]
2025-02-14 07:43:56.942 [info] > git for-each-ref --format=%(refname)%00%(upstream:short)%00%(objectname)%00%(upstream:track)%00%(upstream:remotename)%00%(upstream:remoteref) refs/heads/main refs/remotes/main [1ms]
2025-02-14 07:43:56.962 [info] > git status -z -uall [10ms]
2025-02-14 07:43:56.963 [info] > git for-each-ref --sort -committerdate --format %(refname) %(objectname) %(*objectname) [1ms]
2025-02-14 07:43:58.067 [info] > git config --get commit.template [11ms]
2025-02-14 07:43:58.067 [info] > git for-each-ref --format=%(refname)%00%(upstream:short)%00%(objectname)%00%(upstream:track)%00%(upstream:remotename)%00%(upstream:remoteref) refs/heads/main refs/remotes/main [1ms]
2025-02-14 07:43:58.088 [info] > git status -z -uall [11ms]
2025-02-14 07:43:58.089 [info] > git for-each-ref --sort -committerdate --format %(refname) %(objectname) %(*objectname) [1ms]
2025-02-14 07:46:57.139 [info] > git fetch [164ms]
2025-02-14 07:46:57.160 [info] > git config --get commit.template [9ms]
2025-02-14 07:46:57.160 [info] > git for-each-ref --format=%(refname)%00%(upstream:short)%00%(objectname)%00%(upstream:track)%00%(upstream:remotename)%00%(upstream:remoteref) refs/heads/main refs/remotes/main [1ms]
2025-02-14 07:46:57.181 [info] > git status -z -uall [11ms]
2025-02-14 07:46:57.182 [info] > git for-each-ref --sort -committerdate --format %(refname) %(objectname) %(*objectname) [1ms]
2025-02-14 07:46:58.285 [info] > git config --get commit.template [10ms]
2025-02-14 07:46:58.285 [info] > git for-each-ref --format=%(refname)%00%(upstream:short)%00%(objectname)%00%(upstream:track)%00%(upstream:remotename)%00%(upstream:remoteref) refs/heads/main refs/remotes/main [1ms]
2025-02-14 07:46:58.305 [info] > git status -z -uall [10ms]
2025-02-14 07:46:58.306 [info] > git for-each-ref --sort -committerdate --format %(refname) %(objectname) %(*objectname) [1ms]
2025-02-14 07:49:57.379 [info] > git fetch [185ms]
2025-02-14 07:49:57.399 [info] > git config --get commit.template [10ms]
2025-02-14 07:49:57.400 [info] > git for-each-ref --format=%(refname)%00%(upstream:short)%00%(objectname)%00%(upstream:track)%00%(upstream:remotename)%00%(upstream:remoteref) refs/heads/main refs/remotes/main [1ms]
2025-02-14 07:49:57.420 [info] > git status -z -uall [10ms]
2025-02-14 07:49:57.421 [info] > git for-each-ref --sort -committerdate --format %(refname) %(objectname) %(*objectname) [1ms]
2025-02-14 07:49:58.513 [info] > git config --get commit.template [0ms]
2025-02-14 07:49:58.524 [info] > git for-each-ref --format=%(refname)%00%(upstream:short)%00%(objectname)%00%(upstream:track)%00%(upstream:remotename)%00%(upstream:remoteref) refs/heads/main refs/remotes/main [1ms]
2025-02-14 07:49:58.544 [info] > git status -z -uall [11ms]
2025-02-14 07:49:58.544 [info] > git for-each-ref --sort -committerdate --format %(refname) %(objectname) %(*objectname) [1ms]
2025-02-14 07:52:57.612 [info] > git fetch [179ms]
2025-02-14 07:52:57.634 [info] > git config --get commit.template [10ms]
2025-02-14 07:52:57.634 [info] > git for-each-ref --format=%(refname)%00%(upstream:short)%00%(objectname)%00%(upstream:track)%00%(upstream:remotename)%00%(upstream:remoteref) refs/heads/main refs/remotes/main [1ms]
2025-02-14 07:52:57.655 [info] > git status -z -uall [11ms]
2025-02-14 07:52:57.655 [info] > git for-each-ref --sort -committerdate --format %(refname) %(objectname) %(*objectname) [1ms]
2025-02-14 07:52:58.746 [info] > git config --get commit.template [0ms]
2025-02-14 07:52:58.757 [info] > git for-each-ref --format=%(refname)%00%(upstream:short)%00%(objectname)%00%(upstream:track)%00%(upstream:remotename)%00%(upstream:remoteref) refs/heads/main refs/remotes/main [1ms]
2025-02-14 07:52:58.777 [info] > git status -z -uall [10ms]
2025-02-14 07:52:58.777 [info] > git for-each-ref --sort -committerdate --format %(refname) %(objectname) %(*objectname) [1ms]
2025-02-14 07:55:57.843 [info] > git fetch [175ms]
2025-02-14 07:55:57.855 [info] > git config --get commit.template [1ms]
2025-02-14 07:55:57.865 [info] > git for-each-ref --format=%(refname)%00%(upstream:short)%00%(objectname)%00%(upstream:track)%00%(upstream:remotename)%00%(upstream:remoteref) refs/heads/main refs/remotes/main [1ms]
2025-02-14 07:55:57.887 [info] > git status -z -uall [11ms]
2025-02-14 07:55:57.888 [info] > git for-each-ref --sort -committerdate --format %(refname) %(objectname) %(*objectname) [1ms]
2025-02-14 07:55:58.988 [info] > git config --get commit.template [11ms]
2025-02-14 07:55:58.988 [info] > git for-each-ref --format=%(refname)%00%(upstream:short)%00%(objectname)%00%(upstream:track)%00%(upstream:remotename)%00%(upstream:remoteref) refs/heads/main refs/remotes/main [1ms]
2025-02-14 07:55:59.041 [info] > git status -z -uall [43ms]
2025-02-14 07:55:59.041 [info] > git for-each-ref --sort -committerdate --format %(refname) %(objectname) %(*objectname) [33ms]
2025-02-14 07:58:58.064 [info] > git fetch [164ms]
2025-02-14 07:58:58.085 [info] > git config --get commit.template [11ms]
2025-02-14 07:58:58.085 [info] > git for-each-ref --format=%(refname)%00%(upstream:short)%00%(objectname)%00%(upstream:track)%00%(upstream:remotename)%00%(upstream:remoteref) refs/heads/main refs/remotes/main [0ms]
2025-02-14 07:58:58.106 [info] > git status -z -uall [10ms]
2025-02-14 07:58:58.107 [info] > git for-each-ref --sort -committerdate --format %(refname) %(objectname) %(*objectname) [1ms]
2025-02-14 07:58:59.210 [info] > git config --get commit.template [11ms]
2025-02-14 07:58:59.210 [info] > git for-each-ref --format=%(refname)%00%(upstream:short)%00%(objectname)%00%(upstream:track)%00%(upstream:remotename)%00%(upstream:remoteref) refs/heads/main refs/remotes/main [1ms]
2025-02-14 07:58:59.231 [info] > git status -z -uall [10ms]
2025-02-14 07:58:59.232 [info] > git for-each-ref --sort -committerdate --format %(refname) %(objectname) %(*objectname) [1ms]
2025-02-14 08:01:58.374 [info] > git fetch [255ms]
2025-02-14 08:01:58.396 [info] > git config --get commit.template [10ms]
2025-02-14 08:01:58.397 [info] > git for-each-ref --format=%(refname)%00%(upstream:short)%00%(objectname)%00%(upstream:track)%00%(upstream:remotename)%00%(upstream:remoteref) refs/heads/main refs/remotes/main [1ms]
2025-02-14 08:01:58.418 [info] > git status -z -uall [11ms]
2025-02-14 08:01:58.419 [info] > git for-each-ref --sort -committerdate --format %(refname) %(objectname) %(*objectname) [1ms]
2025-02-14 08:01:59.521 [info] > git config --get commit.template [10ms]
2025-02-14 08:01:59.521 [info] > git for-each-ref --format=%(refname)%00%(upstream:short)%00%(objectname)%00%(upstream:track)%00%(upstream:remotename)%00%(upstream:remoteref) refs/heads/main refs/remotes/main [1ms]
2025-02-14 08:01:59.545 [info] > git status -z -uall [11ms]
2025-02-14 08:01:59.546 [info] > git for-each-ref --sort -committerdate --format %(refname) %(objectname) %(*objectname) [1ms]
2025-02-14 08:04:58.607 [info] > git fetch [176ms]
2025-02-14 08:04:58.629 [info] > git config --get commit.template [11ms]
2025-02-14 08:04:58.629 [info] > git for-each-ref --format=%(refname)%00%(upstream:short)%00%(objectname)%00%(upstream:track)%00%(upstream:remotename)%00%(upstream:remoteref) refs/heads/main refs/remotes/main [1ms]
2025-02-14 08:04:58.650 [info] > git status -z -uall [10ms]
2025-02-14 08:04:58.651 [info] > git for-each-ref --sort -committerdate --format %(refname) %(objectname) %(*objectname) [1ms]
2025-02-14 08:04:59.754 [info] > git config --get commit.template [11ms]
2025-02-14 08:04:59.754 [info] > git for-each-ref --format=%(refname)%00%(upstream:short)%00%(objectname)%00%(upstream:track)%00%(upstream:remotename)%00%(upstream:remoteref) refs/heads/main refs/remotes/main [1ms]
2025-02-14 08:04:59.775 [info] > git status -z -uall [10ms]
2025-02-14 08:04:59.776 [info] > git for-each-ref --sort -committerdate --format %(refname) %(objectname) %(*objectname) [1ms]
2025-02-14 08:07:58.880 [info] > git fetch [205ms]
2025-02-14 08:07:58.902 [info] > git config --get commit.template [11ms]
2025-02-14 08:07:58.902 [info] > git for-each-ref --format=%(refname)%00%(upstream:short)%00%(objectname)%00%(upstream:track)%00%(upstream:remotename)%00%(upstream:remoteref) refs/heads/main refs/remotes/main [1ms]
2025-02-14 08:07:58.924 [info] > git status -z -uall [11ms]
2025-02-14 08:07:58.925 [info] > git for-each-ref --sort -committerdate --format %(refname) %(objectname) %(*objectname) [1ms]
2025-02-14 08:08:00.029 [info] > git config --get commit.template [12ms]
2025-02-14 08:08:00.029 [info] > git for-each-ref --format=%(refname)%00%(upstream:short)%00%(objectname)%00%(upstream:track)%00%(upstream:remotename)%00%(upstream:remoteref) refs/heads/main refs/remotes/main [0ms]
2025-02-14 08:08:00.051 [info] > git status -z -uall [11ms]
2025-02-14 08:08:00.051 [info] > git for-each-ref --sort -committerdate --format %(refname) %(objectname) %(*objectname) [1ms]
2025-02-14 08:10:59.086 [info] > git fetch [146ms]
2025-02-14 08:10:59.107 [info] > git config --get commit.template [10ms]
2025-02-14 08:10:59.108 [info] > git for-each-ref --format=%(refname)%00%(upstream:short)%00%(objectname)%00%(upstream:track)%00%(upstream:remotename)%00%(upstream:remoteref) refs/heads/main refs/remotes/main [1ms]
2025-02-14 08:10:59.130 [info] > git status -z -uall [11ms]
2025-02-14 08:10:59.131 [info] > git for-each-ref --sort -committerdate --format %(refname) %(objectname) %(*objectname) [1ms]
2025-02-14 08:11:00.230 [info] > git config --get commit.template [10ms]
2025-02-14 08:11:00.231 [info] > git for-each-ref --format=%(refname)%00%(upstream:short)%00%(objectname)%00%(upstream:track)%00%(upstream:remotename)%00%(upstream:remoteref) refs/heads/main refs/remotes/main [1ms]
2025-02-14 08:11:00.251 [info] > git status -z -uall [10ms]
2025-02-14 08:11:00.252 [info] > git for-each-ref --sort -committerdate --format %(refname) %(objectname) %(*objectname) [1ms]
2025-02-14 08:13:59.352 [info] > git fetch [209ms]
2025-02-14 08:13:59.374 [info] > git config --get commit.template [12ms]
2025-02-14 08:13:59.374 [info] > git for-each-ref --format=%(refname)%00%(upstream:short)%00%(objectname)%00%(upstream:track)%00%(upstream:remotename)%00%(upstream:remoteref) refs/heads/main refs/remotes/main [1ms]
2025-02-14 08:13:59.396 [info] > git status -z -uall [11ms]
2025-02-14 08:13:59.396 [info] > git for-each-ref --sort -committerdate --format %(refname) %(objectname) %(*objectname) [1ms]
2025-02-14 08:14:00.491 [info] > git config --get commit.template [1ms]
2025-02-14 08:14:00.502 [info] > git for-each-ref --format=%(refname)%00%(upstream:short)%00%(objectname)%00%(upstream:track)%00%(upstream:remotename)%00%(upstream:remoteref) refs/heads/main refs/remotes/main [0ms]
2025-02-14 08:14:00.524 [info] > git status -z -uall [11ms]
2025-02-14 08:14:00.525 [info] > git for-each-ref --sort -committerdate --format %(refname) %(objectname) %(*objectname) [1ms]
2025-02-14 08:16:59.586 [info] > git fetch [176ms]
2025-02-14 08:16:59.609 [info] > git config --get commit.template [10ms]
2025-02-14 08:16:59.609 [info] > git for-each-ref --format=%(refname)%00%(upstream:short)%00%(objectname)%00%(upstream:track)%00%(upstream:remotename)%00%(upstream:remoteref) refs/heads/main refs/remotes/main [1ms]
2025-02-14 08:16:59.630 [info] > git status -z -uall [11ms]
2025-02-14 08:16:59.631 [info] > git for-each-ref --sort -committerdate --format %(refname) %(objectname) %(*objectname) [1ms]
2025-02-14 08:17:00.736 [info] > git config --get commit.template [15ms]
2025-02-14 08:17:00.736 [info] > git for-each-ref --format=%(refname)%00%(upstream:short)%00%(objectname)%00%(upstream:track)%00%(upstream:remotename)%00%(upstream:remoteref) refs/heads/main refs/remotes/main [1ms]
2025-02-14 08:17:00.759 [info] > git status -z -uall [11ms]
2025-02-14 08:17:00.760 [info] > git for-each-ref --sort -committerdate --format %(refname) %(objectname) %(*objectname) [1ms]
2025-02-14 08:19:59.839 [info] > git fetch [194ms]
2025-02-14 08:19:59.862 [info] > git config --get commit.template [11ms]
2025-02-14 08:19:59.862 [info] > git for-each-ref --format=%(refname)%00%(upstream:short)%00%(objectname)%00%(upstream:track)%00%(upstream:remotename)%00%(upstream:remoteref) refs/heads/main refs/remotes/main [1ms]
2025-02-14 08:19:59.884 [info] > git status -z -uall [11ms]
2025-02-14 08:19:59.885 [info] > git for-each-ref --sort -committerdate --format %(refname) %(objectname) %(*objectname) [1ms]
2025-02-14 08:20:00.985 [info] > git config --get commit.template [12ms]
2025-02-14 08:20:00.985 [info] > git for-each-ref --format=%(refname)%00%(upstream:short)%00%(objectname)%00%(upstream:track)%00%(upstream:remotename)%00%(upstream:remoteref) refs/heads/main refs/remotes/main [1ms]
2025-02-14 08:20:01.007 [info] > git status -z -uall [10ms]
2025-02-14 08:20:01.008 [info] > git for-each-ref --sort -committerdate --format %(refname) %(objectname) %(*objectname) [1ms]
2025-02-14 08:23:00.079 [info] > git fetch [177ms]
2025-02-14 08:23:00.102 [info] > git config --get commit.template [11ms]
2025-02-14 08:23:00.102 [info] > git for-each-ref --format=%(refname)%00%(upstream:short)%00%(objectname)%00%(upstream:track)%00%(upstream:remotename)%00%(upstream:remoteref) refs/heads/main refs/remotes/main [1ms]
2025-02-14 08:23:00.124 [info] > git status -z -uall [11ms]
2025-02-14 08:23:00.125 [info] > git for-each-ref --sort -committerdate --format %(refname) %(objectname) %(*objectname) [1ms]
2025-02-14 08:23:01.225 [info] > git config --get commit.template [11ms]
2025-02-14 08:23:01.225 [info] > git for-each-ref --format=%(refname)%00%(upstream:short)%00%(objectname)%00%(upstream:track)%00%(upstream:remotename)%00%(upstream:remoteref) refs/heads/main refs/remotes/main [1ms]
2025-02-14 08:23:01.248 [info] > git status -z -uall [12ms]
2025-02-14 08:23:01.248 [info] > git for-each-ref --sort -committerdate --format %(refname) %(objectname) %(*objectname) [1ms]
2025-02-14 08:26:00.301 [info] > git fetch [161ms]
2025-02-14 08:26:00.324 [info] > git config --get commit.template [12ms]
2025-02-14 08:26:00.324 [info] > git for-each-ref --format=%(refname)%00%(upstream:short)%00%(objectname)%00%(upstream:track)%00%(upstream:remotename)%00%(upstream:remoteref) refs/heads/main refs/remotes/main [0ms]
2025-02-14 08:26:00.347 [info] > git status -z -uall [11ms]
2025-02-14 08:26:00.348 [info] > git for-each-ref --sort -committerdate --format %(refname) %(objectname) %(*objectname) [1ms]
2025-02-14 08:26:01.456 [info] > git config --get commit.template [11ms]
2025-02-14 08:26:01.457 [info] > git for-each-ref --format=%(refname)%00%(upstream:short)%00%(objectname)%00%(upstream:track)%00%(upstream:remotename)%00%(upstream:remoteref) refs/heads/main refs/remotes/main [1ms]
2025-02-14 08:26:01.480 [info] > git status -z -uall [12ms]
2025-02-14 08:26:01.481 [info] > git for-each-ref --sort -committerdate --format %(refname) %(objectname) %(*objectname) [1ms]
2025-02-14 08:29:00.519 [info] > git fetch [158ms]
2025-02-14 08:29:00.543 [info] > git config --get commit.template [12ms]
2025-02-14 08:29:00.544 [info] > git for-each-ref --format=%(refname)%00%(upstream:short)%00%(objectname)%00%(upstream:track)%00%(upstream:remotename)%00%(upstream:remoteref) refs/heads/main refs/remotes/main [1ms]
2025-02-14 08:29:00.567 [info] > git status -z -uall [12ms]
2025-02-14 08:29:00.568 [info] > git for-each-ref --sort -committerdate --format %(refname) %(objectname) %(*objectname) [1ms]
2025-02-14 08:29:01.656 [info] > git config --get commit.template [0ms]
2025-02-14 08:29:01.668 [info] > git for-each-ref --format=%(refname)%00%(upstream:short)%00%(objectname)%00%(upstream:track)%00%(upstream:remotename)%00%(upstream:remoteref) refs/heads/main refs/remotes/main [1ms]
2025-02-14 08:29:01.691 [info] > git status -z -uall [12ms]
2025-02-14 08:29:01.692 [info] > git for-each-ref --sort -committerdate --format %(refname) %(objectname) %(*objectname) [1ms]
2025-02-14 08:32:00.747 [info] > git fetch [166ms]
2025-02-14 08:32:00.771 [info] > git config --get commit.template [12ms]
2025-02-14 08:32:00.772 [info] > git for-each-ref --format=%(refname)%00%(upstream:short)%00%(objectname)%00%(upstream:track)%00%(upstream:remotename)%00%(upstream:remoteref) refs/heads/main refs/remotes/main [2ms]
2025-02-14 08:32:00.795 [info] > git status -z -uall [12ms]
2025-02-14 08:32:00.795 [info] > git for-each-ref --sort -committerdate --format %(refname) %(objectname) %(*objectname) [0ms]
2025-02-14 08:32:01.883 [info] > git config --get commit.template [1ms]
2025-02-14 08:32:01.895 [info] > git for-each-ref --format=%(refname)%00%(upstream:short)%00%(objectname)%00%(upstream:track)%00%(upstream:remotename)%00%(upstream:remoteref) refs/heads/main refs/remotes/main [1ms]
2025-02-14 08:32:01.918 [info] > git status -z -uall [12ms]
2025-02-14 08:32:01.919 [info] > git for-each-ref --sort -committerdate --format %(refname) %(objectname) %(*objectname) [1ms]
2025-02-14 08:35:00.988 [info] > git fetch [179ms]
2025-02-14 08:35:01.012 [info] > git config --get commit.template [12ms]
2025-02-14 08:35:01.012 [info] > git for-each-ref --format=%(refname)%00%(upstream:short)%00%(objectname)%00%(upstream:track)%00%(upstream:remotename)%00%(upstream:remoteref) refs/heads/main refs/remotes/main [1ms]
2025-02-14 08:35:01.035 [info] > git status -z -uall [12ms]
2025-02-14 08:35:01.036 [info] > git for-each-ref --sort -committerdate --format %(refname) %(objectname) %(*objectname) [1ms]
2025-02-14 08:35:02.137 [info] > git config --get commit.template [12ms]
2025-02-14 08:35:02.137 [info] > git for-each-ref --format=%(refname)%00%(upstream:short)%00%(objectname)%00%(upstream:track)%00%(upstream:remotename)%00%(upstream:remoteref) refs/heads/main refs/remotes/main [1ms]
2025-02-14 08:35:02.161 [info] > git status -z -uall [12ms]
2025-02-14 08:35:02.161 [info] > git for-each-ref --sort -committerdate --format %(refname) %(objectname) %(*objectname) [1ms]
2025-02-14 08:38:01.215 [info] > git fetch [166ms]
2025-02-14 08:38:01.239 [info] > git config --get commit.template [12ms]
2025-02-14 08:38:01.239 [info] > git for-each-ref --format=%(refname)%00%(upstream:short)%00%(objectname)%00%(upstream:track)%00%(upstream:remotename)%00%(upstream:remoteref) refs/heads/main refs/remotes/main [0ms]
2025-02-14 08:38:01.263 [info] > git status -z -uall [12ms]
2025-02-14 08:38:01.264 [info] > git for-each-ref --sort -committerdate --format %(refname) %(objectname) %(*objectname) [1ms]
2025-02-14 08:38:02.364 [info] > git config --get commit.template [12ms]
2025-02-14 08:38:02.364 [info] > git for-each-ref --format=%(refname)%00%(upstream:short)%00%(objectname)%00%(upstream:track)%00%(upstream:remotename)%00%(upstream:remoteref) refs/heads/main refs/remotes/main [1ms]
2025-02-14 08:38:02.388 [info] > git status -z -uall [12ms]
2025-02-14 08:38:02.388 [info] > git for-each-ref --sort -committerdate --format %(refname) %(objectname) %(*objectname) [1ms]
2025-02-14 08:41:01.448 [info] > git fetch [171ms]
2025-02-14 08:41:01.472 [info] > git config --get commit.template [12ms]
2025-02-14 08:41:01.473 [info] > git for-each-ref --format=%(refname)%00%(upstream:short)%00%(objectname)%00%(upstream:track)%00%(upstream:remotename)%00%(upstream:remoteref) refs/heads/main refs/remotes/main [1ms]
2025-02-14 08:41:01.496 [info] > git status -z -uall [11ms]
2025-02-14 08:41:01.497 [info] > git for-each-ref --sort -committerdate --format %(refname) %(objectname) %(*objectname) [1ms]
2025-02-14 08:41:02.604 [info] > git config --get commit.template [16ms]
2025-02-14 08:41:02.604 [info] > git for-each-ref --format=%(refname)%00%(upstream:short)%00%(objectname)%00%(upstream:track)%00%(upstream:remotename)%00%(upstream:remoteref) refs/heads/main refs/remotes/main [1ms]
2025-02-14 08:41:02.629 [info] > git status -z -uall [12ms]
2025-02-14 08:41:02.630 [info] > git for-each-ref --sort -committerdate --format %(refname) %(objectname) %(*objectname) [1ms]
2025-02-14 08:44:01.680 [info] > git fetch [170ms]
2025-02-14 08:44:01.704 [info] > git config --get commit.template [12ms]
2025-02-14 08:44:01.705 [info] > git for-each-ref --format=%(refname)%00%(upstream:short)%00%(objectname)%00%(upstream:track)%00%(upstream:remotename)%00%(upstream:remoteref) refs/heads/main refs/remotes/main [0ms]
2025-02-14 08:44:01.728 [info] > git status -z -uall [12ms]
2025-02-14 08:44:01.729 [info] > git for-each-ref --sort -committerdate --format %(refname) %(objectname) %(*objectname) [1ms]
2025-02-14 08:44:02.818 [info] > git config --get commit.template [1ms]
2025-02-14 08:44:02.831 [info] > git for-each-ref --format=%(refname)%00%(upstream:short)%00%(objectname)%00%(upstream:track)%00%(upstream:remotename)%00%(upstream:remoteref) refs/heads/main refs/remotes/main [0ms]
2025-02-14 08:44:02.855 [info] > git status -z -uall [13ms]
2025-02-14 08:44:02.855 [info] > git for-each-ref --sort -committerdate --format %(refname) %(objectname) %(*objectname) [0ms]
2025-02-14 08:47:01.888 [info] > git fetch [145ms]
2025-02-14 08:47:01.912 [info] > git config --get commit.template [12ms]
2025-02-14 08:47:01.912 [info] > git for-each-ref --format=%(refname)%00%(upstream:short)%00%(objectname)%00%(upstream:track)%00%(upstream:remotename)%00%(upstream:remoteref) refs/heads/main refs/remotes/main [1ms]
2025-02-14 08:47:01.939 [info] > git status -z -uall [14ms]
2025-02-14 08:47:01.939 [info] > git for-each-ref --sort -committerdate --format %(refname) %(objectname) %(*objectname) [1ms]
2025-02-14 08:47:03.038 [info] > git config --get commit.template [12ms]
2025-02-14 08:47:03.039 [info] > git for-each-ref --format=%(refname)%00%(upstream:short)%00%(objectname)%00%(upstream:track)%00%(upstream:remotename)%00%(upstream:remoteref) refs/heads/main refs/remotes/main [1ms]
2025-02-14 08:47:03.064 [info] > git status -z -uall [13ms]
2025-02-14 08:47:03.064 [info] > git for-each-ref --sort -committerdate --format %(refname) %(objectname) %(*objectname) [1ms]
2025-02-14 08:50:02.118 [info] > git fetch [164ms]
2025-02-14 08:50:02.145 [info] > git config --get commit.template [13ms]
2025-02-14 08:50:02.145 [info] > git for-each-ref --format=%(refname)%00%(upstream:short)%00%(objectname)%00%(upstream:track)%00%(upstream:remotename)%00%(upstream:remoteref) refs/heads/main refs/remotes/main [1ms]
2025-02-14 08:50:02.172 [info] > git status -z -uall [15ms]
2025-02-14 08:50:02.172 [info] > git for-each-ref --sort -committerdate --format %(refname) %(objectname) %(*objectname) [1ms]
2025-02-14 08:50:03.267 [info] > git config --get commit.template [12ms]
2025-02-14 08:50:03.267 [info] > git for-each-ref --format=%(refname)%00%(upstream:short)%00%(objectname)%00%(upstream:track)%00%(upstream:remotename)%00%(upstream:remoteref) refs/heads/main refs/remotes/main [1ms]
2025-02-14 08:50:03.291 [info] > git status -z -uall [12ms]
2025-02-14 08:50:03.292 [info] > git for-each-ref --sort -committerdate --format %(refname) %(objectname) %(*objectname) [1ms]
2025-02-14 08:53:02.592 [info] > git fetch [405ms]
2025-02-14 08:53:02.616 [info] > git config --get commit.template [12ms]
2025-02-14 08:53:02.616 [info] > git for-each-ref --format=%(refname)%00%(upstream:short)%00%(objectname)%00%(upstream:track)%00%(upstream:remotename)%00%(upstream:remoteref) refs/heads/main refs/remotes/main [0ms]
2025-02-14 08:53:02.640 [info] > git status -z -uall [12ms]
2025-02-14 08:53:02.641 [info] > git for-each-ref --sort -committerdate --format %(refname) %(objectname) %(*objectname) [1ms]
2025-02-14 08:53:03.743 [info] > git config --get commit.template [14ms]
2025-02-14 08:53:03.743 [info] > git for-each-ref --format=%(refname)%00%(upstream:short)%00%(objectname)%00%(upstream:track)%00%(upstream:remotename)%00%(upstream:remoteref) refs/heads/main refs/remotes/main [1ms]
2025-02-14 08:53:03.767 [info] > git status -z -uall [12ms]
2025-02-14 08:53:03.767 [info] > git for-each-ref --sort -committerdate --format %(refname) %(objectname) %(*objectname) [0ms]
2025-02-14 08:56:02.828 [info] > git fetch [173ms]
2025-02-14 08:56:02.854 [info] > git config --get commit.template [13ms]
2025-02-14 08:56:02.854 [info] > git for-each-ref --format=%(refname)%00%(upstream:short)%00%(objectname)%00%(upstream:track)%00%(upstream:remotename)%00%(upstream:remoteref) refs/heads/main refs/remotes/main [1ms]
2025-02-14 08:56:02.879 [info] > git status -z -uall [12ms]
2025-02-14 08:56:02.880 [info] > git for-each-ref --sort -committerdate --format %(refname) %(objectname) %(*objectname) [1ms]
2025-02-14 08:56:03.984 [info] > git config --get commit.template [12ms]
2025-02-14 08:56:03.985 [info] > git for-each-ref --format=%(refname)%00%(upstream:short)%00%(objectname)%00%(upstream:track)%00%(upstream:remotename)%00%(upstream:remoteref) refs/heads/main refs/remotes/main [1ms]
2025-02-14 08:56:04.010 [info] > git status -z -uall [13ms]
2025-02-14 08:56:04.011 [info] > git for-each-ref --sort -committerdate --format %(refname) %(objectname) %(*objectname) [1ms]
