2025-02-14 19:20:35.293 [info] Reading sessions from keychain...
2025-02-14 19:20:35.294 [info] Getting sessions for all scopes...
2025-02-14 19:20:35.294 [info] Getting sessions for all scopes...
2025-02-14 19:20:35.294 [info] Getting sessions for all scopes...
2025-02-14 19:20:35.294 [info] Getting sessions for all scopes...
2025-02-14 19:20:35.294 [info] Getting sessions for all scopes...
2025-02-14 19:20:35.294 [info] Getting sessions for all scopes...
2025-02-14 19:20:35.294 [info] Getting sessions for all scopes...
2025-02-14 19:20:35.294 [info] Got stored sessions!
2025-02-14 19:20:35.294 [info] Got 3 verified sessions.
2025-02-14 19:20:35.294 [info] Got 3 sessions for ...
2025-02-14 19:20:35.294 [info] Got 3 sessions for ...
2025-02-14 19:20:35.294 [info] Got 3 sessions for ...
2025-02-14 19:20:35.294 [info] Got 3 sessions for ...
2025-02-14 19:20:35.294 [info] Got 3 sessions for ...
2025-02-14 19:20:35.294 [info] Got 3 sessions for ...
2025-02-14 19:20:35.294 [info] Got 3 sessions for ...
2025-02-14 19:20:35.362 [info] Getting sessions for all scopes...
2025-02-14 19:20:35.362 [info] Got 3 sessions for ...
2025-02-14 19:20:35.539 [info] Getting sessions for user:email...
2025-02-14 19:20:35.539 [info] Got 1 sessions for user:email...
2025-02-14 19:20:36.876 [info] Getting sessions for user:email...
2025-02-14 19:20:36.876 [info] Got 1 sessions for user:email...
2025-02-14 19:20:37.041 [info] Getting sessions for read:user,repo,user:email,workflow...
2025-02-14 19:20:37.041 [info] Got 1 sessions for read:user,repo,user:email,workflow...
2025-02-14 19:20:37.305 [info] Getting sessions for user:email...
2025-02-14 19:20:37.305 [info] Got 1 sessions for user:email...
2025-02-14 19:20:37.305 [info] Getting sessions for user:email...
2025-02-14 19:20:37.305 [info] Got 1 sessions for user:email...
2025-02-14 19:20:39.562 [info] Getting sessions for read:user,repo,user:email,workflow...
2025-02-14 19:20:39.562 [info] Got 1 sessions for read:user,repo,user:email,workflow...
2025-02-14 19:20:39.581 [info] Getting sessions for all scopes...
2025-02-14 19:20:39.581 [info] Got 3 sessions for ...
2025-02-14 19:20:40.438 [info] Getting sessions for read:user,repo,user:email...
2025-02-14 19:20:40.438 [info] Got 1 sessions for read:user,repo,user:email...
2025-02-14 19:20:40.439 [info] Getting sessions for read:user,repo,user:email,workflow...
2025-02-14 19:20:40.439 [info] Got 1 sessions for read:user,repo,user:email,workflow...
2025-02-14 19:20:40.439 [info] Getting sessions for all scopes...
2025-02-14 19:20:40.439 [info] Got 3 sessions for ...
2025-02-14 19:20:40.439 [info] Getting sessions for all scopes...
2025-02-14 19:20:40.439 [info] Got 3 sessions for ...
2025-02-14 19:20:40.439 [info] Getting sessions for project,read:org,read:user,repo,user:email,workflow...
2025-02-14 19:20:40.439 [info] Got 0 sessions for project,read:org,read:user,repo,user:email,workflow...
2025-02-14 19:20:40.550 [info] Getting sessions for read:user,repo,user:email,workflow...
2025-02-14 19:20:40.550 [info] Got 1 sessions for read:user,repo,user:email,workflow...
2025-02-14 19:20:40.633 [info] Getting sessions for read:user,repo,user:email,workflow...
2025-02-14 19:20:40.633 [info] Got 1 sessions for read:user,repo,user:email,workflow...
2025-02-14 19:20:40.766 [info] Getting sessions for read:user,repo,user:email...
2025-02-14 19:20:40.766 [info] Got 1 sessions for read:user,repo,user:email...
2025-02-14 19:20:42.032 [info] Getting sessions for all scopes...
2025-02-14 19:20:42.032 [info] Got 3 sessions for ...
2025-02-14 19:20:42.032 [info] Getting sessions for all scopes...
2025-02-14 19:20:42.032 [info] Got 3 sessions for ...
2025-02-14 19:20:42.130 [info] Getting sessions for read:user,repo,user:email,workflow...
2025-02-14 19:20:42.130 [info] Got 1 sessions for read:user,repo,user:email,workflow...
2025-02-14 19:20:42.179 [info] Getting sessions for read:user,repo,user:email...
2025-02-14 19:20:42.179 [info] Got 1 sessions for read:user,repo,user:email...
2025-02-14 19:20:42.211 [info] Getting sessions for read:user,repo,user:email,workflow...
2025-02-14 19:20:42.211 [info] Got 1 sessions for read:user,repo,user:email,workflow...
2025-02-14 19:20:42.344 [info] Getting sessions for all scopes...
2025-02-14 19:20:42.344 [info] Got 3 sessions for ...
2025-02-14 19:20:42.353 [info] Getting sessions for read:user,repo,user:email,workflow...
2025-02-14 19:20:42.353 [info] Got 1 sessions for read:user,repo,user:email,workflow...
2025-02-14 19:20:42.810 [info] Getting sessions for all scopes...
2025-02-14 19:20:42.810 [info] Got 3 sessions for ...
2025-02-14 19:20:42.824 [info] Getting sessions for all scopes...
2025-02-14 19:20:42.824 [info] Got 3 sessions for ...
2025-02-14 19:20:42.827 [info] Getting sessions for read:user,repo,user:email,workflow...
2025-02-14 19:20:42.827 [info] Got 1 sessions for read:user,repo,user:email,workflow...
2025-02-14 19:20:42.829 [info] Getting sessions for all scopes...
2025-02-14 19:20:42.829 [info] Got 3 sessions for ...
2025-02-14 19:20:42.831 [info] Getting sessions for read:user,repo,user:email,workflow...
2025-02-14 19:20:42.831 [info] Got 1 sessions for read:user,repo,user:email,workflow...
2025-02-14 19:20:43.473 [info] Getting sessions for all scopes...
2025-02-14 19:20:43.473 [info] Got 3 sessions for ...
2025-02-14 19:20:43.518 [info] Getting sessions for read:user,repo,user:email,workflow...
2025-02-14 19:20:43.518 [info] Got 1 sessions for read:user,repo,user:email,workflow...
2025-02-14 19:35:43.531 [info] Getting sessions for all scopes...
2025-02-14 19:35:43.531 [info] Got 3 sessions for ...
2025-02-14 19:35:43.531 [info] Getting sessions for read:user,repo,user:email,workflow...
2025-02-14 19:35:43.531 [info] Got 1 sessions for read:user,repo,user:email,workflow...
2025-02-14 19:45:42.720 [info] Getting sessions for all scopes...
2025-02-14 19:45:42.720 [info] Got 3 sessions for ...
2025-02-14 19:45:42.720 [info] Getting sessions for read:user,repo,user:email,workflow...
2025-02-14 19:45:42.720 [info] Got 1 sessions for read:user,repo,user:email,workflow...
2025-02-14 19:45:43.072 [info] Getting sessions for all scopes...
2025-02-14 19:45:43.072 [info] Got 3 sessions for ...
2025-02-14 19:45:43.072 [info] Getting sessions for all scopes...
2025-02-14 19:45:43.072 [info] Got 3 sessions for ...
2025-02-14 19:45:43.073 [info] Getting sessions for read:user,repo,user:email,workflow...
2025-02-14 19:45:43.073 [info] Got 1 sessions for read:user,repo,user:email,workflow...
2025-02-14 19:45:43.073 [info] Getting sessions for all scopes...
2025-02-14 19:45:43.073 [info] Got 3 sessions for ...
2025-02-14 19:45:43.074 [info] Getting sessions for read:user,repo,user:email,workflow...
2025-02-14 19:45:43.074 [info] Got 1 sessions for read:user,repo,user:email,workflow...
2025-02-14 19:45:43.079 [info] Getting sessions for all scopes...
2025-02-14 19:45:43.079 [info] Got 3 sessions for ...
2025-02-14 19:45:43.079 [info] Getting sessions for read:user,repo,user:email,workflow...
2025-02-14 19:45:43.079 [info] Got 1 sessions for read:user,repo,user:email,workflow...
2025-02-14 19:49:05.545 [info] Getting sessions for read:user,repo,user:email,workflow...
2025-02-14 19:49:05.545 [info] Got 1 sessions for read:user,repo,user:email,workflow...
2025-02-14 19:50:52.493 [info] Getting sessions for read:user,repo,user:email,workflow...
2025-02-14 19:50:52.493 [info] Got 1 sessions for read:user,repo,user:email,workflow...
2025-02-14 19:50:53.452 [info] Getting sessions for read:user,repo,user:email...
2025-02-14 19:50:53.452 [info] Got 1 sessions for read:user,repo,user:email...
2025-02-14 20:00:43.081 [info] Getting sessions for all scopes...
2025-02-14 20:00:43.081 [info] Got 3 sessions for ...
2025-02-14 20:00:43.082 [info] Getting sessions for read:user,repo,user:email,workflow...
2025-02-14 20:00:43.082 [info] Got 1 sessions for read:user,repo,user:email,workflow...
2025-02-14 20:10:43.077 [info] Getting sessions for all scopes...
2025-02-14 20:10:43.078 [info] Got 3 sessions for ...
2025-02-14 20:10:43.081 [info] Getting sessions for read:user,repo,user:email,workflow...
2025-02-14 20:10:43.081 [info] Got 1 sessions for read:user,repo,user:email,workflow...
2025-02-14 20:10:43.468 [info] Getting sessions for all scopes...
2025-02-14 20:10:43.468 [info] Got 3 sessions for ...
2025-02-14 20:10:43.469 [info] Getting sessions for all scopes...
2025-02-14 20:10:43.469 [info] Got 3 sessions for ...
2025-02-14 20:10:43.471 [info] Getting sessions for read:user,repo,user:email,workflow...
2025-02-14 20:10:43.471 [info] Got 1 sessions for read:user,repo,user:email,workflow...
2025-02-14 20:10:43.475 [info] Getting sessions for all scopes...
2025-02-14 20:10:43.475 [info] Got 3 sessions for ...
2025-02-14 20:10:43.478 [info] Getting sessions for read:user,repo,user:email,workflow...
2025-02-14 20:10:43.479 [info] Got 1 sessions for read:user,repo,user:email,workflow...
2025-02-14 20:10:43.490 [info] Getting sessions for all scopes...
2025-02-14 20:10:43.490 [info] Got 3 sessions for ...
2025-02-14 20:10:43.491 [info] Getting sessions for read:user,repo,user:email,workflow...
2025-02-14 20:10:43.491 [info] Got 1 sessions for read:user,repo,user:email,workflow...
2025-02-14 20:25:43.497 [info] Getting sessions for all scopes...
2025-02-14 20:25:43.497 [info] Got 3 sessions for ...
2025-02-14 20:25:43.500 [info] Getting sessions for read:user,repo,user:email,workflow...
2025-02-14 20:25:43.501 [info] Got 1 sessions for read:user,repo,user:email,workflow...
2025-02-14 20:35:43.469 [info] Getting sessions for all scopes...
2025-02-14 20:35:43.470 [info] Got 3 sessions for ...
2025-02-14 20:35:43.473 [info] Getting sessions for read:user,repo,user:email,workflow...
2025-02-14 20:35:43.473 [info] Got 1 sessions for read:user,repo,user:email,workflow...
2025-02-14 20:35:43.868 [info] Getting sessions for all scopes...
2025-02-14 20:35:43.868 [info] Got 3 sessions for ...
2025-02-14 20:35:43.868 [info] Getting sessions for all scopes...
2025-02-14 20:35:43.868 [info] Got 3 sessions for ...
2025-02-14 20:35:43.869 [info] Getting sessions for read:user,repo,user:email,workflow...
2025-02-14 20:35:43.869 [info] Got 1 sessions for read:user,repo,user:email,workflow...
2025-02-14 20:35:43.870 [info] Getting sessions for all scopes...
2025-02-14 20:35:43.870 [info] Got 3 sessions for ...
2025-02-14 20:35:43.871 [info] Getting sessions for read:user,repo,user:email,workflow...
2025-02-14 20:35:43.871 [info] Got 1 sessions for read:user,repo,user:email,workflow...
2025-02-14 20:35:43.876 [info] Getting sessions for all scopes...
2025-02-14 20:35:43.876 [info] Got 3 sessions for ...
2025-02-14 20:35:43.877 [info] Getting sessions for read:user,repo,user:email,workflow...
2025-02-14 20:35:43.877 [info] Got 1 sessions for read:user,repo,user:email,workflow...
2025-02-14 20:50:43.879 [info] Getting sessions for all scopes...
2025-02-14 20:50:43.879 [info] Got 3 sessions for ...
2025-02-14 20:50:43.880 [info] Getting sessions for read:user,repo,user:email,workflow...
2025-02-14 20:50:43.880 [info] Got 1 sessions for read:user,repo,user:email,workflow...
2025-02-14 21:00:43.870 [info] Getting sessions for all scopes...
2025-02-14 21:00:43.870 [info] Got 3 sessions for ...
2025-02-14 21:00:43.874 [info] Getting sessions for read:user,repo,user:email,workflow...
2025-02-14 21:00:43.874 [info] Got 1 sessions for read:user,repo,user:email,workflow...
2025-02-14 21:00:44.262 [info] Getting sessions for all scopes...
2025-02-14 21:00:44.262 [info] Got 3 sessions for ...
2025-02-14 21:00:44.262 [info] Getting sessions for all scopes...
2025-02-14 21:00:44.262 [info] Got 3 sessions for ...
2025-02-14 21:00:44.262 [info] Getting sessions for read:user,repo,user:email,workflow...
2025-02-14 21:00:44.262 [info] Got 1 sessions for read:user,repo,user:email,workflow...
2025-02-14 21:00:44.263 [info] Getting sessions for all scopes...
2025-02-14 21:00:44.263 [info] Got 3 sessions for ...
2025-02-14 21:00:44.263 [info] Getting sessions for read:user,repo,user:email,workflow...
2025-02-14 21:00:44.263 [info] Got 1 sessions for read:user,repo,user:email,workflow...
2025-02-14 21:00:44.268 [info] Getting sessions for all scopes...
2025-02-14 21:00:44.268 [info] Got 3 sessions for ...
2025-02-14 21:00:44.269 [info] Getting sessions for read:user,repo,user:email,workflow...
2025-02-14 21:00:44.269 [info] Got 1 sessions for read:user,repo,user:email,workflow...
2025-02-14 21:15:44.271 [info] Getting sessions for all scopes...
2025-02-14 21:15:44.271 [info] Got 3 sessions for ...
2025-02-14 21:15:44.272 [info] Getting sessions for read:user,repo,user:email,workflow...
2025-02-14 21:15:44.272 [info] Got 1 sessions for read:user,repo,user:email,workflow...
2025-02-14 21:26:32.316 [info] Getting sessions for all scopes...
2025-02-14 21:26:32.316 [info] Got 3 sessions for ...
2025-02-14 21:26:32.317 [info] Getting sessions for read:user,repo,user:email,workflow...
2025-02-14 21:26:32.317 [info] Got 1 sessions for read:user,repo,user:email,workflow...
2025-02-14 21:26:32.734 [info] Getting sessions for all scopes...
2025-02-14 21:26:32.734 [info] Got 3 sessions for ...
2025-02-14 21:26:32.734 [info] Getting sessions for all scopes...
2025-02-14 21:26:32.734 [info] Got 3 sessions for ...
2025-02-14 21:26:32.735 [info] Getting sessions for read:user,repo,user:email,workflow...
2025-02-14 21:26:32.735 [info] Got 1 sessions for read:user,repo,user:email,workflow...
2025-02-14 21:26:32.736 [info] Getting sessions for all scopes...
2025-02-14 21:26:32.736 [info] Got 3 sessions for ...
2025-02-14 21:26:32.736 [info] Getting sessions for read:user,repo,user:email,workflow...
2025-02-14 21:26:32.736 [info] Got 1 sessions for read:user,repo,user:email,workflow...
2025-02-14 21:26:32.741 [info] Getting sessions for all scopes...
2025-02-14 21:26:32.741 [info] Got 3 sessions for ...
2025-02-14 21:26:32.741 [info] Getting sessions for read:user,repo,user:email,workflow...
2025-02-14 21:26:32.741 [info] Got 1 sessions for read:user,repo,user:email,workflow...
2025-02-14 21:34:21.368 [info] Reading sessions from keychain...
2025-02-14 21:34:21.368 [info] Getting sessions for all scopes...
2025-02-14 21:34:21.368 [info] Getting sessions for all scopes...
2025-02-14 21:34:21.368 [info] Getting sessions for all scopes...
2025-02-14 21:34:21.368 [info] Getting sessions for user:email...
2025-02-14 21:34:21.368 [info] Got stored sessions!
2025-02-14 21:34:21.368 [info] Got 3 verified sessions.
2025-02-14 21:34:21.369 [info] Got 3 sessions for ...
2025-02-14 21:34:21.369 [info] Got 3 sessions for ...
2025-02-14 21:34:21.369 [info] Got 3 sessions for ...
2025-02-14 21:34:21.369 [info] Got 1 sessions for user:email...
2025-02-14 21:34:21.665 [info] Getting sessions for user:email...
2025-02-14 21:34:21.665 [info] Got 1 sessions for user:email...
2025-02-14 21:34:21.856 [info] Getting sessions for read:user,repo,user:email,workflow...
2025-02-14 21:34:21.856 [info] Got 1 sessions for read:user,repo,user:email,workflow...
2025-02-14 21:34:22.352 [info] Getting sessions for read:user,repo,user:email,workflow...
2025-02-14 21:34:22.352 [info] Got 1 sessions for read:user,repo,user:email,workflow...
2025-02-14 21:34:25.694 [info] Getting sessions for read:user,repo,user:email...
2025-02-14 21:34:25.694 [info] Got 1 sessions for read:user,repo,user:email...
2025-02-14 21:34:25.695 [info] Getting sessions for read:user,repo,user:email,workflow...
2025-02-14 21:34:25.695 [info] Got 1 sessions for read:user,repo,user:email,workflow...
2025-02-14 21:34:25.695 [info] Getting sessions for all scopes...
2025-02-14 21:34:25.695 [info] Got 3 sessions for ...
2025-02-14 21:34:25.695 [info] Getting sessions for all scopes...
2025-02-14 21:34:25.695 [info] Got 3 sessions for ...
2025-02-14 21:34:25.696 [info] Getting sessions for project,read:org,read:user,repo,user:email,workflow...
2025-02-14 21:34:25.696 [info] Got 0 sessions for project,read:org,read:user,repo,user:email,workflow...
2025-02-14 21:34:25.839 [info] Getting sessions for read:user,repo,user:email,workflow...
2025-02-14 21:34:25.839 [info] Got 1 sessions for read:user,repo,user:email,workflow...
2025-02-14 21:34:25.883 [info] Getting sessions for read:user,repo,user:email,workflow...
2025-02-14 21:34:25.884 [info] Got 1 sessions for read:user,repo,user:email,workflow...
2025-02-14 21:34:25.897 [info] Getting sessions for read:user,repo,user:email,workflow...
2025-02-14 21:34:25.897 [info] Got 1 sessions for read:user,repo,user:email,workflow...
2025-02-14 21:34:26.197 [info] Getting sessions for all scopes...
2025-02-14 21:34:26.197 [info] Got 3 sessions for ...
2025-02-14 21:34:26.198 [info] Getting sessions for all scopes...
2025-02-14 21:34:26.198 [info] Got 3 sessions for ...
2025-02-14 21:34:27.461 [info] Getting sessions for read:user,repo,user:email...
2025-02-14 21:34:27.461 [info] Got 1 sessions for read:user,repo,user:email...
2025-02-14 21:34:27.637 [info] Getting sessions for read:user,repo,user:email,workflow...
2025-02-14 21:34:27.637 [info] Got 1 sessions for read:user,repo,user:email,workflow...
2025-02-14 21:34:27.755 [info] Getting sessions for all scopes...
2025-02-14 21:34:27.756 [info] Got 3 sessions for ...
2025-02-14 21:34:27.825 [info] Getting sessions for read:user,repo,user:email,workflow...
2025-02-14 21:34:27.826 [info] Got 1 sessions for read:user,repo,user:email,workflow...
2025-02-14 21:34:28.289 [info] Getting sessions for all scopes...
2025-02-14 21:34:28.289 [info] Got 3 sessions for ...
2025-02-14 21:34:28.290 [info] Getting sessions for all scopes...
2025-02-14 21:34:28.290 [info] Got 3 sessions for ...
2025-02-14 21:34:28.322 [info] Getting sessions for read:user,repo,user:email,workflow...
2025-02-14 21:34:28.322 [info] Got 1 sessions for read:user,repo,user:email,workflow...
2025-02-14 21:34:28.328 [info] Getting sessions for all scopes...
2025-02-14 21:34:28.328 [info] Got 3 sessions for ...
2025-02-14 21:34:28.331 [info] Getting sessions for read:user,repo,user:email,workflow...
2025-02-14 21:34:28.331 [info] Got 1 sessions for read:user,repo,user:email,workflow...
2025-02-14 21:34:28.437 [info] Getting sessions for all scopes...
2025-02-14 21:34:28.437 [info] Got 3 sessions for ...
2025-02-14 21:34:29.202 [info] Getting sessions for read:user,repo,user:email,workflow...
2025-02-14 21:34:29.202 [info] Got 1 sessions for read:user,repo,user:email,workflow...
