2025-02-13 02:32:04.379 [info] Reading sessions from keychain...
2025-02-13 02:32:04.379 [info] Getting sessions for all scopes...
2025-02-13 02:32:04.379 [info] Getting sessions for all scopes...
2025-02-13 02:32:04.404 [info] Got stored sessions!
2025-02-13 02:32:04.404 [info] Got 3 verified sessions.
2025-02-13 02:32:04.404 [info] Got 3 sessions for ...
2025-02-13 02:32:04.404 [info] Got 3 sessions for ...
2025-02-13 02:32:04.405 [info] Getting sessions for all scopes...
2025-02-13 02:32:04.405 [info] Got 3 sessions for ...
2025-02-13 02:32:04.405 [info] Getting sessions for all scopes...
2025-02-13 02:32:04.405 [info] Got 3 sessions for ...
2025-02-13 02:32:04.405 [info] Getting sessions for all scopes...
2025-02-13 02:32:04.405 [info] Got 3 sessions for ...
2025-02-13 02:32:04.405 [info] Getting sessions for all scopes...
2025-02-13 02:32:04.405 [info] Got 3 sessions for ...
2025-02-13 02:32:04.405 [info] Getting sessions for all scopes...
2025-02-13 02:32:04.405 [info] Got 3 sessions for ...
2025-02-13 02:32:04.649 [info] Getting sessions for all scopes...
2025-02-13 02:32:04.649 [info] Got 3 sessions for ...
2025-02-13 02:32:04.814 [info] Getting sessions for user:email...
2025-02-13 02:32:04.814 [info] Got 1 sessions for user:email...
2025-02-13 02:32:05.077 [info] Getting sessions for read:user,repo,user:email,workflow...
2025-02-13 02:32:05.077 [info] Got 1 sessions for read:user,repo,user:email,workflow...
2025-02-13 02:32:05.838 [info] Getting sessions for all scopes...
2025-02-13 02:32:05.838 [info] Got 3 sessions for ...
2025-02-13 02:32:06.026 [info] Getting sessions for user:email...
2025-02-13 02:32:06.026 [info] Got 1 sessions for user:email...
2025-02-13 02:32:09.539 [info] Getting sessions for read:user,repo,user:email...
2025-02-13 02:32:09.539 [info] Got 1 sessions for read:user,repo,user:email...
2025-02-13 02:32:09.540 [info] Getting sessions for read:user,repo,user:email,workflow...
2025-02-13 02:32:09.540 [info] Got 1 sessions for read:user,repo,user:email,workflow...
2025-02-13 02:32:09.540 [info] Getting sessions for all scopes...
2025-02-13 02:32:09.540 [info] Got 3 sessions for ...
2025-02-13 02:32:09.540 [info] Getting sessions for all scopes...
2025-02-13 02:32:09.540 [info] Got 3 sessions for ...
2025-02-13 02:32:09.540 [info] Getting sessions for project,read:org,read:user,repo,user:email,workflow...
2025-02-13 02:32:09.540 [info] Got 0 sessions for project,read:org,read:user,repo,user:email,workflow...
2025-02-13 02:32:09.559 [info] Getting sessions for user:email...
2025-02-13 02:32:09.559 [info] Got 1 sessions for user:email...
2025-02-13 02:32:09.559 [info] Getting sessions for user:email...
2025-02-13 02:32:09.559 [info] Got 1 sessions for user:email...
2025-02-13 02:32:09.801 [info] Getting sessions for read:user,repo,user:email,workflow...
2025-02-13 02:32:09.801 [info] Got 1 sessions for read:user,repo,user:email,workflow...
2025-02-13 02:32:09.801 [info] Getting sessions for read:user,repo,user:email,workflow...
2025-02-13 02:32:09.801 [info] Got 1 sessions for read:user,repo,user:email,workflow...
2025-02-13 02:32:09.926 [info] Getting sessions for read:user,repo,user:email...
2025-02-13 02:32:09.926 [info] Got 1 sessions for read:user,repo,user:email...
2025-02-13 02:32:09.927 [info] Getting sessions for all scopes...
2025-02-13 02:32:09.927 [info] Got 3 sessions for ...
2025-02-13 02:32:09.969 [info] Getting sessions for all scopes...
2025-02-13 02:32:09.969 [info] Got 3 sessions for ...
2025-02-13 02:32:11.135 [info] Getting sessions for read:user,repo,user:email...
2025-02-13 02:32:11.135 [info] Got 1 sessions for read:user,repo,user:email...
2025-02-13 02:32:11.135 [info] Getting sessions for read:user,repo,user:email,workflow...
2025-02-13 02:32:11.135 [info] Got 1 sessions for read:user,repo,user:email,workflow...
2025-02-13 02:32:11.188 [info] Getting sessions for all scopes...
2025-02-13 02:32:11.188 [info] Got 3 sessions for ...
2025-02-13 02:32:11.204 [info] Getting sessions for read:user,repo,user:email,workflow...
2025-02-13 02:32:11.204 [info] Got 1 sessions for read:user,repo,user:email,workflow...
2025-02-13 02:32:11.557 [info] Getting sessions for all scopes...
2025-02-13 02:32:11.557 [info] Got 3 sessions for ...
2025-02-13 02:32:11.586 [info] Getting sessions for read:user,repo,user:email,workflow...
2025-02-13 02:32:11.586 [info] Got 1 sessions for read:user,repo,user:email,workflow...
2025-02-13 02:32:11.682 [info] Getting sessions for all scopes...
2025-02-13 02:32:11.682 [info] Got 3 sessions for ...
2025-02-13 02:32:11.682 [info] Getting sessions for all scopes...
2025-02-13 02:32:11.682 [info] Got 3 sessions for ...
2025-02-13 02:32:11.694 [info] Getting sessions for read:user,repo,user:email,workflow...
2025-02-13 02:32:11.694 [info] Got 1 sessions for read:user,repo,user:email,workflow...
2025-02-13 02:32:11.697 [info] Getting sessions for all scopes...
2025-02-13 02:32:11.697 [info] Got 3 sessions for ...
2025-02-13 02:32:11.698 [info] Getting sessions for read:user,repo,user:email,workflow...
2025-02-13 02:32:11.698 [info] Got 1 sessions for read:user,repo,user:email,workflow...
2025-02-13 02:32:11.759 [info] Getting sessions for all scopes...
2025-02-13 02:32:11.759 [info] Got 3 sessions for ...
2025-02-13 02:32:11.783 [info] Getting sessions for read:user,repo,user:email,workflow...
2025-02-13 02:32:11.784 [info] Got 1 sessions for read:user,repo,user:email,workflow...
2025-02-13 02:32:12.169 [info] Getting sessions for all scopes...
2025-02-13 02:32:12.169 [info] Got 3 sessions for ...
2025-02-13 02:32:12.172 [info] Getting sessions for read:user,repo,user:email,workflow...
2025-02-13 02:32:12.172 [info] Got 1 sessions for read:user,repo,user:email,workflow...
2025-02-13 02:34:02.567 [info] Getting sessions for user:email...
2025-02-13 02:34:02.567 [info] Got 1 sessions for user:email...
2025-02-13 02:34:09.909 [info] Getting sessions for user:email...
2025-02-13 02:34:09.909 [info] Got 1 sessions for user:email...
2025-02-13 02:34:18.142 [info] Getting sessions for all scopes...
2025-02-13 02:34:18.143 [info] Got 3 sessions for ...
2025-02-13 02:34:18.148 [info] Getting sessions for user:email...
2025-02-13 02:34:18.148 [info] Got 1 sessions for user:email...
2025-02-13 02:34:18.173 [info] Getting sessions for read:user,repo,user:email,workflow...
2025-02-13 02:34:18.173 [info] Got 1 sessions for read:user,repo,user:email,workflow...
2025-02-13 02:34:18.173 [info] Getting sessions for read:user,repo,user:email,workflow...
2025-02-13 02:34:18.173 [info] Got 1 sessions for read:user,repo,user:email,workflow...
2025-02-13 02:34:18.173 [info] Getting sessions for all scopes...
2025-02-13 02:34:18.173 [info] Got 3 sessions for ...
2025-02-13 02:34:18.173 [info] Getting sessions for all scopes...
2025-02-13 02:34:18.173 [info] Got 3 sessions for ...
2025-02-13 02:34:18.173 [info] Getting sessions for read:user,repo,user:email,workflow...
2025-02-13 02:34:18.173 [info] Got 1 sessions for read:user,repo,user:email,workflow...
2025-02-13 02:34:18.173 [info] Getting sessions for read:user,repo,user:email...
2025-02-13 02:34:18.173 [info] Got 1 sessions for read:user,repo,user:email...
2025-02-13 02:34:18.191 [info] Getting sessions for read:user,repo,user:email,workflow...
2025-02-13 02:34:18.191 [info] Got 1 sessions for read:user,repo,user:email,workflow...
2025-02-13 02:34:18.208 [info] Getting sessions for all scopes...
2025-02-13 02:34:18.208 [info] Got 3 sessions for ...
2025-02-13 02:34:18.209 [info] Getting sessions for read:user,repo,user:email,workflow...
2025-02-13 02:34:18.209 [info] Got 1 sessions for read:user,repo,user:email,workflow...
2025-02-13 02:35:36.306 [info] Getting sessions for read:user,repo,user:email,workflow...
2025-02-13 02:35:36.306 [info] Got 1 sessions for read:user,repo,user:email,workflow...
2025-02-13 02:35:38.583 [info] Getting sessions for all scopes...
2025-02-13 02:35:38.583 [info] Got 3 sessions for ...
2025-02-13 02:35:41.327 [info] Getting sessions for all scopes...
2025-02-13 02:35:41.328 [info] Got 3 sessions for ...
2025-02-13 02:35:41.336 [info] Getting sessions for user:email...
2025-02-13 02:35:41.336 [info] Got 1 sessions for user:email...
2025-02-13 02:35:41.338 [info] Getting sessions for all scopes...
2025-02-13 02:35:41.339 [info] Got 3 sessions for ...
2025-02-13 02:35:41.342 [info] Getting sessions for user:email...
2025-02-13 02:35:41.342 [info] Got 1 sessions for user:email...
2025-02-13 02:35:41.425 [info] Getting sessions for read:user,repo,user:email,workflow...
2025-02-13 02:35:41.425 [info] Got 1 sessions for read:user,repo,user:email,workflow...
2025-02-13 02:35:41.425 [info] Getting sessions for all scopes...
2025-02-13 02:35:41.425 [info] Got 3 sessions for ...
2025-02-13 02:35:41.425 [info] Getting sessions for all scopes...
2025-02-13 02:35:41.425 [info] Got 3 sessions for ...
2025-02-13 02:35:41.427 [info] Getting sessions for read:user,repo,user:email,workflow...
2025-02-13 02:35:41.427 [info] Got 1 sessions for read:user,repo,user:email,workflow...
2025-02-13 02:35:41.428 [info] Getting sessions for read:user,repo,user:email...
2025-02-13 02:35:41.428 [info] Got 1 sessions for read:user,repo,user:email...
2025-02-13 02:35:41.453 [info] Getting sessions for read:user,repo,user:email,workflow...
2025-02-13 02:35:41.453 [info] Got 1 sessions for read:user,repo,user:email,workflow...
2025-02-13 02:35:41.454 [info] Getting sessions for read:user,repo,user:email...
2025-02-13 02:35:41.454 [info] Got 1 sessions for read:user,repo,user:email...
2025-02-13 02:35:41.511 [info] Getting sessions for all scopes...
2025-02-13 02:35:41.511 [info] Got 3 sessions for ...
2025-02-13 02:35:41.516 [info] Getting sessions for read:user,repo,user:email,workflow...
2025-02-13 02:35:41.516 [info] Got 1 sessions for read:user,repo,user:email,workflow...
2025-02-13 02:35:51.740 [info] Getting sessions for read:user,repo,user:email,workflow...
2025-02-13 02:35:51.740 [info] Got 1 sessions for read:user,repo,user:email,workflow...
2025-02-13 02:35:53.482 [info] Getting sessions for read:user,repo,user:email...
2025-02-13 02:35:53.482 [info] Got 1 sessions for read:user,repo,user:email...
2025-02-13 02:35:53.500 [info] Getting sessions for read:user,repo,user:email,workflow...
2025-02-13 02:35:53.500 [info] Got 1 sessions for read:user,repo,user:email,workflow...
2025-02-13 02:35:54.251 [info] Getting sessions for read:user,repo,user:email,workflow...
2025-02-13 02:35:54.252 [info] Got 1 sessions for read:user,repo,user:email,workflow...
2025-02-13 02:35:54.299 [info] Getting sessions for read:user,repo,user:email...
2025-02-13 02:35:54.299 [info] Got 1 sessions for read:user,repo,user:email...
2025-02-13 02:35:55.192 [info] Getting sessions for read:user,repo,user:email...
2025-02-13 02:35:55.192 [info] Got 1 sessions for read:user,repo,user:email...
2025-02-13 02:37:00.953 [info] Reading sessions from keychain...
2025-02-13 02:37:00.953 [info] Getting sessions for all scopes...
2025-02-13 02:37:00.953 [info] Getting sessions for all scopes...
2025-02-13 02:37:00.953 [info] Getting sessions for all scopes...
2025-02-13 02:37:00.953 [info] Getting sessions for user:email...
2025-02-13 02:37:00.953 [info] Got stored sessions!
2025-02-13 02:37:00.953 [info] Got 3 verified sessions.
2025-02-13 02:37:00.953 [info] Got 3 sessions for ...
2025-02-13 02:37:00.953 [info] Got 3 sessions for ...
2025-02-13 02:37:00.953 [info] Got 3 sessions for ...
2025-02-13 02:37:00.953 [info] Got 1 sessions for user:email...
2025-02-13 02:37:01.219 [info] Getting sessions for user:email...
2025-02-13 02:37:01.219 [info] Got 1 sessions for user:email...
2025-02-13 02:37:01.331 [info] Getting sessions for read:user,repo,user:email,workflow...
2025-02-13 02:37:01.331 [info] Got 1 sessions for read:user,repo,user:email,workflow...
2025-02-13 02:37:01.685 [info] Getting sessions for read:user,repo,user:email,workflow...
2025-02-13 02:37:01.685 [info] Got 1 sessions for read:user,repo,user:email,workflow...
2025-02-13 02:37:04.619 [info] Getting sessions for read:user,repo,user:email...
2025-02-13 02:37:04.619 [info] Got 1 sessions for read:user,repo,user:email...
2025-02-13 02:37:04.622 [info] Getting sessions for read:user,repo,user:email,workflow...
2025-02-13 02:37:04.622 [info] Got 1 sessions for read:user,repo,user:email,workflow...
2025-02-13 02:37:04.622 [info] Getting sessions for all scopes...
2025-02-13 02:37:04.622 [info] Got 3 sessions for ...
2025-02-13 02:37:04.623 [info] Getting sessions for all scopes...
2025-02-13 02:37:04.623 [info] Got 3 sessions for ...
2025-02-13 02:37:04.623 [info] Getting sessions for project,read:org,read:user,repo,user:email,workflow...
2025-02-13 02:37:04.623 [info] Got 0 sessions for project,read:org,read:user,repo,user:email,workflow...
2025-02-13 02:37:04.702 [info] Getting sessions for read:user,repo,user:email,workflow...
2025-02-13 02:37:04.702 [info] Got 1 sessions for read:user,repo,user:email,workflow...
2025-02-13 02:37:04.844 [info] Getting sessions for read:user,repo,user:email,workflow...
2025-02-13 02:37:04.844 [info] Got 1 sessions for read:user,repo,user:email,workflow...
2025-02-13 02:37:04.844 [info] Getting sessions for read:user,repo,user:email,workflow...
2025-02-13 02:37:04.844 [info] Got 1 sessions for read:user,repo,user:email,workflow...
2025-02-13 02:37:05.032 [info] Getting sessions for read:user,repo,user:email...
2025-02-13 02:37:05.032 [info] Got 1 sessions for read:user,repo,user:email...
2025-02-13 02:37:06.239 [info] Getting sessions for all scopes...
2025-02-13 02:37:06.239 [info] Got 3 sessions for ...
2025-02-13 02:37:06.240 [info] Getting sessions for all scopes...
2025-02-13 02:37:06.240 [info] Got 3 sessions for ...
2025-02-13 02:37:06.647 [info] Getting sessions for read:user,repo,user:email...
2025-02-13 02:37:06.647 [info] Got 1 sessions for read:user,repo,user:email...
2025-02-13 02:37:06.655 [info] Getting sessions for read:user,repo,user:email,workflow...
2025-02-13 02:37:06.655 [info] Got 1 sessions for read:user,repo,user:email,workflow...
2025-02-13 02:37:06.655 [info] Getting sessions for all scopes...
2025-02-13 02:37:06.655 [info] Got 3 sessions for ...
2025-02-13 02:37:06.771 [info] Getting sessions for read:user,repo,user:email,workflow...
2025-02-13 02:37:06.771 [info] Got 1 sessions for read:user,repo,user:email,workflow...
2025-02-13 02:37:07.341 [info] Getting sessions for all scopes...
2025-02-13 02:37:07.341 [info] Got 3 sessions for ...
2025-02-13 02:37:07.342 [info] Getting sessions for all scopes...
2025-02-13 02:37:07.342 [info] Got 3 sessions for ...
2025-02-13 02:37:07.364 [info] Getting sessions for read:user,repo,user:email,workflow...
2025-02-13 02:37:07.364 [info] Got 1 sessions for read:user,repo,user:email,workflow...
2025-02-13 02:37:07.404 [info] Getting sessions for all scopes...
2025-02-13 02:37:07.404 [info] Got 3 sessions for ...
2025-02-13 02:37:07.509 [info] Getting sessions for read:user,repo,user:email,workflow...
2025-02-13 02:37:07.509 [info] Got 1 sessions for read:user,repo,user:email,workflow...
2025-02-13 02:37:08.095 [info] Getting sessions for all scopes...
2025-02-13 02:37:08.095 [info] Got 3 sessions for ...
2025-02-13 02:37:08.129 [info] Getting sessions for read:user,repo,user:email,workflow...
2025-02-13 02:37:08.129 [info] Got 1 sessions for read:user,repo,user:email,workflow...
2025-02-13 02:37:55.107 [info] Getting sessions for read:user,repo,user:email,workflow...
2025-02-13 02:37:55.107 [info] Got 1 sessions for read:user,repo,user:email,workflow...
2025-02-13 02:37:57.366 [info] Getting sessions for all scopes...
2025-02-13 02:37:57.366 [info] Got 3 sessions for ...
2025-02-13 02:37:59.587 [info] Getting sessions for all scopes...
2025-02-13 02:37:59.587 [info] Got 3 sessions for ...
2025-02-13 02:37:59.587 [info] Getting sessions for user:email...
2025-02-13 02:37:59.587 [info] Got 1 sessions for user:email...
2025-02-13 02:37:59.592 [info] Getting sessions for all scopes...
2025-02-13 02:37:59.592 [info] Got 3 sessions for ...
2025-02-13 02:37:59.592 [info] Getting sessions for user:email...
2025-02-13 02:37:59.592 [info] Got 1 sessions for user:email...
2025-02-13 02:37:59.615 [info] Getting sessions for read:user,repo,user:email,workflow...
2025-02-13 02:37:59.615 [info] Got 1 sessions for read:user,repo,user:email,workflow...
2025-02-13 02:37:59.615 [info] Getting sessions for read:user,repo,user:email,workflow...
2025-02-13 02:37:59.615 [info] Got 1 sessions for read:user,repo,user:email,workflow...
2025-02-13 02:37:59.615 [info] Getting sessions for all scopes...
2025-02-13 02:37:59.615 [info] Got 3 sessions for ...
2025-02-13 02:37:59.621 [info] Getting sessions for all scopes...
2025-02-13 02:37:59.621 [info] Got 3 sessions for ...
2025-02-13 02:37:59.621 [info] Getting sessions for read:user,repo,user:email,workflow...
2025-02-13 02:37:59.621 [info] Got 1 sessions for read:user,repo,user:email,workflow...
2025-02-13 02:37:59.621 [info] Getting sessions for read:user,repo,user:email...
2025-02-13 02:37:59.621 [info] Got 1 sessions for read:user,repo,user:email...
2025-02-13 02:37:59.668 [info] Getting sessions for read:user,repo,user:email,workflow...
2025-02-13 02:37:59.668 [info] Got 1 sessions for read:user,repo,user:email,workflow...
2025-02-13 02:37:59.668 [info] Getting sessions for read:user,repo,user:email...
2025-02-13 02:37:59.668 [info] Got 1 sessions for read:user,repo,user:email...
2025-02-13 02:37:59.721 [info] Getting sessions for all scopes...
2025-02-13 02:37:59.721 [info] Got 3 sessions for ...
2025-02-13 02:37:59.733 [info] Getting sessions for read:user,repo,user:email,workflow...
2025-02-13 02:37:59.733 [info] Got 1 sessions for read:user,repo,user:email,workflow...
2025-02-13 02:37:59.879 [info] Getting sessions for read:user,repo,user:email,workflow...
2025-02-13 02:37:59.879 [info] Got 1 sessions for read:user,repo,user:email,workflow...
2025-02-13 02:37:59.910 [info] Getting sessions for read:user,repo,user:email,workflow...
2025-02-13 02:37:59.910 [info] Got 1 sessions for read:user,repo,user:email,workflow...
2025-02-13 02:38:00.077 [info] Getting sessions for read:user,repo,user:email,workflow...
2025-02-13 02:38:00.077 [info] Got 1 sessions for read:user,repo,user:email,workflow...
2025-02-13 02:38:00.121 [info] Getting sessions for read:user,repo,user:email,workflow...
2025-02-13 02:38:00.121 [info] Got 1 sessions for read:user,repo,user:email,workflow...
2025-02-13 02:38:30.503 [info] Reading sessions from keychain...
2025-02-13 02:38:30.503 [info] Getting sessions for all scopes...
2025-02-13 02:38:30.503 [info] Getting sessions for all scopes...
2025-02-13 02:38:30.503 [info] Getting sessions for all scopes...
2025-02-13 02:38:30.503 [info] Got stored sessions!
2025-02-13 02:38:30.503 [info] Got 3 verified sessions.
2025-02-13 02:38:30.503 [info] Got 3 sessions for ...
2025-02-13 02:38:30.503 [info] Got 3 sessions for ...
2025-02-13 02:38:30.503 [info] Got 3 sessions for ...
2025-02-13 02:38:30.510 [info] Getting sessions for all scopes...
2025-02-13 02:38:30.510 [info] Got 3 sessions for ...
2025-02-13 02:38:30.510 [info] Getting sessions for all scopes...
2025-02-13 02:38:30.510 [info] Got 3 sessions for ...
2025-02-13 02:38:30.510 [info] Getting sessions for all scopes...
2025-02-13 02:38:30.510 [info] Got 3 sessions for ...
2025-02-13 02:38:30.510 [info] Getting sessions for all scopes...
2025-02-13 02:38:30.510 [info] Got 3 sessions for ...
2025-02-13 02:38:30.511 [info] Getting sessions for all scopes...
2025-02-13 02:38:30.511 [info] Got 3 sessions for ...
2025-02-13 02:38:30.526 [info] Getting sessions for user:email...
2025-02-13 02:38:30.526 [info] Got 1 sessions for user:email...
2025-02-13 02:38:31.346 [info] Getting sessions for project,read:org,read:user,repo,user:email,workflow...
2025-02-13 02:38:31.346 [info] Got 0 sessions for project,read:org,read:user,repo,user:email,workflow...
2025-02-13 02:38:31.501 [info] Getting sessions for read:user,repo,user:email,workflow...
2025-02-13 02:38:31.501 [info] Got 1 sessions for read:user,repo,user:email,workflow...
2025-02-13 02:38:31.611 [info] Getting sessions for read:user,repo,user:email...
2025-02-13 02:38:31.611 [info] Got 1 sessions for read:user,repo,user:email...
2025-02-13 02:38:31.623 [info] Getting sessions for read:user,repo,user:email,workflow...
2025-02-13 02:38:31.623 [info] Got 1 sessions for read:user,repo,user:email,workflow...
2025-02-13 02:38:31.905 [info] Getting sessions for user:email...
2025-02-13 02:38:31.905 [info] Got 1 sessions for user:email...
2025-02-13 02:38:31.934 [info] Getting sessions for user:email...
2025-02-13 02:38:31.934 [info] Got 1 sessions for user:email...
2025-02-13 02:38:32.220 [info] Getting sessions for all scopes...
2025-02-13 02:38:32.220 [info] Got 3 sessions for ...
2025-02-13 02:38:52.864 [info] Getting sessions for read:user,repo,user:email,workflow...
2025-02-13 02:38:52.864 [info] Got 1 sessions for read:user,repo,user:email,workflow...
2025-02-13 02:38:52.864 [info] Getting sessions for all scopes...
2025-02-13 02:38:52.864 [info] Got 3 sessions for ...
2025-02-13 02:38:52.864 [info] Getting sessions for all scopes...
2025-02-13 02:38:52.864 [info] Got 3 sessions for ...
2025-02-13 02:38:52.898 [info] Getting sessions for read:user,repo,user:email,workflow...
2025-02-13 02:38:52.898 [info] Got 1 sessions for read:user,repo,user:email,workflow...
2025-02-13 02:38:54.046 [info] Getting sessions for all scopes...
2025-02-13 02:38:54.046 [info] Got 3 sessions for ...
2025-02-13 02:38:54.046 [info] Getting sessions for all scopes...
2025-02-13 02:38:54.046 [info] Got 3 sessions for ...
2025-02-13 02:38:54.081 [info] Getting sessions for read:user,repo,user:email,workflow...
2025-02-13 02:38:54.081 [info] Got 1 sessions for read:user,repo,user:email,workflow...
2025-02-13 02:38:55.595 [info] Getting sessions for all scopes...
2025-02-13 02:38:55.595 [info] Got 3 sessions for ...
2025-02-13 02:38:55.596 [info] Getting sessions for all scopes...
2025-02-13 02:38:55.596 [info] Got 3 sessions for ...
2025-02-13 02:38:55.598 [info] Getting sessions for read:user,repo,user:email,workflow...
2025-02-13 02:38:55.598 [info] Got 1 sessions for read:user,repo,user:email,workflow...
2025-02-13 02:38:55.605 [info] Getting sessions for all scopes...
2025-02-13 02:38:55.605 [info] Got 3 sessions for ...
2025-02-13 02:38:55.610 [info] Getting sessions for read:user,repo,user:email,workflow...
2025-02-13 02:38:55.610 [info] Got 1 sessions for read:user,repo,user:email,workflow...
2025-02-13 02:38:56.011 [info] Getting sessions for all scopes...
2025-02-13 02:38:56.011 [info] Got 3 sessions for ...
2025-02-13 02:38:56.021 [info] Getting sessions for read:user,repo,user:email,workflow...
2025-02-13 02:38:56.021 [info] Got 1 sessions for read:user,repo,user:email,workflow...
