Initializing document watcher...
Document watcher initialized
self-hosted-ai-starter-kit/home/chuck/src/self-hosted-ai-starter-kit/.envrc: {}
self-hosted-ai-starter-kit/docker-compose.yml: {}
self-hosted-ai-starter-kit/docker-compose.yml: {}
self-hosted-ai-starter-kit/docker-compose.yml: {}
self-hosted-ai-starter-kit/docker-compose.yml: Using EditorConfig core...
self-hosted-ai-starter-kit/docker-compose.yml: Using EditorConfig core...
self-hosted-ai-starter-kit/.env: {}
self-hosted-ai-starter-kit/docker-compose.yml: {}
self-hosted-ai-starter-kit/docker-compose.yml: {}
self-hosted-ai-starter-kit/docker-compose.yml: {}
self-hosted-ai-starter-kit/LICENSE: {}
self-hosted-ai-starter-kit/README.md: {}
self-hosted-ai-starter-kit/README.md: {}
self-hosted-ai-starter-kit/README.md: {}
self-hosted-ai-starter-kit/README.md: {}
self-hosted-ai-starter-kit/README.md: {}
self-hosted-ai-starter-kit/README.md: {}
self-hosted-ai-starter-kit/README.md: {}
self-hosted-ai-starter-kit/.env: {}
self-hosted-ai-starter-kit/.env: {}
self-hosted-ai-starter-kit/.env: {}
self-hosted-ai-starter-kit/.env: {}
self-hosted-ai-starter-kit/.env: Using EditorConfig core...
self-hosted-ai-starter-kit/.env: Using EditorConfig core...
self-hosted-ai-starter-kit/.env: Using EditorConfig core...
self-hosted-ai-starter-kit/.env: Using EditorConfig core...
self-hosted-ai-starter-kit/.env: Using EditorConfig core...
self-hosted-ai-starter-kit/.env: Using EditorConfig core...
self-hosted-ai-starter-kit/.env: Using EditorConfig core...
self-hosted-ai-starter-kit/.env: {}
self-hosted-ai-starter-kit/.env: {}
self-hosted-ai-starter-kit/.env: {}
self-hosted-ai-starter-kit/.env: {}
self-hosted-ai-starter-kit/.env: {}
self-hosted-ai-starter-kit/.env: {}
self-hosted-ai-starter-kit/.env: {}
self-hosted-ai-starter-kit/.env: {}
self-hosted-ai-starter-kit/.env: {}
self-hosted-ai-starter-kit/.env: {}
self-hosted-ai-starter-kit/.env: {}
self-hosted-ai-starter-kit/.env: {}
self-hosted-ai-starter-kit/.env: {}
