Executing /home/chuck/.vscode/extensions/sonarsource.sonarlint-vscode-4.15.0-linux-x64/jre/21.0.5-linux-x86_64.tar/bin/java -jar /home/chuck/.vscode/extensions/sonarsource.sonarlint-vscode-4.15.0-linux-x64/server/sonarlint-ls.jar -stdio -analyzers /home/chuck/.vscode/extensions/sonarsource.sonarlint-vscode-4.15.0-linux-x64/analyzers/sonargo.jar /home/chuck/.vscode/extensions/sonarsource.sonarlint-vscode-4.15.0-linux-x64/analyzers/sonarjava.jar /home/chuck/.vscode/extensions/sonarsource.sonarlint-vscode-4.15.0-linux-x64/analyzers/sonarjavasymbolicexecution.jar /home/chuck/.vscode/extensions/sonarsource.sonarlint-vscode-4.15.0-linux-x64/analyzers/sonarjs.jar /home/chuck/.vscode/extensions/sonarsource.sonarlint-vscode-4.15.0-linux-x64/analyzers/sonarphp.jar /home/chuck/.vscode/extensions/sonarsource.sonarlint-vscode-4.15.0-linux-x64/analyzers/sonarpython.jar /home/chuck/.vscode/extensions/sonarsource.sonarlint-vscode-4.15.0-linux-x64/analyzers/sonarhtml.jar /home/chuck/.vscode/extensions/sonarsource.sonarlint-vscode-4.15.0-linux-x64/analyzers/sonarxml.jar /home/chuck/.vscode/extensions/sonarsource.sonarlint-vscode-4.15.0-linux-x64/analyzers/sonarcfamily.jar /home/chuck/.vscode/extensions/sonarsource.sonarlint-vscode-4.15.0-linux-x64/analyzers/sonartext.jar /home/chuck/.vscode/extensions/sonarsource.sonarlint-vscode-4.15.0-linux-x64/analyzers/sonariac.jar /home/chuck/.vscode/extensions/sonarsource.sonarlint-vscode-4.15.0-linux-x64/analyzers/sonarlintomnisharp.jar
[Info - 03:05:28.398] [org.sonarsource.sonarlint.core.rpc.impl.SonarLintRpcServerImpl : main] SonarLint backend started, instance=org.sonarsource.sonarlint.core.rpc.impl.SonarLintRpcServerImpl@52f27fbd
[Info - 03:05:31.244] [sonarlint : SonarLint Server RPC sequential executor] Started embedded server on port 64120
[Info - 03:05:34.946] [sonarlint : SonarLint Analysis Executor] .gitignore file was not found for /home/chuck/src/self-hosted-ai-starter-kit
[Info - 03:05:34.951] [sonarlint : SonarLint Analysis Executor] Triggering analysis with configuration: [
  baseDir: /home/chuck/src/self-hosted-ai-starter-kit
  extraProperties: {sonar.cfamily.compile-commands=, sonar.js.internal.bundlePath=/home/chuck/.vscode/extensions/sonarsource.sonarlint-vscode-4.15.0-linux-x64/eslint-bridge}
  activeRules: [13 kubernetes, 214 python, 429 cpp, 24 css, 189 c, 23 go, 210 ipython, 29 secrets, 265 javascript, 26 docker, 477 java, 46 Web, 14 xml, 299 csharpsquid, 155 php, 7 terraform, 267 typescript, 18 azureresourcemanager, 7 cloudformation]
  inputFiles: [
    file:///home/chuck/src/self-hosted-ai-starter-kit/docker-compose.yml (UTF-8)
  ]
]

[Info - 03:05:35.027] [sonarlint : SonarLint Analysis Executor] .gitignore file was not found for /home/chuck/src/self-hosted-ai-starter-kit
[Info - 03:05:35.030] [sonarlint : SonarLint Analysis Executor] Triggering analysis with configuration: [
  baseDir: /home/chuck/src/self-hosted-ai-starter-kit
  extraProperties: {sonar.cfamily.compile-commands=, sonar.js.internal.bundlePath=/home/chuck/.vscode/extensions/sonarsource.sonarlint-vscode-4.15.0-linux-x64/eslint-bridge}
  activeRules: [13 kubernetes, 214 python, 429 cpp, 24 css, 189 c, 23 go, 210 ipython, 29 secrets, 265 javascript, 26 docker, 477 java, 46 Web, 14 xml, 299 csharpsquid, 155 php, 7 terraform, 267 typescript, 18 azureresourcemanager, 7 cloudformation]
  inputFiles: [
    file:///home/chuck/src/self-hosted-ai-starter-kit/docker-compose.yml (UTF-8)
  ]
]

[Info - 03:05:35.052] [sonarlint : SonarLint Analysis Executor] .gitignore file was not found for /home/chuck/src/self-hosted-ai-starter-kit
[Info - 03:05:35.054] [sonarlint : SonarLint Analysis Executor] Triggering analysis with configuration: [
  baseDir: /home/chuck/src/self-hosted-ai-starter-kit
  extraProperties: {sonar.cfamily.compile-commands=, sonar.js.internal.bundlePath=/home/chuck/.vscode/extensions/sonarsource.sonarlint-vscode-4.15.0-linux-x64/eslint-bridge}
  activeRules: [13 kubernetes, 214 python, 429 cpp, 24 css, 189 c, 23 go, 210 ipython, 29 secrets, 265 javascript, 26 docker, 477 java, 46 Web, 14 xml, 299 csharpsquid, 155 php, 7 terraform, 267 typescript, 18 azureresourcemanager, 7 cloudformation]
  inputFiles: [
    file:///home/chuck/src/self-hosted-ai-starter-kit/docker-compose.yml (UTF-8)
  ]
]

[Info - 03:05:35.107] [sonarlint : sonarlint-analysis-engine] Index files
[Info - 03:05:35.109] [sonarlint : Report about progress of file indexation] 1 file indexed
[Info - 03:05:35.672] [sonarlint : Progress of the CloudFormation analysis] 0 source files to be analyzed
[Info - 03:05:35.676] [sonarlint : Progress of the CloudFormation analysis] 0/0 source files have been analyzed
[Info - 03:05:35.751] [sonarlint : Progress of the kubernetes  parsing] 0 source files to be parsed
[Info - 03:05:35.751] [sonarlint : Progress of the kubernetes  parsing] 0/0 source files have been parsed
[Info - 03:05:35.751] [sonarlint : Progress of the kubernetes  analysis] 0 source files to be analyzed
[Info - 03:05:35.751] [sonarlint : Progress of the kubernetes  analysis] 0/0 source files have been analyzed
[Info - 03:05:35.751] [sonarlint : Progress of the kubernetes  analysis] 0 source files to be checked
[Info - 03:05:35.751] [sonarlint : Progress of the kubernetes  analysis] 0/0 source files have been checked
[Info - 03:05:35.751] [sonarlint : sonarlint-analysis-engine] Finished building Kubernetes Project Context
[Info - 03:05:35.759] [sonarlint : Progress of the Kubernetes  parsing] 0 source files to be parsed
[Info - 03:05:35.759] [sonarlint : Progress of the Kubernetes  parsing] 0/0 source files have been parsed
[Info - 03:05:35.759] [sonarlint : Progress of the Kubernetes  analysis] 0 source files to be analyzed
[Info - 03:05:35.759] [sonarlint : Progress of the Kubernetes  analysis] 0/0 source files have been analyzed
[Info - 03:05:35.759] [sonarlint : Progress of the Kubernetes  analysis] 0 source files to be checked
[Info - 03:05:35.759] [sonarlint : Progress of the Kubernetes  analysis] 0/0 source files have been checked
[Info - 03:05:35.770] [sonarlint : Progress of the Java analysis] 0 source files to be analyzed
[Info - 03:05:35.770] [sonarlint : Progress of the Java analysis] 0/0 source files have been analyzed
[Info - 03:05:35.777] [sonarlint : sonarlint-analysis-engine] No input files found for analysis
[Info - 03:05:35.778] [sonarlint : sonarlint-analysis-engine] Hit the cache for 0 out of 0
[Info - 03:05:35.779] [sonarlint : sonarlint-analysis-engine] Miss the cache for 0 out of 0
[Info - 03:05:35.779] [sonarlint : sonarlint-analysis-engine] No CSS, PHP, HTML or VueJS files are found in the project. CSS analysis is skipped.
[Info - 03:05:35.839] [sonarlint : Progress of the Docker analysis] 0 source files to be analyzed
[Info - 03:05:35.839] [sonarlint : Progress of the Docker analysis] 0/0 source files have been analyzed
[Info - 03:05:35.839] [sonarlint : sonarlint-analysis-engine] Available processors: 12
[Info - 03:05:35.839] [sonarlint : sonarlint-analysis-engine] Using 12 threads for analysis.
[Info - 03:05:36.187] [sonarlint : sonarlint-analysis-engine] Analyzing all except non binary files
[Info - 03:05:36.193] [sonarlint : Progress of the text and secrets analysis] 1 source file to be analyzed
[Info - 03:05:36.213] [sonarlint : Progress of the text and secrets analysis] 1/1 source file has been analyzed
[Info - 03:05:36.218] [sonarlint : sonarlint-analysis-engine] Analysis detected 0 issues and 0 Security Hotspots in 3368ms
[Info - 03:05:36.258] [sonarlint : sonarlint-analysis-engine] Index files
[Info - 03:05:36.258] [sonarlint : Report about progress of file indexation] 1 file indexed
[Info - 03:05:36.335] [sonarlint : Progress of the CloudFormation analysis] 0 source files to be analyzed
[Info - 03:05:36.335] [sonarlint : Progress of the CloudFormation analysis] 0/0 source files have been analyzed
[Info - 03:05:36.384] [sonarlint : Progress of the Kubernetes  parsing] 0 source files to be parsed
[Info - 03:05:36.384] [sonarlint : Progress of the Kubernetes  parsing] 0/0 source files have been parsed
[Info - 03:05:36.384] [sonarlint : Progress of the Kubernetes  analysis] 0 source files to be analyzed
[Info - 03:05:36.384] [sonarlint : Progress of the Kubernetes  analysis] 0/0 source files have been analyzed
[Info - 03:05:36.384] [sonarlint : Progress of the Kubernetes  analysis] 0 source files to be checked
[Info - 03:05:36.385] [sonarlint : Progress of the Kubernetes  analysis] 0/0 source files have been checked
[Info - 03:05:36.385] [sonarlint : Progress of the Java analysis] 0 source files to be analyzed
[Info - 03:05:36.385] [sonarlint : Progress of the Java analysis] 0/0 source files have been analyzed
[Info - 03:05:36.387] [sonarlint : sonarlint-analysis-engine] No input files found for analysis
[Info - 03:05:36.387] [sonarlint : sonarlint-analysis-engine] Hit the cache for 0 out of 0
[Info - 03:05:36.387] [sonarlint : sonarlint-analysis-engine] Miss the cache for 0 out of 0
[Info - 03:05:36.387] [sonarlint : sonarlint-analysis-engine] No CSS, PHP, HTML or VueJS files are found in the project. CSS analysis is skipped.
[Info - 03:05:36.394] [sonarlint : Progress of the Docker analysis] 0 source files to be analyzed
[Info - 03:05:36.394] [sonarlint : Progress of the Docker analysis] 0/0 source files have been analyzed
[Info - 03:05:36.394] [sonarlint : sonarlint-analysis-engine] Available processors: 12
[Info - 03:05:36.394] [sonarlint : sonarlint-analysis-engine] Using 12 threads for analysis.
[Info - 03:05:36.419] [sonarlint : sonarlint-analysis-engine] Analyzing all except non binary files
[Info - 03:05:36.420] [sonarlint : Progress of the text and secrets analysis] 1 source file to be analyzed
[Info - 03:05:36.423] [sonarlint : Progress of the text and secrets analysis] 1/1 source file has been analyzed
[Info - 03:05:36.424] [sonarlint : sonarlint-analysis-engine] Analysis detected 0 issues and 0 Security Hotspots in 1402ms
[Info - 03:05:36.448] [sonarlint : sonarlint-analysis-engine] Index files
[Info - 03:05:36.448] [sonarlint : Report about progress of file indexation] 1 file indexed
[Info - 03:05:36.509] [sonarlint : Progress of the CloudFormation analysis] 0 source files to be analyzed
[Info - 03:05:36.509] [sonarlint : Progress of the CloudFormation analysis] 0/0 source files have been analyzed
[Info - 03:05:36.549] [sonarlint : Progress of the Kubernetes  parsing] 0 source files to be parsed
[Info - 03:05:36.549] [sonarlint : Progress of the Kubernetes  parsing] 0/0 source files have been parsed
[Info - 03:05:36.549] [sonarlint : Progress of the Kubernetes  analysis] 0 source files to be analyzed
[Info - 03:05:36.549] [sonarlint : Progress of the Kubernetes  analysis] 0/0 source files have been analyzed
[Info - 03:05:36.549] [sonarlint : Progress of the Kubernetes  analysis] 0 source files to be checked
[Info - 03:05:36.550] [sonarlint : Progress of the Kubernetes  analysis] 0/0 source files have been checked
[Info - 03:05:36.550] [sonarlint : Progress of the Java analysis] 0 source files to be analyzed
[Info - 03:05:36.550] [sonarlint : Progress of the Java analysis] 0/0 source files have been analyzed
[Info - 03:05:36.551] [sonarlint : sonarlint-analysis-engine] No input files found for analysis
[Info - 03:05:36.551] [sonarlint : sonarlint-analysis-engine] Hit the cache for 0 out of 0
[Info - 03:05:36.551] [sonarlint : sonarlint-analysis-engine] Miss the cache for 0 out of 0
[Info - 03:05:36.552] [sonarlint : sonarlint-analysis-engine] No CSS, PHP, HTML or VueJS files are found in the project. CSS analysis is skipped.
[Info - 03:05:36.556] [sonarlint : Progress of the Docker analysis] 0 source files to be analyzed
[Info - 03:05:36.556] [sonarlint : Progress of the Docker analysis] 0/0 source files have been analyzed
[Info - 03:05:36.556] [sonarlint : sonarlint-analysis-engine] Available processors: 12
[Info - 03:05:36.556] [sonarlint : sonarlint-analysis-engine] Using 12 threads for analysis.
[Info - 03:05:36.577] [sonarlint : sonarlint-analysis-engine] Analyzing all except non binary files
[Info - 03:05:36.577] [sonarlint : Progress of the text and secrets analysis] 1 source file to be analyzed
[Info - 03:05:36.580] [sonarlint : Progress of the text and secrets analysis] 1/1 source file has been analyzed
[Info - 03:05:36.581] [sonarlint : sonarlint-analysis-engine] Analysis detected 0 issues and 0 Security Hotspots in 1534ms
