[Info  - 3:05:27 AM] [language-server] Registering module | module: "auto-fix"
[Info  - 3:05:28 AM] [language-server] Module registered | module: "auto-fix"
[Info  - 3:05:28 AM] [language-server] Registering module | module: "code-action"
[Info  - 3:05:28 AM] [language-server] Module registered | module: "code-action"
[Info  - 3:05:29 AM] [language-server] Registering module | module: "completion"
[Info  - 3:05:29 AM] [language-server] Module registered | module: "completion"
[Info  - 3:05:29 AM] [language-server] Registering module | module: "formatter"
[Info  - 3:05:29 AM] [language-server] Module registered | module: "formatter"
[Info  - 3:05:29 AM] [language-server] Registering module | module: "old-stylelint-warning"
[Info  - 3:05:29 AM] [language-server] Module registered | module: "old-stylelint-warning"
[Info  - 3:05:29 AM] [language-server] Registering module | module: "validator"
[Info  - 3:05:29 AM] [language-server] Module registered | module: "validator"
[Info  - 3:05:29 AM] [language-server] Starting language server
[Info  - 3:05:29 AM] [language-server] Registering handlers
[Info  - 3:05:29 AM] [language-server] Handlers registered
[Info  - 3:05:29 AM] [language-server] Language server started
[Warn  - 3:05:30 AM] [language-server] Could not load Stylelint from node_modules | error: {"name":"Error","message":"Failed to resolve module: stylelint","stack":"Error: Failed to resolve module: stylelint\n    at ChildProcess.<anonymous> (/home/chuck/.vscode/extensions/stylelint.vscode-stylelint-1.4.0/dist/start-server.js:35:80651)\n    at ChildProcess.emit (node:events:518:28)\n    at emit (node:internal/child_process:950:14)\n    at process.processTicksAndRejections (node:internal/process/task_queues:83:21)"}
[Warn  - 3:05:30 AM] [language-server] Failed to load Stylelint either globally or from the current workspace.
[Warn  - 3:05:30 AM] [language-server] Failed to resolve Stylelint | uri: "file:///home/chuck/src/self-hosted-ai-starter-kit/docker-compose.yml"
[Info  - 3:12:08 AM] [language-server] Stopping language server
