[1739437522656] INFO  (ext): SQLTools is starting
[1739437522658] INFO  (ext): initializing language client...
[1739437522660] INFO  (ext): Registering client for languages [{"scheme":"sqltools"},{"language":"sql","scheme":"untitled"},{"language":"sql","scheme":"file"},{"language":"sql","scheme":"sqltools"}]
    ns: "lc"
[1739437522665] INFO  (ext): loading plugins...
[1739437522666] INFO  (ext): registering Formatter Plugin.
    plugin: {
      "name": "Formatter Plugin"
    }
[1739437522667] INFO  (ext): registering Connection Manager Plugin.
    plugin: {
      "name": "Connection Manager Plugin"
    }
[1739437522667] INFO  (ext): registering CodeLens Plugin.
    plugin: {
      "name": "CodeLens Plugin",
      "registeredLanguages": []
    }
[1739437522668] INFO  (ext): registering Dependency Manager Plugin.
    plugin: {
      "name": "Dependency Manager Plugin",
      "installingDrivers": []
    }
[1739437522670] INFO  (ext): Connection explorer changed. Will be updated.
    ns: "conn-man:explorer"
[1739437522671] INFO  (ext): registering History Manager Plugin.
    plugin: {
      "name": "History Manager Plugin"
    }
[1739437522672] INFO  (ext): registering Bookmarks Manager Plugin.
    plugin: {
      "name": "Bookmarks Manager Plugin"
    }
[1739437522673] INFO  (ext): registering Authentication Provider Plugin.
    plugin: {
      "name": "Authentication Provider Plugin",
      "isRegistered": false
    }
[1739437522674] INFO  (ext): registering Object Drop-in Provider (plugin).
    plugin: {
      "type": "plugin",
      "name": "Object Drop-in Provider",
      "isRegistered": false
    }
[1739437522675] INFO  (ext): SQLTools activation completed. 18.909305 ms
[1739437522675] INFO  (ext): Formatter Plugin registered!
[1739437522675] INFO  (ext): CodeLens Plugin registered!
[1739437522675] INFO  (ext): Dependency Manager Plugin registered!
[1739437522675] INFO  (ext): Connection Manager Plugin registered!
[1739437522675] INFO  (ext): History Manager Plugin registered!
[1739437522675] INFO  (ext): Bookmarks Manager Plugin registered!
[1739437522675] INFO  (ext): Authentication Provider Plugin registered!
[1739437522676] INFO  (ext): Object Drop-in Provider (plugin) registered!
[1739437523064] INFO  (ext): registering MySQL/MariaDB/TiDB Plugin (driver).
    plugin: {
      "extensionId": "mtxr.sqltools-driver-mysql",
      "name": "MySQL/MariaDB/TiDB Plugin",
      "type": "driver"
    }
[1739437523065] INFO  (ext): registering SQLite Plugin (driver).
    plugin: {
      "extensionId": "mtxr.sqltools-driver-sqlite",
      "name": "SQLite Plugin",
      "type": "driver"
    }
[1739437523045] INFO  (ls): SQLTools Server started!
===============================
Using node runtime?: no
ExecPath: /opt/visual-studio-code/code 
===============================
[1739437523073] INFO  (ext): LanguageClient ready
    ns: "lc"
[1739437523072] INFO  (ls): Initialized with node version:v20.18.1
[1739437523077] INFO  (ls): REQUEST RECEIVED => ls/RegisterPlugin
[1739437523078] INFO  (ls): request to register plugin: "/home/chuck/.vscode/extensions/mtxr.sqltools-driver-mysql-0.6.3/out/ls/plugin.js"
[1739437523205] INFO  (ext): Connection explorer changed. Will be updated.
    ns: "conn-man:explorer"
[1739437523210] INFO  (ls): Driver mysql registered!
    place: "driver-map"
    ns: "ls-context"
[1739437523211] INFO  (ls): Driver mariadb registered!
    place: "driver-map"
    ns: "ls-context"
[1739437523211] INFO  (ls): Driver tidb registered!
    place: "driver-map"
    ns: "ls-context"
[1739437523211] INFO  (ls): REQUEST RECEIVED => ls/RegisterPlugin
[1739437523212] INFO  (ls): request to register plugin: "/home/chuck/.vscode/extensions/mtxr.sqltools-driver-sqlite-0.5.1/out/ls/plugin.js"
[1739437523246] INFO  (ext): MySQL/MariaDB/TiDB Plugin (driver) registered!
[1739437523248] INFO  (ls): Driver sqlite registered!
    place: "driver-map"
    ns: "ls-context"
[1739437523270] INFO  (ext): SQLite Plugin (driver) registered!
[1739437524270] INFO  (ext): EXECUTING COMMAND => sqltools.refreshTree
[1739437524270] INFO  (ext): Connection explorer changed. Will be updated.
    ns: "conn-man:explorer"
[1739437526279] INFO  (ext): Connection explorer changed. Will be updated.
    ns: "conn-man:explorer"
