2025-02-14 07:24:16.640 [info] Reading sessions from keychain...
2025-02-14 07:24:16.640 [info] Getting sessions for all scopes...
2025-02-14 07:24:16.640 [info] Getting sessions for all scopes...
2025-02-14 07:24:16.640 [info] Getting sessions for all scopes...
2025-02-14 07:24:16.640 [info] Getting sessions for all scopes...
2025-02-14 07:24:16.640 [info] Getting sessions for all scopes...
2025-02-14 07:24:16.640 [info] Getting sessions for all scopes...
2025-02-14 07:24:16.640 [info] Getting sessions for all scopes...
2025-02-14 07:24:16.640 [info] Got stored sessions!
2025-02-14 07:24:16.640 [info] Got 3 verified sessions.
2025-02-14 07:24:16.640 [info] Got 3 sessions for ...
2025-02-14 07:24:16.640 [info] Got 3 sessions for ...
2025-02-14 07:24:16.640 [info] Got 3 sessions for ...
2025-02-14 07:24:16.640 [info] Got 3 sessions for ...
2025-02-14 07:24:16.640 [info] Got 3 sessions for ...
2025-02-14 07:24:16.640 [info] Got 3 sessions for ...
2025-02-14 07:24:16.640 [info] Got 3 sessions for ...
2025-02-14 07:24:17.025 [info] Getting sessions for all scopes...
2025-02-14 07:24:17.025 [info] Got 3 sessions for ...
2025-02-14 07:24:17.223 [info] Getting sessions for user:email...
2025-02-14 07:24:17.224 [info] Got 1 sessions for user:email...
2025-02-14 07:24:17.536 [info] Getting sessions for read:user,repo,user:email,workflow...
2025-02-14 07:24:17.536 [info] Got 1 sessions for read:user,repo,user:email,workflow...
2025-02-14 07:24:18.635 [info] Getting sessions for all scopes...
2025-02-14 07:24:18.635 [info] Got 3 sessions for ...
2025-02-14 07:24:18.726 [info] Getting sessions for read:user,repo,user:email,workflow...
2025-02-14 07:24:18.726 [info] Got 1 sessions for read:user,repo,user:email,workflow...
2025-02-14 07:24:18.886 [info] Getting sessions for user:email...
2025-02-14 07:24:18.886 [info] Got 1 sessions for user:email...
2025-02-14 07:24:19.086 [info] Getting sessions for read:user,repo,user:email,workflow...
2025-02-14 07:24:19.086 [info] Got 1 sessions for read:user,repo,user:email,workflow...
2025-02-14 07:24:22.514 [info] Getting sessions for read:user,repo,user:email...
2025-02-14 07:24:22.514 [info] Got 1 sessions for read:user,repo,user:email...
2025-02-14 07:24:22.514 [info] Getting sessions for read:user,repo,user:email,workflow...
2025-02-14 07:24:22.514 [info] Got 1 sessions for read:user,repo,user:email,workflow...
2025-02-14 07:24:22.514 [info] Getting sessions for all scopes...
2025-02-14 07:24:22.514 [info] Got 3 sessions for ...
2025-02-14 07:24:22.514 [info] Getting sessions for all scopes...
2025-02-14 07:24:22.514 [info] Got 3 sessions for ...
2025-02-14 07:24:22.525 [info] Getting sessions for project,read:org,read:user,repo,user:email,workflow...
2025-02-14 07:24:22.525 [info] Got 0 sessions for project,read:org,read:user,repo,user:email,workflow...
2025-02-14 07:24:22.550 [info] Getting sessions for user:email...
2025-02-14 07:24:22.550 [info] Got 1 sessions for user:email...
2025-02-14 07:24:22.550 [info] Getting sessions for user:email...
2025-02-14 07:24:22.550 [info] Got 1 sessions for user:email...
2025-02-14 07:24:22.692 [info] Getting sessions for read:user,repo,user:email,workflow...
2025-02-14 07:24:22.692 [info] Got 1 sessions for read:user,repo,user:email,workflow...
2025-02-14 07:24:22.707 [info] Getting sessions for read:user,repo,user:email,workflow...
2025-02-14 07:24:22.707 [info] Got 1 sessions for read:user,repo,user:email,workflow...
2025-02-14 07:24:22.962 [info] Getting sessions for all scopes...
2025-02-14 07:24:22.962 [info] Got 3 sessions for ...
2025-02-14 07:24:22.962 [info] Getting sessions for all scopes...
2025-02-14 07:24:22.962 [info] Got 3 sessions for ...
2025-02-14 07:24:22.962 [info] Getting sessions for read:user,repo,user:email...
2025-02-14 07:24:22.962 [info] Got 1 sessions for read:user,repo,user:email...
2025-02-14 07:24:24.612 [info] Getting sessions for read:user,repo,user:email,workflow...
2025-02-14 07:24:24.612 [info] Got 1 sessions for read:user,repo,user:email,workflow...
2025-02-14 07:24:24.612 [info] Getting sessions for read:user,repo,user:email...
2025-02-14 07:24:24.612 [info] Got 1 sessions for read:user,repo,user:email...
2025-02-14 07:24:24.759 [info] Getting sessions for user:email...
2025-02-14 07:24:24.759 [info] Got 1 sessions for user:email...
2025-02-14 07:24:24.849 [info] Getting sessions for all scopes...
2025-02-14 07:24:24.849 [info] Got 3 sessions for ...
2025-02-14 07:24:24.937 [info] Getting sessions for read:user,repo,user:email,workflow...
2025-02-14 07:24:24.937 [info] Got 1 sessions for read:user,repo,user:email,workflow...
2025-02-14 07:24:25.230 [info] Getting sessions for all scopes...
2025-02-14 07:24:25.230 [info] Got 3 sessions for ...
2025-02-14 07:24:25.230 [info] Getting sessions for all scopes...
2025-02-14 07:24:25.230 [info] Got 3 sessions for ...
2025-02-14 07:24:25.235 [info] Getting sessions for read:user,repo,user:email,workflow...
2025-02-14 07:24:25.235 [info] Got 1 sessions for read:user,repo,user:email,workflow...
2025-02-14 07:24:25.238 [info] Getting sessions for all scopes...
2025-02-14 07:24:25.238 [info] Got 3 sessions for ...
2025-02-14 07:24:25.243 [info] Getting sessions for read:user,repo,user:email,workflow...
2025-02-14 07:24:25.243 [info] Got 1 sessions for read:user,repo,user:email,workflow...
2025-02-14 07:24:25.419 [info] Getting sessions for all scopes...
2025-02-14 07:24:25.419 [info] Got 3 sessions for ...
2025-02-14 07:24:26.097 [info] Getting sessions for read:user,repo,user:email,workflow...
2025-02-14 07:24:26.097 [info] Got 1 sessions for read:user,repo,user:email,workflow...
2025-02-14 07:25:55.246 [info] Reading sessions from keychain...
2025-02-14 07:25:55.246 [info] Getting sessions for all scopes...
2025-02-14 07:25:55.246 [info] Getting sessions for all scopes...
2025-02-14 07:25:55.246 [info] Getting sessions for all scopes...
2025-02-14 07:25:55.246 [info] Getting sessions for user:email...
2025-02-14 07:25:55.246 [info] Got stored sessions!
2025-02-14 07:25:55.246 [info] Got 3 verified sessions.
2025-02-14 07:25:55.246 [info] Got 3 sessions for ...
2025-02-14 07:25:55.246 [info] Got 3 sessions for ...
2025-02-14 07:25:55.246 [info] Got 3 sessions for ...
2025-02-14 07:25:55.246 [info] Got 1 sessions for user:email...
2025-02-14 07:25:55.498 [info] Getting sessions for user:email...
2025-02-14 07:25:55.498 [info] Got 1 sessions for user:email...
2025-02-14 07:25:55.585 [info] Getting sessions for read:user,repo,user:email,workflow...
2025-02-14 07:25:55.585 [info] Got 1 sessions for read:user,repo,user:email,workflow...
2025-02-14 07:25:55.896 [info] Getting sessions for read:user,repo,user:email,workflow...
2025-02-14 07:25:55.896 [info] Got 1 sessions for read:user,repo,user:email,workflow...
2025-02-14 07:25:59.236 [info] Getting sessions for read:user,repo,user:email...
2025-02-14 07:25:59.236 [info] Got 1 sessions for read:user,repo,user:email...
2025-02-14 07:25:59.236 [info] Getting sessions for read:user,repo,user:email,workflow...
2025-02-14 07:25:59.236 [info] Got 1 sessions for read:user,repo,user:email,workflow...
2025-02-14 07:25:59.236 [info] Getting sessions for all scopes...
2025-02-14 07:25:59.236 [info] Got 3 sessions for ...
2025-02-14 07:25:59.236 [info] Getting sessions for all scopes...
2025-02-14 07:25:59.236 [info] Got 3 sessions for ...
2025-02-14 07:25:59.237 [info] Getting sessions for project,read:org,read:user,repo,user:email,workflow...
2025-02-14 07:25:59.237 [info] Got 0 sessions for project,read:org,read:user,repo,user:email,workflow...
2025-02-14 07:25:59.243 [info] Getting sessions for read:user,repo,user:email,workflow...
2025-02-14 07:25:59.243 [info] Got 1 sessions for read:user,repo,user:email,workflow...
2025-02-14 07:25:59.365 [info] Getting sessions for read:user,repo,user:email,workflow...
2025-02-14 07:25:59.365 [info] Got 1 sessions for read:user,repo,user:email,workflow...
2025-02-14 07:25:59.366 [info] Getting sessions for read:user,repo,user:email,workflow...
2025-02-14 07:25:59.366 [info] Got 1 sessions for read:user,repo,user:email,workflow...
2025-02-14 07:26:00.803 [info] Getting sessions for read:user,repo,user:email...
2025-02-14 07:26:00.803 [info] Got 1 sessions for read:user,repo,user:email...
2025-02-14 07:26:00.804 [info] Getting sessions for all scopes...
2025-02-14 07:26:00.804 [info] Got 3 sessions for ...
2025-02-14 07:26:00.804 [info] Getting sessions for all scopes...
2025-02-14 07:26:00.804 [info] Got 3 sessions for ...
2025-02-14 07:26:01.052 [info] Getting sessions for read:user,repo,user:email...
2025-02-14 07:26:01.052 [info] Got 1 sessions for read:user,repo,user:email...
2025-02-14 07:26:01.090 [info] Getting sessions for read:user,repo,user:email,workflow...
2025-02-14 07:26:01.090 [info] Got 1 sessions for read:user,repo,user:email,workflow...
2025-02-14 07:26:01.214 [info] Getting sessions for all scopes...
2025-02-14 07:26:01.214 [info] Got 3 sessions for ...
2025-02-14 07:26:01.407 [info] Getting sessions for read:user,repo,user:email,workflow...
2025-02-14 07:26:01.407 [info] Got 1 sessions for read:user,repo,user:email,workflow...
2025-02-14 07:26:01.844 [info] Getting sessions for all scopes...
2025-02-14 07:26:01.844 [info] Got 3 sessions for ...
2025-02-14 07:26:01.845 [info] Getting sessions for all scopes...
2025-02-14 07:26:01.845 [info] Got 3 sessions for ...
2025-02-14 07:26:01.885 [info] Getting sessions for read:user,repo,user:email,workflow...
2025-02-14 07:26:01.885 [info] Got 1 sessions for read:user,repo,user:email,workflow...
2025-02-14 07:26:01.896 [info] Getting sessions for all scopes...
2025-02-14 07:26:01.896 [info] Got 3 sessions for ...
2025-02-14 07:26:01.897 [info] Getting sessions for read:user,repo,user:email,workflow...
2025-02-14 07:26:01.897 [info] Got 1 sessions for read:user,repo,user:email,workflow...
2025-02-14 07:26:02.439 [info] Getting sessions for all scopes...
2025-02-14 07:26:02.439 [info] Got 3 sessions for ...
2025-02-14 07:26:02.459 [info] Getting sessions for read:user,repo,user:email,workflow...
2025-02-14 07:26:02.459 [info] Got 1 sessions for read:user,repo,user:email,workflow...
2025-02-14 07:29:15.719 [info] Getting sessions for read:org,user:email...
2025-02-14 07:29:15.719 [info] Got 0 sessions for read:org,user:email...
2025-02-14 07:29:16.213 [info] Getting sessions for user:email...
2025-02-14 07:29:16.213 [info] Got 1 sessions for user:email...
2025-02-14 07:41:02.470 [info] Getting sessions for all scopes...
2025-02-14 07:41:02.470 [info] Got 3 sessions for ...
2025-02-14 07:41:02.471 [info] Getting sessions for read:user,repo,user:email,workflow...
2025-02-14 07:41:02.471 [info] Got 1 sessions for read:user,repo,user:email,workflow...
2025-02-14 07:51:01.774 [info] Getting sessions for all scopes...
2025-02-14 07:51:01.775 [info] Got 3 sessions for ...
2025-02-14 07:51:01.776 [info] Getting sessions for read:user,repo,user:email,workflow...
2025-02-14 07:51:01.776 [info] Got 1 sessions for read:user,repo,user:email,workflow...
2025-02-14 07:51:02.231 [info] Getting sessions for all scopes...
2025-02-14 07:51:02.231 [info] Got 3 sessions for ...
2025-02-14 07:51:02.231 [info] Getting sessions for all scopes...
2025-02-14 07:51:02.231 [info] Got 3 sessions for ...
2025-02-14 07:51:02.232 [info] Getting sessions for read:user,repo,user:email,workflow...
2025-02-14 07:51:02.232 [info] Got 1 sessions for read:user,repo,user:email,workflow...
2025-02-14 07:51:02.233 [info] Getting sessions for all scopes...
2025-02-14 07:51:02.233 [info] Got 3 sessions for ...
2025-02-14 07:51:02.233 [info] Getting sessions for read:user,repo,user:email,workflow...
2025-02-14 07:51:02.233 [info] Got 1 sessions for read:user,repo,user:email,workflow...
2025-02-14 07:51:02.238 [info] Getting sessions for all scopes...
2025-02-14 07:51:02.238 [info] Got 3 sessions for ...
2025-02-14 07:51:02.239 [info] Getting sessions for read:user,repo,user:email,workflow...
2025-02-14 07:51:02.239 [info] Got 1 sessions for read:user,repo,user:email,workflow...
2025-02-14 08:06:02.241 [info] Getting sessions for all scopes...
2025-02-14 08:06:02.241 [info] Got 3 sessions for ...
2025-02-14 08:06:02.242 [info] Getting sessions for read:user,repo,user:email,workflow...
2025-02-14 08:06:02.242 [info] Got 1 sessions for read:user,repo,user:email,workflow...
2025-02-14 08:16:02.232 [info] Getting sessions for all scopes...
2025-02-14 08:16:02.232 [info] Got 3 sessions for ...
2025-02-14 08:16:02.232 [info] Getting sessions for read:user,repo,user:email,workflow...
2025-02-14 08:16:02.232 [info] Got 1 sessions for read:user,repo,user:email,workflow...
2025-02-14 08:16:02.707 [info] Getting sessions for all scopes...
2025-02-14 08:16:02.707 [info] Got 3 sessions for ...
2025-02-14 08:16:02.707 [info] Getting sessions for all scopes...
2025-02-14 08:16:02.707 [info] Got 3 sessions for ...
2025-02-14 08:16:02.707 [info] Getting sessions for read:user,repo,user:email,workflow...
2025-02-14 08:16:02.707 [info] Got 1 sessions for read:user,repo,user:email,workflow...
2025-02-14 08:16:02.708 [info] Getting sessions for all scopes...
2025-02-14 08:16:02.708 [info] Got 3 sessions for ...
2025-02-14 08:16:02.708 [info] Getting sessions for read:user,repo,user:email,workflow...
2025-02-14 08:16:02.709 [info] Got 1 sessions for read:user,repo,user:email,workflow...
2025-02-14 08:16:02.713 [info] Getting sessions for all scopes...
2025-02-14 08:16:02.713 [info] Got 3 sessions for ...
2025-02-14 08:16:02.713 [info] Getting sessions for read:user,repo,user:email,workflow...
2025-02-14 08:16:02.713 [info] Got 1 sessions for read:user,repo,user:email,workflow...
2025-02-14 08:31:02.715 [info] Getting sessions for all scopes...
2025-02-14 08:31:02.715 [info] Got 3 sessions for ...
2025-02-14 08:31:02.716 [info] Getting sessions for read:user,repo,user:email,workflow...
2025-02-14 08:31:02.716 [info] Got 1 sessions for read:user,repo,user:email,workflow...
2025-02-14 08:41:02.707 [info] Getting sessions for all scopes...
2025-02-14 08:41:02.707 [info] Got 3 sessions for ...
2025-02-14 08:41:02.707 [info] Getting sessions for read:user,repo,user:email,workflow...
2025-02-14 08:41:02.707 [info] Got 1 sessions for read:user,repo,user:email,workflow...
2025-02-14 08:41:03.191 [info] Getting sessions for all scopes...
2025-02-14 08:41:03.191 [info] Got 3 sessions for ...
2025-02-14 08:41:03.191 [info] Getting sessions for all scopes...
2025-02-14 08:41:03.191 [info] Got 3 sessions for ...
2025-02-14 08:41:03.192 [info] Getting sessions for read:user,repo,user:email,workflow...
2025-02-14 08:41:03.192 [info] Got 1 sessions for read:user,repo,user:email,workflow...
2025-02-14 08:41:03.193 [info] Getting sessions for all scopes...
2025-02-14 08:41:03.193 [info] Got 3 sessions for ...
2025-02-14 08:41:03.193 [info] Getting sessions for read:user,repo,user:email,workflow...
2025-02-14 08:41:03.193 [info] Got 1 sessions for read:user,repo,user:email,workflow...
2025-02-14 08:41:03.197 [info] Getting sessions for all scopes...
2025-02-14 08:41:03.197 [info] Got 3 sessions for ...
2025-02-14 08:41:03.198 [info] Getting sessions for read:user,repo,user:email,workflow...
2025-02-14 08:41:03.198 [info] Got 1 sessions for read:user,repo,user:email,workflow...
2025-02-14 08:56:03.201 [info] Getting sessions for all scopes...
2025-02-14 08:56:03.201 [info] Got 3 sessions for ...
2025-02-14 08:56:03.201 [info] Getting sessions for read:user,repo,user:email,workflow...
2025-02-14 08:56:03.201 [info] Got 1 sessions for read:user,repo,user:email,workflow...
2025-02-14 09:06:03.191 [info] Getting sessions for all scopes...
2025-02-14 09:06:03.191 [info] Got 3 sessions for ...
2025-02-14 09:06:03.192 [info] Getting sessions for read:user,repo,user:email,workflow...
2025-02-14 09:06:03.192 [info] Got 1 sessions for read:user,repo,user:email,workflow...
2025-02-14 09:06:03.590 [info] Getting sessions for all scopes...
2025-02-14 09:06:03.590 [info] Got 3 sessions for ...
2025-02-14 09:06:03.590 [info] Getting sessions for all scopes...
2025-02-14 09:06:03.590 [info] Got 3 sessions for ...
2025-02-14 09:06:03.591 [info] Getting sessions for read:user,repo,user:email,workflow...
2025-02-14 09:06:03.591 [info] Got 1 sessions for read:user,repo,user:email,workflow...
2025-02-14 09:06:03.591 [info] Getting sessions for all scopes...
2025-02-14 09:06:03.591 [info] Got 3 sessions for ...
2025-02-14 09:06:03.592 [info] Getting sessions for read:user,repo,user:email,workflow...
2025-02-14 09:06:03.592 [info] Got 1 sessions for read:user,repo,user:email,workflow...
2025-02-14 09:06:03.596 [info] Getting sessions for all scopes...
2025-02-14 09:06:03.596 [info] Got 3 sessions for ...
2025-02-14 09:06:03.597 [info] Getting sessions for read:user,repo,user:email,workflow...
2025-02-14 09:06:03.597 [info] Got 1 sessions for read:user,repo,user:email,workflow...
2025-02-14 09:21:03.600 [info] Getting sessions for all scopes...
2025-02-14 09:21:03.600 [info] Got 3 sessions for ...
2025-02-14 09:21:03.600 [info] Getting sessions for read:user,repo,user:email,workflow...
2025-02-14 09:21:03.600 [info] Got 1 sessions for read:user,repo,user:email,workflow...
2025-02-14 09:31:03.590 [info] Getting sessions for all scopes...
2025-02-14 09:31:03.590 [info] Got 3 sessions for ...
2025-02-14 09:31:03.591 [info] Getting sessions for read:user,repo,user:email,workflow...
2025-02-14 09:31:03.591 [info] Got 1 sessions for read:user,repo,user:email,workflow...
2025-02-14 09:31:03.988 [info] Getting sessions for all scopes...
2025-02-14 09:31:03.989 [info] Got 3 sessions for ...
2025-02-14 09:31:03.989 [info] Getting sessions for all scopes...
2025-02-14 09:31:03.989 [info] Got 3 sessions for ...
2025-02-14 09:31:03.989 [info] Getting sessions for read:user,repo,user:email,workflow...
2025-02-14 09:31:03.989 [info] Got 1 sessions for read:user,repo,user:email,workflow...
2025-02-14 09:31:03.990 [info] Getting sessions for all scopes...
2025-02-14 09:31:03.990 [info] Got 3 sessions for ...
2025-02-14 09:31:03.990 [info] Getting sessions for read:user,repo,user:email,workflow...
2025-02-14 09:31:03.990 [info] Got 1 sessions for read:user,repo,user:email,workflow...
2025-02-14 09:31:03.994 [info] Getting sessions for all scopes...
2025-02-14 09:31:03.994 [info] Got 3 sessions for ...
2025-02-14 09:31:03.994 [info] Getting sessions for read:user,repo,user:email,workflow...
2025-02-14 09:31:03.994 [info] Got 1 sessions for read:user,repo,user:email,workflow...
2025-02-14 09:46:03.996 [info] Getting sessions for all scopes...
2025-02-14 09:46:03.996 [info] Got 3 sessions for ...
2025-02-14 09:46:03.997 [info] Getting sessions for read:user,repo,user:email,workflow...
2025-02-14 09:46:03.997 [info] Got 1 sessions for read:user,repo,user:email,workflow...
2025-02-14 09:56:03.988 [info] Getting sessions for all scopes...
2025-02-14 09:56:03.988 [info] Got 3 sessions for ...
2025-02-14 09:56:03.989 [info] Getting sessions for read:user,repo,user:email,workflow...
2025-02-14 09:56:03.989 [info] Got 1 sessions for read:user,repo,user:email,workflow...
2025-02-14 09:56:04.375 [info] Getting sessions for all scopes...
2025-02-14 09:56:04.375 [info] Got 3 sessions for ...
2025-02-14 09:56:04.375 [info] Getting sessions for all scopes...
2025-02-14 09:56:04.375 [info] Got 3 sessions for ...
2025-02-14 09:56:04.376 [info] Getting sessions for read:user,repo,user:email,workflow...
2025-02-14 09:56:04.376 [info] Got 1 sessions for read:user,repo,user:email,workflow...
2025-02-14 09:56:04.377 [info] Getting sessions for all scopes...
2025-02-14 09:56:04.377 [info] Got 3 sessions for ...
2025-02-14 09:56:04.377 [info] Getting sessions for read:user,repo,user:email,workflow...
2025-02-14 09:56:04.377 [info] Got 1 sessions for read:user,repo,user:email,workflow...
2025-02-14 09:56:04.381 [info] Getting sessions for all scopes...
2025-02-14 09:56:04.381 [info] Got 3 sessions for ...
2025-02-14 09:56:04.382 [info] Getting sessions for read:user,repo,user:email,workflow...
2025-02-14 09:56:04.382 [info] Got 1 sessions for read:user,repo,user:email,workflow...
2025-02-14 12:46:45.741 [info] Getting sessions for all scopes...
2025-02-14 12:46:45.741 [info] Got 3 sessions for ...
2025-02-14 12:46:45.742 [info] Getting sessions for read:user,repo,user:email,workflow...
2025-02-14 12:46:45.742 [info] Got 1 sessions for read:user,repo,user:email,workflow...
2025-02-14 12:46:45.743 [info] Getting sessions for all scopes...
2025-02-14 12:46:45.743 [info] Got 3 sessions for ...
2025-02-14 12:46:45.743 [info] Getting sessions for read:user,repo,user:email,workflow...
2025-02-14 12:46:45.743 [info] Got 1 sessions for read:user,repo,user:email,workflow...
2025-02-14 12:46:46.311 [info] Getting sessions for all scopes...
2025-02-14 12:46:46.311 [info] Got 3 sessions for ...
2025-02-14 12:46:46.311 [info] Getting sessions for all scopes...
2025-02-14 12:46:46.311 [info] Got 3 sessions for ...
2025-02-14 12:46:46.312 [info] Getting sessions for read:user,repo,user:email,workflow...
2025-02-14 12:46:46.312 [info] Got 1 sessions for read:user,repo,user:email,workflow...
2025-02-14 12:46:46.312 [info] Getting sessions for all scopes...
2025-02-14 12:46:46.312 [info] Got 3 sessions for ...
2025-02-14 12:46:46.313 [info] Getting sessions for read:user,repo,user:email,workflow...
2025-02-14 12:46:46.313 [info] Got 1 sessions for read:user,repo,user:email,workflow...
2025-02-14 12:46:46.314 [info] Getting sessions for all scopes...
2025-02-14 12:46:46.314 [info] Got 3 sessions for ...
2025-02-14 12:46:46.314 [info] Getting sessions for read:user,repo,user:email,workflow...
2025-02-14 12:46:46.314 [info] Got 1 sessions for read:user,repo,user:email,workflow...
2025-02-14 13:01:46.316 [info] Getting sessions for all scopes...
2025-02-14 13:01:46.317 [info] Got 3 sessions for ...
2025-02-14 13:01:46.317 [info] Getting sessions for read:user,repo,user:email,workflow...
2025-02-14 13:01:46.317 [info] Got 1 sessions for read:user,repo,user:email,workflow...
