2025-02-14 07:24:18.833 [info] Acquired MSAL enablement value from default. Value: true
2025-02-14 07:24:18.861 [warning] [Fri, 14 Feb 2025 13:24:18 GMT] : [aebc6443-996d-45c2-90f0-388ff96faa56] [https://login.microsoftonline.com/organizations] : @azure/msal-node@2.16.2 : Warning - NativeBroker implementation was provided but the broker is unavailable.
2025-02-14 07:24:18.886 [info] [getSessions] [all] starting
2025-02-14 07:24:18.886 [info] [getSessions] [all] returned 1 session(s)
2025-02-14 07:24:18.886 [info] [getSessions] [all] starting
2025-02-14 07:24:18.886 [info] [getSessions] [all] returned 1 session(s)
2025-02-14 07:24:18.887 [info] [getSessions] [email offline_access openid profile] starting
2025-02-14 07:24:22.514 [info] [getSessions] [email offline_access openid profile] returned 1 session(s)
2025-02-14 07:24:22.671 [info] [getSessions] [https://management.core.windows.net/.default] starting
2025-02-14 07:24:24.683 [info] [getSessions] [https://management.core.windows.net/.default] returned 1 session(s)
2025-02-14 07:25:55.408 [info] Acquired MSAL enablement value from default. Value: true
2025-02-14 07:25:55.447 [warning] [Fri, 14 Feb 2025 13:25:55 GMT] : [aebc6443-996d-45c2-90f0-388ff96faa56] [https://login.microsoftonline.com/organizations] : @azure/msal-node@2.16.2 : Warning - NativeBroker implementation was provided but the broker is unavailable.
2025-02-14 07:25:55.497 [info] [getSessions] [all] starting
2025-02-14 07:25:55.497 [info] [getSessions] [all] returned 1 session(s)
2025-02-14 07:25:55.497 [info] [getSessions] [all] starting
2025-02-14 07:25:55.497 [info] [getSessions] [all] returned 1 session(s)
2025-02-14 07:29:15.712 [info] [getSessions] [46da2f7e-b5ef-422a-88d4-2a7f9de6a0b2/.default email openid] starting
2025-02-14 07:29:16.213 [info] [getSessions] [46da2f7e-b5ef-422a-88d4-2a7f9de6a0b2/.default email openid] returned 1 session(s)
2025-02-14 07:29:16.217 [info] [getSessions] [https://management.core.windows.net/.default] starting
2025-02-14 07:29:16.217 [info] [getSessions] [https://management.core.windows.net/.default] returned 1 session(s)
2025-02-14 07:29:16.218 [info] [getSessions] [46da2f7e-b5ef-422a-88d4-2a7f9de6a0b2/.default email openid] starting
2025-02-14 07:29:16.218 [info] [getSessions] [46da2f7e-b5ef-422a-88d4-2a7f9de6a0b2/.default email openid] returned 1 session(s)
