Executing /home/chuck/.vscode/extensions/sonarsource.sonarlint-vscode-4.15.0-linux-x64/jre/21.0.5-linux-x86_64.tar/bin/java -jar /home/chuck/.vscode/extensions/sonarsource.sonarlint-vscode-4.15.0-linux-x64/server/sonarlint-ls.jar -stdio -analyzers /home/chuck/.vscode/extensions/sonarsource.sonarlint-vscode-4.15.0-linux-x64/analyzers/sonargo.jar /home/chuck/.vscode/extensions/sonarsource.sonarlint-vscode-4.15.0-linux-x64/analyzers/sonarjava.jar /home/chuck/.vscode/extensions/sonarsource.sonarlint-vscode-4.15.0-linux-x64/analyzers/sonarjavasymbolicexecution.jar /home/chuck/.vscode/extensions/sonarsource.sonarlint-vscode-4.15.0-linux-x64/analyzers/sonarjs.jar /home/chuck/.vscode/extensions/sonarsource.sonarlint-vscode-4.15.0-linux-x64/analyzers/sonarphp.jar /home/chuck/.vscode/extensions/sonarsource.sonarlint-vscode-4.15.0-linux-x64/analyzers/sonarpython.jar /home/chuck/.vscode/extensions/sonarsource.sonarlint-vscode-4.15.0-linux-x64/analyzers/sonarhtml.jar /home/chuck/.vscode/extensions/sonarsource.sonarlint-vscode-4.15.0-linux-x64/analyzers/sonarxml.jar /home/chuck/.vscode/extensions/sonarsource.sonarlint-vscode-4.15.0-linux-x64/analyzers/sonarcfamily.jar /home/chuck/.vscode/extensions/sonarsource.sonarlint-vscode-4.15.0-linux-x64/analyzers/sonartext.jar /home/chuck/.vscode/extensions/sonarsource.sonarlint-vscode-4.15.0-linux-x64/analyzers/sonariac.jar /home/chuck/.vscode/extensions/sonarsource.sonarlint-vscode-4.15.0-linux-x64/analyzers/sonarlintomnisharp.jar
[Info - 07:25:59.808] [org.sonarsource.sonarlint.core.rpc.impl.SonarLintRpcServerImpl : main] SonarLint backend started, instance=org.sonarsource.sonarlint.core.rpc.impl.SonarLintRpcServerImpl@52f27fbd
[Info - 07:26:02.404] [sonarlint : SonarLint Server RPC sequential executor] Started embedded server on port 64120
[Info - 07:26:05.768] [sonarlint : SonarLint Analysis Executor] .gitignore file was not found for /home/chuck/src/self-hosted-ai-starter-kit
[Info - 07:26:05.773] [sonarlint : SonarLint Analysis Executor] Triggering analysis with configuration: [
  baseDir: /home/chuck/src/self-hosted-ai-starter-kit
  extraProperties: {sonar.cfamily.compile-commands=, sonar.js.internal.bundlePath=/home/chuck/.vscode/extensions/sonarsource.sonarlint-vscode-4.15.0-linux-x64/eslint-bridge}
  activeRules: [13 kubernetes, 214 python, 429 cpp, 24 css, 189 c, 23 go, 210 ipython, 29 secrets, 265 javascript, 26 docker, 477 java, 46 Web, 14 xml, 299 csharpsquid, 155 php, 7 terraform, 267 typescript, 18 azureresourcemanager, 7 cloudformation]
  inputFiles: [
    file:///home/chuck/src/self-hosted-ai-starter-kit/docker-compose.yml (UTF-8)
  ]
]

[Info - 07:26:05.847] [sonarlint : SonarLint Analysis Executor] .gitignore file was not found for /home/chuck/src/self-hosted-ai-starter-kit
[Info - 07:26:05.850] [sonarlint : SonarLint Analysis Executor] Triggering analysis with configuration: [
  baseDir: /home/chuck/src/self-hosted-ai-starter-kit
  extraProperties: {sonar.cfamily.compile-commands=, sonar.js.internal.bundlePath=/home/chuck/.vscode/extensions/sonarsource.sonarlint-vscode-4.15.0-linux-x64/eslint-bridge}
  activeRules: [13 kubernetes, 214 python, 429 cpp, 24 css, 189 c, 23 go, 210 ipython, 29 secrets, 265 javascript, 26 docker, 477 java, 46 Web, 14 xml, 299 csharpsquid, 155 php, 7 terraform, 267 typescript, 18 azureresourcemanager, 7 cloudformation]
  inputFiles: [
    file:///home/chuck/src/self-hosted-ai-starter-kit/docker-compose.yml (UTF-8)
  ]
]

[Info - 07:26:05.869] [sonarlint : SonarLint Analysis Executor] .gitignore file was not found for /home/chuck/src/self-hosted-ai-starter-kit
[Info - 07:26:05.871] [sonarlint : SonarLint Analysis Executor] Triggering analysis with configuration: [
  baseDir: /home/chuck/src/self-hosted-ai-starter-kit
  extraProperties: {sonar.cfamily.compile-commands=, sonar.js.internal.bundlePath=/home/chuck/.vscode/extensions/sonarsource.sonarlint-vscode-4.15.0-linux-x64/eslint-bridge}
  activeRules: [13 kubernetes, 214 python, 429 cpp, 24 css, 189 c, 23 go, 210 ipython, 29 secrets, 265 javascript, 26 docker, 477 java, 46 Web, 14 xml, 299 csharpsquid, 155 php, 7 terraform, 267 typescript, 18 azureresourcemanager, 7 cloudformation]
  inputFiles: [
    file:///home/chuck/src/self-hosted-ai-starter-kit/docker-compose.yml (UTF-8)
  ]
]

[Info - 07:26:05.907] [sonarlint : sonarlint-analysis-engine] Index files
[Info - 07:26:05.910] [sonarlint : Report about progress of file indexation] 1 file indexed
[Info - 07:26:06.443] [sonarlint : Progress of the CloudFormation analysis] 0 source files to be analyzed
[Info - 07:26:06.445] [sonarlint : Progress of the CloudFormation analysis] 0/0 source files have been analyzed
[Info - 07:26:06.503] [sonarlint : Progress of the kubernetes  parsing] 0 source files to be parsed
[Info - 07:26:06.503] [sonarlint : Progress of the kubernetes  parsing] 0/0 source files have been parsed
[Info - 07:26:06.503] [sonarlint : Progress of the kubernetes  analysis] 0 source files to be analyzed
[Info - 07:26:06.504] [sonarlint : Progress of the kubernetes  analysis] 0/0 source files have been analyzed
[Info - 07:26:06.504] [sonarlint : Progress of the kubernetes  analysis] 0 source files to be checked
[Info - 07:26:06.504] [sonarlint : Progress of the kubernetes  analysis] 0/0 source files have been checked
[Info - 07:26:06.504] [sonarlint : sonarlint-analysis-engine] Finished building Kubernetes Project Context
[Info - 07:26:06.509] [sonarlint : Progress of the Kubernetes  parsing] 0 source files to be parsed
[Info - 07:26:06.509] [sonarlint : Progress of the Kubernetes  parsing] 0/0 source files have been parsed
[Info - 07:26:06.509] [sonarlint : Progress of the Kubernetes  analysis] 0 source files to be analyzed
[Info - 07:26:06.509] [sonarlint : Progress of the Kubernetes  analysis] 0/0 source files have been analyzed
[Info - 07:26:06.509] [sonarlint : Progress of the Kubernetes  analysis] 0 source files to be checked
[Info - 07:26:06.509] [sonarlint : Progress of the Kubernetes  analysis] 0/0 source files have been checked
[Info - 07:26:06.517] [sonarlint : Progress of the Java analysis] 0 source files to be analyzed
[Info - 07:26:06.517] [sonarlint : Progress of the Java analysis] 0/0 source files have been analyzed
[Info - 07:26:06.522] [sonarlint : sonarlint-analysis-engine] No input files found for analysis
[Info - 07:26:06.522] [sonarlint : sonarlint-analysis-engine] Hit the cache for 0 out of 0
[Info - 07:26:06.523] [sonarlint : sonarlint-analysis-engine] Miss the cache for 0 out of 0
[Info - 07:26:06.523] [sonarlint : sonarlint-analysis-engine] No CSS, PHP, HTML or VueJS files are found in the project. CSS analysis is skipped.
[Info - 07:26:06.582] [sonarlint : Progress of the Docker analysis] 0 source files to be analyzed
[Info - 07:26:06.582] [sonarlint : Progress of the Docker analysis] 0/0 source files have been analyzed
[Info - 07:26:06.583] [sonarlint : sonarlint-analysis-engine] Available processors: 12
[Info - 07:26:06.584] [sonarlint : sonarlint-analysis-engine] Using 12 threads for analysis.
[Info - 07:26:06.885] [sonarlint : sonarlint-analysis-engine] Analyzing all except non binary files
[Info - 07:26:06.890] [sonarlint : Progress of the text and secrets analysis] 1 source file to be analyzed
[Info - 07:26:06.905] [sonarlint : Progress of the text and secrets analysis] 1/1 source file has been analyzed
[Info - 07:26:06.909] [sonarlint : sonarlint-analysis-engine] Analysis detected 0 issues and 0 Security Hotspots in 3135ms
[Info - 07:26:06.948] [sonarlint : sonarlint-analysis-engine] Index files
[Info - 07:26:06.948] [sonarlint : Report about progress of file indexation] 1 file indexed
[Info - 07:26:07.023] [sonarlint : Progress of the CloudFormation analysis] 0 source files to be analyzed
[Info - 07:26:07.023] [sonarlint : Progress of the CloudFormation analysis] 0/0 source files have been analyzed
[Info - 07:26:07.061] [sonarlint : Progress of the Kubernetes  parsing] 0 source files to be parsed
[Info - 07:26:07.061] [sonarlint : Progress of the Kubernetes  parsing] 0/0 source files have been parsed
[Info - 07:26:07.062] [sonarlint : Progress of the Kubernetes  analysis] 0 source files to be analyzed
[Info - 07:26:07.062] [sonarlint : Progress of the Kubernetes  analysis] 0/0 source files have been analyzed
[Info - 07:26:07.062] [sonarlint : Progress of the Kubernetes  analysis] 0 source files to be checked
[Info - 07:26:07.062] [sonarlint : Progress of the Kubernetes  analysis] 0/0 source files have been checked
[Info - 07:26:07.062] [sonarlint : Progress of the Java analysis] 0 source files to be analyzed
[Info - 07:26:07.062] [sonarlint : Progress of the Java analysis] 0/0 source files have been analyzed
[Info - 07:26:07.064] [sonarlint : sonarlint-analysis-engine] No input files found for analysis
[Info - 07:26:07.064] [sonarlint : sonarlint-analysis-engine] Hit the cache for 0 out of 0
[Info - 07:26:07.064] [sonarlint : sonarlint-analysis-engine] Miss the cache for 0 out of 0
[Info - 07:26:07.064] [sonarlint : sonarlint-analysis-engine] No CSS, PHP, HTML or VueJS files are found in the project. CSS analysis is skipped.
[Info - 07:26:07.069] [sonarlint : Progress of the Docker analysis] 0 source files to be analyzed
[Info - 07:26:07.069] [sonarlint : Progress of the Docker analysis] 0/0 source files have been analyzed
[Info - 07:26:07.069] [sonarlint : sonarlint-analysis-engine] Available processors: 12
[Info - 07:26:07.069] [sonarlint : sonarlint-analysis-engine] Using 12 threads for analysis.
[Info - 07:26:07.109] [sonarlint : sonarlint-analysis-engine] Analyzing all except non binary files
[Info - 07:26:07.110] [sonarlint : Progress of the text and secrets analysis] 1 source file to be analyzed
[Info - 07:26:07.115] [sonarlint : Progress of the text and secrets analysis] 1/1 source file has been analyzed
[Info - 07:26:07.116] [sonarlint : sonarlint-analysis-engine] Analysis detected 0 issues and 0 Security Hotspots in 1273ms
[Info - 07:26:07.141] [sonarlint : sonarlint-analysis-engine] Index files
[Info - 07:26:07.141] [sonarlint : Report about progress of file indexation] 1 file indexed
[Info - 07:26:07.199] [sonarlint : Progress of the CloudFormation analysis] 0 source files to be analyzed
[Info - 07:26:07.199] [sonarlint : Progress of the CloudFormation analysis] 0/0 source files have been analyzed
[Info - 07:26:07.237] [sonarlint : Progress of the Kubernetes  parsing] 0 source files to be parsed
[Info - 07:26:07.237] [sonarlint : Progress of the Kubernetes  parsing] 0/0 source files have been parsed
[Info - 07:26:07.237] [sonarlint : Progress of the Kubernetes  analysis] 0 source files to be analyzed
[Info - 07:26:07.237] [sonarlint : Progress of the Kubernetes  analysis] 0/0 source files have been analyzed
[Info - 07:26:07.237] [sonarlint : Progress of the Kubernetes  analysis] 0 source files to be checked
[Info - 07:26:07.237] [sonarlint : Progress of the Kubernetes  analysis] 0/0 source files have been checked
[Info - 07:26:07.238] [sonarlint : Progress of the Java analysis] 0 source files to be analyzed
[Info - 07:26:07.238] [sonarlint : Progress of the Java analysis] 0/0 source files have been analyzed
[Info - 07:26:07.239] [sonarlint : sonarlint-analysis-engine] No input files found for analysis
[Info - 07:26:07.239] [sonarlint : sonarlint-analysis-engine] Hit the cache for 0 out of 0
[Info - 07:26:07.239] [sonarlint : sonarlint-analysis-engine] Miss the cache for 0 out of 0
[Info - 07:26:07.239] [sonarlint : sonarlint-analysis-engine] No CSS, PHP, HTML or VueJS files are found in the project. CSS analysis is skipped.
[Info - 07:26:07.243] [sonarlint : Progress of the Docker analysis] 0 source files to be analyzed
[Info - 07:26:07.244] [sonarlint : Progress of the Docker analysis] 0/0 source files have been analyzed
[Info - 07:26:07.244] [sonarlint : sonarlint-analysis-engine] Available processors: 12
[Info - 07:26:07.244] [sonarlint : sonarlint-analysis-engine] Using 12 threads for analysis.
[Info - 07:26:07.265] [sonarlint : sonarlint-analysis-engine] Analyzing all except non binary files
[Info - 07:26:07.266] [sonarlint : Progress of the text and secrets analysis] 1 source file to be analyzed
[Info - 07:26:07.269] [sonarlint : Progress of the text and secrets analysis] 1/1 source file has been analyzed
[Info - 07:26:07.270] [sonarlint : sonarlint-analysis-engine] Analysis detected 0 issues and 0 Security Hotspots in 1406ms
