2025-02-13 02:53:27.668 [info] [main] Log level: Info
2025-02-13 02:53:27.668 [info] [main] Validating found git in: "git"
2025-02-13 02:53:27.668 [info] [main] Using git "2.48.1" from "git"
2025-02-13 02:53:27.668 [info] [Model][doInitialScan] Initial repository scan started
2025-02-13 02:53:27.668 [warning] [Model][traverseWorkspaceFolder] Unable to read workspace folder '/Parad1gmSh1ft72/hyprdots': Error: ENOENT: no such file or directory, scandir '/Parad1gmSh1ft72/hyprdots'
2025-02-13 02:53:27.668 [warning] [Model][getRepositoryExact] Failed to get repository realpath for: "/Parad1gmSh1ft72/hyprdots". Error:Error: ENOENT: no such file or directory, realpath '/Parad1gmSh1ft72/hyprdots'
2025-02-13 02:53:27.668 [info] [Model][doInitialScan] Initial repository scan completed - repositories (0), closed repositories (0), parent repositories (0), unsafe repositories (0)
2025-02-13 02:53:28.413 [warning] [Model][getRepositoryExact] Failed to get repository realpath for: "/Parad1gmSh1ft72/hyprdots". Error:Error: ENOENT: no such file or directory, realpath '/Parad1gmSh1ft72/hyprdots'
2025-02-13 02:53:28.705 [warning] [Model][getRepositoryExact] Failed to get repository realpath for: "/Parad1gmSh1ft72/hyprdots". Error:Error: ENOENT: no such file or directory, realpath '/Parad1gmSh1ft72/hyprdots'
2025-02-13 02:53:31.675 [warning] [Model][getRepositoryExact] Failed to get repository realpath for: "/Parad1gmSh1ft72/hyprdots". Error:Error: ENOENT: no such file or directory, realpath '/Parad1gmSh1ft72/hyprdots'
2025-02-13 02:55:23.180 [warning] [Model][getRepositoryExact] Failed to get repository realpath for: "/Parad1gmSh1ft72/hyprdots". Error:Error: ENOENT: no such file or directory, realpath '/Parad1gmSh1ft72/hyprdots'
2025-02-13 02:55:25.160 [warning] [Model][getRepositoryExact] Failed to get repository realpath for: "/Parad1gmSh1ft72/hyprdots". Error:Error: ENOENT: no such file or directory, realpath '/Parad1gmSh1ft72/hyprdots'
2025-02-13 02:55:26.282 [warning] [Model][getRepositoryExact] Failed to get repository realpath for: "/Parad1gmSh1ft72/hyprdots". Error:Error: ENOENT: no such file or directory, realpath '/Parad1gmSh1ft72/hyprdots'
2025-02-13 02:55:27.342 [warning] [Model][getRepositoryExact] Failed to get repository realpath for: "/Parad1gmSh1ft72/hyprdots". Error:Error: ENOENT: no such file or directory, realpath '/Parad1gmSh1ft72/hyprdots'
2025-02-13 02:55:47.602 [warning] [Model][getRepositoryExact] Failed to get repository realpath for: "/Parad1gmSh1ft72/hyprdots". Error:Error: ENOENT: no such file or directory, realpath '/Parad1gmSh1ft72/hyprdots'
2025-02-13 02:56:40.244 [warning] [Model][getRepositoryExact] Failed to get repository realpath for: "/Parad1gmSh1ft72/hyprdots". Error:Error: ENOENT: no such file or directory, realpath '/Parad1gmSh1ft72/hyprdots'
2025-02-13 03:00:32.759 [warning] [Model][getRepositoryExact] Failed to get repository realpath for: "/Parad1gmSh1ft72/hyprdots/". Error:Error: ENOENT: no such file or directory, realpath '/Parad1gmSh1ft72/hyprdots/'
2025-02-13 03:04:22.015 [info] [main] Log level: Info
2025-02-13 03:04:22.015 [info] [main] Validating found git in: "git"
2025-02-13 03:04:22.015 [info] [main] Using git "2.48.1" from "git"
2025-02-13 03:04:22.015 [info] [Model][doInitialScan] Initial repository scan started
2025-02-13 03:04:22.015 [info] [Model][doInitialScan] Initial repository scan completed - repositories (0), closed repositories (0), parent repositories (0), unsafe repositories (0)
2025-02-13 03:05:23.168 [info] [main] Log level: Info
2025-02-13 03:05:23.168 [info] [main] Validating found git in: "git"
2025-02-13 03:05:23.168 [info] [main] Using git "2.48.1" from "git"
2025-02-13 03:05:23.168 [info] [Model][doInitialScan] Initial repository scan started
2025-02-13 03:05:23.168 [info] > git rev-parse --show-toplevel [5ms]
2025-02-13 03:05:23.168 [info] > git rev-parse --git-dir --git-common-dir [5ms]
2025-02-13 03:05:23.168 [info] [Model][openRepository] Opened repository: /home/chuck/src/self-hosted-ai-starter-kit
2025-02-13 03:05:23.210 [info] > git rev-parse --show-toplevel [22ms]
2025-02-13 03:05:23.212 [info] > git config --get commit.template [33ms]
2025-02-13 03:05:23.266 [info] > git rev-parse --show-toplevel [26ms]
2025-02-13 03:05:23.269 [info] [Model][doInitialScan] Initial repository scan completed - repositories (1), closed repositories (0), parent repositories (0), unsafe repositories (0)
2025-02-13 03:05:23.270 [info] > git for-each-ref --format=%(refname)%00%(upstream:short)%00%(objectname)%00%(upstream:track)%00%(upstream:remotename)%00%(upstream:remoteref) refs/heads/main refs/remotes/main [9ms]
2025-02-13 03:05:23.299 [info] > git status -z -uall [15ms]
2025-02-13 03:05:23.302 [info] > git for-each-ref --sort -committerdate --format %(refname) %(objectname) %(*objectname) [4ms]
2025-02-13 03:05:23.338 [info] > git for-each-ref --format=%(refname)%00%(upstream:short)%00%(objectname)%00%(upstream:track)%00%(upstream:remotename)%00%(upstream:remoteref) refs/heads/main refs/remotes/main [16ms]
2025-02-13 03:05:23.369 [info] > git config --get --local branch.main.vscode-merge-base [17ms]
2025-02-13 03:05:23.386 [info] > git config --get commit.template [47ms]
2025-02-13 03:05:23.388 [info] > git for-each-ref --format=%(refname)%00%(upstream:short)%00%(objectname)%00%(upstream:track)%00%(upstream:remotename)%00%(upstream:remoteref) refs/heads/origin/main refs/remotes/origin/main [2ms]
2025-02-13 03:05:23.402 [info] > git fetch [239ms]
2025-02-13 03:05:23.428 [info] > git merge-base refs/heads/main refs/remotes/origin/main [27ms]
2025-02-13 03:05:23.441 [info] > git diff --name-status -z --diff-filter=ADMR 5a636ed7351a60d6e7b916989758ddd283b39196...refs/remotes/origin/main [2ms]
2025-02-13 03:05:23.442 [info] > git config --get commit.template [14ms]
2025-02-13 03:05:23.443 [info] > git for-each-ref --format=%(refname)%00%(upstream:short)%00%(objectname)%00%(upstream:track)%00%(upstream:remotename)%00%(upstream:remoteref) refs/heads/main refs/remotes/main [25ms]
2025-02-13 03:05:23.532 [info] > git show --textconv :docker-compose.yml [10ms]
2025-02-13 03:05:23.533 [info] > git for-each-ref --format=%(refname)%00%(upstream:short)%00%(objectname)%00%(upstream:track)%00%(upstream:remotename)%00%(upstream:remoteref) refs/heads/main refs/remotes/main [22ms]
2025-02-13 03:05:23.537 [info] > git ls-files --stage -- /home/chuck/src/self-hosted-ai-starter-kit/docker-compose.yml [6ms]
2025-02-13 03:05:23.555 [info] > git cat-file -s 7de56e7f46848bf1804958c0adf55ab536f58c9c [10ms]
2025-02-13 03:05:23.582 [info] > git status -z -uall [12ms]
2025-02-13 03:05:23.587 [info] > git for-each-ref --sort -committerdate --format %(refname) %(objectname) %(*objectname) [6ms]
2025-02-13 03:05:23.608 [info] > git blame --root --incremental 5a636ed7351a60d6e7b916989758ddd283b39196 -- /home/chuck/src/self-hosted-ai-starter-kit/docker-compose.yml [3ms]
2025-02-13 03:05:23.712 [info] > git check-ignore -v -z --stdin [1ms]
2025-02-13 03:05:27.675 [info] > git ls-files --stage -- /home/chuck/src/self-hosted-ai-starter-kit/docker-compose.yml [238ms]
2025-02-13 03:05:27.768 [info] > git cat-file -s 7de56e7f46848bf1804958c0adf55ab536f58c9c [82ms]
2025-02-13 03:05:27.880 [info] > git show --textconv :docker-compose.yml [65ms]
2025-02-13 03:05:27.969 [info] > git config --get commit.template [63ms]
2025-02-13 03:05:28.156 [info] > git for-each-ref --format=%(refname)%00%(upstream:short)%00%(objectname)%00%(upstream:track)%00%(upstream:remotename)%00%(upstream:remoteref) refs/heads/main refs/remotes/main [51ms]
2025-02-13 03:05:29.667 [info] > git status -z -uall [30ms]
2025-02-13 03:05:29.764 [info] > git for-each-ref --sort -committerdate --format %(refname) %(objectname) %(*objectname) [113ms]
2025-02-13 03:05:30.230 [info] > git config --get --local branch.main.github-pr-owner-number [109ms]
2025-02-13 03:05:30.230 [warning] [Git][config] git config failed: Failed to execute git
2025-02-13 03:06:55.583 [info] > git for-each-ref --sort -committerdate --format %(refname) %(objectname) %(*objectname) [1ms]
2025-02-13 03:06:57.925 [info] > git for-each-ref --sort -committerdate --format %(refname) %(objectname) %(*objectname) [1ms]
2025-02-13 03:08:23.820 [info] > git fetch [219ms]
2025-02-13 03:08:23.843 [info] > git config --get commit.template [12ms]
2025-02-13 03:08:23.843 [info] > git for-each-ref --format=%(refname)%00%(upstream:short)%00%(objectname)%00%(upstream:track)%00%(upstream:remotename)%00%(upstream:remoteref) refs/heads/main refs/remotes/main [1ms]
2025-02-13 03:08:23.867 [info] > git status -z -uall [12ms]
2025-02-13 03:08:23.867 [info] > git for-each-ref --sort -committerdate --format %(refname) %(objectname) %(*objectname) [1ms]
2025-02-13 03:08:24.967 [info] > git config --get commit.template [12ms]
2025-02-13 03:08:24.967 [info] > git for-each-ref --format=%(refname)%00%(upstream:short)%00%(objectname)%00%(upstream:track)%00%(upstream:remotename)%00%(upstream:remoteref) refs/heads/main refs/remotes/main [1ms]
2025-02-13 03:08:24.989 [info] > git status -z -uall [11ms]
2025-02-13 03:08:24.990 [info] > git for-each-ref --sort -committerdate --format %(refname) %(objectname) %(*objectname) [1ms]
2025-02-13 03:08:25.056 [info] > git ls-files --stage -- /home/chuck/src/self-hosted-ai-starter-kit/docker-compose.yml [0ms]
2025-02-13 03:08:25.067 [info] > git cat-file -s 7de56e7f46848bf1804958c0adf55ab536f58c9c [0ms]
2025-02-13 03:08:25.081 [info] > git show --textconv :docker-compose.yml [2ms]
2025-02-13 03:11:24.071 [info] > git fetch [190ms]
2025-02-13 03:11:24.098 [info] > git for-each-ref --format=%(refname)%00%(upstream:short)%00%(objectname)%00%(upstream:track)%00%(upstream:remotename)%00%(upstream:remoteref) refs/heads/main refs/remotes/main [1ms]
2025-02-13 03:11:24.098 [info] > git config --get commit.template [14ms]
2025-02-13 03:11:24.123 [info] > git status -z -uall [12ms]
2025-02-13 03:11:24.123 [info] > git for-each-ref --sort -committerdate --format %(refname) %(objectname) %(*objectname) [1ms]
2025-02-13 03:11:25.210 [info] > git config --get commit.template [1ms]
2025-02-13 03:11:25.223 [info] > git for-each-ref --format=%(refname)%00%(upstream:short)%00%(objectname)%00%(upstream:track)%00%(upstream:remotename)%00%(upstream:remoteref) refs/heads/main refs/remotes/main [1ms]
2025-02-13 03:11:25.248 [info] > git status -z -uall [13ms]
2025-02-13 03:11:25.249 [info] > git for-each-ref --sort -committerdate --format %(refname) %(objectname) %(*objectname) [1ms]
2025-02-13 03:11:25.308 [info] > git ls-files --stage -- /home/chuck/src/self-hosted-ai-starter-kit/docker-compose.yml [0ms]
2025-02-13 03:11:25.320 [info] > git cat-file -s 7de56e7f46848bf1804958c0adf55ab536f58c9c [0ms]
2025-02-13 03:11:25.333 [info] > git show --textconv :docker-compose.yml [1ms]
